2015-07-15 13:50:25,936 - ***************************************************** 
2015-07-15 13:50:25,936 - ResourceAccessTool creation... 
2015-07-15 13:50:27,405 - No needs to alter table obr_abr_element 
2015-07-15 13:50:27,534 - ResourceAccessTool ABR created to access Antibody Registry (via NIF) (ABR).
 
2015-07-15 13:50:54,949 - **** Resource ABR processing 
2015-07-15 13:50:54,950 - Workflow Parameters[withCompleteDictionary= true, updateResource= true, reInitializeAllTables= false, reInitializeAllTablesExceptElement= false ] 
2015-07-15 13:50:55,078 - Resource entry updated. 
2015-07-15 13:50:55,079 - *** Resource Antibody Registry (via NIF) update processing 
2015-07-15 13:50:55,079 - * Get All Elements for Antibody Registry ...  
2015-07-15 13:51:01,157 - ** PROBLEM ** Problem in getting rows. 
java.lang.NullPointerException
	at org.ncbo.stanford.obr.resource.nif.antibodyregistry.ABRAccessTool.getAllElements(ABRAccessTool.java:170)
	at org.ncbo.stanford.obr.resource.nif.antibodyregistry.ABRAccessTool.updateResourceContent(ABRAccessTool.java:125)
	at org.ncbo.stanford.obr.service.workflow.impl.ResourceIndexWorkflowImpl.resourceProcessing(ResourceIndexWorkflowImpl.java:195)
	at org.ncbo.stanford.obr.service.workflow.impl.ResourceIndexWorkflowImpl.startResourceIndexWorkflow(ResourceIndexWorkflowImpl.java:127)
	at org.ncbo.stanford.obr.populate.main.PopulateResourceIndex.main(PopulateResourceIndex.java:46)
2015-07-15 13:51:01,182 - 0 rows found. 
2015-07-15 13:51:01,182 - Number of new elements to dump: 0 
2015-07-15 13:51:01,182 - 0 elements added to the OBR_ABR_ET table. 
2015-07-15 13:51:01,196 - ### Resource Antibody Registry (via NIF) updated with 0 elements in : 00 hours, 00 minutes, 06 seconds.
 
2015-07-15 13:51:01,263 - Query :::: SELECT count(id) FROM obr_abr_element WHERE dictionary_id IS NULL OR dictionary_id<20;1000 
2015-07-15 13:51:01,265 - Key obr.statistics.populate was not found in resource bundle 'config' for locale 'en_US' 
2015-07-15 13:51:01,266 - Query :::: SELECT count(id) FROM obr_abr_element WHERE dictionary_id IS NULL OR dictionary_id<20;1000 
2015-07-15 13:51:01,267 - *** Executing  Direct Annotation process...  
2015-07-15 13:51:01,268 - Query :::: SELECT count(id) FROM obr_abr_element WHERE dictionary_id IS NULL OR dictionary_id<20;1000 
2015-07-15 13:51:01,269 - 	** Concept recognition with Mgrep: 
2015-07-15 13:51:01,269 - Exporting the resource content to a file to be annotated with Mgrep... 
2015-07-15 13:51:01,789 - 		ResourceFile created in: 00 hours, 00 minutes, 00 seconds.
 
2015-07-15 13:51:01,789 - Call to Mgrep... 
2015-07-15 13:51:01,818 - Local Mgrep execution... 
2015-07-15 13:51:01,818 - command: files/mgrep/mgrep3.0/mgrep -w -i -f files/dictionaries/branch1.0/localhost/OBS_DICO_c035_CMP_MGREP.txt < files/mgrep/mgrepInputs/OBR_RESOURCE_ABR_V20_MGREP.txt > files/mgrep/mgrepOutputs/OBR_RESOURCE_ABR_V20_MGREP.txt.mgrep 
2015-07-15 13:51:01,842 - ** PROBLEM ** Cannot create MgrepFile. 
java.io.IOException: Cannot run program "/bin/sh": CreateProcess error=2, The system cannot find the file specified
	at java.lang.ProcessBuilder.start(ProcessBuilder.java:459)
	at java.lang.Runtime.exec(Runtime.java:593)
	at java.lang.Runtime.exec(Runtime.java:466)
	at org.ncbo.stanford.obr.util.mgrep.ConceptRecognitionTools.mgrepLocal(ConceptRecognitionTools.java:64)
	at org.ncbo.stanford.obr.service.annotation.impl.AnnotationServiceImpl.mgrepCall(AnnotationServiceImpl.java:153)
	at org.ncbo.stanford.obr.service.annotation.impl.AnnotationServiceImpl.conceptRecognitionWithMgrep(AnnotationServiceImpl.java:124)
	at org.ncbo.stanford.obr.service.annotation.impl.AnnotationServiceImpl.resourceAnnotation(AnnotationServiceImpl.java:51)
	at org.ncbo.stanford.obr.service.workflow.impl.ResourceIndexWorkflowImpl.executeWorkflow(ResourceIndexWorkflowImpl.java:273)
	at org.ncbo.stanford.obr.service.workflow.impl.ResourceIndexWorkflowImpl.resourceProcessing(ResourceIndexWorkflowImpl.java:219)
	at org.ncbo.stanford.obr.service.workflow.impl.ResourceIndexWorkflowImpl.startResourceIndexWorkflow(ResourceIndexWorkflowImpl.java:127)
	at org.ncbo.stanford.obr.populate.main.PopulateResourceIndex.main(PopulateResourceIndex.java:46)
Caused by: java.io.IOException: CreateProcess error=2, The system cannot find the file specified
	at java.lang.ProcessImpl.create(Native Method)
	at java.lang.ProcessImpl.<init>(ProcessImpl.java:81)
	at java.lang.ProcessImpl.start(ProcessImpl.java:30)
	at java.lang.ProcessBuilder.start(ProcessBuilder.java:452)
	... 10 more
2015-07-15 13:51:01,845 - 		Mgrep executed in: 00 hours, 00 minutes, 00 seconds. 
2015-07-15 13:51:01,846 - Processing of the result file... 
2015-07-15 14:43:29,828 - ***************************************************** 
2015-07-15 14:43:29,837 - ResourceAccessTool creation... 
2015-07-15 14:43:30,631 - No needs to alter table obr_abr_element 
2015-07-15 14:43:31,493 - ResourceAccessTool ABR created to access Antibody Registry (via NIF) (ABR).
 
2015-07-15 14:43:56,614 - **** Resource ABR processing 
2015-07-15 14:43:56,615 - Workflow Parameters[withCompleteDictionary= true, updateResource= true, reInitializeAllTables= false, reInitializeAllTablesExceptElement= false ] 
2015-07-15 14:43:56,742 - Resource entry updated. 
2015-07-15 14:43:56,743 - *** Resource Antibody Registry (via NIF) update processing 
2015-07-15 14:43:56,743 - * Get All Elements for Antibody Registry ...  
2015-07-15 14:44:03,499 - ** PROBLEM ** Problem in getting rows. 
java.lang.NullPointerException
	at org.ncbo.stanford.obr.resource.nif.antibodyregistry.ABRAccessTool.getAllElements(ABRAccessTool.java:170)
	at org.ncbo.stanford.obr.resource.nif.antibodyregistry.ABRAccessTool.updateResourceContent(ABRAccessTool.java:125)
	at org.ncbo.stanford.obr.service.workflow.impl.ResourceIndexWorkflowImpl.resourceProcessing(ResourceIndexWorkflowImpl.java:179)
	at org.ncbo.stanford.obr.service.workflow.impl.ResourceIndexWorkflowImpl.startResourceIndexWorkflow(ResourceIndexWorkflowImpl.java:111)
	at org.ncbo.stanford.obr.populate.main.PopulateResourceIndex.main(PopulateResourceIndex.java:46)
2015-07-15 14:44:03,501 - 0 rows found. 
2015-07-15 14:44:03,501 - Number of new elements to dump: 0 
2015-07-15 14:44:03,502 - 0 elements added to the OBR_ABR_ET table. 
2015-07-15 14:44:03,503 - ### Resource Antibody Registry (via NIF) updated with 0 elements in : 00 hours, 00 minutes, 06 seconds.
 
2015-07-15 14:44:03,617 - Query :::: SELECT count(id) FROM obr_abr_element WHERE dictionary_id IS NULL OR dictionary_id<20;1000 
2015-07-15 14:44:03,619 - Resource entry updated with latest dictionary ID. 
2015-07-15 14:44:03,619 - #### Resource Antibody Registry (via NIF) processed in: 00 hours, 00 minutes, 07 seconds. 
2015-07-15 14:53:10,549 - ***************************************************** 
2015-07-15 14:53:10,555 - ResourceAccessTool creation... 
2015-07-15 14:53:11,710 - CREATE TABLE obs_ontology (id INT(11) NOT NULL AUTO_INCREMENT PRIMARY KEY, local_ontology_id VARCHAR(246) NOT NULL UNIQUE, name VARCHAR(246) NOT NULL, version VARCHAR(246) NOT NULL, description VARCHAR(246) NOT NULL, status INT(11) NOT NULL, virtual_ontology_id VARCHAR(246) NOT NULL, format VARCHAR(32) DEFAULT NULL, dictionary_id SMALLINT UNSIGNED NOT NULL, INDEX X_obs_ontology_virtualOntologyID (virtual_ontology_id), INDEX X_obs_ontology_dictionary_id (dictionary_id))ENGINE=MyISAM DEFAULT CHARSET=latin1; 
2015-07-15 14:53:11,930 - CREATE TABLE obs_concept (id INT(11) NOT NULL PRIMARY KEY, local_concept_id VARCHAR(246) NOT NULL UNIQUE, ontology_id INT(11) NOT NULL, is_toplevel BOOL NOT NULL, full_id TEXT, INDEX X_obs_concept_ontology_id (ontology_id), INDEX X_obs_concept_isTopLevel (is_toplevel))ENGINE=MyISAM DEFAULT CHARSET=latin1 ; 
2015-07-15 14:53:12,027 - CREATE TABLE obs_term (id INT(11) NOT NULL PRIMARY KEY, name TEXT NOT NULL, concept_id INT(11) NOT NULL, is_preferred TINYINT(1) NOT NULL, INDEX X_obs_term_termName (name(255)), INDEX X_obs_term_concept_id (concept_id), INDEX X_obs_term_isPreferred (is_preferred)) ENGINE=MyISAM DEFAULT CHARSET=latin1; 
2015-07-15 14:53:12,103 - CREATE TABLE obs_map (id INT(11) NOT NULL PRIMARY KEY, concept_id INT(11) NOT NULL, mapped_concept_id INT(11) NOT NULL, mapping_type VARCHAR(30) NOT NULL, INDEX X_obs_map_concept_id (concept_id), INDEX X_obs_map_mapped_concept_id (mapped_concept_id), INDEX X_obs_map_mappingType (mapping_type(10))) ENGINE=MyISAM DEFAULT CHARSET=latin1;  
2015-07-15 14:53:12,178 - CREATE TABLE obs_mapping_type (id INT(11) NOT NULL AUTO_INCREMENT PRIMARY KEY, mapping_type VARCHAR(30) NOT NULL, UNIQUE (mapping_type) ) ENGINE=MyISAM DEFAULT CHARSET=latin1;  
2015-07-15 14:53:12,278 - CREATE TABLE obs_relation (id INT(11) NOT NULL PRIMARY KEY, concept_id INT(11) NOT NULL, parent_concept_id INT(11) NOT NULL, level INT(11) NOT NULL, INDEX X_obs_relation_concept_id (concept_id), INDEX X_obs_relation_parent_concept_id (parent_concept_id), INDEX X_obs_relation_level (level)) ENGINE=MyISAM DEFAULT CHARSET=latin1; 
2015-07-15 14:53:12,411 - CREATE TABLE obs_semantic_type (id INT(11) NOT NULL PRIMARY KEY, concept_id INT(11) NOT NULL, semantic_type_id INT(11) NOT NULL, INDEX X_obs_semantic_type_concept_id (concept_id), INDEX X_obs_semantic_type_semantic_type_id (semantic_type_id))ENGINE=MyISAM DEFAULT CHARSET=latin1 ; 
2015-07-15 14:53:12,496 - CREATE TABLE obs_l_semantic_type (id INT(11) NOT NULL PRIMARY KEY, semantic_type varchar(32) NOT NULL, description varchar(256) DEFAULT NULL)ENGINE=MyISAM DEFAULT CHARSET=latin1 ; 
2015-07-15 14:53:13,122 - ResourceAccessTool ABR created to access Antibody Registry (via NIF) (ABR).
 
2015-07-15 14:54:03,065 - **** Resource ABR processing 
2015-07-15 14:54:03,065 - Workflow Parameters[withCompleteDictionary= true, updateResource= true, reInitializeAllTables= false, reInitializeAllTablesExceptElement= false ] 
2015-07-15 14:54:03,170 - *** Resource Antibody Registry (via NIF) update processing 
2015-07-15 14:54:03,171 - * Get All Elements for Antibody Registry ...  
2015-07-15 14:54:11,231 - ** PROBLEM ** Problem in getting rows. 
java.lang.NullPointerException
	at org.ncbo.stanford.obr.resource.nif.antibodyregistry.ABRAccessTool.getAllElements(ABRAccessTool.java:170)
	at org.ncbo.stanford.obr.resource.nif.antibodyregistry.ABRAccessTool.updateResourceContent(ABRAccessTool.java:125)
	at org.ncbo.stanford.obr.service.workflow.impl.ResourceIndexWorkflowImpl.resourceProcessing(ResourceIndexWorkflowImpl.java:195)
	at org.ncbo.stanford.obr.service.workflow.impl.ResourceIndexWorkflowImpl.startResourceIndexWorkflow(ResourceIndexWorkflowImpl.java:127)
	at org.ncbo.stanford.obr.populate.main.PopulateResourceIndex.main(PopulateResourceIndex.java:46)
2015-07-15 14:54:11,233 - 0 rows found. 
2015-07-15 14:54:11,234 - Number of new elements to dump: 0 
2015-07-15 14:54:11,234 - 0 elements added to the OBR_ABR_ET table. 
2015-07-15 14:54:11,235 - ### Resource Antibody Registry (via NIF) updated with 0 elements in : 00 hours, 00 minutes, 08 seconds.
 
2015-07-15 15:29:49,031 - ***************************************************** 
2015-07-15 15:29:49,031 - ResourceAccessTool creation... 
2015-07-15 15:29:49,484 - No needs to alter table obr_abr_element 
2015-07-15 15:29:49,581 - ResourceAccessTool ABR created to access Antibody Registry (via NIF) (ABR).
 
2015-07-15 15:29:55,021 - **** Resource ABR processing 
2015-07-15 15:29:55,022 - Workflow Parameters[withCompleteDictionary= true, updateResource= true, reInitializeAllTables= false, reInitializeAllTablesExceptElement= false ] 
2015-07-15 15:29:55,087 - Resource entry updated. 
2015-07-15 15:29:55,087 - *** Resource Antibody Registry (via NIF) update processing 
2015-07-15 15:30:09,492 - * Get All Elements for Antibody Registry ...  
2015-07-15 15:30:53,508 - ** PROBLEM ** Problem in getting rows. 
java.lang.NullPointerException
	at org.ncbo.stanford.obr.resource.nif.antibodyregistry.ABRAccessTool.getAllElements(ABRAccessTool.java:170)
	at org.ncbo.stanford.obr.resource.nif.antibodyregistry.ABRAccessTool.updateResourceContent(ABRAccessTool.java:125)
	at org.ncbo.stanford.obr.service.workflow.impl.ResourceIndexWorkflowImpl.resourceProcessing(ResourceIndexWorkflowImpl.java:195)
	at org.ncbo.stanford.obr.service.workflow.impl.ResourceIndexWorkflowImpl.startResourceIndexWorkflow(ResourceIndexWorkflowImpl.java:127)
	at org.ncbo.stanford.obr.populate.main.PopulateResourceIndex.main(PopulateResourceIndex.java:46)
