2015-04-03 11:09:38,111 - ***************************************************** 
2015-04-03 11:09:38,112 - ResourceAccessTool creation... 
2015-04-03 11:09:39,081 - No needs to alter table obr_aers_element 
2015-04-03 11:09:39,236 - ResourceAccessTool AERS created to access Adverse Event Reporting System Data (AERS).
 
2015-04-03 11:09:39,275 - **** Resource AERS processing 
2015-04-03 11:09:39,275 - Workflow Parameters[withCompleteDictionary= true, updateResource= true, reInitializeAllTables= false, reInitializeAllTablesExceptElement= false ] 
2015-04-03 11:09:39,390 - Resource entry updated. 
2015-04-03 11:09:39,397 - *** Resource Adverse Event Reporting System Data update processing 
2015-04-03 11:09:39,397 - Updating Adverse Event Reporting System Data elements... 
2015-04-03 11:10:29,215 - Replacing the '&' instead of '&amp;' from E:\Stanford_workspace\resource_index_workflow\trunk\files\resources\aers_sgml_2007q1/sgml/ADR07M01.SGM file... 
2015-04-03 11:10:33,131 - Parsing E:\Stanford_workspace\resource_index_workflow\trunk\files\resources\aers_sgml_2007q1/sgml/ADR07M01.SGM file... 
2015-04-03 11:10:33,990 - Delete File 
2015-04-03 11:11:31,704 - ***************************************************** 
2015-04-03 11:11:31,704 - ResourceAccessTool creation... 
2015-04-03 11:11:31,746 - No needs to alter table obr_aers_element 
2015-04-03 11:11:31,750 - ResourceAccessTool AERS created to access Adverse Event Reporting System Data (AERS).
 
2015-04-03 11:11:31,758 - **** Resource AERS processing 
2015-04-03 11:11:31,758 - Workflow Parameters[withCompleteDictionary= true, updateResource= true, reInitializeAllTables= false, reInitializeAllTablesExceptElement= false ] 
2015-04-03 11:11:31,782 - Resource entry updated. 
2015-04-03 11:11:31,783 - *** Resource Adverse Event Reporting System Data update processing 
2015-04-03 11:11:31,783 - Updating Adverse Event Reporting System Data elements... 
2015-04-03 11:13:52,586 - Replacing the '&' instead of '&amp;' from E:\Stanford_workspace\resource_index_workflow\trunk\files\resources\aers_sgml_2007q1/sgml/ADR07M01.SGM file... 
2015-04-03 11:16:37,881 - Parsing E:\Stanford_workspace\resource_index_workflow\trunk\files\resources\aers_sgml_2007q1/sgml/ADR07M01.SGM file... 
2015-04-03 11:17:06,729 - Delete File 
