2015-03-31 13:45:16,315 - ***************************************************** 
2015-03-31 13:45:16,316 - ResourceAccessTool creation... 
2015-03-31 13:45:17,662 - No needs to alter table obr_agdb_element 
2015-03-31 13:45:17,819 - ResourceAccessTool AGDB created to access AgingGenesDB (via NIF) (AGDB).
 
2015-03-31 13:45:18,877 - **** Resource AGDB processing 
2015-03-31 13:45:18,878 - Workflow Parameters[withCompleteDictionary= true, updateResource= true, reInitializeAllTables= false, reInitializeAllTablesExceptElement= false ] 
2015-03-31 13:45:19,005 - Resource entry updated. 
2015-03-31 13:45:19,006 - *** Resource AgingGenesDB (via NIF) update processing 
2015-03-31 13:45:19,006 - * Get All Elements for AgingGenesDB...  
2015-03-31 13:49:30,587 - ***************************************************** 
2015-03-31 13:49:30,587 - ResourceAccessTool creation... 
2015-03-31 13:49:30,628 - No needs to alter table obr_agdb_element 
2015-03-31 13:49:30,632 - ResourceAccessTool AGDB created to access AgingGenesDB (via NIF) (AGDB).
 
2015-03-31 13:49:30,954 - **** Resource AGDB processing 
2015-03-31 13:49:30,954 - Workflow Parameters[withCompleteDictionary= true, updateResource= true, reInitializeAllTables= false, reInitializeAllTablesExceptElement= false ] 
2015-03-31 13:49:30,972 - Resource entry updated. 
2015-03-31 13:49:30,973 - *** Resource AgingGenesDB (via NIF) update processing 
2015-03-31 13:49:30,973 - * Get All Elements for AgingGenesDB...  
2015-03-31 13:52:01,778 - ***************************************************** 
2015-03-31 13:52:01,778 - ResourceAccessTool creation... 
2015-03-31 13:52:01,818 - No needs to alter table obr_agdb_element 
2015-03-31 13:52:01,822 - ResourceAccessTool AGDB created to access AgingGenesDB (via NIF) (AGDB).
 
2015-03-31 13:52:02,147 - **** Resource AGDB processing 
2015-03-31 13:52:02,147 - Workflow Parameters[withCompleteDictionary= true, updateResource= true, reInitializeAllTables= false, reInitializeAllTablesExceptElement= false ] 
2015-03-31 13:52:02,166 - Resource entry updated. 
2015-03-31 13:52:02,166 - *** Resource AgingGenesDB (via NIF) update processing 
2015-03-31 13:52:02,166 - * Get All Elements for AgingGenesDB...  
2015-03-31 14:03:56,015 - ***************************************************** 
2015-03-31 14:03:56,015 - ResourceAccessTool creation... 
2015-03-31 14:03:56,057 - No needs to alter table obr_agdb_element 
2015-03-31 14:03:56,062 - ResourceAccessTool AGDB created to access AgingGenesDB (via NIF) (AGDB).
 
2015-03-31 14:03:56,387 - **** Resource AGDB processing 
2015-03-31 14:03:56,387 - Workflow Parameters[withCompleteDictionary= true, updateResource= true, reInitializeAllTables= false, reInitializeAllTablesExceptElement= false ] 
2015-03-31 14:03:56,407 - Resource entry updated. 
2015-03-31 14:03:56,408 - *** Resource AgingGenesDB (via NIF) update processing 
2015-03-31 14:03:56,408 - * Get All Elements for AgingGenesDB...  
2015-03-31 14:13:25,870 - ***************************************************** 
2015-03-31 14:13:25,870 - ResourceAccessTool creation... 
2015-03-31 14:13:25,901 - No needs to alter table obr_agdb_element 
2015-03-31 14:13:25,901 - ResourceAccessTool AGDB created to access AgingGenesDB (via NIF) (AGDB).
 
2015-03-31 14:13:26,228 - **** Resource AGDB processing 
2015-03-31 14:13:26,228 - Workflow Parameters[withCompleteDictionary= true, updateResource= true, reInitializeAllTables= false, reInitializeAllTablesExceptElement= false ] 
2015-03-31 14:13:26,260 - Resource entry updated. 
2015-03-31 14:13:26,260 - *** Resource AgingGenesDB (via NIF) update processing 
2015-03-31 14:13:26,260 - * Get All Elements for AgingGenesDB...  
2015-03-31 14:14:58,527 - ***************************************************** 
2015-03-31 14:14:58,527 - ResourceAccessTool creation... 
2015-03-31 14:14:58,574 - No needs to alter table obr_agdb_element 
2015-03-31 14:14:58,574 - ResourceAccessTool AGDB created to access AgingGenesDB (via NIF) (AGDB).
 
2015-03-31 14:14:58,888 - **** Resource AGDB processing 
2015-03-31 14:14:58,888 - Workflow Parameters[withCompleteDictionary= true, updateResource= true, reInitializeAllTables= false, reInitializeAllTablesExceptElement= false ] 
2015-03-31 14:14:58,903 - Resource entry updated. 
2015-03-31 14:14:58,903 - *** Resource AgingGenesDB (via NIF) update processing 
2015-03-31 14:14:58,903 - * Get All Elements for AgingGenesDB...  
2015-03-31 14:16:14,649 - ***************************************************** 
2015-03-31 14:16:14,649 - ResourceAccessTool creation... 
2015-03-31 14:16:14,680 - No needs to alter table obr_agdb_element 
2015-03-31 14:16:14,696 - ResourceAccessTool AGDB created to access AgingGenesDB (via NIF) (AGDB).
 
2015-03-31 14:16:15,008 - **** Resource AGDB processing 
2015-03-31 14:16:15,008 - Workflow Parameters[withCompleteDictionary= true, updateResource= true, reInitializeAllTables= false, reInitializeAllTablesExceptElement= false ] 
2015-03-31 14:16:15,039 - Resource entry updated. 
2015-03-31 14:16:15,039 - *** Resource AgingGenesDB (via NIF) update processing 
2015-03-31 14:16:15,039 - * Get All Elements for AgingGenesDB...  
2015-03-31 14:17:40,349 - ***************************************************** 
2015-03-31 14:17:40,349 - ResourceAccessTool creation... 
2015-03-31 14:17:40,396 - No needs to alter table obr_agdb_element 
2015-03-31 14:17:40,396 - ResourceAccessTool AGDB created to access AgingGenesDB (via NIF) (AGDB).
 
2015-03-31 14:17:40,708 - **** Resource AGDB processing 
2015-03-31 14:17:40,708 - Workflow Parameters[withCompleteDictionary= true, updateResource= true, reInitializeAllTables= false, reInitializeAllTablesExceptElement= false ] 
2015-03-31 14:17:40,724 - Resource entry updated. 
2015-03-31 14:17:40,724 - *** Resource AgingGenesDB (via NIF) update processing 
2015-03-31 14:17:40,724 - * Get All Elements for AgingGenesDB...  
2015-03-31 14:35:01,793 - ***************************************************** 
2015-03-31 14:35:01,793 - ResourceAccessTool creation... 
2015-03-31 14:35:01,839 - No needs to alter table obr_agdb_element 
2015-03-31 14:35:01,839 - ResourceAccessTool AGDB created to access AgingGenesDB (via NIF) (AGDB).
 
2015-03-31 14:35:02,167 - **** Resource AGDB processing 
2015-03-31 14:35:02,167 - Workflow Parameters[withCompleteDictionary= true, updateResource= true, reInitializeAllTables= false, reInitializeAllTablesExceptElement= false ] 
2015-03-31 14:35:02,183 - Resource entry updated. 
2015-03-31 14:35:02,183 - *** Resource AgingGenesDB (via NIF) update processing 
2015-03-31 14:35:02,183 - * Get All Elements for AgingGenesDB...  
2015-03-31 14:44:50,726 - ***************************************************** 
2015-03-31 14:44:50,726 - ResourceAccessTool creation... 
2015-03-31 14:44:50,757 - No needs to alter table obr_agdb_element 
2015-03-31 14:44:50,757 - ResourceAccessTool AGDB created to access AgingGenesDB (via NIF) (AGDB).
 
2015-03-31 14:44:50,944 - **** Resource AGDB processing 
2015-03-31 14:44:50,944 - Workflow Parameters[withCompleteDictionary= true, updateResource= true, reInitializeAllTables= false, reInitializeAllTablesExceptElement= false ] 
2015-03-31 14:44:50,960 - Resource entry updated. 
2015-03-31 14:44:50,960 - *** Resource AgingGenesDB (via NIF) update processing 
2015-03-31 14:44:50,960 - * Get All Elements for AgingGenesDB...  
2015-03-31 14:45:15,351 - 3 rows found. 
2015-03-31 14:45:15,351 - Number of new elements to dump: 3 
2015-03-31 14:45:15,351 - 0 elements added to the OBR_AGDB_ET table. 
2015-03-31 14:45:15,351 - ### Resource AgingGenesDB (via NIF) updated with 0 elements in : 00 hours, 00 minutes, 24 seconds.
 
2015-03-31 14:45:15,415 - Query :::: SELECT count(id) FROM obr_agdb_element WHERE dictionary_id IS NULL OR dictionary_id<20;346 
2015-03-31 14:45:15,415 - Key obr.statistics.populate was not found in resource bundle 'config' for locale 'en_US' 
2015-03-31 14:45:15,415 - Query :::: SELECT count(id) FROM obr_agdb_element WHERE dictionary_id IS NULL OR dictionary_id<20;346 
2015-03-31 14:45:15,430 - *** Executing  Direct Annotation process...  
2015-03-31 14:45:15,430 - Query :::: SELECT count(id) FROM obr_agdb_element WHERE dictionary_id IS NULL OR dictionary_id<20;346 
2015-03-31 14:45:15,430 - 	** Concept recognition with Mgrep: 
2015-03-31 14:45:15,430 - Exporting the resource content to a file to be annotated with Mgrep... 
2015-03-31 14:45:15,508 - 		ResourceFile created in: 00 hours, 00 minutes, 00 seconds.
 
2015-03-31 14:45:15,508 - Call to Mgrep... 
2015-03-31 14:45:15,524 - Local Mgrep execution... 
2015-03-31 14:45:15,524 - command: files/mgrep/mgrep3.0/mgrep -w -i -f files/dictionaries/branch1.0/localhost/OBS_DICO_c035_CMP_MGREP.txt < files/mgrep/mgrepInputs/OBR_RESOURCE_AGDB_V20_MGREP.txt > files/mgrep/mgrepOutputs/OBR_RESOURCE_AGDB_V20_MGREP.txt.mgrep 
2015-03-31 14:45:15,540 - ** PROBLEM ** Cannot create MgrepFile. 
java.io.IOException: Cannot run program "/bin/sh": CreateProcess error=2, The system cannot find the file specified
	at java.lang.ProcessBuilder.start(ProcessBuilder.java:459)
	at java.lang.Runtime.exec(Runtime.java:593)
	at java.lang.Runtime.exec(Runtime.java:466)
	at org.ncbo.stanford.obr.util.mgrep.ConceptRecognitionTools.mgrepLocal(ConceptRecognitionTools.java:64)
	at org.ncbo.stanford.obr.service.annotation.impl.AnnotationServiceImpl.mgrepCall(AnnotationServiceImpl.java:153)
	at org.ncbo.stanford.obr.service.annotation.impl.AnnotationServiceImpl.conceptRecognitionWithMgrep(AnnotationServiceImpl.java:124)
	at org.ncbo.stanford.obr.service.annotation.impl.AnnotationServiceImpl.resourceAnnotation(AnnotationServiceImpl.java:51)
	at org.ncbo.stanford.obr.service.workflow.impl.ResourceIndexWorkflowImpl.executeWorkflow(ResourceIndexWorkflowImpl.java:273)
	at org.ncbo.stanford.obr.service.workflow.impl.ResourceIndexWorkflowImpl.resourceProcessing(ResourceIndexWorkflowImpl.java:219)
	at org.ncbo.stanford.obr.service.workflow.impl.ResourceIndexWorkflowImpl.startResourceIndexWorkflow(ResourceIndexWorkflowImpl.java:127)
	at org.ncbo.stanford.obr.populate.main.PopulateResourceIndex.main(PopulateResourceIndex.java:46)
Caused by: java.io.IOException: CreateProcess error=2, The system cannot find the file specified
	at java.lang.ProcessImpl.create(Native Method)
	at java.lang.ProcessImpl.<init>(ProcessImpl.java:81)
	at java.lang.ProcessImpl.start(ProcessImpl.java:30)
	at java.lang.ProcessBuilder.start(ProcessBuilder.java:452)
	... 10 more
2015-03-31 14:45:15,540 - 		Mgrep executed in: 00 hours, 00 minutes, 00 seconds. 
2015-03-31 14:45:15,540 - Processing of the result file... 
2015-04-01 11:38:59,255 - ***************************************************** 
2015-04-01 11:38:59,260 - ResourceAccessTool creation... 
2015-04-01 11:38:59,330 - No needs to alter table obr_agdb_element 
2015-04-01 11:38:59,333 - ResourceAccessTool AGDB created to access AgingGenesDB (via NIF) (AGDB).
 
2015-04-01 11:38:59,391 - **** Resource AGDB processing 
2015-04-01 11:38:59,391 - Workflow Parameters[withCompleteDictionary= true, updateResource= true, reInitializeAllTables= false, reInitializeAllTablesExceptElement= false ] 
2015-04-01 11:38:59,406 - Resource entry updated. 
2015-04-01 11:38:59,406 - *** Resource AgingGenesDB (via NIF) update processing 
2015-04-01 11:38:59,406 - * Get All Elements for AgingGenesDB...  
2015-04-01 11:39:17,396 - 3 rows found. 
2015-04-01 11:39:17,396 - Number of new elements to dump: 3 
2015-04-01 11:39:17,399 - 0 elements added to the OBR_AGDB_ET table. 
2015-04-01 11:39:17,400 - ### Resource AgingGenesDB (via NIF) updated with 0 elements in : 00 hours, 00 minutes, 17 seconds.
 
2015-04-01 11:39:17,417 - Query :::: SELECT count(id) FROM obr_agdb_element WHERE dictionary_id IS NULL OR dictionary_id<20;346 
2015-04-01 11:39:17,417 - Key obr.statistics.populate was not found in resource bundle 'config' for locale 'en_US' 
2015-04-01 11:39:17,418 - Query :::: SELECT count(id) FROM obr_agdb_element WHERE dictionary_id IS NULL OR dictionary_id<20;346 
2015-04-01 11:39:17,418 - *** Executing  Direct Annotation process...  
2015-04-01 11:39:17,419 - Query :::: SELECT count(id) FROM obr_agdb_element WHERE dictionary_id IS NULL OR dictionary_id<20;346 
2015-04-01 11:39:17,419 - 	** Concept recognition with Mgrep: 
2015-04-01 11:39:17,419 - Exporting the resource content to a file to be annotated with Mgrep... 
2015-04-01 11:39:17,441 - 		ResourceFile created in: 00 hours, 00 minutes, 00 seconds.
 
2015-04-01 11:39:17,441 - Call to Mgrep... 
2015-04-01 11:39:17,441 - Local Mgrep execution... 
2015-04-01 11:39:17,441 - command: files/mgrep/mgrep3.0/mgrep -w -i -f files/dictionaries/branch1.0/localhost/OBS_DICO_c035_CMP_MGREP.txt < files/mgrep/mgrepInputs/OBR_RESOURCE_AGDB_V20_MGREP.txt > files/mgrep/mgrepOutputs/OBR_RESOURCE_AGDB_V20_MGREP.txt.mgrep 
2015-04-01 11:39:17,441 - ** PROBLEM ** Cannot create MgrepFile. 
java.io.IOException: Cannot run program "/bin/sh": CreateProcess error=2, The system cannot find the file specified
	at java.lang.ProcessBuilder.start(ProcessBuilder.java:459)
	at java.lang.Runtime.exec(Runtime.java:593)
	at java.lang.Runtime.exec(Runtime.java:466)
	at org.ncbo.stanford.obr.util.mgrep.ConceptRecognitionTools.mgrepLocal(ConceptRecognitionTools.java:64)
	at org.ncbo.stanford.obr.service.annotation.impl.AnnotationServiceImpl.mgrepCall(AnnotationServiceImpl.java:153)
	at org.ncbo.stanford.obr.service.annotation.impl.AnnotationServiceImpl.conceptRecognitionWithMgrep(AnnotationServiceImpl.java:124)
	at org.ncbo.stanford.obr.service.annotation.impl.AnnotationServiceImpl.resourceAnnotation(AnnotationServiceImpl.java:51)
	at org.ncbo.stanford.obr.service.workflow.impl.ResourceIndexWorkflowImpl.executeWorkflow(ResourceIndexWorkflowImpl.java:273)
	at org.ncbo.stanford.obr.service.workflow.impl.ResourceIndexWorkflowImpl.resourceProcessing(ResourceIndexWorkflowImpl.java:219)
	at org.ncbo.stanford.obr.service.workflow.impl.ResourceIndexWorkflowImpl.startResourceIndexWorkflow(ResourceIndexWorkflowImpl.java:127)
	at org.ncbo.stanford.obr.populate.main.PopulateResourceIndex.main(PopulateResourceIndex.java:46)
Caused by: java.io.IOException: CreateProcess error=2, The system cannot find the file specified
	at java.lang.ProcessImpl.create(Native Method)
	at java.lang.ProcessImpl.<init>(ProcessImpl.java:81)
	at java.lang.ProcessImpl.start(ProcessImpl.java:30)
	at java.lang.ProcessBuilder.start(ProcessBuilder.java:452)
	... 10 more
2015-04-01 11:39:17,442 - 		Mgrep executed in: 00 hours, 00 minutes, 00 seconds. 
2015-04-01 11:39:17,442 - Processing of the result file... 
