2015-03-17 11:20:03,601 - ***************************************************** 
2015-03-17 11:20:03,601 - ResourceAccessTool creation... 
2015-03-17 11:20:03,638 - No needs to alter table obr_autdb_element 
2015-03-17 11:20:03,682 - ResourceAccessTool AUTDB created to access AutDB (via NIF) (AUTDB).
 
2015-03-17 11:20:03,876 - **** Resource AUTDB processing 
2015-03-17 11:20:03,876 - Workflow Parameters[withCompleteDictionary= true, updateResource= true, reInitializeAllTables= false, reInitializeAllTablesExceptElement= false ] 
2015-03-17 11:20:03,898 - Resource entry updated. 
2015-03-17 11:20:03,898 - *** Resource AutDB (via NIF) update processing 
2015-03-17 11:20:03,898 - * Get All Elements for AutDB...  
2015-03-17 11:20:09,395 - ** PROBLEM ** Problem in getting rows. 
java.lang.NullPointerException
	at org.ncbo.stanford.obr.resource.nif.autdb.AutDBAccessTool.getAllElements(AutDBAccessTool.java:164)
	at org.ncbo.stanford.obr.resource.nif.autdb.AutDBAccessTool.updateResourceContent(AutDBAccessTool.java:118)
	at org.ncbo.stanford.obr.service.workflow.impl.ResourceIndexWorkflowImpl.resourceProcessing(ResourceIndexWorkflowImpl.java:195)
	at org.ncbo.stanford.obr.service.workflow.impl.ResourceIndexWorkflowImpl.startResourceIndexWorkflow(ResourceIndexWorkflowImpl.java:127)
	at org.ncbo.stanford.obr.populate.main.PopulateResourceIndex.main(PopulateResourceIndex.java:46)
2015-03-17 11:20:09,396 - 0 rows found. 
2015-03-17 11:20:09,396 - Number of new elements to dump: 0 
2015-03-17 11:20:09,396 - 0 elements added to the OBR_AutDB_ET table. 
2015-03-17 11:20:09,397 - ### Resource AutDB (via NIF) updated with 0 elements in : 00 hours, 00 minutes, 05 seconds.
 
2015-03-17 11:20:09,411 - Query :::: SELECT count(id) FROM obr_autdb_element WHERE dictionary_id IS NULL OR dictionary_id<20;268 
2015-03-17 11:20:09,411 - Key obr.statistics.populate was not found in resource bundle 'config' for locale 'en_US' 
2015-03-17 11:20:09,412 - Query :::: SELECT count(id) FROM obr_autdb_element WHERE dictionary_id IS NULL OR dictionary_id<20;268 
2015-03-17 11:20:09,412 - *** Executing  Direct Annotation process...  
2015-03-17 11:20:09,412 - Query :::: SELECT count(id) FROM obr_autdb_element WHERE dictionary_id IS NULL OR dictionary_id<20;268 
2015-03-17 11:20:09,412 - 	** Concept recognition with Mgrep: 
2015-03-17 11:20:09,412 - Exporting the resource content to a file to be annotated with Mgrep... 
2015-03-17 11:20:09,460 - 		ResourceFile created in: 00 hours, 00 minutes, 00 seconds.
 
2015-03-17 11:20:09,460 - Call to Mgrep... 
2015-03-17 11:20:09,461 - Local Mgrep execution... 
2015-03-17 11:20:09,461 - command: files/mgrep/mgrep3.0/mgrep -w -i -f files/dictionaries/branch1.0/localhost/OBS_DICO_c035_CMP_MGREP.txt < files/mgrep/mgrepInputs/OBR_RESOURCE_AUTDB_V20_MGREP.txt > files/mgrep/mgrepOutputs/OBR_RESOURCE_AUTDB_V20_MGREP.txt.mgrep 
2015-03-17 11:20:09,463 - ** PROBLEM ** Cannot create MgrepFile. 
java.io.IOException: Cannot run program "/bin/sh": CreateProcess error=2, The system cannot find the file specified
	at java.lang.ProcessBuilder.start(ProcessBuilder.java:459)
	at java.lang.Runtime.exec(Runtime.java:593)
	at java.lang.Runtime.exec(Runtime.java:466)
	at org.ncbo.stanford.obr.util.mgrep.ConceptRecognitionTools.mgrepLocal(ConceptRecognitionTools.java:64)
	at org.ncbo.stanford.obr.service.annotation.impl.AnnotationServiceImpl.mgrepCall(AnnotationServiceImpl.java:153)
	at org.ncbo.stanford.obr.service.annotation.impl.AnnotationServiceImpl.conceptRecognitionWithMgrep(AnnotationServiceImpl.java:124)
	at org.ncbo.stanford.obr.service.annotation.impl.AnnotationServiceImpl.resourceAnnotation(AnnotationServiceImpl.java:51)
	at org.ncbo.stanford.obr.service.workflow.impl.ResourceIndexWorkflowImpl.executeWorkflow(ResourceIndexWorkflowImpl.java:273)
	at org.ncbo.stanford.obr.service.workflow.impl.ResourceIndexWorkflowImpl.resourceProcessing(ResourceIndexWorkflowImpl.java:219)
	at org.ncbo.stanford.obr.service.workflow.impl.ResourceIndexWorkflowImpl.startResourceIndexWorkflow(ResourceIndexWorkflowImpl.java:127)
	at org.ncbo.stanford.obr.populate.main.PopulateResourceIndex.main(PopulateResourceIndex.java:46)
Caused by: java.io.IOException: CreateProcess error=2, The system cannot find the file specified
	at java.lang.ProcessImpl.create(Native Method)
	at java.lang.ProcessImpl.<init>(ProcessImpl.java:81)
	at java.lang.ProcessImpl.start(ProcessImpl.java:30)
	at java.lang.ProcessBuilder.start(ProcessBuilder.java:452)
	... 10 more
2015-03-17 11:20:09,463 - 		Mgrep executed in: 00 hours, 00 minutes, 00 seconds. 
2015-03-17 11:20:09,463 - Processing of the result file... 
2015-03-31 11:11:00,846 - ***************************************************** 
2015-03-31 11:11:00,852 - ResourceAccessTool creation... 
2015-03-31 11:11:00,921 - No needs to alter table obr_autdb_element 
2015-03-31 11:11:00,945 - ResourceAccessTool AUTDB created to access AutDB (via NIF) (AUTDB).
 
2015-03-31 11:11:01,124 - **** Resource AUTDB processing 
2015-03-31 11:11:01,124 - Workflow Parameters[withCompleteDictionary= true, updateResource= true, reInitializeAllTables= false, reInitializeAllTablesExceptElement= false ] 
2015-03-31 11:11:01,154 - Resource entry updated. 
2015-03-31 11:11:01,155 - *** Resource AutDB (via NIF) update processing 
2015-03-31 11:11:01,155 - * Get All Elements for AutDB...  
2015-03-31 11:11:06,869 - ** PROBLEM ** Problem in getting rows. 
java.lang.NullPointerException
	at org.ncbo.stanford.obr.resource.nif.autdb.AutDBAccessTool.getAllElements(AutDBAccessTool.java:164)
	at org.ncbo.stanford.obr.resource.nif.autdb.AutDBAccessTool.updateResourceContent(AutDBAccessTool.java:118)
	at org.ncbo.stanford.obr.service.workflow.impl.ResourceIndexWorkflowImpl.resourceProcessing(ResourceIndexWorkflowImpl.java:195)
	at org.ncbo.stanford.obr.service.workflow.impl.ResourceIndexWorkflowImpl.startResourceIndexWorkflow(ResourceIndexWorkflowImpl.java:127)
	at org.ncbo.stanford.obr.populate.main.PopulateResourceIndex.main(PopulateResourceIndex.java:46)
2015-03-31 11:11:06,870 - 0 rows found. 
2015-03-31 11:11:06,870 - Number of new elements to dump: 0 
2015-03-31 11:11:06,870 - 0 elements added to the OBR_AutDB_ET table. 
2015-03-31 11:11:06,871 - ### Resource AutDB (via NIF) updated with 0 elements in : 00 hours, 00 minutes, 05 seconds.
 
2015-03-31 11:11:07,007 - Query :::: SELECT count(id) FROM obr_autdb_element WHERE dictionary_id IS NULL OR dictionary_id<20;268 
2015-03-31 11:11:07,007 - Key obr.statistics.populate was not found in resource bundle 'config' for locale 'en_US' 
2015-03-31 11:11:07,008 - Query :::: SELECT count(id) FROM obr_autdb_element WHERE dictionary_id IS NULL OR dictionary_id<20;268 
2015-03-31 11:11:07,008 - *** Executing  Direct Annotation process...  
2015-03-31 11:11:07,009 - Query :::: SELECT count(id) FROM obr_autdb_element WHERE dictionary_id IS NULL OR dictionary_id<20;268 
2015-03-31 11:11:07,009 - 	** Concept recognition with Mgrep: 
2015-03-31 11:11:07,010 - Exporting the resource content to a file to be annotated with Mgrep... 
2015-03-31 11:11:07,072 - 		ResourceFile created in: 00 hours, 00 minutes, 00 seconds.
 
2015-03-31 11:11:07,072 - Call to Mgrep... 
2015-03-31 11:11:07,078 - Local Mgrep execution... 
2015-03-31 11:11:07,078 - command: files/mgrep/mgrep3.0/mgrep -w -i -f files/dictionaries/branch1.0/localhost/OBS_DICO_c035_CMP_MGREP.txt < files/mgrep/mgrepInputs/OBR_RESOURCE_AUTDB_V20_MGREP.txt > files/mgrep/mgrepOutputs/OBR_RESOURCE_AUTDB_V20_MGREP.txt.mgrep 
2015-03-31 11:11:07,094 - ** PROBLEM ** Cannot create MgrepFile. 
java.io.IOException: Cannot run program "/bin/sh": CreateProcess error=2, The system cannot find the file specified
	at java.lang.ProcessBuilder.start(ProcessBuilder.java:459)
	at java.lang.Runtime.exec(Runtime.java:593)
	at java.lang.Runtime.exec(Runtime.java:466)
	at org.ncbo.stanford.obr.util.mgrep.ConceptRecognitionTools.mgrepLocal(ConceptRecognitionTools.java:64)
	at org.ncbo.stanford.obr.service.annotation.impl.AnnotationServiceImpl.mgrepCall(AnnotationServiceImpl.java:153)
	at org.ncbo.stanford.obr.service.annotation.impl.AnnotationServiceImpl.conceptRecognitionWithMgrep(AnnotationServiceImpl.java:124)
	at org.ncbo.stanford.obr.service.annotation.impl.AnnotationServiceImpl.resourceAnnotation(AnnotationServiceImpl.java:51)
	at org.ncbo.stanford.obr.service.workflow.impl.ResourceIndexWorkflowImpl.executeWorkflow(ResourceIndexWorkflowImpl.java:273)
	at org.ncbo.stanford.obr.service.workflow.impl.ResourceIndexWorkflowImpl.resourceProcessing(ResourceIndexWorkflowImpl.java:219)
	at org.ncbo.stanford.obr.service.workflow.impl.ResourceIndexWorkflowImpl.startResourceIndexWorkflow(ResourceIndexWorkflowImpl.java:127)
	at org.ncbo.stanford.obr.populate.main.PopulateResourceIndex.main(PopulateResourceIndex.java:46)
Caused by: java.io.IOException: CreateProcess error=2, The system cannot find the file specified
	at java.lang.ProcessImpl.create(Native Method)
	at java.lang.ProcessImpl.<init>(ProcessImpl.java:81)
	at java.lang.ProcessImpl.start(ProcessImpl.java:30)
	at java.lang.ProcessBuilder.start(ProcessBuilder.java:452)
	... 10 more
2015-03-31 11:11:07,094 - 		Mgrep executed in: 00 hours, 00 minutes, 00 seconds. 
2015-03-31 11:11:07,094 - Processing of the result file... 
2015-03-31 11:12:21,495 - ***************************************************** 
2015-03-31 11:12:21,495 - ResourceAccessTool creation... 
2015-03-31 11:12:21,530 - No needs to alter table obr_autdb_element 
2015-03-31 11:12:21,534 - ResourceAccessTool AUTDB created to access AutDB (via NIF) (AUTDB).
 
2015-03-31 11:12:21,711 - **** Resource AUTDB processing 
2015-03-31 11:12:21,711 - Workflow Parameters[withCompleteDictionary= true, updateResource= true, reInitializeAllTables= false, reInitializeAllTablesExceptElement= false ] 
2015-03-31 11:12:21,724 - Resource entry updated. 
2015-03-31 11:12:21,724 - *** Resource AutDB (via NIF) update processing 
2015-03-31 11:12:21,724 - * Get All Elements for AutDB...  
2015-03-31 11:12:27,324 - ** PROBLEM ** Problem in getting rows. 
java.lang.NullPointerException
	at org.ncbo.stanford.obr.resource.nif.autdb.AutDBAccessTool.getAllElements(AutDBAccessTool.java:164)
	at org.ncbo.stanford.obr.resource.nif.autdb.AutDBAccessTool.updateResourceContent(AutDBAccessTool.java:118)
	at org.ncbo.stanford.obr.service.workflow.impl.ResourceIndexWorkflowImpl.resourceProcessing(ResourceIndexWorkflowImpl.java:195)
	at org.ncbo.stanford.obr.service.workflow.impl.ResourceIndexWorkflowImpl.startResourceIndexWorkflow(ResourceIndexWorkflowImpl.java:127)
	at org.ncbo.stanford.obr.populate.main.PopulateResourceIndex.main(PopulateResourceIndex.java:46)
2015-03-31 11:12:27,325 - 0 rows found. 
2015-03-31 11:12:27,325 - Number of new elements to dump: 0 
2015-03-31 11:12:27,325 - 0 elements added to the OBR_AutDB_ET table. 
2015-03-31 11:12:27,326 - ### Resource AutDB (via NIF) updated with 0 elements in : 00 hours, 00 minutes, 05 seconds.
 
2015-03-31 11:12:27,359 - Query :::: SELECT count(id) FROM obr_autdb_element WHERE dictionary_id IS NULL OR dictionary_id<20;200 
2015-03-31 11:12:27,360 - Key obr.statistics.populate was not found in resource bundle 'config' for locale 'en_US' 
2015-03-31 11:12:27,360 - Query :::: SELECT count(id) FROM obr_autdb_element WHERE dictionary_id IS NULL OR dictionary_id<20;200 
2015-03-31 11:12:27,360 - *** Executing  Direct Annotation process...  
2015-03-31 11:12:27,360 - Query :::: SELECT count(id) FROM obr_autdb_element WHERE dictionary_id IS NULL OR dictionary_id<20;200 
2015-03-31 11:12:27,360 - 	** Concept recognition with Mgrep: 
2015-03-31 11:12:27,361 - Exporting the resource content to a file to be annotated with Mgrep... 
2015-03-31 11:12:27,377 - 		ResourceFile created in: 00 hours, 00 minutes, 00 seconds.
 
2015-03-31 11:12:27,377 - Call to Mgrep... 
2015-03-31 11:12:27,378 - Local Mgrep execution... 
2015-03-31 11:12:27,378 - command: files/mgrep/mgrep3.0/mgrep -w -i -f files/dictionaries/branch1.0/localhost/OBS_DICO_c035_CMP_MGREP.txt < files/mgrep/mgrepInputs/OBR_RESOURCE_AUTDB_V20_MGREP.txt > files/mgrep/mgrepOutputs/OBR_RESOURCE_AUTDB_V20_MGREP.txt.mgrep 
2015-03-31 11:12:27,379 - ** PROBLEM ** Cannot create MgrepFile. 
java.io.IOException: Cannot run program "/bin/sh": CreateProcess error=2, The system cannot find the file specified
	at java.lang.ProcessBuilder.start(ProcessBuilder.java:459)
	at java.lang.Runtime.exec(Runtime.java:593)
	at java.lang.Runtime.exec(Runtime.java:466)
	at org.ncbo.stanford.obr.util.mgrep.ConceptRecognitionTools.mgrepLocal(ConceptRecognitionTools.java:64)
	at org.ncbo.stanford.obr.service.annotation.impl.AnnotationServiceImpl.mgrepCall(AnnotationServiceImpl.java:153)
	at org.ncbo.stanford.obr.service.annotation.impl.AnnotationServiceImpl.conceptRecognitionWithMgrep(AnnotationServiceImpl.java:124)
	at org.ncbo.stanford.obr.service.annotation.impl.AnnotationServiceImpl.resourceAnnotation(AnnotationServiceImpl.java:51)
	at org.ncbo.stanford.obr.service.workflow.impl.ResourceIndexWorkflowImpl.executeWorkflow(ResourceIndexWorkflowImpl.java:273)
	at org.ncbo.stanford.obr.service.workflow.impl.ResourceIndexWorkflowImpl.resourceProcessing(ResourceIndexWorkflowImpl.java:219)
	at org.ncbo.stanford.obr.service.workflow.impl.ResourceIndexWorkflowImpl.startResourceIndexWorkflow(ResourceIndexWorkflowImpl.java:127)
	at org.ncbo.stanford.obr.populate.main.PopulateResourceIndex.main(PopulateResourceIndex.java:46)
Caused by: java.io.IOException: CreateProcess error=2, The system cannot find the file specified
	at java.lang.ProcessImpl.create(Native Method)
	at java.lang.ProcessImpl.<init>(ProcessImpl.java:81)
	at java.lang.ProcessImpl.start(ProcessImpl.java:30)
	at java.lang.ProcessBuilder.start(ProcessBuilder.java:452)
	... 10 more
2015-03-31 11:12:27,380 - 		Mgrep executed in: 00 hours, 00 minutes, 00 seconds. 
2015-03-31 11:12:27,380 - Processing of the result file... 
2015-03-31 11:21:19,927 - ***************************************************** 
2015-03-31 11:21:19,927 - ResourceAccessTool creation... 
2015-03-31 11:21:19,968 - No needs to alter table obr_autdb_element 
2015-03-31 11:21:19,971 - ResourceAccessTool AUTDB created to access AutDB (via NIF) (AUTDB).
 
2015-03-31 11:21:20,291 - **** Resource AUTDB processing 
2015-03-31 11:21:20,291 - Workflow Parameters[withCompleteDictionary= true, updateResource= true, reInitializeAllTables= false, reInitializeAllTablesExceptElement= false ] 
2015-03-31 11:21:20,310 - Resource entry updated. 
2015-03-31 11:21:20,310 - *** Resource AutDB (via NIF) update processing 
2015-03-31 11:21:28,772 - * Get All Elements for AutDB...  
2015-03-31 11:23:09,281 - ** PROBLEM ** Problem in getting rows. 
java.lang.NullPointerException
	at org.ncbo.stanford.obr.resource.nif.autdb.AutDBAccessTool.getAllElements(AutDBAccessTool.java:164)
	at org.ncbo.stanford.obr.resource.nif.autdb.AutDBAccessTool.updateResourceContent(AutDBAccessTool.java:118)
	at org.ncbo.stanford.obr.service.workflow.impl.ResourceIndexWorkflowImpl.resourceProcessing(ResourceIndexWorkflowImpl.java:195)
	at org.ncbo.stanford.obr.service.workflow.impl.ResourceIndexWorkflowImpl.startResourceIndexWorkflow(ResourceIndexWorkflowImpl.java:127)
	at org.ncbo.stanford.obr.populate.main.PopulateResourceIndex.main(PopulateResourceIndex.java:46)
2015-03-31 11:23:12,912 - 0 rows found. 
2015-04-01 11:34:32,401 - ***************************************************** 
2015-04-01 11:34:32,415 - ResourceAccessTool creation... 
2015-04-01 11:34:32,454 - No needs to alter table obr_autdb_element 
2015-04-01 11:34:32,458 - ResourceAccessTool AUTDB created to access AutDB (via NIF) (AUTDB).
 
2015-04-01 11:34:32,520 - **** Resource AUTDB processing 
2015-04-01 11:34:32,520 - Workflow Parameters[withCompleteDictionary= true, updateResource= true, reInitializeAllTables= false, reInitializeAllTablesExceptElement= false ] 
2015-04-01 11:34:32,567 - Resource entry updated. 
2015-04-01 11:34:32,567 - *** Resource AutDB (via NIF) update processing 
2015-04-01 11:34:32,567 - * Get All Elements for AutDB...  
2015-04-01 11:38:58,958 - 230 rows found. 
2015-04-01 11:38:58,958 - Number of new elements to dump: 230 
2015-04-01 11:38:59,173 - 230 elements added to the OBR_AutDB_ET table. 
2015-04-01 11:38:59,174 - ### Resource AutDB (via NIF) updated with 230 elements in : 00 hours, 04 minutes, 26 seconds.
 
2015-04-01 11:38:59,194 - Query :::: SELECT count(id) FROM obr_autdb_element WHERE dictionary_id IS NULL OR dictionary_id<20;430 
2015-04-01 11:38:59,195 - Key obr.statistics.populate was not found in resource bundle 'config' for locale 'en_US' 
2015-04-01 11:38:59,195 - Query :::: SELECT count(id) FROM obr_autdb_element WHERE dictionary_id IS NULL OR dictionary_id<20;430 
2015-04-01 11:38:59,195 - *** Executing  Direct Annotation process...  
2015-04-01 11:38:59,196 - Query :::: SELECT count(id) FROM obr_autdb_element WHERE dictionary_id IS NULL OR dictionary_id<20;430 
2015-04-01 11:38:59,196 - 	** Concept recognition with Mgrep: 
2015-04-01 11:38:59,196 - Exporting the resource content to a file to be annotated with Mgrep... 
2015-04-01 11:38:59,210 - 		ResourceFile created in: 00 hours, 00 minutes, 00 seconds.
 
2015-04-01 11:38:59,210 - Call to Mgrep... 
2015-04-01 11:38:59,210 - Local Mgrep execution... 
2015-04-01 11:38:59,210 - command: files/mgrep/mgrep3.0/mgrep -w -i -f files/dictionaries/branch1.0/localhost/OBS_DICO_c035_CMP_MGREP.txt < files/mgrep/mgrepInputs/OBR_RESOURCE_AUTDB_V20_MGREP.txt > files/mgrep/mgrepOutputs/OBR_RESOURCE_AUTDB_V20_MGREP.txt.mgrep 
2015-04-01 11:38:59,210 - ** PROBLEM ** Cannot create MgrepFile. 
java.io.IOException: Cannot run program "/bin/sh": CreateProcess error=2, The system cannot find the file specified
	at java.lang.ProcessBuilder.start(ProcessBuilder.java:459)
	at java.lang.Runtime.exec(Runtime.java:593)
	at java.lang.Runtime.exec(Runtime.java:466)
	at org.ncbo.stanford.obr.util.mgrep.ConceptRecognitionTools.mgrepLocal(ConceptRecognitionTools.java:64)
	at org.ncbo.stanford.obr.service.annotation.impl.AnnotationServiceImpl.mgrepCall(AnnotationServiceImpl.java:153)
	at org.ncbo.stanford.obr.service.annotation.impl.AnnotationServiceImpl.conceptRecognitionWithMgrep(AnnotationServiceImpl.java:124)
	at org.ncbo.stanford.obr.service.annotation.impl.AnnotationServiceImpl.resourceAnnotation(AnnotationServiceImpl.java:51)
	at org.ncbo.stanford.obr.service.workflow.impl.ResourceIndexWorkflowImpl.executeWorkflow(ResourceIndexWorkflowImpl.java:273)
	at org.ncbo.stanford.obr.service.workflow.impl.ResourceIndexWorkflowImpl.resourceProcessing(ResourceIndexWorkflowImpl.java:219)
	at org.ncbo.stanford.obr.service.workflow.impl.ResourceIndexWorkflowImpl.startResourceIndexWorkflow(ResourceIndexWorkflowImpl.java:127)
	at org.ncbo.stanford.obr.populate.main.PopulateResourceIndex.main(PopulateResourceIndex.java:46)
Caused by: java.io.IOException: CreateProcess error=2, The system cannot find the file specified
	at java.lang.ProcessImpl.create(Native Method)
	at java.lang.ProcessImpl.<init>(ProcessImpl.java:81)
	at java.lang.ProcessImpl.start(ProcessImpl.java:30)
	at java.lang.ProcessBuilder.start(ProcessBuilder.java:452)
	... 10 more
2015-04-01 11:38:59,210 - 		Mgrep executed in: 00 hours, 00 minutes, 00 seconds. 
2015-04-01 11:38:59,210 - Processing of the result file... 
