2015-03-17 11:24:50,152 - ***************************************************** 
2015-03-17 11:24:50,152 - ResourceAccessTool creation... 
2015-03-17 11:24:50,193 - No needs to alter table obr_bgrd_element 
2015-03-17 11:24:50,274 - ResourceAccessTool BGRD created to access BioGRID (via NIF) (BGRD).
 
2015-03-17 11:24:50,467 - **** Resource BGRD processing 
2015-03-17 11:24:50,467 - Workflow Parameters[withCompleteDictionary= true, updateResource= true, reInitializeAllTables= false, reInitializeAllTablesExceptElement= false ] 
2015-03-17 11:24:50,496 - Resource entry updated. 
2015-03-17 11:24:50,496 - *** Resource BioGRID (via NIF) update processing 
2015-03-17 11:24:50,496 - * Get All Elements for NIF BioGRID ...  
2015-03-17 11:24:55,486 - ** PROBLEM ** Problem in getting rows. 
java.lang.NullPointerException
	at org.ncbo.stanford.obr.resource.nif.biogrid.BGRDAccessTool.getAllElements(BGRDAccessTool.java:178)
	at org.ncbo.stanford.obr.resource.nif.biogrid.BGRDAccessTool.updateResourceContent(BGRDAccessTool.java:130)
	at org.ncbo.stanford.obr.service.workflow.impl.ResourceIndexWorkflowImpl.resourceProcessing(ResourceIndexWorkflowImpl.java:195)
	at org.ncbo.stanford.obr.service.workflow.impl.ResourceIndexWorkflowImpl.startResourceIndexWorkflow(ResourceIndexWorkflowImpl.java:127)
	at org.ncbo.stanford.obr.populate.main.PopulateResourceIndex.main(PopulateResourceIndex.java:46)
2015-03-17 11:24:55,486 - 0 rows found. 
2015-03-17 11:24:55,486 - Number of new elements to dump: 0 
2015-03-17 11:24:55,486 - 0 elements added to the OBR_BGRD_ET table. 
2015-03-17 11:24:55,487 - ### Resource BioGRID (via NIF) updated with 0 elements in : 00 hours, 00 minutes, 04 seconds.
 
2015-03-17 11:24:55,504 - Query :::: SELECT count(id) FROM obr_bgrd_element WHERE dictionary_id IS NULL OR dictionary_id<20;490 
2015-03-17 11:24:55,504 - Key obr.statistics.populate was not found in resource bundle 'config' for locale 'en_US' 
2015-03-17 11:24:55,504 - Query :::: SELECT count(id) FROM obr_bgrd_element WHERE dictionary_id IS NULL OR dictionary_id<20;490 
2015-03-17 11:24:55,504 - *** Executing  Direct Annotation process...  
2015-03-17 11:24:55,505 - Query :::: SELECT count(id) FROM obr_bgrd_element WHERE dictionary_id IS NULL OR dictionary_id<20;490 
2015-03-17 11:24:55,505 - 	** Concept recognition with Mgrep: 
2015-03-17 11:24:55,505 - Exporting the resource content to a file to be annotated with Mgrep... 
2015-03-17 11:24:55,528 - 		ResourceFile created in: 00 hours, 00 minutes, 00 seconds.
 
2015-03-17 11:24:55,528 - Call to Mgrep... 
2015-03-17 11:24:55,529 - Local Mgrep execution... 
2015-03-17 11:24:55,529 - command: files/mgrep/mgrep3.0/mgrep -w -i -f files/dictionaries/branch1.0/localhost/OBS_DICO_c035_CMP_MGREP.txt < files/mgrep/mgrepInputs/OBR_RESOURCE_BGRD_V20_MGREP.txt > files/mgrep/mgrepOutputs/OBR_RESOURCE_BGRD_V20_MGREP.txt.mgrep 
2015-03-17 11:24:55,531 - ** PROBLEM ** Cannot create MgrepFile. 
java.io.IOException: Cannot run program "/bin/sh": CreateProcess error=2, The system cannot find the file specified
	at java.lang.ProcessBuilder.start(ProcessBuilder.java:459)
	at java.lang.Runtime.exec(Runtime.java:593)
	at java.lang.Runtime.exec(Runtime.java:466)
	at org.ncbo.stanford.obr.util.mgrep.ConceptRecognitionTools.mgrepLocal(ConceptRecognitionTools.java:64)
	at org.ncbo.stanford.obr.service.annotation.impl.AnnotationServiceImpl.mgrepCall(AnnotationServiceImpl.java:153)
	at org.ncbo.stanford.obr.service.annotation.impl.AnnotationServiceImpl.conceptRecognitionWithMgrep(AnnotationServiceImpl.java:124)
	at org.ncbo.stanford.obr.service.annotation.impl.AnnotationServiceImpl.resourceAnnotation(AnnotationServiceImpl.java:51)
	at org.ncbo.stanford.obr.service.workflow.impl.ResourceIndexWorkflowImpl.executeWorkflow(ResourceIndexWorkflowImpl.java:273)
	at org.ncbo.stanford.obr.service.workflow.impl.ResourceIndexWorkflowImpl.resourceProcessing(ResourceIndexWorkflowImpl.java:219)
	at org.ncbo.stanford.obr.service.workflow.impl.ResourceIndexWorkflowImpl.startResourceIndexWorkflow(ResourceIndexWorkflowImpl.java:127)
	at org.ncbo.stanford.obr.populate.main.PopulateResourceIndex.main(PopulateResourceIndex.java:46)
Caused by: java.io.IOException: CreateProcess error=2, The system cannot find the file specified
	at java.lang.ProcessImpl.create(Native Method)
	at java.lang.ProcessImpl.<init>(ProcessImpl.java:81)
	at java.lang.ProcessImpl.start(ProcessImpl.java:30)
	at java.lang.ProcessBuilder.start(ProcessBuilder.java:452)
	... 10 more
2015-03-17 11:24:55,531 - 		Mgrep executed in: 00 hours, 00 minutes, 00 seconds. 
2015-03-17 11:24:55,531 - Processing of the result file... 
