2014-09-05 10:35:48,910 - ***************************************************** 
2014-09-05 10:35:48,910 - ResourceAccessTool creation... 
2014-09-05 10:35:49,012 - No needs to alter table obr_ccdb_element 
2014-09-05 10:35:49,098 - ResourceAccessTool CCDB created to access Cell Centered Database (via NIF) (CCDB).
 
2014-09-05 10:35:49,486 - **** Resource CCDB processing 
2014-09-05 10:35:49,486 - Workflow Parameters[withCompleteDictionary= true, updateResource= true, reInitializeAllTables= false, reInitializeAllTablesExceptElement= false ] 
2014-09-05 10:35:49,517 - Resource entry updated. 
2014-09-05 10:35:49,538 - *** Resource Cell Centered Database (via NIF) update processing 
2014-09-05 10:35:49,538 - * Get All Elements for CCDB ...  
2014-09-05 11:39:49,433 - ***************************************************** 
2014-09-05 11:39:49,442 - ResourceAccessTool creation... 
2014-09-05 11:39:49,518 - No needs to alter table obr_ccdb_element 
2014-09-05 11:39:49,616 - ResourceAccessTool CCDB created to access Cell Centered Database (via NIF) (CCDB).
 
2014-09-05 11:39:49,811 - **** Resource CCDB processing 
2014-09-05 11:39:49,811 - Workflow Parameters[withCompleteDictionary= true, updateResource= true, reInitializeAllTables= false, reInitializeAllTablesExceptElement= false ] 
2014-09-05 11:39:49,826 - Resource entry updated. 
2014-09-05 11:39:49,826 - *** Resource Cell Centered Database (via NIF) update processing 
2014-09-05 11:39:49,826 - * Get All Elements for CCDB ...  
2014-09-05 11:39:58,257 - ** PROBLEM ** Problem in getting rows. 
java.lang.NullPointerException
	at org.ncbo.stanford.obr.resource.nif.ccdb.CcDBAccessTool.getAllElements(CcDBAccessTool.java:169)
	at org.ncbo.stanford.obr.resource.nif.ccdb.CcDBAccessTool.updateResourceContent(CcDBAccessTool.java:122)
	at org.ncbo.stanford.obr.service.workflow.impl.ResourceIndexWorkflowImpl.resourceProcessing(ResourceIndexWorkflowImpl.java:195)
	at org.ncbo.stanford.obr.service.workflow.impl.ResourceIndexWorkflowImpl.startResourceIndexWorkflow(ResourceIndexWorkflowImpl.java:127)
	at org.ncbo.stanford.obr.populate.main.PopulateResourceIndex.main(PopulateResourceIndex.java:46)
2014-09-05 11:39:58,258 - 0 rows found. 
2014-09-05 11:39:58,258 - Number of new elements to dump: 0 
2014-09-05 11:39:58,258 - 0 elements added to the OBR_CCDB_ET table. 
2014-09-05 11:39:58,270 - ### Resource Cell Centered Database (via NIF) updated with 0 elements in : 00 hours, 00 minutes, 08 seconds.
 
2014-09-05 11:39:58,312 - Query :::: SELECT count(id) FROM obr_ccdb_element WHERE dictionary_id IS NULL OR dictionary_id<20;438 
2014-09-05 11:39:58,312 - Key obr.statistics.populate was not found in resource bundle 'config' for locale 'en_US' 
2014-09-05 11:39:58,313 - Query :::: SELECT count(id) FROM obr_ccdb_element WHERE dictionary_id IS NULL OR dictionary_id<20;438 
2014-09-05 11:39:58,313 - *** Executing  Direct Annotation process...  
2014-09-05 11:39:58,314 - Query :::: SELECT count(id) FROM obr_ccdb_element WHERE dictionary_id IS NULL OR dictionary_id<20;438 
2014-09-05 11:39:58,314 - 	** Concept recognition with Mgrep: 
2014-09-05 11:39:58,316 - 		Re-creation of the dictionaryFile... 
2014-09-05 11:39:58,318 - Exporting the resource content to a file to be annotated with Mgrep... 
2014-09-05 11:39:58,347 - 		ResourceFile created in: 00 hours, 00 minutes, 00 seconds.
 
2014-09-05 11:39:58,348 - Call to Mgrep... 
2014-09-05 11:39:58,348 - Local Mgrep execution... 
2014-09-05 11:39:58,348 - command: files/mgrep/mgrep3.0/mgrep -w -i -f files/dictionaries/branch1.0/localhost/OBS_DICO_c035_CMP_MGREP.txt < files/mgrep/mgrepInputs/OBR_RESOURCE_CCDB_V20_MGREP.txt > files/mgrep/mgrepOutputs/OBR_RESOURCE_CCDB_V20_MGREP.txt.mgrep 
2014-09-05 11:39:58,365 - ** PROBLEM ** Cannot create MgrepFile. 
java.io.IOException: Cannot run program "/bin/sh": CreateProcess error=2, The system cannot find the file specified
	at java.lang.ProcessBuilder.start(ProcessBuilder.java:459)
	at java.lang.Runtime.exec(Runtime.java:593)
	at java.lang.Runtime.exec(Runtime.java:466)
	at org.ncbo.stanford.obr.util.mgrep.ConceptRecognitionTools.mgrepLocal(ConceptRecognitionTools.java:64)
	at org.ncbo.stanford.obr.service.annotation.impl.AnnotationServiceImpl.mgrepCall(AnnotationServiceImpl.java:153)
	at org.ncbo.stanford.obr.service.annotation.impl.AnnotationServiceImpl.conceptRecognitionWithMgrep(AnnotationServiceImpl.java:124)
	at org.ncbo.stanford.obr.service.annotation.impl.AnnotationServiceImpl.resourceAnnotation(AnnotationServiceImpl.java:51)
	at org.ncbo.stanford.obr.service.workflow.impl.ResourceIndexWorkflowImpl.executeWorkflow(ResourceIndexWorkflowImpl.java:273)
	at org.ncbo.stanford.obr.service.workflow.impl.ResourceIndexWorkflowImpl.resourceProcessing(ResourceIndexWorkflowImpl.java:219)
	at org.ncbo.stanford.obr.service.workflow.impl.ResourceIndexWorkflowImpl.startResourceIndexWorkflow(ResourceIndexWorkflowImpl.java:127)
	at org.ncbo.stanford.obr.populate.main.PopulateResourceIndex.main(PopulateResourceIndex.java:46)
Caused by: java.io.IOException: CreateProcess error=2, The system cannot find the file specified
	at java.lang.ProcessImpl.create(Native Method)
	at java.lang.ProcessImpl.<init>(ProcessImpl.java:81)
	at java.lang.ProcessImpl.start(ProcessImpl.java:30)
	at java.lang.ProcessBuilder.start(ProcessBuilder.java:452)
	... 10 more
2014-09-05 11:39:58,365 - 		Mgrep executed in: 00 hours, 00 minutes, 00 seconds. 
2014-09-05 11:39:58,365 - Processing of the result file... 
2014-09-05 12:10:27,115 - ***************************************************** 
2014-09-05 12:10:27,115 - ResourceAccessTool creation... 
2014-09-05 12:10:27,147 - No needs to alter table obr_ccdb_element 
2014-09-05 12:10:27,174 - ResourceAccessTool CCDB created to access Cell Centered Database (via NIF) (CCDB).
 
2014-09-05 12:10:27,348 - **** Resource CCDB processing 
2014-09-05 12:10:27,348 - Workflow Parameters[withCompleteDictionary= true, updateResource= true, reInitializeAllTables= false, reInitializeAllTablesExceptElement= false ] 
2014-09-05 12:10:27,363 - Resource entry updated. 
2014-09-05 12:10:27,363 - *** Resource Cell Centered Database (via NIF) update processing 
2014-09-05 12:10:27,363 - * Get All Elements for CCDB ...  
2014-09-05 12:11:07,253 - 32 rows found. 
2014-09-05 12:11:07,254 - Number of new elements to dump: 32 
2014-09-05 12:11:07,268 - 32 elements added to the OBR_CCDB_ET table. 
2014-09-05 12:11:07,269 - ### Resource Cell Centered Database (via NIF) updated with 32 elements in : 00 hours, 00 minutes, 39 seconds.
 
2014-09-05 12:11:07,295 - Query :::: SELECT count(id) FROM obr_ccdb_element WHERE dictionary_id IS NULL OR dictionary_id<20;470 
2014-09-05 12:11:07,295 - Key obr.statistics.populate was not found in resource bundle 'config' for locale 'en_US' 
2014-09-05 12:11:07,296 - Query :::: SELECT count(id) FROM obr_ccdb_element WHERE dictionary_id IS NULL OR dictionary_id<20;470 
2014-09-05 12:11:07,296 - *** Executing  Direct Annotation process...  
2014-09-05 12:11:07,296 - Query :::: SELECT count(id) FROM obr_ccdb_element WHERE dictionary_id IS NULL OR dictionary_id<20;470 
2014-09-05 12:11:07,296 - 	** Concept recognition with Mgrep: 
2014-09-05 12:11:07,297 - Exporting the resource content to a file to be annotated with Mgrep... 
2014-09-05 12:11:07,314 - 		ResourceFile created in: 00 hours, 00 minutes, 00 seconds.
 
2014-09-05 12:11:07,314 - Call to Mgrep... 
2014-09-05 12:11:07,314 - Local Mgrep execution... 
2014-09-05 12:11:07,314 - command: files/mgrep/mgrep3.0/mgrep -w -i -f files/dictionaries/branch1.0/localhost/OBS_DICO_c035_CMP_MGREP.txt < files/mgrep/mgrepInputs/OBR_RESOURCE_CCDB_V20_MGREP.txt > files/mgrep/mgrepOutputs/OBR_RESOURCE_CCDB_V20_MGREP.txt.mgrep 
2014-09-05 12:11:07,317 - ** PROBLEM ** Cannot create MgrepFile. 
java.io.IOException: Cannot run program "/bin/sh": CreateProcess error=2, The system cannot find the file specified
	at java.lang.ProcessBuilder.start(ProcessBuilder.java:459)
	at java.lang.Runtime.exec(Runtime.java:593)
	at java.lang.Runtime.exec(Runtime.java:466)
	at org.ncbo.stanford.obr.util.mgrep.ConceptRecognitionTools.mgrepLocal(ConceptRecognitionTools.java:64)
	at org.ncbo.stanford.obr.service.annotation.impl.AnnotationServiceImpl.mgrepCall(AnnotationServiceImpl.java:153)
	at org.ncbo.stanford.obr.service.annotation.impl.AnnotationServiceImpl.conceptRecognitionWithMgrep(AnnotationServiceImpl.java:124)
	at org.ncbo.stanford.obr.service.annotation.impl.AnnotationServiceImpl.resourceAnnotation(AnnotationServiceImpl.java:51)
	at org.ncbo.stanford.obr.service.workflow.impl.ResourceIndexWorkflowImpl.executeWorkflow(ResourceIndexWorkflowImpl.java:273)
	at org.ncbo.stanford.obr.service.workflow.impl.ResourceIndexWorkflowImpl.resourceProcessing(ResourceIndexWorkflowImpl.java:219)
	at org.ncbo.stanford.obr.service.workflow.impl.ResourceIndexWorkflowImpl.startResourceIndexWorkflow(ResourceIndexWorkflowImpl.java:127)
	at org.ncbo.stanford.obr.populate.main.PopulateResourceIndex.main(PopulateResourceIndex.java:46)
Caused by: java.io.IOException: CreateProcess error=2, The system cannot find the file specified
	at java.lang.ProcessImpl.create(Native Method)
	at java.lang.ProcessImpl.<init>(ProcessImpl.java:81)
	at java.lang.ProcessImpl.start(ProcessImpl.java:30)
	at java.lang.ProcessBuilder.start(ProcessBuilder.java:452)
	... 10 more
2014-09-05 12:11:07,317 - 		Mgrep executed in: 00 hours, 00 minutes, 00 seconds. 
2014-09-05 12:11:07,317 - Processing of the result file... 
2015-04-01 11:34:03,249 - ***************************************************** 
2015-04-01 11:34:03,256 - ResourceAccessTool creation... 
2015-04-01 11:34:03,708 - No needs to alter table obr_ccdb_element 
2015-04-01 11:34:03,778 - ResourceAccessTool CCDB created to access Cell Centered Database (via NIF) (CCDB).
 
2015-04-01 11:34:04,389 - **** Resource CCDB processing 
2015-04-01 11:34:04,389 - Workflow Parameters[withCompleteDictionary= true, updateResource= true, reInitializeAllTables= false, reInitializeAllTablesExceptElement= false ] 
2015-04-01 11:34:04,469 - Resource entry updated. 
2015-04-01 11:34:04,469 - *** Resource Cell Centered Database (via NIF) update processing 
2015-04-01 11:34:04,469 - * Get All Elements for CCDB ...  
2015-04-01 11:34:31,804 - 33 rows found. 
2015-04-01 11:34:31,804 - Number of new elements to dump: 33 
2015-04-01 11:34:31,902 - 33 elements added to the OBR_CCDB_ET table. 
2015-04-01 11:34:31,912 - ### Resource Cell Centered Database (via NIF) updated with 33 elements in : 00 hours, 00 minutes, 27 seconds.
 
2015-04-01 11:34:32,026 - Query :::: SELECT count(id) FROM obr_ccdb_element WHERE dictionary_id IS NULL OR dictionary_id<20;471 
2015-04-01 11:34:32,027 - Key obr.statistics.populate was not found in resource bundle 'config' for locale 'en_US' 
2015-04-01 11:34:32,027 - Query :::: SELECT count(id) FROM obr_ccdb_element WHERE dictionary_id IS NULL OR dictionary_id<20;471 
2015-04-01 11:34:32,028 - *** Executing  Direct Annotation process...  
2015-04-01 11:34:32,028 - Query :::: SELECT count(id) FROM obr_ccdb_element WHERE dictionary_id IS NULL OR dictionary_id<20;471 
2015-04-01 11:34:32,029 - 	** Concept recognition with Mgrep: 
2015-04-01 11:34:32,042 - Exporting the resource content to a file to be annotated with Mgrep... 
2015-04-01 11:34:32,096 - 		ResourceFile created in: 00 hours, 00 minutes, 00 seconds.
 
2015-04-01 11:34:32,096 - Call to Mgrep... 
2015-04-01 11:34:32,121 - Local Mgrep execution... 
2015-04-01 11:34:32,122 - command: files/mgrep/mgrep3.0/mgrep -w -i -f files/dictionaries/branch1.0/localhost/OBS_DICO_c035_CMP_MGREP.txt < files/mgrep/mgrepInputs/OBR_RESOURCE_CCDB_V20_MGREP.txt > files/mgrep/mgrepOutputs/OBR_RESOURCE_CCDB_V20_MGREP.txt.mgrep 
2015-04-01 11:34:32,184 - ** PROBLEM ** Cannot create MgrepFile. 
java.io.IOException: Cannot run program "/bin/sh": CreateProcess error=2, The system cannot find the file specified
	at java.lang.ProcessBuilder.start(ProcessBuilder.java:459)
	at java.lang.Runtime.exec(Runtime.java:593)
	at java.lang.Runtime.exec(Runtime.java:466)
	at org.ncbo.stanford.obr.util.mgrep.ConceptRecognitionTools.mgrepLocal(ConceptRecognitionTools.java:64)
	at org.ncbo.stanford.obr.service.annotation.impl.AnnotationServiceImpl.mgrepCall(AnnotationServiceImpl.java:153)
	at org.ncbo.stanford.obr.service.annotation.impl.AnnotationServiceImpl.conceptRecognitionWithMgrep(AnnotationServiceImpl.java:124)
	at org.ncbo.stanford.obr.service.annotation.impl.AnnotationServiceImpl.resourceAnnotation(AnnotationServiceImpl.java:51)
	at org.ncbo.stanford.obr.service.workflow.impl.ResourceIndexWorkflowImpl.executeWorkflow(ResourceIndexWorkflowImpl.java:273)
	at org.ncbo.stanford.obr.service.workflow.impl.ResourceIndexWorkflowImpl.resourceProcessing(ResourceIndexWorkflowImpl.java:219)
	at org.ncbo.stanford.obr.service.workflow.impl.ResourceIndexWorkflowImpl.startResourceIndexWorkflow(ResourceIndexWorkflowImpl.java:127)
	at org.ncbo.stanford.obr.populate.main.PopulateResourceIndex.main(PopulateResourceIndex.java:46)
Caused by: java.io.IOException: CreateProcess error=2, The system cannot find the file specified
	at java.lang.ProcessImpl.create(Native Method)
	at java.lang.ProcessImpl.<init>(ProcessImpl.java:81)
	at java.lang.ProcessImpl.start(ProcessImpl.java:30)
	at java.lang.ProcessBuilder.start(ProcessBuilder.java:452)
	... 10 more
2015-04-01 11:34:32,185 - 		Mgrep executed in: 00 hours, 00 minutes, 00 seconds. 
2015-04-01 11:34:32,186 - Processing of the result file... 
2015-04-16 14:31:24,872 - ***************************************************** 
2015-04-16 14:31:24,884 - ResourceAccessTool creation... 
2015-04-16 14:31:25,459 - ResourceAccessTool CCDB created to access Cell Centered Database (via NIF) (CCDB).
 
2015-04-16 14:31:25,910 - **** Resource CCDB processing 
2015-04-16 14:31:25,910 - Workflow Parameters[withCompleteDictionary= true, updateResource= true, reInitializeAllTables= false, reInitializeAllTablesExceptElement= false ] 
2015-04-16 14:31:25,963 - Resource entry updated. 
2015-04-16 14:31:25,966 - *** Resource Cell Centered Database (via NIF) update processing 
2015-04-16 14:31:25,966 - * Get All Elements for CCDB ...  
2015-04-16 14:31:53,707 - 471 rows found. 
2015-04-16 14:31:53,707 - Number of new elements to dump: 471 
2015-04-16 14:31:53,780 - 471 elements added to the OBR_CCDB_ET table. 
2015-04-16 14:31:53,780 - ### Resource Cell Centered Database (via NIF) updated with 471 elements in : 00 hours, 00 minutes, 27 seconds.
 
2015-04-16 14:31:53,854 - Query :::: SELECT count(id) FROM obr_ccdb_element WHERE dictionary_id IS NULL OR dictionary_id<20;471 
2015-04-16 14:31:53,854 - Key obr.statistics.populate was not found in resource bundle 'config' for locale 'en_US' 
2015-04-16 14:31:53,855 - Query :::: SELECT count(id) FROM obr_ccdb_element WHERE dictionary_id IS NULL OR dictionary_id<20;471 
2015-04-16 14:31:53,855 - *** Executing  Direct Annotation process...  
2015-04-16 14:31:53,856 - Query :::: SELECT count(id) FROM obr_ccdb_element WHERE dictionary_id IS NULL OR dictionary_id<20;471 
2015-04-16 14:31:53,856 - 	** Concept recognition with Mgrep: 
2015-04-16 14:31:53,858 - Exporting the resource content to a file to be annotated with Mgrep... 
2015-04-16 14:31:53,884 - 		ResourceFile created in: 00 hours, 00 minutes, 00 seconds.
 
2015-04-16 14:31:53,884 - Call to Mgrep... 
2015-04-16 14:31:53,891 - Local Mgrep execution... 
2015-04-16 14:31:53,891 - command: files/mgrep/mgrep3.0/mgrep -w -i -f files/dictionaries/branch1.0/localhost/OBS_DICO_c035_CMP_MGREP.txt < files/mgrep/mgrepInputs/OBR_RESOURCE_CCDB_V20_MGREP.txt > files/mgrep/mgrepOutputs/OBR_RESOURCE_CCDB_V20_MGREP.txt.mgrep 
2015-04-16 14:31:53,930 - ** PROBLEM ** Cannot create MgrepFile. 
java.io.IOException: Cannot run program "/bin/sh": CreateProcess error=2, The system cannot find the file specified
	at java.lang.ProcessBuilder.start(ProcessBuilder.java:459)
	at java.lang.Runtime.exec(Runtime.java:593)
	at java.lang.Runtime.exec(Runtime.java:466)
	at org.ncbo.stanford.obr.util.mgrep.ConceptRecognitionTools.mgrepLocal(ConceptRecognitionTools.java:64)
	at org.ncbo.stanford.obr.service.annotation.impl.AnnotationServiceImpl.mgrepCall(AnnotationServiceImpl.java:153)
	at org.ncbo.stanford.obr.service.annotation.impl.AnnotationServiceImpl.conceptRecognitionWithMgrep(AnnotationServiceImpl.java:124)
	at org.ncbo.stanford.obr.service.annotation.impl.AnnotationServiceImpl.resourceAnnotation(AnnotationServiceImpl.java:51)
	at org.ncbo.stanford.obr.service.workflow.impl.ResourceIndexWorkflowImpl.executeWorkflow(ResourceIndexWorkflowImpl.java:273)
	at org.ncbo.stanford.obr.service.workflow.impl.ResourceIndexWorkflowImpl.resourceProcessing(ResourceIndexWorkflowImpl.java:219)
	at org.ncbo.stanford.obr.service.workflow.impl.ResourceIndexWorkflowImpl.startResourceIndexWorkflow(ResourceIndexWorkflowImpl.java:127)
	at org.ncbo.stanford.obr.populate.main.PopulateResourceIndex.main(PopulateResourceIndex.java:46)
Caused by: java.io.IOException: CreateProcess error=2, The system cannot find the file specified
	at java.lang.ProcessImpl.create(Native Method)
	at java.lang.ProcessImpl.<init>(ProcessImpl.java:81)
	at java.lang.ProcessImpl.start(ProcessImpl.java:30)
	at java.lang.ProcessBuilder.start(ProcessBuilder.java:452)
	... 10 more
2015-04-16 14:31:53,931 - 		Mgrep executed in: 00 hours, 00 minutes, 00 seconds. 
2015-04-16 14:31:53,932 - Processing of the result file... 
2015-04-16 14:33:34,018 - ***************************************************** 
2015-04-16 14:33:34,018 - ResourceAccessTool creation... 
2015-04-16 14:33:34,322 - ResourceAccessTool CCDB created to access Cell Centered Database (via NIF) (CCDB).
 
2015-04-16 14:33:34,510 - **** Resource CCDB processing 
2015-04-16 14:33:34,510 - Workflow Parameters[withCompleteDictionary= true, updateResource= true, reInitializeAllTables= false, reInitializeAllTablesExceptElement= false ] 
2015-04-16 14:33:34,524 - Resource entry updated. 
2015-04-16 14:33:34,526 - *** Resource Cell Centered Database (via NIF) update processing 
2015-04-16 14:33:34,526 - * Get All Elements for CCDB ...  
2015-04-16 14:34:00,872 - 471 rows found. 
2015-04-16 14:34:00,872 - Number of new elements to dump: 471 
2015-04-16 14:34:00,939 - 471 elements added to the OBR_CCDB_ET table. 
2015-04-16 14:34:00,940 - ### Resource Cell Centered Database (via NIF) updated with 471 elements in : 00 hours, 00 minutes, 26 seconds.
 
2015-04-16 14:34:00,951 - Query :::: SELECT count(id) FROM obr_ccdb_element WHERE dictionary_id IS NULL OR dictionary_id<20;471 
2015-04-16 14:34:00,951 - Key obr.statistics.populate was not found in resource bundle 'config' for locale 'en_US' 
2015-04-16 14:34:00,952 - Query :::: SELECT count(id) FROM obr_ccdb_element WHERE dictionary_id IS NULL OR dictionary_id<20;471 
2015-04-16 14:34:00,952 - *** Executing  Direct Annotation process...  
2015-04-16 14:34:00,952 - Query :::: SELECT count(id) FROM obr_ccdb_element WHERE dictionary_id IS NULL OR dictionary_id<20;471 
2015-04-16 14:34:00,952 - 	** Concept recognition with Mgrep: 
2015-04-16 14:34:00,953 - Exporting the resource content to a file to be annotated with Mgrep... 
2015-04-16 14:34:00,971 - 		ResourceFile created in: 00 hours, 00 minutes, 00 seconds.
 
2015-04-16 14:34:00,971 - Call to Mgrep... 
2015-04-16 14:34:00,972 - Local Mgrep execution... 
2015-04-16 14:34:00,972 - command: files/mgrep/mgrep3.0/mgrep -w -i -f files/dictionaries/branch1.0/localhost/OBS_DICO_c035_CMP_MGREP.txt < files/mgrep/mgrepInputs/OBR_RESOURCE_CCDB_V20_MGREP.txt > files/mgrep/mgrepOutputs/OBR_RESOURCE_CCDB_V20_MGREP.txt.mgrep 
2015-04-16 14:34:00,974 - ** PROBLEM ** Cannot create MgrepFile. 
java.io.IOException: Cannot run program "/bin/sh": CreateProcess error=2, The system cannot find the file specified
	at java.lang.ProcessBuilder.start(ProcessBuilder.java:459)
	at java.lang.Runtime.exec(Runtime.java:593)
	at java.lang.Runtime.exec(Runtime.java:466)
	at org.ncbo.stanford.obr.util.mgrep.ConceptRecognitionTools.mgrepLocal(ConceptRecognitionTools.java:64)
	at org.ncbo.stanford.obr.service.annotation.impl.AnnotationServiceImpl.mgrepCall(AnnotationServiceImpl.java:153)
	at org.ncbo.stanford.obr.service.annotation.impl.AnnotationServiceImpl.conceptRecognitionWithMgrep(AnnotationServiceImpl.java:124)
	at org.ncbo.stanford.obr.service.annotation.impl.AnnotationServiceImpl.resourceAnnotation(AnnotationServiceImpl.java:51)
	at org.ncbo.stanford.obr.service.workflow.impl.ResourceIndexWorkflowImpl.executeWorkflow(ResourceIndexWorkflowImpl.java:273)
	at org.ncbo.stanford.obr.service.workflow.impl.ResourceIndexWorkflowImpl.resourceProcessing(ResourceIndexWorkflowImpl.java:219)
	at org.ncbo.stanford.obr.service.workflow.impl.ResourceIndexWorkflowImpl.startResourceIndexWorkflow(ResourceIndexWorkflowImpl.java:127)
	at org.ncbo.stanford.obr.populate.main.PopulateResourceIndex.main(PopulateResourceIndex.java:46)
Caused by: java.io.IOException: CreateProcess error=2, The system cannot find the file specified
	at java.lang.ProcessImpl.create(Native Method)
	at java.lang.ProcessImpl.<init>(ProcessImpl.java:81)
	at java.lang.ProcessImpl.start(ProcessImpl.java:30)
	at java.lang.ProcessBuilder.start(ProcessBuilder.java:452)
	... 10 more
2015-04-16 14:34:00,975 - 		Mgrep executed in: 00 hours, 00 minutes, 00 seconds. 
2015-04-16 14:34:00,975 - Processing of the result file... 
2015-04-16 14:36:37,822 - ***************************************************** 
2015-04-16 14:36:37,822 - ResourceAccessTool creation... 
2015-04-16 14:36:38,075 - ResourceAccessTool CCDB created to access Cell Centered Database (via NIF) (CCDB).
 
2015-04-16 14:36:38,266 - **** Resource CCDB processing 
2015-04-16 14:36:38,266 - Workflow Parameters[withCompleteDictionary= true, updateResource= true, reInitializeAllTables= false, reInitializeAllTablesExceptElement= false ] 
2015-04-16 14:36:38,314 - Resource entry updated. 
2015-04-16 14:36:38,315 - *** Resource Cell Centered Database (via NIF) update processing 
2015-04-16 14:36:38,315 - * Get All Elements for CCDB ...  
2015-04-16 14:37:05,904 - 471 rows found. 
2015-04-16 14:37:05,904 - Number of new elements to dump: 471 
2015-04-16 14:37:05,974 - 471 elements added to the OBR_CCDB_ET table. 
2015-04-16 14:37:05,974 - ### Resource Cell Centered Database (via NIF) updated with 471 elements in : 00 hours, 00 minutes, 27 seconds.
 
2015-04-16 14:37:06,006 - Query :::: SELECT count(id) FROM obr_ccdb_element WHERE dictionary_id IS NULL OR dictionary_id<20;471 
2015-04-16 14:37:06,006 - Key obr.statistics.populate was not found in resource bundle 'config' for locale 'en_US' 
2015-04-16 14:37:06,007 - Query :::: SELECT count(id) FROM obr_ccdb_element WHERE dictionary_id IS NULL OR dictionary_id<20;471 
2015-04-16 14:37:06,007 - *** Executing  Direct Annotation process...  
2015-04-16 14:37:06,007 - Query :::: SELECT count(id) FROM obr_ccdb_element WHERE dictionary_id IS NULL OR dictionary_id<20;471 
2015-04-16 14:37:06,007 - 	** Concept recognition with Mgrep: 
2015-04-16 14:37:06,008 - Exporting the resource content to a file to be annotated with Mgrep... 
2015-04-16 14:37:06,026 - 		ResourceFile created in: 00 hours, 00 minutes, 00 seconds.
 
2015-04-16 14:37:06,026 - Call to Mgrep... 
2015-04-16 14:37:06,027 - Local Mgrep execution... 
2015-04-16 14:37:06,027 - command: files/mgrep/mgrep3.0/mgrep -w -i -f files/dictionaries/branch1.0/localhost/OBS_DICO_c035_CMP_MGREP.txt < files/mgrep/mgrepInputs/OBR_RESOURCE_CCDB_V20_MGREP.txt > files/mgrep/mgrepOutputs/OBR_RESOURCE_CCDB_V20_MGREP.txt.mgrep 
2015-04-16 14:37:06,029 - ** PROBLEM ** Cannot create MgrepFile. 
java.io.IOException: Cannot run program "/bin/sh": CreateProcess error=2, The system cannot find the file specified
	at java.lang.ProcessBuilder.start(ProcessBuilder.java:459)
	at java.lang.Runtime.exec(Runtime.java:593)
	at java.lang.Runtime.exec(Runtime.java:466)
	at org.ncbo.stanford.obr.util.mgrep.ConceptRecognitionTools.mgrepLocal(ConceptRecognitionTools.java:64)
	at org.ncbo.stanford.obr.service.annotation.impl.AnnotationServiceImpl.mgrepCall(AnnotationServiceImpl.java:153)
	at org.ncbo.stanford.obr.service.annotation.impl.AnnotationServiceImpl.conceptRecognitionWithMgrep(AnnotationServiceImpl.java:124)
	at org.ncbo.stanford.obr.service.annotation.impl.AnnotationServiceImpl.resourceAnnotation(AnnotationServiceImpl.java:51)
	at org.ncbo.stanford.obr.service.workflow.impl.ResourceIndexWorkflowImpl.executeWorkflow(ResourceIndexWorkflowImpl.java:273)
	at org.ncbo.stanford.obr.service.workflow.impl.ResourceIndexWorkflowImpl.resourceProcessing(ResourceIndexWorkflowImpl.java:219)
	at org.ncbo.stanford.obr.service.workflow.impl.ResourceIndexWorkflowImpl.startResourceIndexWorkflow(ResourceIndexWorkflowImpl.java:127)
	at org.ncbo.stanford.obr.populate.main.PopulateResourceIndex.main(PopulateResourceIndex.java:46)
Caused by: java.io.IOException: CreateProcess error=2, The system cannot find the file specified
	at java.lang.ProcessImpl.create(Native Method)
	at java.lang.ProcessImpl.<init>(ProcessImpl.java:81)
	at java.lang.ProcessImpl.start(ProcessImpl.java:30)
	at java.lang.ProcessBuilder.start(ProcessBuilder.java:452)
	... 10 more
2015-04-16 14:37:06,030 - 		Mgrep executed in: 00 hours, 00 minutes, 00 seconds. 
2015-04-16 14:37:06,030 - Processing of the result file... 
