2015-03-31 11:26:28,109 - ***************************************************** 
2015-03-31 11:26:28,109 - ResourceAccessTool creation... 
2015-03-31 11:26:28,387 - No needs to alter table obr_cil_element 
2015-03-31 11:26:28,435 - ResourceAccessTool CIL created to access CellImageLibrary (via NIF) (CIL).
 
2015-03-31 11:26:28,865 - **** Resource CIL processing 
2015-03-31 11:26:28,866 - Workflow Parameters[withCompleteDictionary= true, updateResource= true, reInitializeAllTables= false, reInitializeAllTablesExceptElement= false ] 
2015-03-31 11:26:28,928 - Resource entry updated. 
2015-03-31 11:26:28,929 - *** Resource CellImageLibrary (via NIF) update processing 
2015-03-31 11:26:28,929 - * Get All Elements for NIF Cell Image Library ...  
2015-03-31 11:26:35,512 - ** PROBLEM ** Problem in getting rows. 
java.lang.NullPointerException
	at org.ncbo.stanford.obr.resource.nif.cil.CILAccessTool.getAllElements(CILAccessTool.java:166)
	at org.ncbo.stanford.obr.resource.nif.cil.CILAccessTool.updateResourceContent(CILAccessTool.java:120)
	at org.ncbo.stanford.obr.service.workflow.impl.ResourceIndexWorkflowImpl.resourceProcessing(ResourceIndexWorkflowImpl.java:195)
	at org.ncbo.stanford.obr.service.workflow.impl.ResourceIndexWorkflowImpl.startResourceIndexWorkflow(ResourceIndexWorkflowImpl.java:127)
	at org.ncbo.stanford.obr.populate.main.PopulateResourceIndex.main(PopulateResourceIndex.java:46)
2015-03-31 11:26:35,513 - 0 rows found. 
2015-03-31 11:26:35,513 - Number of new elements to dump: 0 
2015-03-31 11:26:35,513 - 0 elements added to the OBR_CIL_ET table. 
2015-03-31 11:26:35,514 - ### Resource CellImageLibrary (via NIF) updated with 0 elements in : 00 hours, 00 minutes, 06 seconds.
 
2015-03-31 11:26:35,607 - Query :::: SELECT count(id) FROM obr_cil_element WHERE dictionary_id IS NULL OR dictionary_id<20;100 
2015-03-31 11:26:35,607 - Key obr.statistics.populate was not found in resource bundle 'config' for locale 'en_US' 
2015-03-31 11:26:35,608 - Query :::: SELECT count(id) FROM obr_cil_element WHERE dictionary_id IS NULL OR dictionary_id<20;100 
2015-03-31 11:26:35,608 - *** Executing  Direct Annotation process...  
2015-03-31 11:26:35,609 - Query :::: SELECT count(id) FROM obr_cil_element WHERE dictionary_id IS NULL OR dictionary_id<20;100 
2015-03-31 11:26:35,609 - 	** Concept recognition with Mgrep: 
2015-03-31 11:26:35,609 - Exporting the resource content to a file to be annotated with Mgrep... 
2015-03-31 11:26:35,643 - 		ResourceFile created in: 00 hours, 00 minutes, 00 seconds.
 
2015-03-31 11:26:35,643 - Call to Mgrep... 
2015-03-31 11:26:35,663 - Local Mgrep execution... 
2015-03-31 11:26:35,663 - command: files/mgrep/mgrep3.0/mgrep -w -i -f files/dictionaries/branch1.0/localhost/OBS_DICO_c035_CMP_MGREP.txt < files/mgrep/mgrepInputs/OBR_RESOURCE_CIL_V20_MGREP.txt > files/mgrep/mgrepOutputs/OBR_RESOURCE_CIL_V20_MGREP.txt.mgrep 
2015-03-31 11:26:35,680 - ** PROBLEM ** Cannot create MgrepFile. 
java.io.IOException: Cannot run program "/bin/sh": CreateProcess error=2, The system cannot find the file specified
	at java.lang.ProcessBuilder.start(ProcessBuilder.java:459)
	at java.lang.Runtime.exec(Runtime.java:593)
	at java.lang.Runtime.exec(Runtime.java:466)
	at org.ncbo.stanford.obr.util.mgrep.ConceptRecognitionTools.mgrepLocal(ConceptRecognitionTools.java:64)
	at org.ncbo.stanford.obr.service.annotation.impl.AnnotationServiceImpl.mgrepCall(AnnotationServiceImpl.java:153)
	at org.ncbo.stanford.obr.service.annotation.impl.AnnotationServiceImpl.conceptRecognitionWithMgrep(AnnotationServiceImpl.java:124)
	at org.ncbo.stanford.obr.service.annotation.impl.AnnotationServiceImpl.resourceAnnotation(AnnotationServiceImpl.java:51)
	at org.ncbo.stanford.obr.service.workflow.impl.ResourceIndexWorkflowImpl.executeWorkflow(ResourceIndexWorkflowImpl.java:273)
	at org.ncbo.stanford.obr.service.workflow.impl.ResourceIndexWorkflowImpl.resourceProcessing(ResourceIndexWorkflowImpl.java:219)
	at org.ncbo.stanford.obr.service.workflow.impl.ResourceIndexWorkflowImpl.startResourceIndexWorkflow(ResourceIndexWorkflowImpl.java:127)
	at org.ncbo.stanford.obr.populate.main.PopulateResourceIndex.main(PopulateResourceIndex.java:46)
Caused by: java.io.IOException: CreateProcess error=2, The system cannot find the file specified
	at java.lang.ProcessImpl.create(Native Method)
	at java.lang.ProcessImpl.<init>(ProcessImpl.java:81)
	at java.lang.ProcessImpl.start(ProcessImpl.java:30)
	at java.lang.ProcessBuilder.start(ProcessBuilder.java:452)
	... 10 more
2015-03-31 11:26:35,680 - 		Mgrep executed in: 00 hours, 00 minutes, 00 seconds. 
2015-03-31 11:26:35,681 - Processing of the result file... 
2015-03-31 12:02:32,729 - ***************************************************** 
2015-03-31 12:02:32,746 - ResourceAccessTool creation... 
2015-03-31 12:02:32,818 - No needs to alter table obr_cil_element 
2015-03-31 12:02:32,839 - ResourceAccessTool CIL created to access CellImageLibrary (via NIF) (CIL).
 
2015-03-31 12:02:33,188 - **** Resource CIL processing 
2015-03-31 12:02:33,188 - Workflow Parameters[withCompleteDictionary= true, updateResource= true, reInitializeAllTables= false, reInitializeAllTablesExceptElement= false ] 
2015-03-31 12:02:33,224 - Resource entry updated. 
2015-03-31 12:02:33,224 - *** Resource CellImageLibrary (via NIF) update processing 
2015-03-31 12:02:33,224 - * Get All Elements for NIF Cell Image Library ...  
2015-03-31 12:02:39,498 - ** PROBLEM ** Problem in getting rows. 
java.lang.NullPointerException
	at org.ncbo.stanford.obr.resource.nif.cil.CILAccessTool.getAllElements(CILAccessTool.java:166)
	at org.ncbo.stanford.obr.resource.nif.cil.CILAccessTool.updateResourceContent(CILAccessTool.java:120)
	at org.ncbo.stanford.obr.service.workflow.impl.ResourceIndexWorkflowImpl.resourceProcessing(ResourceIndexWorkflowImpl.java:195)
	at org.ncbo.stanford.obr.service.workflow.impl.ResourceIndexWorkflowImpl.startResourceIndexWorkflow(ResourceIndexWorkflowImpl.java:127)
	at org.ncbo.stanford.obr.populate.main.PopulateResourceIndex.main(PopulateResourceIndex.java:46)
2015-03-31 12:02:39,499 - 0 rows found. 
2015-03-31 12:02:39,499 - Number of new elements to dump: 0 
2015-03-31 12:02:39,499 - 0 elements added to the OBR_CIL_ET table. 
2015-03-31 12:02:39,500 - ### Resource CellImageLibrary (via NIF) updated with 0 elements in : 00 hours, 00 minutes, 06 seconds.
 
2015-03-31 12:02:39,534 - Query :::: SELECT count(id) FROM obr_cil_element WHERE dictionary_id IS NULL OR dictionary_id<20;100 
2015-03-31 12:02:39,535 - Key obr.statistics.populate was not found in resource bundle 'config' for locale 'en_US' 
2015-03-31 12:02:39,535 - Query :::: SELECT count(id) FROM obr_cil_element WHERE dictionary_id IS NULL OR dictionary_id<20;100 
2015-03-31 12:02:39,536 - *** Executing  Direct Annotation process...  
2015-03-31 12:02:39,536 - Query :::: SELECT count(id) FROM obr_cil_element WHERE dictionary_id IS NULL OR dictionary_id<20;100 
2015-03-31 12:02:39,536 - 	** Concept recognition with Mgrep: 
2015-03-31 12:02:39,536 - Exporting the resource content to a file to be annotated with Mgrep... 
2015-03-31 12:02:39,550 - 		ResourceFile created in: 00 hours, 00 minutes, 00 seconds.
 
2015-03-31 12:02:39,550 - Call to Mgrep... 
2015-03-31 12:02:39,552 - Local Mgrep execution... 
2015-03-31 12:02:39,552 - command: files/mgrep/mgrep3.0/mgrep -w -i -f files/dictionaries/branch1.0/localhost/OBS_DICO_c035_CMP_MGREP.txt < files/mgrep/mgrepInputs/OBR_RESOURCE_CIL_V20_MGREP.txt > files/mgrep/mgrepOutputs/OBR_RESOURCE_CIL_V20_MGREP.txt.mgrep 
2015-03-31 12:02:39,553 - ** PROBLEM ** Cannot create MgrepFile. 
java.io.IOException: Cannot run program "/bin/sh": CreateProcess error=2, The system cannot find the file specified
	at java.lang.ProcessBuilder.start(ProcessBuilder.java:459)
	at java.lang.Runtime.exec(Runtime.java:593)
	at java.lang.Runtime.exec(Runtime.java:466)
	at org.ncbo.stanford.obr.util.mgrep.ConceptRecognitionTools.mgrepLocal(ConceptRecognitionTools.java:64)
	at org.ncbo.stanford.obr.service.annotation.impl.AnnotationServiceImpl.mgrepCall(AnnotationServiceImpl.java:153)
	at org.ncbo.stanford.obr.service.annotation.impl.AnnotationServiceImpl.conceptRecognitionWithMgrep(AnnotationServiceImpl.java:124)
	at org.ncbo.stanford.obr.service.annotation.impl.AnnotationServiceImpl.resourceAnnotation(AnnotationServiceImpl.java:51)
	at org.ncbo.stanford.obr.service.workflow.impl.ResourceIndexWorkflowImpl.executeWorkflow(ResourceIndexWorkflowImpl.java:273)
	at org.ncbo.stanford.obr.service.workflow.impl.ResourceIndexWorkflowImpl.resourceProcessing(ResourceIndexWorkflowImpl.java:219)
	at org.ncbo.stanford.obr.service.workflow.impl.ResourceIndexWorkflowImpl.startResourceIndexWorkflow(ResourceIndexWorkflowImpl.java:127)
	at org.ncbo.stanford.obr.populate.main.PopulateResourceIndex.main(PopulateResourceIndex.java:46)
Caused by: java.io.IOException: CreateProcess error=2, The system cannot find the file specified
	at java.lang.ProcessImpl.create(Native Method)
	at java.lang.ProcessImpl.<init>(ProcessImpl.java:81)
	at java.lang.ProcessImpl.start(ProcessImpl.java:30)
	at java.lang.ProcessBuilder.start(ProcessBuilder.java:452)
	... 10 more
2015-03-31 12:02:39,554 - 		Mgrep executed in: 00 hours, 00 minutes, 00 seconds. 
2015-03-31 12:02:39,554 - Processing of the result file... 
2015-03-31 12:03:08,330 - ***************************************************** 
2015-03-31 12:03:08,330 - ResourceAccessTool creation... 
2015-03-31 12:03:08,370 - No needs to alter table obr_cil_element 
2015-03-31 12:03:08,375 - ResourceAccessTool CIL created to access CellImageLibrary (via NIF) (CIL).
 
2015-03-31 12:03:08,690 - **** Resource CIL processing 
2015-03-31 12:03:08,690 - Workflow Parameters[withCompleteDictionary= true, updateResource= true, reInitializeAllTables= false, reInitializeAllTablesExceptElement= false ] 
2015-03-31 12:03:08,708 - Resource entry updated. 
2015-03-31 12:03:08,709 - *** Resource CellImageLibrary (via NIF) update processing 
2015-03-31 12:03:08,709 - * Get All Elements for NIF Cell Image Library ...  
2015-03-31 12:12:47,028 - ***************************************************** 
2015-03-31 12:12:47,028 - ResourceAccessTool creation... 
2015-03-31 12:12:47,068 - No needs to alter table obr_cil_element 
2015-03-31 12:12:47,071 - ResourceAccessTool CIL created to access CellImageLibrary (via NIF) (CIL).
 
2015-03-31 12:12:47,400 - **** Resource CIL processing 
2015-03-31 12:12:47,400 - Workflow Parameters[withCompleteDictionary= true, updateResource= true, reInitializeAllTables= false, reInitializeAllTablesExceptElement= false ] 
2015-03-31 12:12:47,419 - Resource entry updated. 
2015-03-31 12:12:47,419 - *** Resource CellImageLibrary (via NIF) update processing 
2015-03-31 12:12:47,419 - * Get All Elements for NIF Cell Image Library ...  
