2014-12-12 10:02:21,764 - ***************************************************** 
2014-12-12 10:02:21,764 - ResourceAccessTool creation... 
2014-12-12 10:02:21,904 - No needs to alter table obr_ctdcg_element 
2014-12-12 10:02:22,076 - ResourceAccessTool CTDCG created to access CTD ChemGene (via NIF) (CTDCG).
 
2014-12-12 10:02:22,294 - **** Resource CTDCG processing 
2014-12-12 10:02:22,294 - Workflow Parameters[withCompleteDictionary= true, updateResource= true, reInitializeAllTables= false, reInitializeAllTablesExceptElement= false ] 
2014-12-12 10:02:22,341 - Resource entry updated. 
2014-12-12 10:02:22,341 - *** Resource CTD ChemGene (via NIF) update processing 
2014-12-12 10:02:22,341 - * Get All Elements for NIF CTD ChemGene ...  
2014-12-12 10:02:27,910 - ** PROBLEM ** Problem in getting rows. 
java.lang.NullPointerException
	at org.ncbo.stanford.obr.resource.nif.ctdchemgene.CTDCGAccessTool.getAllElements(CTDCGAccessTool.java:167)
	at org.ncbo.stanford.obr.resource.nif.ctdchemgene.CTDCGAccessTool.updateResourceContent(CTDCGAccessTool.java:121)
	at org.ncbo.stanford.obr.service.workflow.impl.ResourceIndexWorkflowImpl.resourceProcessing(ResourceIndexWorkflowImpl.java:195)
	at org.ncbo.stanford.obr.service.workflow.impl.ResourceIndexWorkflowImpl.startResourceIndexWorkflow(ResourceIndexWorkflowImpl.java:127)
	at org.ncbo.stanford.obr.populate.main.PopulateResourceIndex.main(PopulateResourceIndex.java:46)
2014-12-12 10:02:27,910 - 0 rows found. 
2014-12-12 10:02:27,910 - Number of new elements to dump: 0 
2014-12-12 10:02:27,910 - 0 elements added to the OBR_CTDCG_ET table. 
2014-12-12 10:02:27,911 - ### Resource CTD ChemGene (via NIF) updated with 0 elements in : 00 hours, 00 minutes, 05 seconds.
 
2014-12-12 10:02:28,067 - Query :::: SELECT count(id) FROM obr_ctdcg_element WHERE dictionary_id IS NULL OR dictionary_id<20;6185 
2014-12-12 10:02:28,067 - Key obr.statistics.populate was not found in resource bundle 'config' for locale 'en_US' 
2014-12-12 10:02:28,083 - Query :::: SELECT count(id) FROM obr_ctdcg_element WHERE dictionary_id IS NULL OR dictionary_id<20;6185 
2014-12-12 10:02:28,083 - *** Executing  Direct Annotation process...  
2014-12-12 10:02:28,083 - Query :::: SELECT count(id) FROM obr_ctdcg_element WHERE dictionary_id IS NULL OR dictionary_id<20;6185 
2014-12-12 10:02:28,083 - 	** Concept recognition with Mgrep: 
2014-12-12 10:02:28,098 - Exporting the resource content to a file to be annotated with Mgrep... 
2014-12-12 10:02:28,270 - 		ResourceFile created in: 00 hours, 00 minutes, 00 seconds.
 
2014-12-12 10:02:28,270 - Call to Mgrep... 
2014-12-12 10:02:28,285 - Local Mgrep execution... 
2014-12-12 10:02:28,285 - command: files/mgrep/mgrep3.0/mgrep -w -i -f files/dictionaries/branch1.0/localhost/OBS_DICO_c035_CMP_MGREP.txt < files/mgrep/mgrepInputs/OBR_RESOURCE_CTDCG_V20_MGREP.txt > files/mgrep/mgrepOutputs/OBR_RESOURCE_CTDCG_V20_MGREP.txt.mgrep 
2014-12-12 10:02:28,301 - ** PROBLEM ** Cannot create MgrepFile. 
java.io.IOException: Cannot run program "/bin/sh": CreateProcess error=2, The system cannot find the file specified
	at java.lang.ProcessBuilder.start(ProcessBuilder.java:459)
	at java.lang.Runtime.exec(Runtime.java:593)
	at java.lang.Runtime.exec(Runtime.java:466)
	at org.ncbo.stanford.obr.util.mgrep.ConceptRecognitionTools.mgrepLocal(ConceptRecognitionTools.java:64)
	at org.ncbo.stanford.obr.service.annotation.impl.AnnotationServiceImpl.mgrepCall(AnnotationServiceImpl.java:153)
	at org.ncbo.stanford.obr.service.annotation.impl.AnnotationServiceImpl.conceptRecognitionWithMgrep(AnnotationServiceImpl.java:124)
	at org.ncbo.stanford.obr.service.annotation.impl.AnnotationServiceImpl.resourceAnnotation(AnnotationServiceImpl.java:51)
	at org.ncbo.stanford.obr.service.workflow.impl.ResourceIndexWorkflowImpl.executeWorkflow(ResourceIndexWorkflowImpl.java:273)
	at org.ncbo.stanford.obr.service.workflow.impl.ResourceIndexWorkflowImpl.resourceProcessing(ResourceIndexWorkflowImpl.java:219)
	at org.ncbo.stanford.obr.service.workflow.impl.ResourceIndexWorkflowImpl.startResourceIndexWorkflow(ResourceIndexWorkflowImpl.java:127)
	at org.ncbo.stanford.obr.populate.main.PopulateResourceIndex.main(PopulateResourceIndex.java:46)
Caused by: java.io.IOException: CreateProcess error=2, The system cannot find the file specified
	at java.lang.ProcessImpl.create(Native Method)
	at java.lang.ProcessImpl.<init>(ProcessImpl.java:81)
	at java.lang.ProcessImpl.start(ProcessImpl.java:30)
	at java.lang.ProcessBuilder.start(ProcessBuilder.java:452)
	... 10 more
2014-12-12 10:02:28,301 - 		Mgrep executed in: 00 hours, 00 minutes, 00 seconds. 
2014-12-12 10:02:28,301 - Processing of the result file... 
2015-02-05 14:23:10,890 - ***************************************************** 
2015-02-05 14:23:10,896 - ResourceAccessTool creation... 
2015-02-05 14:23:10,932 - No needs to alter table obr_ctdcg_element 
2015-02-05 14:23:11,040 - ResourceAccessTool CTDCG created to access CTD ChemGene (via NIF) (CTDCG).
 
2015-02-05 14:23:11,238 - **** Resource CTDCG processing 
2015-02-05 14:23:11,238 - Workflow Parameters[withCompleteDictionary= true, updateResource= true, reInitializeAllTables= false, reInitializeAllTablesExceptElement= false ] 
2015-02-05 14:23:11,278 - *** Resource CTD ChemGene (via NIF) update processing 
2015-02-05 14:23:11,278 - * Get All Elements for NIF CTD ChemGene ...  
2015-02-05 14:23:19,402 - ** PROBLEM ** Problem in getting rows. 
java.lang.NullPointerException
	at org.ncbo.stanford.obr.resource.nif.ctdchemgene.CTDCGAccessTool.getAllElements(CTDCGAccessTool.java:167)
	at org.ncbo.stanford.obr.resource.nif.ctdchemgene.CTDCGAccessTool.updateResourceContent(CTDCGAccessTool.java:121)
	at org.ncbo.stanford.obr.service.workflow.impl.ResourceIndexWorkflowImpl.resourceProcessing(ResourceIndexWorkflowImpl.java:195)
	at org.ncbo.stanford.obr.service.workflow.impl.ResourceIndexWorkflowImpl.startResourceIndexWorkflow(ResourceIndexWorkflowImpl.java:127)
	at org.ncbo.stanford.obr.populate.main.PopulateResourceIndex.main(PopulateResourceIndex.java:46)
2015-02-05 14:23:19,403 - 0 rows found. 
2015-02-05 14:23:19,403 - Number of new elements to dump: 0 
2015-02-05 14:23:19,403 - 0 elements added to the OBR_CTDCG_ET table. 
2015-02-05 14:23:19,403 - ### Resource CTD ChemGene (via NIF) updated with 0 elements in : 00 hours, 00 minutes, 08 seconds.
 
2015-02-05 14:24:10,900 - ***************************************************** 
2015-02-05 14:24:10,900 - ResourceAccessTool creation... 
2015-02-05 14:24:10,935 - No needs to alter table obr_ctdcg_element 
2015-02-05 14:24:10,962 - ResourceAccessTool CTDCG created to access CTD ChemGene (via NIF) (CTDCG).
 
2015-02-05 14:24:11,151 - **** Resource CTDCG processing 
2015-02-05 14:24:11,151 - Workflow Parameters[withCompleteDictionary= true, updateResource= true, reInitializeAllTables= false, reInitializeAllTablesExceptElement= false ] 
2015-02-05 14:24:11,166 - Resource entry updated. 
2015-02-05 14:24:11,166 - *** Resource CTD ChemGene (via NIF) update processing 
2015-02-05 14:24:11,166 - * Get All Elements for NIF CTD ChemGene ...  
2015-02-05 14:24:20,997 - ** PROBLEM ** Problem in getting rows. 
java.lang.NullPointerException
	at org.ncbo.stanford.obr.resource.nif.ctdchemgene.CTDCGAccessTool.getAllElements(CTDCGAccessTool.java:167)
	at org.ncbo.stanford.obr.resource.nif.ctdchemgene.CTDCGAccessTool.updateResourceContent(CTDCGAccessTool.java:121)
	at org.ncbo.stanford.obr.service.workflow.impl.ResourceIndexWorkflowImpl.resourceProcessing(ResourceIndexWorkflowImpl.java:195)
	at org.ncbo.stanford.obr.service.workflow.impl.ResourceIndexWorkflowImpl.startResourceIndexWorkflow(ResourceIndexWorkflowImpl.java:127)
	at org.ncbo.stanford.obr.populate.main.PopulateResourceIndex.main(PopulateResourceIndex.java:46)
2015-02-05 14:24:20,998 - 0 rows found. 
2015-02-05 14:24:20,998 - Number of new elements to dump: 0 
2015-02-05 14:24:20,998 - 0 elements added to the OBR_CTDCG_ET table. 
2015-02-05 14:24:20,999 - ### Resource CTD ChemGene (via NIF) updated with 0 elements in : 00 hours, 00 minutes, 09 seconds.
 
2015-02-05 14:25:18,479 - ***************************************************** 
2015-02-05 14:25:18,479 - ResourceAccessTool creation... 
2015-02-05 14:25:18,514 - No needs to alter table obr_ctdcg_element 
2015-02-05 14:25:18,544 - ResourceAccessTool CTDCG created to access CTD ChemGene (via NIF) (CTDCG).
 
2015-02-05 14:25:18,861 - **** Resource CTDCG processing 
2015-02-05 14:25:18,862 - Workflow Parameters[withCompleteDictionary= true, updateResource= true, reInitializeAllTables= false, reInitializeAllTablesExceptElement= false ] 
2015-02-05 14:25:18,879 - Resource entry updated. 
2015-02-05 14:25:18,880 - *** Resource CTD ChemGene (via NIF) update processing 
2015-02-05 14:25:32,875 - * Get All Elements for NIF CTD ChemGene ...  
2015-02-05 14:28:00,292 - ** PROBLEM ** Problem in getting rows. 
java.lang.NullPointerException
	at org.ncbo.stanford.obr.resource.nif.ctdchemgene.CTDCGAccessTool.getAllElements(CTDCGAccessTool.java:167)
	at org.ncbo.stanford.obr.resource.nif.ctdchemgene.CTDCGAccessTool.updateResourceContent(CTDCGAccessTool.java:121)
	at org.ncbo.stanford.obr.service.workflow.impl.ResourceIndexWorkflowImpl.resourceProcessing(ResourceIndexWorkflowImpl.java:195)
	at org.ncbo.stanford.obr.service.workflow.impl.ResourceIndexWorkflowImpl.startResourceIndexWorkflow(ResourceIndexWorkflowImpl.java:127)
	at org.ncbo.stanford.obr.populate.main.PopulateResourceIndex.main(PopulateResourceIndex.java:46)
2015-02-05 14:28:03,119 - 0 rows found. 
2015-02-05 14:28:09,466 - Number of new elements to dump: 0 
2015-03-31 15:15:44,181 - ***************************************************** 
2015-03-31 15:15:44,188 - ResourceAccessTool creation... 
2015-03-31 15:15:44,369 - No needs to alter table obr_ctdcg_element 
2015-03-31 15:15:44,419 - ResourceAccessTool CTDCG created to access CTD ChemGene (via NIF) (CTDCG).
 
2015-03-31 15:15:44,970 - **** Resource CTDCG processing 
2015-03-31 15:15:44,970 - Workflow Parameters[withCompleteDictionary= true, updateResource= true, reInitializeAllTables= false, reInitializeAllTablesExceptElement= false ] 
2015-03-31 15:15:45,039 - Resource entry updated. 
2015-03-31 15:15:45,040 - *** Resource CTD ChemGene (via NIF) update processing 
2015-03-31 15:15:45,040 - * Get All Elements for NIF CTD ChemGene ...  
2015-03-31 17:02:34,396 - ***************************************************** 
2015-03-31 17:02:34,404 - ResourceAccessTool creation... 
2015-03-31 17:02:35,143 - No needs to alter table obr_ctdcg_element 
2015-03-31 17:02:35,224 - ResourceAccessTool CTDCG created to access CTD ChemGene (via NIF) (CTDCG).
 
2015-03-31 17:02:36,147 - **** Resource CTDCG processing 
2015-03-31 17:02:36,147 - Workflow Parameters[withCompleteDictionary= true, updateResource= true, reInitializeAllTables= false, reInitializeAllTablesExceptElement= false ] 
2015-03-31 17:02:36,271 - Resource entry updated. 
2015-03-31 17:02:36,271 - *** Resource CTD ChemGene (via NIF) update processing 
2015-03-31 17:02:36,272 - * Get All Elements for NIF CTD ChemGene ...  
2015-04-02 11:03:01,498 - ***************************************************** 
2015-04-02 11:03:01,508 - ResourceAccessTool creation... 
2015-04-02 11:03:01,828 - No needs to alter table obr_ctdcg_element 
2015-04-02 11:03:01,888 - ResourceAccessTool CTDCG created to access CTD ChemGene (via NIF) (CTDCG).
 
2015-04-02 11:03:02,548 - **** Resource CTDCG processing 
2015-04-02 11:03:02,548 - Workflow Parameters[withCompleteDictionary= true, updateResource= true, reInitializeAllTables= false, reInitializeAllTablesExceptElement= false ] 
2015-04-02 11:03:02,649 - Resource entry updated. 
2015-04-02 11:03:02,649 - *** Resource CTD ChemGene (via NIF) update processing 
2015-04-02 11:03:02,649 - * Get All Elements for NIF CTD ChemGene ...  
2015-04-02 11:46:21,602 - ***************************************************** 
2015-04-02 11:46:21,602 - ResourceAccessTool creation... 
2015-04-02 11:46:21,633 - No needs to alter table obr_ctdcg_element 
2015-04-02 11:46:21,633 - ResourceAccessTool CTDCG created to access CTD ChemGene (via NIF) (CTDCG).
 
2015-04-02 11:46:21,852 - **** Resource CTDCG processing 
2015-04-02 11:46:21,852 - Workflow Parameters[withCompleteDictionary= true, updateResource= true, reInitializeAllTables= false, reInitializeAllTablesExceptElement= false ] 
2015-04-02 11:46:21,867 - Resource entry updated. 
2015-04-02 11:46:21,867 - *** Resource CTD ChemGene (via NIF) update processing 
2015-04-02 11:46:21,867 - * Get All Elements for NIF CTD ChemGene ...  
