2014-11-18 16:56:43,067 - ***************************************************** 
2014-11-18 16:56:43,067 - ResourceAccessTool creation... 
2014-11-18 16:56:43,114 - No needs to alter table obr_ctdcd_element 
2014-11-18 16:56:43,126 - ResourceAccessTool CTDCD created to access CTD ChemDisease (via NIF) (CTDCD).
 
2014-11-18 16:56:43,338 - **** Resource CTDCD processing 
2014-11-18 16:56:43,338 - Workflow Parameters[withCompleteDictionary= true, updateResource= true, reInitializeAllTables= false, reInitializeAllTablesExceptElement= false ] 
2014-11-18 16:56:43,354 - Resource entry updated. 
2014-11-18 16:56:43,354 - *** Resource CTD ChemDisease (via NIF) update processing 
2014-11-18 16:56:43,354 - * Get All Elements for NIF CTD ChemDisease ...  
2014-11-18 16:56:48,382 - ** PROBLEM ** Problem in getting rows. 
java.lang.NullPointerException
	at org.ncbo.stanford.obr.resource.nif.ctdchemdisease.CTDCDAccessTool.getAllElements(CTDCDAccessTool.java:169)
	at org.ncbo.stanford.obr.resource.nif.ctdchemdisease.CTDCDAccessTool.updateResourceContent(CTDCDAccessTool.java:122)
	at org.ncbo.stanford.obr.service.workflow.impl.ResourceIndexWorkflowImpl.resourceProcessing(ResourceIndexWorkflowImpl.java:195)
	at org.ncbo.stanford.obr.service.workflow.impl.ResourceIndexWorkflowImpl.startResourceIndexWorkflow(ResourceIndexWorkflowImpl.java:127)
	at org.ncbo.stanford.obr.populate.main.PopulateResourceIndex.main(PopulateResourceIndex.java:46)
2014-11-18 16:56:48,382 - 0 rows found. 
2014-11-18 16:56:48,382 - Number of new elements to dump: 0 
2014-11-18 16:56:48,382 - 0 elements added to the OBR_CTDCD_ET table. 
2014-11-18 16:56:48,382 - ### Resource CTD ChemDisease (via NIF) updated with 0 elements in : 00 hours, 00 minutes, 05 seconds.
 
2014-11-18 16:56:48,399 - Query :::: SELECT count(id) FROM obr_ctdcd_element WHERE dictionary_id IS NULL OR dictionary_id<20;417 
2014-11-18 16:56:48,399 - Key obr.statistics.populate was not found in resource bundle 'config' for locale 'en_US' 
2014-11-18 16:56:48,414 - Query :::: SELECT count(id) FROM obr_ctdcd_element WHERE dictionary_id IS NULL OR dictionary_id<20;417 
2014-11-18 16:56:48,414 - *** Executing  Direct Annotation process...  
2014-11-18 16:56:48,414 - Query :::: SELECT count(id) FROM obr_ctdcd_element WHERE dictionary_id IS NULL OR dictionary_id<20;417 
2014-11-18 16:56:48,414 - 	** Concept recognition with Mgrep: 
2014-11-18 16:56:48,414 - Exporting the resource content to a file to be annotated with Mgrep... 
2014-11-18 16:56:48,430 - 		ResourceFile created in: 00 hours, 00 minutes, 00 seconds.
 
2014-11-18 16:56:48,430 - Call to Mgrep... 
2014-11-18 16:56:48,446 - Local Mgrep execution... 
2014-11-18 16:56:48,446 - command: files/mgrep/mgrep3.0/mgrep -w -i -f files/dictionaries/branch1.0/localhost/OBS_DICO_c035_CMP_MGREP.txt < files/mgrep/mgrepInputs/OBR_RESOURCE_CTDCD_V20_MGREP.txt > files/mgrep/mgrepOutputs/OBR_RESOURCE_CTDCD_V20_MGREP.txt.mgrep 
2014-11-18 16:56:48,446 - ** PROBLEM ** Cannot create MgrepFile. 
java.io.IOException: Cannot run program "/bin/sh": CreateProcess error=2, The system cannot find the file specified
	at java.lang.ProcessBuilder.start(ProcessBuilder.java:459)
	at java.lang.Runtime.exec(Runtime.java:593)
	at java.lang.Runtime.exec(Runtime.java:466)
	at org.ncbo.stanford.obr.util.mgrep.ConceptRecognitionTools.mgrepLocal(ConceptRecognitionTools.java:64)
	at org.ncbo.stanford.obr.service.annotation.impl.AnnotationServiceImpl.mgrepCall(AnnotationServiceImpl.java:153)
	at org.ncbo.stanford.obr.service.annotation.impl.AnnotationServiceImpl.conceptRecognitionWithMgrep(AnnotationServiceImpl.java:124)
	at org.ncbo.stanford.obr.service.annotation.impl.AnnotationServiceImpl.resourceAnnotation(AnnotationServiceImpl.java:51)
	at org.ncbo.stanford.obr.service.workflow.impl.ResourceIndexWorkflowImpl.executeWorkflow(ResourceIndexWorkflowImpl.java:273)
	at org.ncbo.stanford.obr.service.workflow.impl.ResourceIndexWorkflowImpl.resourceProcessing(ResourceIndexWorkflowImpl.java:219)
	at org.ncbo.stanford.obr.service.workflow.impl.ResourceIndexWorkflowImpl.startResourceIndexWorkflow(ResourceIndexWorkflowImpl.java:127)
	at org.ncbo.stanford.obr.populate.main.PopulateResourceIndex.main(PopulateResourceIndex.java:46)
Caused by: java.io.IOException: CreateProcess error=2, The system cannot find the file specified
	at java.lang.ProcessImpl.create(Native Method)
	at java.lang.ProcessImpl.<init>(ProcessImpl.java:81)
	at java.lang.ProcessImpl.start(ProcessImpl.java:30)
	at java.lang.ProcessBuilder.start(ProcessBuilder.java:452)
	... 10 more
2014-11-18 16:56:48,446 - 		Mgrep executed in: 00 hours, 00 minutes, 00 seconds. 
2014-11-18 16:56:48,446 - Processing of the result file... 
2014-11-28 13:39:47,536 - ***************************************************** 
2014-11-28 13:39:47,536 - ResourceAccessTool creation... 
2014-11-28 13:39:47,895 - No needs to alter table obr_ctdcd_element 
2014-11-28 13:39:48,129 - ResourceAccessTool CTDCD created to access CTD ChemDisease (via NIF) (CTDCD).
 
2014-11-28 13:39:48,520 - **** Resource CTDCD processing 
2014-11-28 13:39:48,520 - Workflow Parameters[withCompleteDictionary= true, updateResource= true, reInitializeAllTables= false, reInitializeAllTablesExceptElement= false ] 
2014-11-28 13:39:48,598 - Resource entry updated. 
2014-11-28 13:39:48,598 - *** Resource CTD ChemDisease (via NIF) update processing 
2014-11-28 13:39:48,598 - * Get All Elements for NIF CTD ChemDisease ...  
2014-11-28 13:40:01,681 - ** PROBLEM ** Problem in getting rows. 
java.lang.NullPointerException
	at org.ncbo.stanford.obr.resource.nif.ctdchemdisease.CTDCDAccessTool.getAllElements(CTDCDAccessTool.java:169)
	at org.ncbo.stanford.obr.resource.nif.ctdchemdisease.CTDCDAccessTool.updateResourceContent(CTDCDAccessTool.java:122)
	at org.ncbo.stanford.obr.service.workflow.impl.ResourceIndexWorkflowImpl.resourceProcessing(ResourceIndexWorkflowImpl.java:195)
	at org.ncbo.stanford.obr.service.workflow.impl.ResourceIndexWorkflowImpl.startResourceIndexWorkflow(ResourceIndexWorkflowImpl.java:127)
	at org.ncbo.stanford.obr.populate.main.PopulateResourceIndex.main(PopulateResourceIndex.java:46)
2014-11-28 13:40:01,696 - 0 rows found. 
2014-11-28 13:40:01,696 - Number of new elements to dump: 0 
2014-11-28 13:40:01,696 - 0 elements added to the OBR_CTDCD_ET table. 
2014-11-28 13:40:01,697 - ### Resource CTD ChemDisease (via NIF) updated with 0 elements in : 00 hours, 00 minutes, 13 seconds.
 
2014-11-28 13:40:01,728 - Query :::: SELECT count(id) FROM obr_ctdcd_element WHERE dictionary_id IS NULL OR dictionary_id<20;408 
2014-11-28 13:40:01,728 - Key obr.statistics.populate was not found in resource bundle 'config' for locale 'en_US' 
2014-11-28 13:40:01,728 - Query :::: SELECT count(id) FROM obr_ctdcd_element WHERE dictionary_id IS NULL OR dictionary_id<20;408 
2014-11-28 13:40:01,728 - *** Executing  Direct Annotation process...  
2014-11-28 13:40:01,728 - Query :::: SELECT count(id) FROM obr_ctdcd_element WHERE dictionary_id IS NULL OR dictionary_id<20;408 
2014-11-28 13:40:01,728 - 	** Concept recognition with Mgrep: 
2014-11-28 13:40:01,760 - Exporting the resource content to a file to be annotated with Mgrep... 
2014-11-28 13:40:01,791 - 		ResourceFile created in: 00 hours, 00 minutes, 00 seconds.
 
2014-11-28 13:40:01,791 - Call to Mgrep... 
2014-11-28 13:40:01,806 - Local Mgrep execution... 
2014-11-28 13:40:01,806 - command: files/mgrep/mgrep3.0/mgrep -w -i -f files/dictionaries/branch1.0/localhost/OBS_DICO_c035_CMP_MGREP.txt < files/mgrep/mgrepInputs/OBR_RESOURCE_CTDCD_V20_MGREP.txt > files/mgrep/mgrepOutputs/OBR_RESOURCE_CTDCD_V20_MGREP.txt.mgrep 
2014-11-28 13:40:01,822 - ** PROBLEM ** Cannot create MgrepFile. 
java.io.IOException: Cannot run program "/bin/sh": CreateProcess error=2, The system cannot find the file specified
	at java.lang.ProcessBuilder.start(ProcessBuilder.java:459)
	at java.lang.Runtime.exec(Runtime.java:593)
	at java.lang.Runtime.exec(Runtime.java:466)
	at org.ncbo.stanford.obr.util.mgrep.ConceptRecognitionTools.mgrepLocal(ConceptRecognitionTools.java:64)
	at org.ncbo.stanford.obr.service.annotation.impl.AnnotationServiceImpl.mgrepCall(AnnotationServiceImpl.java:153)
	at org.ncbo.stanford.obr.service.annotation.impl.AnnotationServiceImpl.conceptRecognitionWithMgrep(AnnotationServiceImpl.java:124)
	at org.ncbo.stanford.obr.service.annotation.impl.AnnotationServiceImpl.resourceAnnotation(AnnotationServiceImpl.java:51)
	at org.ncbo.stanford.obr.service.workflow.impl.ResourceIndexWorkflowImpl.executeWorkflow(ResourceIndexWorkflowImpl.java:273)
	at org.ncbo.stanford.obr.service.workflow.impl.ResourceIndexWorkflowImpl.resourceProcessing(ResourceIndexWorkflowImpl.java:219)
	at org.ncbo.stanford.obr.service.workflow.impl.ResourceIndexWorkflowImpl.startResourceIndexWorkflow(ResourceIndexWorkflowImpl.java:127)
	at org.ncbo.stanford.obr.populate.main.PopulateResourceIndex.main(PopulateResourceIndex.java:46)
Caused by: java.io.IOException: CreateProcess error=2, The system cannot find the file specified
	at java.lang.ProcessImpl.create(Native Method)
	at java.lang.ProcessImpl.<init>(ProcessImpl.java:81)
	at java.lang.ProcessImpl.start(ProcessImpl.java:30)
	at java.lang.ProcessBuilder.start(ProcessBuilder.java:452)
	... 10 more
2014-11-28 13:40:01,822 - 		Mgrep executed in: 00 hours, 00 minutes, 00 seconds. 
2014-11-28 13:40:01,822 - Processing of the result file... 
2014-11-28 13:41:39,559 - ***************************************************** 
2014-11-28 13:41:42,388 - ResourceAccessTool creation... 
2014-11-28 13:42:12,601 - No needs to alter table obr_ctdcd_element 
2014-11-28 13:43:26,763 - ResourceAccessTool CTDCD created to access CTD ChemDisease (via NIF) (CTDCD).
 
2014-11-28 13:44:24,274 - **** Resource CTDCD processing 
2014-11-28 13:44:24,274 - Workflow Parameters[withCompleteDictionary= true, updateResource= true, reInitializeAllTables= false, reInitializeAllTablesExceptElement= false ] 
2014-11-28 13:44:24,321 - Resource entry updated. 
2014-11-28 13:44:26,099 - *** Resource CTD ChemDisease (via NIF) update processing 
2014-11-28 13:44:26,411 - * Get All Elements for NIF CTD ChemDisease ...  
2014-11-28 13:44:31,297 - ** PROBLEM ** Problem in getting rows. 
java.lang.NullPointerException
	at org.ncbo.stanford.obr.resource.nif.ctdchemdisease.CTDCDAccessTool.getAllElements(CTDCDAccessTool.java:169)
	at org.ncbo.stanford.obr.resource.nif.ctdchemdisease.CTDCDAccessTool.updateResourceContent(CTDCDAccessTool.java:122)
	at org.ncbo.stanford.obr.service.workflow.impl.ResourceIndexWorkflowImpl.resourceProcessing(ResourceIndexWorkflowImpl.java:195)
	at org.ncbo.stanford.obr.service.workflow.impl.ResourceIndexWorkflowImpl.startResourceIndexWorkflow(ResourceIndexWorkflowImpl.java:127)
	at org.ncbo.stanford.obr.populate.main.PopulateResourceIndex.main(PopulateResourceIndex.java:46)
2014-11-28 13:44:31,297 - 0 rows found. 
2014-11-28 13:44:31,297 - Number of new elements to dump: 0 
2014-11-28 13:44:31,297 - 0 elements added to the OBR_CTDCD_ET table. 
2014-11-28 13:46:07,407 - ### Resource CTD ChemDisease (via NIF) updated with 0 elements in : 00 hours, 00 minutes, 47 seconds.
 
2014-11-28 13:46:14,430 - Query :::: SELECT count(id) FROM obr_ctdcd_element WHERE dictionary_id IS NULL OR dictionary_id<20;408 
2014-11-28 13:46:14,790 - Key obr.statistics.populate was not found in resource bundle 'config' for locale 'en_US' 
2014-11-28 13:46:14,790 - Query :::: SELECT count(id) FROM obr_ctdcd_element WHERE dictionary_id IS NULL OR dictionary_id<20;408 
2014-11-28 13:46:14,790 - *** Executing  Direct Annotation process...  
2014-11-28 13:46:14,790 - Query :::: SELECT count(id) FROM obr_ctdcd_element WHERE dictionary_id IS NULL OR dictionary_id<20;408 
2014-11-28 13:46:14,790 - 	** Concept recognition with Mgrep: 
2014-11-28 13:46:14,790 - Exporting the resource content to a file to be annotated with Mgrep... 
2014-11-28 13:46:15,040 - 		ResourceFile created in: 00 hours, 00 minutes, 00 seconds.
 
2014-11-28 13:46:15,040 - Call to Mgrep... 
2014-11-28 13:46:15,040 - Local Mgrep execution... 
2014-11-28 13:46:15,040 - command: files/mgrep/mgrep3.0/mgrep -w -i -f files/dictionaries/branch1.0/localhost/OBS_DICO_c035_CMP_MGREP.txt < files/mgrep/mgrepInputs/OBR_RESOURCE_CTDCD_V20_MGREP.txt > files/mgrep/mgrepOutputs/OBR_RESOURCE_CTDCD_V20_MGREP.txt.mgrep 
2014-11-28 13:46:15,040 - ** PROBLEM ** Cannot create MgrepFile. 
java.io.IOException: Cannot run program "/bin/sh": CreateProcess error=2, The system cannot find the file specified
	at java.lang.ProcessBuilder.start(ProcessBuilder.java:459)
	at java.lang.Runtime.exec(Runtime.java:593)
	at java.lang.Runtime.exec(Runtime.java:466)
	at org.ncbo.stanford.obr.util.mgrep.ConceptRecognitionTools.mgrepLocal(ConceptRecognitionTools.java:64)
	at org.ncbo.stanford.obr.service.annotation.impl.AnnotationServiceImpl.mgrepCall(AnnotationServiceImpl.java:153)
	at org.ncbo.stanford.obr.service.annotation.impl.AnnotationServiceImpl.conceptRecognitionWithMgrep(AnnotationServiceImpl.java:124)
	at org.ncbo.stanford.obr.service.annotation.impl.AnnotationServiceImpl.resourceAnnotation(AnnotationServiceImpl.java:51)
	at org.ncbo.stanford.obr.service.workflow.impl.ResourceIndexWorkflowImpl.executeWorkflow(ResourceIndexWorkflowImpl.java:273)
	at org.ncbo.stanford.obr.service.workflow.impl.ResourceIndexWorkflowImpl.resourceProcessing(ResourceIndexWorkflowImpl.java:219)
	at org.ncbo.stanford.obr.service.workflow.impl.ResourceIndexWorkflowImpl.startResourceIndexWorkflow(ResourceIndexWorkflowImpl.java:127)
	at org.ncbo.stanford.obr.populate.main.PopulateResourceIndex.main(PopulateResourceIndex.java:46)
Caused by: java.io.IOException: CreateProcess error=2, The system cannot find the file specified
	at java.lang.ProcessImpl.create(Native Method)
	at java.lang.ProcessImpl.<init>(ProcessImpl.java:81)
	at java.lang.ProcessImpl.start(ProcessImpl.java:30)
	at java.lang.ProcessBuilder.start(ProcessBuilder.java:452)
	... 10 more
2014-11-28 13:46:15,040 - 		Mgrep executed in: 00 hours, 00 minutes, 00 seconds. 
2014-11-28 13:46:15,040 - Processing of the result file... 
2014-12-03 17:14:00,046 - ***************************************************** 
2014-12-03 17:14:00,046 - ResourceAccessTool creation... 
2014-12-03 17:14:00,218 - No needs to alter table obr_ctdcd_element 
2014-12-03 17:14:00,483 - ResourceAccessTool CTDCD created to access CTD ChemDisease (via NIF) (CTDCD).
 
2014-12-03 17:14:00,842 - **** Resource CTDCD processing 
2014-12-03 17:14:00,842 - Workflow Parameters[withCompleteDictionary= true, updateResource= true, reInitializeAllTables= false, reInitializeAllTablesExceptElement= false ] 
2014-12-03 17:14:00,905 - Resource entry updated. 
2014-12-03 17:14:00,905 - *** Resource CTD ChemDisease (via NIF) update processing 
2014-12-03 17:14:00,905 - * Get All Elements for NIF CTD ChemDisease ...  
2014-12-03 17:14:06,412 - ** PROBLEM ** Problem in getting rows. 
java.lang.NullPointerException
	at org.ncbo.stanford.obr.resource.nif.ctdchemdisease.CTDCDAccessTool.getAllElements(CTDCDAccessTool.java:169)
	at org.ncbo.stanford.obr.resource.nif.ctdchemdisease.CTDCDAccessTool.updateResourceContent(CTDCDAccessTool.java:122)
	at org.ncbo.stanford.obr.service.workflow.impl.ResourceIndexWorkflowImpl.resourceProcessing(ResourceIndexWorkflowImpl.java:195)
	at org.ncbo.stanford.obr.service.workflow.impl.ResourceIndexWorkflowImpl.startResourceIndexWorkflow(ResourceIndexWorkflowImpl.java:127)
	at org.ncbo.stanford.obr.populate.main.PopulateResourceIndex.main(PopulateResourceIndex.java:46)
2014-12-03 17:14:06,412 - 0 rows found. 
2014-12-03 17:14:06,412 - Number of new elements to dump: 0 
2014-12-03 17:14:06,412 - 0 elements added to the OBR_CTDCD_ET table. 
2014-12-03 17:14:06,413 - ### Resource CTD ChemDisease (via NIF) updated with 0 elements in : 00 hours, 00 minutes, 05 seconds.
 
2014-12-03 17:14:06,522 - Query :::: SELECT count(id) FROM obr_ctdcd_element WHERE dictionary_id IS NULL OR dictionary_id<20;408 
2014-12-03 17:14:06,522 - Key obr.statistics.populate was not found in resource bundle 'config' for locale 'en_US' 
2014-12-03 17:14:06,522 - Query :::: SELECT count(id) FROM obr_ctdcd_element WHERE dictionary_id IS NULL OR dictionary_id<20;408 
2014-12-03 17:14:06,522 - *** Executing  Direct Annotation process...  
2014-12-03 17:14:06,538 - Query :::: SELECT count(id) FROM obr_ctdcd_element WHERE dictionary_id IS NULL OR dictionary_id<20;408 
2014-12-03 17:14:06,538 - 	** Concept recognition with Mgrep: 
2014-12-03 17:14:06,538 - Exporting the resource content to a file to be annotated with Mgrep... 
2014-12-03 17:14:06,584 - 		ResourceFile created in: 00 hours, 00 minutes, 00 seconds.
 
2014-12-03 17:14:06,584 - Call to Mgrep... 
2014-12-03 17:14:06,600 - Local Mgrep execution... 
2014-12-03 17:14:06,600 - command: files/mgrep/mgrep3.0/mgrep -w -i -f files/dictionaries/branch1.0/localhost/OBS_DICO_c035_CMP_MGREP.txt < files/mgrep/mgrepInputs/OBR_RESOURCE_CTDCD_V20_MGREP.txt > files/mgrep/mgrepOutputs/OBR_RESOURCE_CTDCD_V20_MGREP.txt.mgrep 
2014-12-03 17:14:06,616 - ** PROBLEM ** Cannot create MgrepFile. 
java.io.IOException: Cannot run program "/bin/sh": CreateProcess error=2, The system cannot find the file specified
	at java.lang.ProcessBuilder.start(ProcessBuilder.java:459)
	at java.lang.Runtime.exec(Runtime.java:593)
	at java.lang.Runtime.exec(Runtime.java:466)
	at org.ncbo.stanford.obr.util.mgrep.ConceptRecognitionTools.mgrepLocal(ConceptRecognitionTools.java:64)
	at org.ncbo.stanford.obr.service.annotation.impl.AnnotationServiceImpl.mgrepCall(AnnotationServiceImpl.java:153)
	at org.ncbo.stanford.obr.service.annotation.impl.AnnotationServiceImpl.conceptRecognitionWithMgrep(AnnotationServiceImpl.java:124)
	at org.ncbo.stanford.obr.service.annotation.impl.AnnotationServiceImpl.resourceAnnotation(AnnotationServiceImpl.java:51)
	at org.ncbo.stanford.obr.service.workflow.impl.ResourceIndexWorkflowImpl.executeWorkflow(ResourceIndexWorkflowImpl.java:273)
	at org.ncbo.stanford.obr.service.workflow.impl.ResourceIndexWorkflowImpl.resourceProcessing(ResourceIndexWorkflowImpl.java:219)
	at org.ncbo.stanford.obr.service.workflow.impl.ResourceIndexWorkflowImpl.startResourceIndexWorkflow(ResourceIndexWorkflowImpl.java:127)
	at org.ncbo.stanford.obr.populate.main.PopulateResourceIndex.main(PopulateResourceIndex.java:46)
Caused by: java.io.IOException: CreateProcess error=2, The system cannot find the file specified
	at java.lang.ProcessImpl.create(Native Method)
	at java.lang.ProcessImpl.<init>(ProcessImpl.java:81)
	at java.lang.ProcessImpl.start(ProcessImpl.java:30)
	at java.lang.ProcessBuilder.start(ProcessBuilder.java:452)
	... 10 more
2014-12-03 17:14:06,616 - 		Mgrep executed in: 00 hours, 00 minutes, 00 seconds. 
2014-12-03 17:14:06,616 - Processing of the result file... 
2014-12-03 17:19:48,654 - ***************************************************** 
2014-12-03 17:19:48,654 - ResourceAccessTool creation... 
2014-12-03 17:19:48,686 - No needs to alter table obr_ctdcd_element 
2014-12-03 17:19:48,718 - ResourceAccessTool CTDCD created to access CTD ChemDisease (via NIF) (CTDCD).
 
2014-12-03 17:19:48,905 - **** Resource CTDCD processing 
2014-12-03 17:19:48,905 - Workflow Parameters[withCompleteDictionary= true, updateResource= true, reInitializeAllTables= false, reInitializeAllTablesExceptElement= false ] 
2014-12-03 17:19:48,920 - Resource entry updated. 
2014-12-03 17:19:48,920 - *** Resource CTD ChemDisease (via NIF) update processing 
2014-12-03 17:19:48,920 - * Get All Elements for NIF CTD ChemDisease ...  
2014-12-03 17:19:54,739 - ** PROBLEM ** Problem in getting rows. 
java.lang.NullPointerException
	at org.ncbo.stanford.obr.resource.nif.ctdchemdisease.CTDCDAccessTool.getAllElements(CTDCDAccessTool.java:169)
	at org.ncbo.stanford.obr.resource.nif.ctdchemdisease.CTDCDAccessTool.updateResourceContent(CTDCDAccessTool.java:122)
	at org.ncbo.stanford.obr.service.workflow.impl.ResourceIndexWorkflowImpl.resourceProcessing(ResourceIndexWorkflowImpl.java:195)
	at org.ncbo.stanford.obr.service.workflow.impl.ResourceIndexWorkflowImpl.startResourceIndexWorkflow(ResourceIndexWorkflowImpl.java:127)
	at org.ncbo.stanford.obr.populate.main.PopulateResourceIndex.main(PopulateResourceIndex.java:46)
2014-12-03 17:19:54,739 - 0 rows found. 
2014-12-03 17:19:54,739 - Number of new elements to dump: 0 
2014-12-03 17:19:54,739 - 0 elements added to the OBR_CTDCD_ET table. 
2014-12-03 17:19:54,739 - ### Resource CTD ChemDisease (via NIF) updated with 0 elements in : 00 hours, 00 minutes, 05 seconds.
 
2014-12-03 17:19:54,740 - Query :::: SELECT count(id) FROM obr_ctdcd_element WHERE dictionary_id IS NULL OR dictionary_id<20;400 
2014-12-03 17:19:54,740 - Key obr.statistics.populate was not found in resource bundle 'config' for locale 'en_US' 
2014-12-03 17:19:54,740 - Query :::: SELECT count(id) FROM obr_ctdcd_element WHERE dictionary_id IS NULL OR dictionary_id<20;400 
2014-12-03 17:19:54,740 - *** Executing  Direct Annotation process...  
2014-12-03 17:19:54,740 - Query :::: SELECT count(id) FROM obr_ctdcd_element WHERE dictionary_id IS NULL OR dictionary_id<20;400 
2014-12-03 17:19:54,740 - 	** Concept recognition with Mgrep: 
2014-12-03 17:19:54,740 - Exporting the resource content to a file to be annotated with Mgrep... 
2014-12-03 17:19:54,771 - 		ResourceFile created in: 00 hours, 00 minutes, 00 seconds.
 
2014-12-03 17:19:54,771 - Call to Mgrep... 
2014-12-03 17:19:54,771 - Local Mgrep execution... 
2014-12-03 17:19:54,771 - command: files/mgrep/mgrep3.0/mgrep -w -i -f files/dictionaries/branch1.0/localhost/OBS_DICO_c035_CMP_MGREP.txt < files/mgrep/mgrepInputs/OBR_RESOURCE_CTDCD_V20_MGREP.txt > files/mgrep/mgrepOutputs/OBR_RESOURCE_CTDCD_V20_MGREP.txt.mgrep 
2014-12-03 17:19:54,771 - ** PROBLEM ** Cannot create MgrepFile. 
java.io.IOException: Cannot run program "/bin/sh": CreateProcess error=2, The system cannot find the file specified
	at java.lang.ProcessBuilder.start(ProcessBuilder.java:459)
	at java.lang.Runtime.exec(Runtime.java:593)
	at java.lang.Runtime.exec(Runtime.java:466)
	at org.ncbo.stanford.obr.util.mgrep.ConceptRecognitionTools.mgrepLocal(ConceptRecognitionTools.java:64)
	at org.ncbo.stanford.obr.service.annotation.impl.AnnotationServiceImpl.mgrepCall(AnnotationServiceImpl.java:153)
	at org.ncbo.stanford.obr.service.annotation.impl.AnnotationServiceImpl.conceptRecognitionWithMgrep(AnnotationServiceImpl.java:124)
	at org.ncbo.stanford.obr.service.annotation.impl.AnnotationServiceImpl.resourceAnnotation(AnnotationServiceImpl.java:51)
	at org.ncbo.stanford.obr.service.workflow.impl.ResourceIndexWorkflowImpl.executeWorkflow(ResourceIndexWorkflowImpl.java:273)
	at org.ncbo.stanford.obr.service.workflow.impl.ResourceIndexWorkflowImpl.resourceProcessing(ResourceIndexWorkflowImpl.java:219)
	at org.ncbo.stanford.obr.service.workflow.impl.ResourceIndexWorkflowImpl.startResourceIndexWorkflow(ResourceIndexWorkflowImpl.java:127)
	at org.ncbo.stanford.obr.populate.main.PopulateResourceIndex.main(PopulateResourceIndex.java:46)
Caused by: java.io.IOException: CreateProcess error=2, The system cannot find the file specified
	at java.lang.ProcessImpl.create(Native Method)
	at java.lang.ProcessImpl.<init>(ProcessImpl.java:81)
	at java.lang.ProcessImpl.start(ProcessImpl.java:30)
	at java.lang.ProcessBuilder.start(ProcessBuilder.java:452)
	... 10 more
2014-12-03 17:19:54,771 - 		Mgrep executed in: 00 hours, 00 minutes, 00 seconds. 
2014-12-03 17:19:54,771 - Processing of the result file... 
2014-12-11 13:50:16,358 - ***************************************************** 
2014-12-11 13:50:16,374 - ResourceAccessTool creation... 
2014-12-11 13:50:16,498 - No needs to alter table obr_ctdcd_element 
2014-12-11 13:50:16,608 - ResourceAccessTool CTDCD created to access CTD ChemDisease (via NIF) (CTDCD).
 
2014-12-11 13:50:16,842 - **** Resource CTDCD processing 
2014-12-11 13:50:16,842 - Workflow Parameters[withCompleteDictionary= true, updateResource= true, reInitializeAllTables= false, reInitializeAllTablesExceptElement= false ] 
2014-12-11 13:50:16,873 - Resource entry updated. 
2014-12-11 13:50:16,873 - *** Resource CTD ChemDisease (via NIF) update processing 
2014-12-11 13:50:16,873 - * Get All Elements for NIF CTD ChemDisease ...  
2014-12-11 13:50:27,980 - ** PROBLEM ** Problem in getting rows. 
java.lang.NullPointerException
	at org.ncbo.stanford.obr.resource.nif.ctdchemdisease.CTDCDAccessTool.getAllElements(CTDCDAccessTool.java:169)
	at org.ncbo.stanford.obr.resource.nif.ctdchemdisease.CTDCDAccessTool.updateResourceContent(CTDCDAccessTool.java:122)
	at org.ncbo.stanford.obr.service.workflow.impl.ResourceIndexWorkflowImpl.resourceProcessing(ResourceIndexWorkflowImpl.java:195)
	at org.ncbo.stanford.obr.service.workflow.impl.ResourceIndexWorkflowImpl.startResourceIndexWorkflow(ResourceIndexWorkflowImpl.java:127)
	at org.ncbo.stanford.obr.populate.main.PopulateResourceIndex.main(PopulateResourceIndex.java:46)
2014-12-11 13:50:27,980 - 0 rows found. 
2014-12-11 13:50:27,980 - Number of new elements to dump: 0 
2014-12-11 13:50:27,980 - 0 elements added to the OBR_CTDCD_ET table. 
2014-12-11 13:50:27,980 - ### Resource CTD ChemDisease (via NIF) updated with 0 elements in : 00 hours, 00 minutes, 11 seconds.
 
2014-12-11 13:50:28,012 - Query :::: SELECT count(id) FROM obr_ctdcd_element WHERE dictionary_id IS NULL OR dictionary_id<20;400 
2014-12-11 13:50:28,012 - Key obr.statistics.populate was not found in resource bundle 'config' for locale 'en_US' 
2014-12-11 13:50:28,012 - Query :::: SELECT count(id) FROM obr_ctdcd_element WHERE dictionary_id IS NULL OR dictionary_id<20;400 
2014-12-11 13:50:28,012 - *** Executing  Direct Annotation process...  
2014-12-11 13:50:28,012 - Query :::: SELECT count(id) FROM obr_ctdcd_element WHERE dictionary_id IS NULL OR dictionary_id<20;400 
2014-12-11 13:50:28,012 - 	** Concept recognition with Mgrep: 
2014-12-11 13:50:28,012 - Exporting the resource content to a file to be annotated with Mgrep... 
2014-12-11 13:50:28,090 - 		ResourceFile created in: 00 hours, 00 minutes, 00 seconds.
 
2014-12-11 13:50:28,090 - Call to Mgrep... 
2014-12-11 13:50:28,106 - Local Mgrep execution... 
2014-12-11 13:50:28,106 - command: files/mgrep/mgrep3.0/mgrep -w -i -f files/dictionaries/branch1.0/localhost/OBS_DICO_c035_CMP_MGREP.txt < files/mgrep/mgrepInputs/OBR_RESOURCE_CTDCD_V20_MGREP.txt > files/mgrep/mgrepOutputs/OBR_RESOURCE_CTDCD_V20_MGREP.txt.mgrep 
2014-12-11 13:50:28,153 - ** PROBLEM ** Cannot create MgrepFile. 
java.io.IOException: Cannot run program "/bin/sh": CreateProcess error=2, The system cannot find the file specified
	at java.lang.ProcessBuilder.start(ProcessBuilder.java:459)
	at java.lang.Runtime.exec(Runtime.java:593)
	at java.lang.Runtime.exec(Runtime.java:466)
	at org.ncbo.stanford.obr.util.mgrep.ConceptRecognitionTools.mgrepLocal(ConceptRecognitionTools.java:64)
	at org.ncbo.stanford.obr.service.annotation.impl.AnnotationServiceImpl.mgrepCall(AnnotationServiceImpl.java:153)
	at org.ncbo.stanford.obr.service.annotation.impl.AnnotationServiceImpl.conceptRecognitionWithMgrep(AnnotationServiceImpl.java:124)
	at org.ncbo.stanford.obr.service.annotation.impl.AnnotationServiceImpl.resourceAnnotation(AnnotationServiceImpl.java:51)
	at org.ncbo.stanford.obr.service.workflow.impl.ResourceIndexWorkflowImpl.executeWorkflow(ResourceIndexWorkflowImpl.java:273)
	at org.ncbo.stanford.obr.service.workflow.impl.ResourceIndexWorkflowImpl.resourceProcessing(ResourceIndexWorkflowImpl.java:219)
	at org.ncbo.stanford.obr.service.workflow.impl.ResourceIndexWorkflowImpl.startResourceIndexWorkflow(ResourceIndexWorkflowImpl.java:127)
	at org.ncbo.stanford.obr.populate.main.PopulateResourceIndex.main(PopulateResourceIndex.java:46)
Caused by: java.io.IOException: CreateProcess error=2, The system cannot find the file specified
	at java.lang.ProcessImpl.create(Native Method)
	at java.lang.ProcessImpl.<init>(ProcessImpl.java:81)
	at java.lang.ProcessImpl.start(ProcessImpl.java:30)
	at java.lang.ProcessBuilder.start(ProcessBuilder.java:452)
	... 10 more
2014-12-11 13:50:28,168 - 		Mgrep executed in: 00 hours, 00 minutes, 00 seconds. 
2014-12-11 13:50:28,168 - Processing of the result file... 
2014-12-11 13:52:09,060 - ***************************************************** 
2014-12-11 13:52:09,060 - ResourceAccessTool creation... 
2014-12-11 13:52:09,091 - No needs to alter table obr_ctdcd_element 
2014-12-11 13:52:09,122 - ResourceAccessTool CTDCD created to access CTD ChemDisease (via NIF) (CTDCD).
 
2014-12-11 13:52:09,450 - **** Resource CTDCD processing 
2014-12-11 13:52:09,450 - Workflow Parameters[withCompleteDictionary= true, updateResource= true, reInitializeAllTables= false, reInitializeAllTablesExceptElement= false ] 
2014-12-11 13:52:09,451 - Resource entry updated. 
2014-12-11 13:52:09,451 - *** Resource CTD ChemDisease (via NIF) update processing 
2014-12-11 13:52:09,451 - * Get All Elements for NIF CTD ChemDisease ...  
2014-12-11 13:53:07,195 - ** PROBLEM ** Problem in getting rows. 
java.lang.NullPointerException
	at org.ncbo.stanford.obr.resource.nif.ctdchemdisease.CTDCDAccessTool.getAllElements(CTDCDAccessTool.java:169)
	at org.ncbo.stanford.obr.resource.nif.ctdchemdisease.CTDCDAccessTool.updateResourceContent(CTDCDAccessTool.java:122)
	at org.ncbo.stanford.obr.service.workflow.impl.ResourceIndexWorkflowImpl.resourceProcessing(ResourceIndexWorkflowImpl.java:195)
	at org.ncbo.stanford.obr.service.workflow.impl.ResourceIndexWorkflowImpl.startResourceIndexWorkflow(ResourceIndexWorkflowImpl.java:127)
	at org.ncbo.stanford.obr.populate.main.PopulateResourceIndex.main(PopulateResourceIndex.java:46)
2014-12-11 13:53:10,254 - 0 rows found. 
2014-12-11 13:53:13,156 - Number of new elements to dump: 0 
2014-12-11 13:53:19,803 - 0 elements added to the OBR_CTDCD_ET table. 
2015-02-05 11:50:12,533 - ***************************************************** 
2015-02-05 11:50:12,548 - ResourceAccessTool creation... 
2015-02-05 11:50:12,584 - No needs to alter table obr_ctdcd_element 
2015-02-05 11:50:12,612 - ResourceAccessTool CTDCD created to access CTD ChemDisease (via NIF) (CTDCD).
 
2015-02-05 11:50:12,789 - **** Resource CTDCD processing 
2015-02-05 11:50:12,789 - Workflow Parameters[withCompleteDictionary= true, updateResource= true, reInitializeAllTables= false, reInitializeAllTablesExceptElement= false ] 
2015-02-05 11:50:12,802 - *** Resource CTD ChemDisease (via NIF) update processing 
2015-02-05 11:50:12,802 - * Get All Elements for NIF CTD ChemDisease ...  
2015-02-05 11:50:18,769 - ** PROBLEM ** Problem in getting rows. 
java.lang.NullPointerException
	at org.ncbo.stanford.obr.resource.nif.ctdchemdisease.CTDCDAccessTool.getAllElements(CTDCDAccessTool.java:169)
	at org.ncbo.stanford.obr.resource.nif.ctdchemdisease.CTDCDAccessTool.updateResourceContent(CTDCDAccessTool.java:122)
	at org.ncbo.stanford.obr.service.workflow.impl.ResourceIndexWorkflowImpl.resourceProcessing(ResourceIndexWorkflowImpl.java:195)
	at org.ncbo.stanford.obr.service.workflow.impl.ResourceIndexWorkflowImpl.startResourceIndexWorkflow(ResourceIndexWorkflowImpl.java:127)
	at org.ncbo.stanford.obr.populate.main.PopulateResourceIndex.main(PopulateResourceIndex.java:46)
2015-02-05 11:50:18,770 - 0 rows found. 
2015-02-05 11:50:18,770 - Number of new elements to dump: 0 
2015-02-05 11:50:18,770 - 0 elements added to the OBR_CTDCD_ET table. 
2015-02-05 11:50:18,771 - ### Resource CTD ChemDisease (via NIF) updated with 0 elements in : 00 hours, 00 minutes, 05 seconds.
 
2015-02-05 11:51:01,778 - ***************************************************** 
2015-02-05 11:51:01,778 - ResourceAccessTool creation... 
2015-02-05 11:51:01,813 - No needs to alter table obr_ctdcd_element 
2015-02-05 11:51:01,845 - ResourceAccessTool CTDCD created to access CTD ChemDisease (via NIF) (CTDCD).
 
2015-02-05 11:51:02,162 - **** Resource CTDCD processing 
2015-02-05 11:51:02,162 - Workflow Parameters[withCompleteDictionary= true, updateResource= true, reInitializeAllTables= false, reInitializeAllTablesExceptElement= false ] 
2015-02-05 11:51:02,180 - Resource entry updated. 
2015-02-05 11:51:02,180 - *** Resource CTD ChemDisease (via NIF) update processing 
2015-02-05 11:51:12,897 - * Get All Elements for NIF CTD ChemDisease ...  
2015-02-05 11:51:17,825 - ** PROBLEM ** Problem in getting rows. 
java.lang.NullPointerException
	at org.ncbo.stanford.obr.resource.nif.ctdchemdisease.CTDCDAccessTool.getAllElements(CTDCDAccessTool.java:169)
	at org.ncbo.stanford.obr.resource.nif.ctdchemdisease.CTDCDAccessTool.updateResourceContent(CTDCDAccessTool.java:122)
	at org.ncbo.stanford.obr.service.workflow.impl.ResourceIndexWorkflowImpl.resourceProcessing(ResourceIndexWorkflowImpl.java:195)
	at org.ncbo.stanford.obr.service.workflow.impl.ResourceIndexWorkflowImpl.startResourceIndexWorkflow(ResourceIndexWorkflowImpl.java:127)
	at org.ncbo.stanford.obr.populate.main.PopulateResourceIndex.main(PopulateResourceIndex.java:46)
2015-02-05 11:51:17,828 - 0 rows found. 
2015-02-05 11:52:22,201 - Number of new elements to dump: 0 
2015-02-05 11:52:48,074 - 0 elements added to the OBR_CTDCD_ET table. 
2015-02-05 12:03:47,127 - ***************************************************** 
2015-02-05 12:03:47,127 - ResourceAccessTool creation... 
2015-02-05 12:03:47,164 - No needs to alter table obr_ctdcd_element 
2015-02-05 12:03:47,196 - ResourceAccessTool CTDCD created to access CTD ChemDisease (via NIF) (CTDCD).
 
2015-02-05 12:03:47,381 - **** Resource CTDCD processing 
2015-02-05 12:03:47,381 - Workflow Parameters[withCompleteDictionary= true, updateResource= true, reInitializeAllTables= false, reInitializeAllTablesExceptElement= false ] 
2015-02-05 12:03:47,396 - Resource entry updated. 
2015-02-05 12:03:47,396 - *** Resource CTD ChemDisease (via NIF) update processing 
2015-02-05 12:03:47,396 - * Get All Elements for NIF CTD ChemDisease ...  
2015-02-05 12:03:52,875 - ** PROBLEM ** Problem in getting rows. 
java.lang.NullPointerException
	at org.ncbo.stanford.obr.resource.nif.ctdchemdisease.CTDCDAccessTool.getAllElements(CTDCDAccessTool.java:169)
	at org.ncbo.stanford.obr.resource.nif.ctdchemdisease.CTDCDAccessTool.updateResourceContent(CTDCDAccessTool.java:122)
	at org.ncbo.stanford.obr.service.workflow.impl.ResourceIndexWorkflowImpl.resourceProcessing(ResourceIndexWorkflowImpl.java:195)
	at org.ncbo.stanford.obr.service.workflow.impl.ResourceIndexWorkflowImpl.startResourceIndexWorkflow(ResourceIndexWorkflowImpl.java:127)
	at org.ncbo.stanford.obr.populate.main.PopulateResourceIndex.main(PopulateResourceIndex.java:46)
2015-02-05 12:03:52,876 - 0 rows found. 
2015-02-05 12:03:52,876 - Number of new elements to dump: 0 
2015-02-05 12:03:52,876 - 0 elements added to the OBR_CTDCD_ET table. 
2015-02-05 12:03:52,877 - ### Resource CTD ChemDisease (via NIF) updated with 0 elements in : 00 hours, 00 minutes, 05 seconds.
 
2015-02-05 12:04:47,911 - ***************************************************** 
2015-02-05 12:04:47,911 - ResourceAccessTool creation... 
2015-02-05 12:04:47,947 - No needs to alter table obr_ctdcd_element 
2015-02-05 12:04:47,979 - ResourceAccessTool CTDCD created to access CTD ChemDisease (via NIF) (CTDCD).
 
2015-02-05 12:04:48,298 - **** Resource CTDCD processing 
2015-02-05 12:04:48,298 - Workflow Parameters[withCompleteDictionary= true, updateResource= true, reInitializeAllTables= false, reInitializeAllTablesExceptElement= false ] 
2015-02-05 12:04:48,315 - Resource entry updated. 
2015-02-05 12:04:48,315 - *** Resource CTD ChemDisease (via NIF) update processing 
2015-02-05 12:05:20,063 - * Get All Elements for NIF CTD ChemDisease ...  
2015-02-05 12:09:27,195 - ***************************************************** 
2015-02-05 12:09:27,195 - ResourceAccessTool creation... 
2015-02-05 12:09:27,231 - No needs to alter table obr_ctdcd_element 
2015-02-05 12:09:27,262 - ResourceAccessTool CTDCD created to access CTD ChemDisease (via NIF) (CTDCD).
 
2015-02-05 12:09:27,577 - **** Resource CTDCD processing 
2015-02-05 12:09:27,577 - Workflow Parameters[withCompleteDictionary= true, updateResource= true, reInitializeAllTables= false, reInitializeAllTablesExceptElement= false ] 
2015-02-05 12:09:27,595 - Resource entry updated. 
2015-02-05 12:09:27,595 - *** Resource CTD ChemDisease (via NIF) update processing 
2015-02-05 12:09:32,747 - * Get All Elements for NIF CTD ChemDisease ...  
2015-02-05 12:11:00,020 - ** PROBLEM ** Problem in getting rows. 
java.lang.NullPointerException
	at org.ncbo.stanford.obr.resource.nif.ctdchemdisease.CTDCDAccessTool.getAllElements(CTDCDAccessTool.java:169)
	at org.ncbo.stanford.obr.resource.nif.ctdchemdisease.CTDCDAccessTool.updateResourceContent(CTDCDAccessTool.java:122)
	at org.ncbo.stanford.obr.service.workflow.impl.ResourceIndexWorkflowImpl.resourceProcessing(ResourceIndexWorkflowImpl.java:195)
	at org.ncbo.stanford.obr.service.workflow.impl.ResourceIndexWorkflowImpl.startResourceIndexWorkflow(ResourceIndexWorkflowImpl.java:127)
	at org.ncbo.stanford.obr.populate.main.PopulateResourceIndex.main(PopulateResourceIndex.java:46)
2015-02-05 12:11:04,840 - 0 rows found. 
2015-02-05 12:11:12,221 - Number of new elements to dump: 0 
2015-02-05 12:11:15,808 - 0 elements added to the OBR_CTDCD_ET table. 
2015-02-05 12:11:21,105 - ### Resource CTD ChemDisease (via NIF) updated with 0 elements in : 00 hours, 01 minutes, 52 seconds.
 
2015-02-05 12:12:25,171 - ***************************************************** 
2015-02-05 12:12:25,171 - ResourceAccessTool creation... 
2015-02-05 12:12:25,206 - No needs to alter table obr_ctdcd_element 
2015-02-05 12:12:25,236 - ResourceAccessTool CTDCD created to access CTD ChemDisease (via NIF) (CTDCD).
 
2015-02-05 12:12:25,413 - **** Resource CTDCD processing 
2015-02-05 12:12:25,413 - Workflow Parameters[withCompleteDictionary= true, updateResource= true, reInitializeAllTables= false, reInitializeAllTablesExceptElement= false ] 
2015-02-05 12:12:25,426 - Resource entry updated. 
2015-02-05 12:12:25,427 - *** Resource CTD ChemDisease (via NIF) update processing 
2015-02-05 12:12:25,427 - * Get All Elements for NIF CTD ChemDisease ...  
2015-02-05 12:12:30,708 - ** PROBLEM ** Problem in getting rows. 
java.lang.NullPointerException
	at org.ncbo.stanford.obr.resource.nif.ctdchemdisease.CTDCDAccessTool.getAllElements(CTDCDAccessTool.java:169)
	at org.ncbo.stanford.obr.resource.nif.ctdchemdisease.CTDCDAccessTool.updateResourceContent(CTDCDAccessTool.java:122)
	at org.ncbo.stanford.obr.service.workflow.impl.ResourceIndexWorkflowImpl.resourceProcessing(ResourceIndexWorkflowImpl.java:195)
	at org.ncbo.stanford.obr.service.workflow.impl.ResourceIndexWorkflowImpl.startResourceIndexWorkflow(ResourceIndexWorkflowImpl.java:127)
	at org.ncbo.stanford.obr.populate.main.PopulateResourceIndex.main(PopulateResourceIndex.java:46)
2015-02-05 12:12:30,709 - 0 rows found. 
2015-02-05 12:12:30,709 - Number of new elements to dump: 0 
2015-02-05 12:12:30,709 - 0 elements added to the OBR_CTDCD_ET table. 
2015-02-05 12:12:30,711 - ### Resource CTD ChemDisease (via NIF) updated with 0 elements in : 00 hours, 00 minutes, 05 seconds.
 
2015-02-12 11:41:20,807 - ***************************************************** 
2015-02-12 11:41:20,819 - ResourceAccessTool creation... 
2015-02-12 11:41:20,909 - No needs to alter table obr_ctdcd_element 
2015-02-12 11:41:21,007 - ResourceAccessTool CTDCD created to access CTD ChemDisease (via NIF) (CTDCD).
 
2015-02-12 11:41:21,393 - **** Resource CTDCD processing 
2015-02-12 11:41:21,393 - Workflow Parameters[withCompleteDictionary= true, updateResource= true, reInitializeAllTables= false, reInitializeAllTablesExceptElement= false ] 
2015-02-12 11:41:21,482 - Resource entry updated. 
2015-02-12 11:41:21,483 - *** Resource CTD ChemDisease (via NIF) update processing 
2015-02-12 11:41:21,483 - * Get All Elements for NIF CTD ChemDisease ...  
2015-02-12 11:41:26,726 - ** PROBLEM ** Problem in getting rows. 
java.lang.NullPointerException
	at org.ncbo.stanford.obr.resource.nif.ctdchemdisease.CTDCDAccessTool.getAllElements(CTDCDAccessTool.java:169)
	at org.ncbo.stanford.obr.resource.nif.ctdchemdisease.CTDCDAccessTool.updateResourceContent(CTDCDAccessTool.java:122)
	at org.ncbo.stanford.obr.service.workflow.impl.ResourceIndexWorkflowImpl.resourceProcessing(ResourceIndexWorkflowImpl.java:195)
	at org.ncbo.stanford.obr.service.workflow.impl.ResourceIndexWorkflowImpl.startResourceIndexWorkflow(ResourceIndexWorkflowImpl.java:127)
	at org.ncbo.stanford.obr.populate.main.PopulateResourceIndex.main(PopulateResourceIndex.java:46)
2015-02-12 11:41:26,727 - 0 rows found. 
2015-02-12 11:41:26,727 - Number of new elements to dump: 0 
2015-02-12 11:41:26,727 - 0 elements added to the OBR_CTDCD_ET table. 
2015-02-12 11:41:26,755 - ### Resource CTD ChemDisease (via NIF) updated with 0 elements in : 00 hours, 00 minutes, 05 seconds.
 
2015-02-12 13:57:41,998 - ***************************************************** 
2015-02-12 13:57:42,004 - ResourceAccessTool creation... 
2015-02-12 13:57:42,936 - No needs to alter table obr_ctdcd_element 
2015-02-12 13:57:43,268 - ResourceAccessTool CTDCD created to access CTD ChemDisease (via NIF) (CTDCD).
 
2015-02-12 13:57:43,708 - **** Resource CTDCD processing 
2015-02-12 13:57:43,708 - Workflow Parameters[withCompleteDictionary= true, updateResource= true, reInitializeAllTables= false, reInitializeAllTablesExceptElement= false ] 
2015-02-12 13:57:43,803 - Resource entry updated. 
2015-02-12 13:57:43,803 - *** Resource CTD ChemDisease (via NIF) update processing 
2015-02-12 13:57:43,803 - * Get All Elements for NIF CTD ChemDisease ...  
2015-02-12 13:57:49,015 - ** PROBLEM ** Problem in getting rows. 
java.lang.NullPointerException
	at org.ncbo.stanford.obr.resource.nif.ctdchemdisease.CTDCDAccessTool.getAllElements(CTDCDAccessTool.java:169)
	at org.ncbo.stanford.obr.resource.nif.ctdchemdisease.CTDCDAccessTool.updateResourceContent(CTDCDAccessTool.java:122)
	at org.ncbo.stanford.obr.service.workflow.impl.ResourceIndexWorkflowImpl.resourceProcessing(ResourceIndexWorkflowImpl.java:195)
	at org.ncbo.stanford.obr.service.workflow.impl.ResourceIndexWorkflowImpl.startResourceIndexWorkflow(ResourceIndexWorkflowImpl.java:127)
	at org.ncbo.stanford.obr.populate.main.PopulateResourceIndex.main(PopulateResourceIndex.java:46)
2015-02-12 13:57:49,016 - 0 rows found. 
2015-02-12 13:57:49,016 - Number of new elements to dump: 0 
2015-02-12 13:57:49,017 - 0 elements added to the OBR_CTDCD_ET table. 
2015-02-12 13:57:49,018 - ### Resource CTD ChemDisease (via NIF) updated with 0 elements in : 00 hours, 00 minutes, 05 seconds.
 
2015-02-12 13:59:30,701 - ***************************************************** 
2015-02-12 13:59:30,702 - ResourceAccessTool creation... 
2015-02-12 13:59:30,743 - No needs to alter table obr_ctdcd_element 
2015-02-12 13:59:30,774 - ResourceAccessTool CTDCD created to access CTD ChemDisease (via NIF) (CTDCD).
 
2015-02-12 13:59:31,118 - **** Resource CTDCD processing 
2015-02-12 13:59:31,118 - Workflow Parameters[withCompleteDictionary= true, updateResource= true, reInitializeAllTables= false, reInitializeAllTablesExceptElement= false ] 
2015-02-12 13:59:31,146 - Resource entry updated. 
2015-02-12 13:59:31,146 - *** Resource CTD ChemDisease (via NIF) update processing 
2015-02-12 13:59:41,925 - * Get All Elements for NIF CTD ChemDisease ...  
2015-02-12 14:01:02,237 - ** PROBLEM ** Problem in getting rows. 
java.lang.NullPointerException
	at org.ncbo.stanford.obr.resource.nif.ctdchemdisease.CTDCDAccessTool.getAllElements(CTDCDAccessTool.java:169)
	at org.ncbo.stanford.obr.resource.nif.ctdchemdisease.CTDCDAccessTool.updateResourceContent(CTDCDAccessTool.java:122)
	at org.ncbo.stanford.obr.service.workflow.impl.ResourceIndexWorkflowImpl.resourceProcessing(ResourceIndexWorkflowImpl.java:195)
	at org.ncbo.stanford.obr.service.workflow.impl.ResourceIndexWorkflowImpl.startResourceIndexWorkflow(ResourceIndexWorkflowImpl.java:127)
	at org.ncbo.stanford.obr.populate.main.PopulateResourceIndex.main(PopulateResourceIndex.java:46)
2015-02-12 14:01:02,808 - 0 rows found. 
2015-02-12 16:01:15,189 - ***************************************************** 
2015-02-12 16:01:15,198 - ResourceAccessTool creation... 
2015-02-12 16:01:15,247 - No needs to alter table obr_ctdcd_element 
2015-02-12 16:01:15,318 - ResourceAccessTool CTDCD created to access CTD ChemDisease (via NIF) (CTDCD).
 
2015-02-12 16:01:15,492 - **** Resource CTDCD processing 
2015-02-12 16:01:15,493 - Workflow Parameters[withCompleteDictionary= true, updateResource= true, reInitializeAllTables= false, reInitializeAllTablesExceptElement= false ] 
2015-02-12 16:01:15,506 - Resource entry updated. 
2015-02-12 16:01:15,506 - *** Resource CTD ChemDisease (via NIF) update processing 
2015-02-12 16:01:15,506 - * Get All Elements for NIF CTD ChemDisease ...  
2015-02-12 16:01:20,826 - ** PROBLEM ** Problem in getting rows. 
java.lang.NullPointerException
	at org.ncbo.stanford.obr.resource.nif.ctdchemdisease.CTDCDAccessTool.getAllElements(CTDCDAccessTool.java:169)
	at org.ncbo.stanford.obr.resource.nif.ctdchemdisease.CTDCDAccessTool.updateResourceContent(CTDCDAccessTool.java:122)
	at org.ncbo.stanford.obr.service.workflow.impl.ResourceIndexWorkflowImpl.resourceProcessing(ResourceIndexWorkflowImpl.java:195)
	at org.ncbo.stanford.obr.service.workflow.impl.ResourceIndexWorkflowImpl.startResourceIndexWorkflow(ResourceIndexWorkflowImpl.java:127)
	at org.ncbo.stanford.obr.populate.main.PopulateResourceIndex.main(PopulateResourceIndex.java:46)
2015-02-12 16:01:20,826 - 0 rows found. 
2015-02-12 16:01:20,826 - Number of new elements to dump: 0 
2015-02-12 16:01:20,826 - 0 elements added to the OBR_CTDCD_ET table. 
2015-02-12 16:01:20,848 - ### Resource CTD ChemDisease (via NIF) updated with 0 elements in : 00 hours, 00 minutes, 05 seconds.
 
2015-02-12 16:01:20,998 - Query :::: SELECT count(id) FROM obr_ctdcd_element WHERE dictionary_id IS NULL OR dictionary_id<20;417 
2015-02-12 16:01:20,998 - Key obr.statistics.populate was not found in resource bundle 'config' for locale 'en_US' 
2015-02-12 16:01:20,999 - Query :::: SELECT count(id) FROM obr_ctdcd_element WHERE dictionary_id IS NULL OR dictionary_id<20;417 
2015-02-12 16:01:21,000 - *** Executing  Direct Annotation process...  
2015-02-12 16:01:21,000 - Query :::: SELECT count(id) FROM obr_ctdcd_element WHERE dictionary_id IS NULL OR dictionary_id<20;417 
2015-02-12 16:01:21,001 - 	** Concept recognition with Mgrep: 
2015-02-12 16:01:21,001 - Exporting the resource content to a file to be annotated with Mgrep... 
2015-02-12 16:01:21,047 - 		ResourceFile created in: 00 hours, 00 minutes, 00 seconds.
 
2015-02-12 16:01:21,047 - Call to Mgrep... 
2015-02-12 16:01:21,069 - Local Mgrep execution... 
2015-02-12 16:01:21,069 - command: files/mgrep/mgrep3.0/mgrep -w -i -f files/dictionaries/branch1.0/localhost/OBS_DICO_c035_CMP_MGREP.txt < files/mgrep/mgrepInputs/OBR_RESOURCE_CTDCD_V20_MGREP.txt > files/mgrep/mgrepOutputs/OBR_RESOURCE_CTDCD_V20_MGREP.txt.mgrep 
2015-02-12 16:01:21,146 - ** PROBLEM ** Cannot create MgrepFile. 
java.io.IOException: Cannot run program "/bin/sh": CreateProcess error=2, The system cannot find the file specified
	at java.lang.ProcessBuilder.start(ProcessBuilder.java:459)
	at java.lang.Runtime.exec(Runtime.java:593)
	at java.lang.Runtime.exec(Runtime.java:466)
	at org.ncbo.stanford.obr.util.mgrep.ConceptRecognitionTools.mgrepLocal(ConceptRecognitionTools.java:64)
	at org.ncbo.stanford.obr.service.annotation.impl.AnnotationServiceImpl.mgrepCall(AnnotationServiceImpl.java:153)
	at org.ncbo.stanford.obr.service.annotation.impl.AnnotationServiceImpl.conceptRecognitionWithMgrep(AnnotationServiceImpl.java:124)
	at org.ncbo.stanford.obr.service.annotation.impl.AnnotationServiceImpl.resourceAnnotation(AnnotationServiceImpl.java:51)
	at org.ncbo.stanford.obr.service.workflow.impl.ResourceIndexWorkflowImpl.executeWorkflow(ResourceIndexWorkflowImpl.java:273)
	at org.ncbo.stanford.obr.service.workflow.impl.ResourceIndexWorkflowImpl.resourceProcessing(ResourceIndexWorkflowImpl.java:219)
	at org.ncbo.stanford.obr.service.workflow.impl.ResourceIndexWorkflowImpl.startResourceIndexWorkflow(ResourceIndexWorkflowImpl.java:127)
	at org.ncbo.stanford.obr.populate.main.PopulateResourceIndex.main(PopulateResourceIndex.java:46)
Caused by: java.io.IOException: CreateProcess error=2, The system cannot find the file specified
	at java.lang.ProcessImpl.create(Native Method)
	at java.lang.ProcessImpl.<init>(ProcessImpl.java:81)
	at java.lang.ProcessImpl.start(ProcessImpl.java:30)
	at java.lang.ProcessBuilder.start(ProcessBuilder.java:452)
	... 10 more
2015-02-12 16:01:21,149 - 		Mgrep executed in: 00 hours, 00 minutes, 00 seconds. 
2015-02-12 16:01:21,149 - Processing of the result file... 
2015-02-12 16:21:55,989 - ***************************************************** 
2015-02-12 16:21:55,989 - ResourceAccessTool creation... 
2015-02-12 16:21:56,029 - No needs to alter table obr_ctdcd_element 
2015-02-12 16:21:56,061 - ResourceAccessTool CTDCD created to access CTD ChemDisease (via NIF) (CTDCD).
 
2015-02-12 16:21:56,380 - **** Resource CTDCD processing 
2015-02-12 16:21:56,380 - Workflow Parameters[withCompleteDictionary= true, updateResource= true, reInitializeAllTables= false, reInitializeAllTablesExceptElement= false ] 
2015-02-12 16:21:56,399 - Resource entry updated. 
2015-02-12 16:21:56,399 - *** Resource CTD ChemDisease (via NIF) update processing 
2015-02-12 16:22:02,014 - * Get All Elements for NIF CTD ChemDisease ...  
2015-02-13 10:52:58,198 - ***************************************************** 
2015-02-13 10:52:58,207 - ResourceAccessTool creation... 
2015-02-13 10:52:58,930 - No needs to alter table obr_ctdcd_element 
2015-02-13 10:52:59,466 - ResourceAccessTool CTDCD created to access CTD ChemDisease (via NIF) (CTDCD).
 
2015-02-13 10:53:00,052 - **** Resource CTDCD processing 
2015-02-13 10:53:00,052 - Workflow Parameters[withCompleteDictionary= true, updateResource= true, reInitializeAllTables= false, reInitializeAllTablesExceptElement= false ] 
2015-02-13 10:53:00,174 - Resource entry updated. 
2015-02-13 10:53:00,188 - *** Resource CTD ChemDisease (via NIF) update processing 
2015-02-13 10:53:11,000 - * Get All Elements for NIF CTD ChemDisease ...  
2015-02-13 10:55:28,497 - ** PROBLEM ** Problem in getting rows. 
java.lang.NullPointerException
	at org.ncbo.stanford.obr.resource.nif.ctdchemdisease.CTDCDAccessTool.getAllElements(CTDCDAccessTool.java:169)
	at org.ncbo.stanford.obr.resource.nif.ctdchemdisease.CTDCDAccessTool.updateResourceContent(CTDCDAccessTool.java:122)
	at org.ncbo.stanford.obr.service.workflow.impl.ResourceIndexWorkflowImpl.resourceProcessing(ResourceIndexWorkflowImpl.java:195)
	at org.ncbo.stanford.obr.service.workflow.impl.ResourceIndexWorkflowImpl.startResourceIndexWorkflow(ResourceIndexWorkflowImpl.java:127)
	at org.ncbo.stanford.obr.populate.main.PopulateResourceIndex.main(PopulateResourceIndex.java:46)
2015-02-13 11:06:01,608 - 0 rows found. 
2015-04-02 10:38:43,243 - ***************************************************** 
2015-04-02 10:38:43,243 - ResourceAccessTool creation... 
2015-04-02 10:38:43,763 - No needs to alter table obr_ctdcd_element 
2015-04-02 10:38:43,894 - ResourceAccessTool CTDCD created to access CTD ChemDisease (via NIF) (CTDCD).
 
2015-04-02 10:38:44,364 - **** Resource CTDCD processing 
2015-04-02 10:38:44,364 - Workflow Parameters[withCompleteDictionary= true, updateResource= true, reInitializeAllTables= false, reInitializeAllTablesExceptElement= false ] 
2015-04-02 10:38:44,484 - Resource entry updated. 
2015-04-02 10:38:44,484 - *** Resource CTD ChemDisease (via NIF) update processing 
2015-04-02 10:38:44,484 - * Get All Elements for NIF CTD ChemDisease ...  
2015-04-02 10:38:49,934 - ** PROBLEM ** Problem in getting rows. 
java.lang.NullPointerException
	at org.ncbo.stanford.obr.resource.nif.ctdchemdisease.CTDCDAccessTool.getAllElements(CTDCDAccessTool.java:169)
	at org.ncbo.stanford.obr.resource.nif.ctdchemdisease.CTDCDAccessTool.updateResourceContent(CTDCDAccessTool.java:122)
	at org.ncbo.stanford.obr.service.workflow.impl.ResourceIndexWorkflowImpl.resourceProcessing(ResourceIndexWorkflowImpl.java:195)
	at org.ncbo.stanford.obr.service.workflow.impl.ResourceIndexWorkflowImpl.startResourceIndexWorkflow(ResourceIndexWorkflowImpl.java:127)
	at org.ncbo.stanford.obr.populate.main.PopulateResourceIndex.main(PopulateResourceIndex.java:46)
2015-04-02 10:38:49,934 - 0 rows found. 
2015-04-02 10:38:49,934 - Number of new elements to dump: 0 
2015-04-02 10:38:49,934 - 0 elements added to the OBR_CTDCD_ET table. 
2015-04-02 10:38:49,955 - ### Resource CTD ChemDisease (via NIF) updated with 0 elements in : 00 hours, 00 minutes, 05 seconds.
 
2015-04-02 10:38:50,185 - Query :::: SELECT count(id) FROM obr_ctdcd_element WHERE dictionary_id IS NULL OR dictionary_id<20;417 
2015-04-02 10:38:50,185 - Key obr.statistics.populate was not found in resource bundle 'config' for locale 'en_US' 
2015-04-02 10:38:50,185 - Query :::: SELECT count(id) FROM obr_ctdcd_element WHERE dictionary_id IS NULL OR dictionary_id<20;417 
2015-04-02 10:38:50,185 - *** Executing  Direct Annotation process...  
2015-04-02 10:38:50,185 - Query :::: SELECT count(id) FROM obr_ctdcd_element WHERE dictionary_id IS NULL OR dictionary_id<20;417 
2015-04-02 10:38:50,185 - 	** Concept recognition with Mgrep: 
2015-04-02 10:38:50,185 - Exporting the resource content to a file to be annotated with Mgrep... 
2015-04-02 10:38:50,215 - 		ResourceFile created in: 00 hours, 00 minutes, 00 seconds.
 
2015-04-02 10:38:50,215 - Call to Mgrep... 
2015-04-02 10:38:50,235 - Local Mgrep execution... 
2015-04-02 10:38:50,235 - command: files/mgrep/mgrep3.0/mgrep -w -i -f files/dictionaries/branch1.0/localhost/OBS_DICO_c035_CMP_MGREP.txt < files/mgrep/mgrepInputs/OBR_RESOURCE_CTDCD_V20_MGREP.txt > files/mgrep/mgrepOutputs/OBR_RESOURCE_CTDCD_V20_MGREP.txt.mgrep 
2015-04-02 10:38:50,255 - ** PROBLEM ** Cannot create MgrepFile. 
java.io.IOException: Cannot run program "/bin/sh": CreateProcess error=2, The system cannot find the file specified
	at java.lang.ProcessBuilder.start(ProcessBuilder.java:459)
	at java.lang.Runtime.exec(Runtime.java:593)
	at java.lang.Runtime.exec(Runtime.java:466)
	at org.ncbo.stanford.obr.util.mgrep.ConceptRecognitionTools.mgrepLocal(ConceptRecognitionTools.java:64)
	at org.ncbo.stanford.obr.service.annotation.impl.AnnotationServiceImpl.mgrepCall(AnnotationServiceImpl.java:153)
	at org.ncbo.stanford.obr.service.annotation.impl.AnnotationServiceImpl.conceptRecognitionWithMgrep(AnnotationServiceImpl.java:124)
	at org.ncbo.stanford.obr.service.annotation.impl.AnnotationServiceImpl.resourceAnnotation(AnnotationServiceImpl.java:51)
	at org.ncbo.stanford.obr.service.workflow.impl.ResourceIndexWorkflowImpl.executeWorkflow(ResourceIndexWorkflowImpl.java:273)
	at org.ncbo.stanford.obr.service.workflow.impl.ResourceIndexWorkflowImpl.resourceProcessing(ResourceIndexWorkflowImpl.java:219)
	at org.ncbo.stanford.obr.service.workflow.impl.ResourceIndexWorkflowImpl.startResourceIndexWorkflow(ResourceIndexWorkflowImpl.java:127)
	at org.ncbo.stanford.obr.populate.main.PopulateResourceIndex.main(PopulateResourceIndex.java:46)
Caused by: java.io.IOException: CreateProcess error=2, The system cannot find the file specified
	at java.lang.ProcessImpl.create(Native Method)
	at java.lang.ProcessImpl.<init>(ProcessImpl.java:81)
	at java.lang.ProcessImpl.start(ProcessImpl.java:30)
	at java.lang.ProcessBuilder.start(ProcessBuilder.java:452)
	... 10 more
2015-04-02 10:38:50,255 - 		Mgrep executed in: 00 hours, 00 minutes, 00 seconds. 
2015-04-02 10:38:50,255 - Processing of the result file... 
2015-04-02 10:45:50,182 - ***************************************************** 
2015-04-02 10:45:50,182 - ResourceAccessTool creation... 
2015-04-02 10:45:50,222 - No needs to alter table obr_ctdcd_element 
2015-04-02 10:45:50,223 - ResourceAccessTool CTDCD created to access CTD ChemDisease (via NIF) (CTDCD).
 
2015-04-02 10:45:50,563 - **** Resource CTDCD processing 
2015-04-02 10:45:50,563 - Workflow Parameters[withCompleteDictionary= true, updateResource= true, reInitializeAllTables= false, reInitializeAllTablesExceptElement= false ] 
2015-04-02 10:45:50,593 - Resource entry updated. 
2015-04-02 10:45:50,593 - *** Resource CTD ChemDisease (via NIF) update processing 
2015-04-02 10:45:50,593 - * Get All Elements for NIF CTD ChemDisease ...  
2015-04-14 15:04:07,514 - ***************************************************** 
2015-04-14 15:04:07,529 - ResourceAccessTool creation... 
2015-04-14 15:04:07,623 - No needs to alter table obr_ctdcd_element 
2015-04-14 15:04:07,717 - ResourceAccessTool CTDCD created to access CTD ChemDisease (via NIF) (CTDCD).
 
2015-04-14 15:04:08,169 - **** Resource CTDCD processing 
2015-04-14 15:04:08,169 - Workflow Parameters[withCompleteDictionary= true, updateResource= true, reInitializeAllTables= false, reInitializeAllTablesExceptElement= false ] 
2015-04-14 15:04:08,281 - Resource entry updated. 
2015-04-14 15:04:08,281 - *** Resource CTD ChemDisease (via NIF) update processing 
2015-04-14 15:04:08,281 - * Get All Elements for NIF CTD ChemDisease ...  
2015-04-14 15:09:43,737 - ***************************************************** 
2015-04-14 15:09:43,737 - ResourceAccessTool creation... 
2015-04-14 15:09:43,815 - No needs to alter table obr_ctdcd_element 
2015-04-14 15:09:43,830 - ResourceAccessTool CTDCD created to access CTD ChemDisease (via NIF) (CTDCD).
 
2015-04-14 15:09:44,205 - **** Resource CTDCD processing 
2015-04-14 15:09:44,205 - Workflow Parameters[withCompleteDictionary= true, updateResource= true, reInitializeAllTables= false, reInitializeAllTablesExceptElement= false ] 
2015-04-14 15:09:44,220 - Resource entry updated. 
2015-04-14 15:09:44,220 - *** Resource CTD ChemDisease (via NIF) update processing 
2015-04-14 15:09:44,220 - * Get All Elements for NIF CTD ChemDisease ...  
