2014-12-12 16:26:51,128 - ***************************************************** 
2014-12-12 16:26:51,128 - ResourceAccessTool creation... 
2014-12-12 16:26:51,502 - ResourceAccessTool CTDCPE created to access CTD ChemPathways Enriched (via NIF) (CTDCPE).
 
2014-12-12 16:26:51,705 - **** Resource CTDCPE processing 
2014-12-12 16:26:51,705 - Workflow Parameters[withCompleteDictionary= true, updateResource= true, reInitializeAllTables= false, reInitializeAllTablesExceptElement= false ] 
2014-12-12 16:26:51,720 - *** Resource CTD ChemPathways Enriched (via NIF) update processing 
2014-12-12 16:26:51,720 - * Get All Elements for NIF CTD ChemDisease ...  
2014-12-12 16:26:53,686 - Number of new elements to dump: 217 
2014-12-12 16:26:53,686 - * Get All Elements for NIF CTD ChemDisease ...  
2014-12-12 16:26:56,947 - Number of new elements to dump: 217 
2014-12-12 16:26:56,995 - ### Resource CTD ChemPathways Enriched (via NIF) updated with 217 elements in : 00 hours, 00 minutes, 05 seconds.
 
2014-12-12 16:26:56,995 - Query :::: SELECT count(id) FROM obr_ctdcpe_element WHERE dictionary_id IS NULL OR dictionary_id<20;217 
2014-12-12 16:26:56,995 - Key obr.statistics.populate was not found in resource bundle 'config' for locale 'en_US' 
2014-12-12 16:26:56,995 - Query :::: SELECT count(id) FROM obr_ctdcpe_element WHERE dictionary_id IS NULL OR dictionary_id<20;217 
2014-12-12 16:26:56,995 - *** Executing  Direct Annotation process...  
2014-12-12 16:26:56,995 - Query :::: SELECT count(id) FROM obr_ctdcpe_element WHERE dictionary_id IS NULL OR dictionary_id<20;217 
2014-12-12 16:26:56,995 - 	** Concept recognition with Mgrep: 
2014-12-12 16:26:56,995 - Exporting the resource content to a file to be annotated with Mgrep... 
2014-12-12 16:26:57,026 - 		ResourceFile created in: 00 hours, 00 minutes, 00 seconds.
 
2014-12-12 16:26:57,026 - Call to Mgrep... 
2014-12-12 16:26:57,026 - Local Mgrep execution... 
2014-12-12 16:26:57,026 - command: files/mgrep/mgrep3.0/mgrep -w -i -f files/dictionaries/branch1.0/localhost/OBS_DICO_c035_CMP_MGREP.txt < files/mgrep/mgrepInputs/OBR_RESOURCE_CTDCPE_V20_MGREP.txt > files/mgrep/mgrepOutputs/OBR_RESOURCE_CTDCPE_V20_MGREP.txt.mgrep 
2014-12-12 16:26:57,026 - ** PROBLEM ** Cannot create MgrepFile. 
java.io.IOException: Cannot run program "/bin/sh": CreateProcess error=2, The system cannot find the file specified
	at java.lang.ProcessBuilder.start(ProcessBuilder.java:459)
	at java.lang.Runtime.exec(Runtime.java:593)
	at java.lang.Runtime.exec(Runtime.java:466)
	at org.ncbo.stanford.obr.util.mgrep.ConceptRecognitionTools.mgrepLocal(ConceptRecognitionTools.java:64)
	at org.ncbo.stanford.obr.service.annotation.impl.AnnotationServiceImpl.mgrepCall(AnnotationServiceImpl.java:153)
	at org.ncbo.stanford.obr.service.annotation.impl.AnnotationServiceImpl.conceptRecognitionWithMgrep(AnnotationServiceImpl.java:124)
	at org.ncbo.stanford.obr.service.annotation.impl.AnnotationServiceImpl.resourceAnnotation(AnnotationServiceImpl.java:51)
	at org.ncbo.stanford.obr.service.workflow.impl.ResourceIndexWorkflowImpl.executeWorkflow(ResourceIndexWorkflowImpl.java:273)
	at org.ncbo.stanford.obr.service.workflow.impl.ResourceIndexWorkflowImpl.resourceProcessing(ResourceIndexWorkflowImpl.java:219)
	at org.ncbo.stanford.obr.service.workflow.impl.ResourceIndexWorkflowImpl.startResourceIndexWorkflow(ResourceIndexWorkflowImpl.java:127)
	at org.ncbo.stanford.obr.populate.main.PopulateResourceIndex.main(PopulateResourceIndex.java:46)
Caused by: java.io.IOException: CreateProcess error=2, The system cannot find the file specified
	at java.lang.ProcessImpl.create(Native Method)
	at java.lang.ProcessImpl.<init>(ProcessImpl.java:81)
	at java.lang.ProcessImpl.start(ProcessImpl.java:30)
	at java.lang.ProcessBuilder.start(ProcessBuilder.java:452)
	... 10 more
2014-12-12 16:26:57,026 - 		Mgrep executed in: 00 hours, 00 minutes, 00 seconds. 
2014-12-12 16:26:57,026 - Processing of the result file... 
2014-12-12 16:27:32,611 - ***************************************************** 
2014-12-12 16:27:32,627 - ResourceAccessTool creation... 
2014-12-12 16:27:32,659 - No needs to alter table obr_ctdcpe_element 
2014-12-12 16:27:32,674 - ResourceAccessTool CTDCPE created to access CTD ChemPathways Enriched (via NIF) (CTDCPE).
 
2014-12-12 16:27:32,862 - **** Resource CTDCPE processing 
2014-12-12 16:27:32,862 - Workflow Parameters[withCompleteDictionary= true, updateResource= true, reInitializeAllTables= false, reInitializeAllTablesExceptElement= false ] 
2014-12-12 16:27:32,862 - Resource entry updated. 
2014-12-12 16:27:32,862 - *** Resource CTD ChemPathways Enriched (via NIF) update processing 
2014-12-12 16:27:32,862 - * Get All Elements for NIF CTD ChemDisease ...  
2014-12-12 16:28:10,458 - Number of new elements to dump: 64 
2014-12-12 16:28:10,458 - * Get All Elements for NIF CTD ChemDisease ...  
2014-12-12 16:28:33,262 - Number of new elements to dump: 64 
2014-12-12 16:28:33,293 - ### Resource CTD ChemPathways Enriched (via NIF) updated with 64 elements in : 00 hours, 01 minutes, 00 seconds.
 
2014-12-12 16:28:33,303 - Query :::: SELECT count(id) FROM obr_ctdcpe_element WHERE dictionary_id IS NULL OR dictionary_id<20;281 
2014-12-12 16:28:33,303 - Key obr.statistics.populate was not found in resource bundle 'config' for locale 'en_US' 
2014-12-12 16:28:33,303 - Query :::: SELECT count(id) FROM obr_ctdcpe_element WHERE dictionary_id IS NULL OR dictionary_id<20;281 
2014-12-12 16:28:33,303 - *** Executing  Direct Annotation process...  
2014-12-12 16:28:33,303 - Query :::: SELECT count(id) FROM obr_ctdcpe_element WHERE dictionary_id IS NULL OR dictionary_id<20;281 
2014-12-12 16:28:33,303 - 	** Concept recognition with Mgrep: 
2014-12-12 16:28:33,303 - Exporting the resource content to a file to be annotated with Mgrep... 
2014-12-12 16:28:33,333 - 		ResourceFile created in: 00 hours, 00 minutes, 00 seconds.
 
2014-12-12 16:28:33,333 - Call to Mgrep... 
2014-12-12 16:28:33,333 - Local Mgrep execution... 
2014-12-12 16:28:33,333 - command: files/mgrep/mgrep3.0/mgrep -w -i -f files/dictionaries/branch1.0/localhost/OBS_DICO_c035_CMP_MGREP.txt < files/mgrep/mgrepInputs/OBR_RESOURCE_CTDCPE_V20_MGREP.txt > files/mgrep/mgrepOutputs/OBR_RESOURCE_CTDCPE_V20_MGREP.txt.mgrep 
2014-12-12 16:28:33,333 - ** PROBLEM ** Cannot create MgrepFile. 
java.io.IOException: Cannot run program "/bin/sh": CreateProcess error=2, The system cannot find the file specified
	at java.lang.ProcessBuilder.start(ProcessBuilder.java:459)
	at java.lang.Runtime.exec(Runtime.java:593)
	at java.lang.Runtime.exec(Runtime.java:466)
	at org.ncbo.stanford.obr.util.mgrep.ConceptRecognitionTools.mgrepLocal(ConceptRecognitionTools.java:64)
	at org.ncbo.stanford.obr.service.annotation.impl.AnnotationServiceImpl.mgrepCall(AnnotationServiceImpl.java:153)
	at org.ncbo.stanford.obr.service.annotation.impl.AnnotationServiceImpl.conceptRecognitionWithMgrep(AnnotationServiceImpl.java:124)
	at org.ncbo.stanford.obr.service.annotation.impl.AnnotationServiceImpl.resourceAnnotation(AnnotationServiceImpl.java:51)
	at org.ncbo.stanford.obr.service.workflow.impl.ResourceIndexWorkflowImpl.executeWorkflow(ResourceIndexWorkflowImpl.java:273)
	at org.ncbo.stanford.obr.service.workflow.impl.ResourceIndexWorkflowImpl.resourceProcessing(ResourceIndexWorkflowImpl.java:219)
	at org.ncbo.stanford.obr.service.workflow.impl.ResourceIndexWorkflowImpl.startResourceIndexWorkflow(ResourceIndexWorkflowImpl.java:127)
	at org.ncbo.stanford.obr.populate.main.PopulateResourceIndex.main(PopulateResourceIndex.java:46)
Caused by: java.io.IOException: CreateProcess error=2, The system cannot find the file specified
	at java.lang.ProcessImpl.create(Native Method)
	at java.lang.ProcessImpl.<init>(ProcessImpl.java:81)
	at java.lang.ProcessImpl.start(ProcessImpl.java:30)
	at java.lang.ProcessBuilder.start(ProcessBuilder.java:452)
	... 10 more
2014-12-12 16:28:33,333 - 		Mgrep executed in: 00 hours, 00 minutes, 00 seconds. 
2014-12-12 16:28:33,333 - Processing of the result file... 
2014-12-12 16:33:13,044 - ***************************************************** 
2014-12-12 16:33:13,044 - ResourceAccessTool creation... 
2014-12-12 16:33:13,076 - No needs to alter table obr_ctdcpe_element 
2014-12-12 16:33:13,122 - ResourceAccessTool CTDCPE created to access CTD ChemPathways Enriched (via NIF) (CTDCPE).
 
2014-12-12 16:33:13,450 - **** Resource CTDCPE processing 
2014-12-12 16:33:13,450 - Workflow Parameters[withCompleteDictionary= true, updateResource= true, reInitializeAllTables= false, reInitializeAllTablesExceptElement= false ] 
2014-12-12 16:33:13,451 - Resource entry updated. 
2014-12-12 16:33:13,451 - *** Resource CTD ChemPathways Enriched (via NIF) update processing 
2014-12-12 16:33:13,451 - * Get All Elements for NIF CTD ChemDisease ...  
2014-12-12 16:34:06,585 - Number of new elements to dump: 0 
2014-12-12 16:34:06,585 - * Get All Elements for NIF CTD ChemDisease ...  
2014-12-12 16:34:48,409 - Number of new elements to dump: 0 
2014-12-12 16:34:48,409 - ### Resource CTD ChemPathways Enriched (via NIF) updated with 0 elements in : 00 hours, 01 minutes, 34 seconds.
 
2014-12-12 16:34:48,410 - Query :::: SELECT count(id) FROM obr_ctdcpe_element WHERE dictionary_id IS NULL OR dictionary_id<20;281 
2014-12-12 16:34:48,410 - Key obr.statistics.populate was not found in resource bundle 'config' for locale 'en_US' 
2014-12-12 16:34:48,410 - Query :::: SELECT count(id) FROM obr_ctdcpe_element WHERE dictionary_id IS NULL OR dictionary_id<20;281 
2014-12-12 16:34:48,410 - *** Executing  Direct Annotation process...  
2014-12-12 16:34:48,410 - Query :::: SELECT count(id) FROM obr_ctdcpe_element WHERE dictionary_id IS NULL OR dictionary_id<20;281 
2014-12-12 16:34:48,410 - 	** Concept recognition with Mgrep: 
2014-12-12 16:34:48,426 - Exporting the resource content to a file to be annotated with Mgrep... 
2014-12-12 16:34:48,457 - 		ResourceFile created in: 00 hours, 00 minutes, 00 seconds.
 
2014-12-12 16:34:48,457 - Call to Mgrep... 
2014-12-12 16:34:48,457 - Local Mgrep execution... 
2014-12-12 16:34:48,457 - command: files/mgrep/mgrep3.0/mgrep -w -i -f files/dictionaries/branch1.0/localhost/OBS_DICO_c035_CMP_MGREP.txt < files/mgrep/mgrepInputs/OBR_RESOURCE_CTDCPE_V20_MGREP.txt > files/mgrep/mgrepOutputs/OBR_RESOURCE_CTDCPE_V20_MGREP.txt.mgrep 
2014-12-12 16:34:48,457 - ** PROBLEM ** Cannot create MgrepFile. 
java.io.IOException: Cannot run program "/bin/sh": CreateProcess error=2, The system cannot find the file specified
	at java.lang.ProcessBuilder.start(ProcessBuilder.java:459)
	at java.lang.Runtime.exec(Runtime.java:593)
	at java.lang.Runtime.exec(Runtime.java:466)
	at org.ncbo.stanford.obr.util.mgrep.ConceptRecognitionTools.mgrepLocal(ConceptRecognitionTools.java:64)
	at org.ncbo.stanford.obr.service.annotation.impl.AnnotationServiceImpl.mgrepCall(AnnotationServiceImpl.java:153)
	at org.ncbo.stanford.obr.service.annotation.impl.AnnotationServiceImpl.conceptRecognitionWithMgrep(AnnotationServiceImpl.java:124)
	at org.ncbo.stanford.obr.service.annotation.impl.AnnotationServiceImpl.resourceAnnotation(AnnotationServiceImpl.java:51)
	at org.ncbo.stanford.obr.service.workflow.impl.ResourceIndexWorkflowImpl.executeWorkflow(ResourceIndexWorkflowImpl.java:273)
	at org.ncbo.stanford.obr.service.workflow.impl.ResourceIndexWorkflowImpl.resourceProcessing(ResourceIndexWorkflowImpl.java:219)
	at org.ncbo.stanford.obr.service.workflow.impl.ResourceIndexWorkflowImpl.startResourceIndexWorkflow(ResourceIndexWorkflowImpl.java:127)
	at org.ncbo.stanford.obr.populate.main.PopulateResourceIndex.main(PopulateResourceIndex.java:46)
Caused by: java.io.IOException: CreateProcess error=2, The system cannot find the file specified
	at java.lang.ProcessImpl.create(Native Method)
	at java.lang.ProcessImpl.<init>(ProcessImpl.java:81)
	at java.lang.ProcessImpl.start(ProcessImpl.java:30)
	at java.lang.ProcessBuilder.start(ProcessBuilder.java:452)
	... 10 more
2014-12-12 16:34:48,473 - 		Mgrep executed in: 00 hours, 00 minutes, 00 seconds. 
2014-12-12 16:34:48,473 - Processing of the result file... 
2014-12-12 16:42:17,506 - ***************************************************** 
2014-12-12 16:42:17,506 - ResourceAccessTool creation... 
2014-12-12 16:42:17,537 - No needs to alter table obr_ctdcpe_element 
2014-12-12 16:42:17,568 - ResourceAccessTool CTDCPE created to access CTD ChemPathways Enriched (via NIF) (CTDCPE).
 
2014-12-12 16:42:17,896 - **** Resource CTDCPE processing 
2014-12-12 16:42:17,896 - Workflow Parameters[withCompleteDictionary= true, updateResource= true, reInitializeAllTables= false, reInitializeAllTablesExceptElement= false ] 
2014-12-12 16:42:17,912 - Resource entry updated. 
2014-12-12 16:42:17,912 - *** Resource CTD ChemPathways Enriched (via NIF) update processing 
2014-12-12 16:42:17,912 - * Get All Elements for NIF CTD ChemDisease ...  
2014-12-12 16:43:23,356 - Number of new elements to dump: 0 
2014-12-12 16:43:23,356 - * Get All Elements for NIF CTD ChemDisease ...  
2014-12-12 16:44:02,451 - Number of new elements to dump: 0 
2014-12-12 16:44:02,451 - ### Resource CTD ChemPathways Enriched (via NIF) updated with 0 elements in : 00 hours, 01 minutes, 44 seconds.
 
2014-12-12 16:44:02,483 - Query :::: SELECT count(id) FROM obr_ctdcpe_element WHERE dictionary_id IS NULL OR dictionary_id<20;281 
2014-12-12 16:44:02,483 - Key obr.statistics.populate was not found in resource bundle 'config' for locale 'en_US' 
2014-12-12 16:44:02,483 - Query :::: SELECT count(id) FROM obr_ctdcpe_element WHERE dictionary_id IS NULL OR dictionary_id<20;281 
2014-12-12 16:44:02,483 - *** Executing  Direct Annotation process...  
2014-12-12 16:44:02,483 - Query :::: SELECT count(id) FROM obr_ctdcpe_element WHERE dictionary_id IS NULL OR dictionary_id<20;281 
2014-12-12 16:44:02,483 - 	** Concept recognition with Mgrep: 
2014-12-12 16:44:02,483 - Exporting the resource content to a file to be annotated with Mgrep... 
2014-12-12 16:44:02,514 - 		ResourceFile created in: 00 hours, 00 minutes, 00 seconds.
 
2014-12-12 16:44:02,514 - Call to Mgrep... 
2014-12-12 16:44:02,514 - Local Mgrep execution... 
2014-12-12 16:44:02,514 - command: files/mgrep/mgrep3.0/mgrep -w -i -f files/dictionaries/branch1.0/localhost/OBS_DICO_c035_CMP_MGREP.txt < files/mgrep/mgrepInputs/OBR_RESOURCE_CTDCPE_V20_MGREP.txt > files/mgrep/mgrepOutputs/OBR_RESOURCE_CTDCPE_V20_MGREP.txt.mgrep 
2014-12-12 16:44:02,514 - ** PROBLEM ** Cannot create MgrepFile. 
java.io.IOException: Cannot run program "/bin/sh": CreateProcess error=2, The system cannot find the file specified
	at java.lang.ProcessBuilder.start(ProcessBuilder.java:459)
	at java.lang.Runtime.exec(Runtime.java:593)
	at java.lang.Runtime.exec(Runtime.java:466)
	at org.ncbo.stanford.obr.util.mgrep.ConceptRecognitionTools.mgrepLocal(ConceptRecognitionTools.java:64)
	at org.ncbo.stanford.obr.service.annotation.impl.AnnotationServiceImpl.mgrepCall(AnnotationServiceImpl.java:153)
	at org.ncbo.stanford.obr.service.annotation.impl.AnnotationServiceImpl.conceptRecognitionWithMgrep(AnnotationServiceImpl.java:124)
	at org.ncbo.stanford.obr.service.annotation.impl.AnnotationServiceImpl.resourceAnnotation(AnnotationServiceImpl.java:51)
	at org.ncbo.stanford.obr.service.workflow.impl.ResourceIndexWorkflowImpl.executeWorkflow(ResourceIndexWorkflowImpl.java:273)
	at org.ncbo.stanford.obr.service.workflow.impl.ResourceIndexWorkflowImpl.resourceProcessing(ResourceIndexWorkflowImpl.java:219)
	at org.ncbo.stanford.obr.service.workflow.impl.ResourceIndexWorkflowImpl.startResourceIndexWorkflow(ResourceIndexWorkflowImpl.java:127)
	at org.ncbo.stanford.obr.populate.main.PopulateResourceIndex.main(PopulateResourceIndex.java:46)
Caused by: java.io.IOException: CreateProcess error=2, The system cannot find the file specified
	at java.lang.ProcessImpl.create(Native Method)
	at java.lang.ProcessImpl.<init>(ProcessImpl.java:81)
	at java.lang.ProcessImpl.start(ProcessImpl.java:30)
	at java.lang.ProcessBuilder.start(ProcessBuilder.java:452)
	... 10 more
2014-12-12 16:44:02,530 - 		Mgrep executed in: 00 hours, 00 minutes, 00 seconds. 
2014-12-12 16:44:02,530 - Processing of the result file... 
2014-12-12 16:48:32,834 - ***************************************************** 
2014-12-12 16:48:32,834 - ResourceAccessTool creation... 
2014-12-12 16:48:32,881 - No needs to alter table obr_ctdcpe_element 
2014-12-12 16:48:32,912 - ResourceAccessTool CTDCPE created to access CTD ChemPathways Enriched (via NIF) (CTDCPE).
 
2014-12-12 16:48:33,239 - **** Resource CTDCPE processing 
2014-12-12 16:48:33,239 - Workflow Parameters[withCompleteDictionary= true, updateResource= true, reInitializeAllTables= false, reInitializeAllTablesExceptElement= false ] 
2014-12-12 16:48:33,255 - Resource entry updated. 
2014-12-12 16:48:33,255 - *** Resource CTD ChemPathways Enriched (via NIF) update processing 
2014-12-15 09:50:49,966 - ***************************************************** 
2014-12-15 09:50:49,966 - ResourceAccessTool creation... 
2014-12-15 09:50:50,169 - No needs to alter table obr_ctdcpe_element 
2014-12-15 09:50:50,434 - ResourceAccessTool CTDCPE created to access CTD ChemPathways Enriched (via NIF) (CTDCPE).
 
2014-12-15 09:50:50,825 - **** Resource CTDCPE processing 
2014-12-15 09:50:50,825 - Workflow Parameters[withCompleteDictionary= true, updateResource= true, reInitializeAllTables= false, reInitializeAllTablesExceptElement= false ] 
2014-12-15 09:50:50,903 - Resource entry updated. 
2014-12-15 09:50:50,903 - *** Resource CTD ChemPathways Enriched (via NIF) update processing 
2014-12-15 09:50:51,324 - ** PROBLEM ** Problem in getting rows. 
java.io.IOException: Not in GZIP format
	at java.util.zip.GZIPInputStream.readHeader(GZIPInputStream.java:137)
	at java.util.zip.GZIPInputStream.<init>(GZIPInputStream.java:58)
	at java.util.zip.GZIPInputStream.<init>(GZIPInputStream.java:68)
	at org.ncbo.stanford.obr.resource.nif.ctdchempathwaysenriched.CTDCPEAccessTool.getAllElements(CTDCPEAccessTool.java:166)
	at org.ncbo.stanford.obr.resource.nif.ctdchempathwaysenriched.CTDCPEAccessTool.updateResourceContent(CTDCPEAccessTool.java:114)
	at org.ncbo.stanford.obr.service.workflow.impl.ResourceIndexWorkflowImpl.resourceProcessing(ResourceIndexWorkflowImpl.java:195)
	at org.ncbo.stanford.obr.service.workflow.impl.ResourceIndexWorkflowImpl.startResourceIndexWorkflow(ResourceIndexWorkflowImpl.java:127)
	at org.ncbo.stanford.obr.populate.main.PopulateResourceIndex.main(PopulateResourceIndex.java:46)
2014-12-15 09:50:51,324 - Number of new elements to dump: 0 
2014-12-15 09:50:51,356 - ** PROBLEM ** Problem in getting rows. 
java.io.IOException: Not in GZIP format
	at java.util.zip.GZIPInputStream.readHeader(GZIPInputStream.java:137)
	at java.util.zip.GZIPInputStream.<init>(GZIPInputStream.java:58)
	at java.util.zip.GZIPInputStream.<init>(GZIPInputStream.java:68)
	at org.ncbo.stanford.obr.resource.nif.ctdchempathwaysenriched.CTDCPEAccessTool.getAllElements(CTDCPEAccessTool.java:166)
	at org.ncbo.stanford.obr.resource.nif.ctdchempathwaysenriched.CTDCPEAccessTool.updateResourceContent(CTDCPEAccessTool.java:118)
	at org.ncbo.stanford.obr.service.workflow.impl.ResourceIndexWorkflowImpl.resourceProcessing(ResourceIndexWorkflowImpl.java:195)
	at org.ncbo.stanford.obr.service.workflow.impl.ResourceIndexWorkflowImpl.startResourceIndexWorkflow(ResourceIndexWorkflowImpl.java:127)
	at org.ncbo.stanford.obr.populate.main.PopulateResourceIndex.main(PopulateResourceIndex.java:46)
2014-12-15 09:50:51,356 - Number of new elements to dump: 0 
2014-12-15 09:50:51,356 - ### Resource CTD ChemPathways Enriched (via NIF) updated with 0 elements in : 00 hours, 00 minutes, 00 seconds.
 
2014-12-15 09:50:51,590 - Query :::: SELECT count(id) FROM obr_ctdcpe_element WHERE dictionary_id IS NULL OR dictionary_id<20;281 
2014-12-15 09:50:51,590 - Key obr.statistics.populate was not found in resource bundle 'config' for locale 'en_US' 
2014-12-15 09:50:51,590 - Query :::: SELECT count(id) FROM obr_ctdcpe_element WHERE dictionary_id IS NULL OR dictionary_id<20;281 
2014-12-15 09:50:51,590 - *** Executing  Direct Annotation process...  
2014-12-15 09:50:51,590 - Query :::: SELECT count(id) FROM obr_ctdcpe_element WHERE dictionary_id IS NULL OR dictionary_id<20;281 
2014-12-15 09:50:51,590 - 	** Concept recognition with Mgrep: 
2014-12-15 09:50:51,591 - Exporting the resource content to a file to be annotated with Mgrep... 
2014-12-15 09:50:51,684 - 		ResourceFile created in: 00 hours, 00 minutes, 00 seconds.
 
2014-12-15 09:50:51,684 - Call to Mgrep... 
2014-12-15 09:50:51,700 - Local Mgrep execution... 
2014-12-15 09:50:51,700 - command: files/mgrep/mgrep3.0/mgrep -w -i -f files/dictionaries/branch1.0/localhost/OBS_DICO_c035_CMP_MGREP.txt < files/mgrep/mgrepInputs/OBR_RESOURCE_CTDCPE_V20_MGREP.txt > files/mgrep/mgrepOutputs/OBR_RESOURCE_CTDCPE_V20_MGREP.txt.mgrep 
2014-12-15 09:50:51,778 - ** PROBLEM ** Cannot create MgrepFile. 
java.io.IOException: Cannot run program "/bin/sh": CreateProcess error=2, The system cannot find the file specified
	at java.lang.ProcessBuilder.start(ProcessBuilder.java:459)
	at java.lang.Runtime.exec(Runtime.java:593)
	at java.lang.Runtime.exec(Runtime.java:466)
	at org.ncbo.stanford.obr.util.mgrep.ConceptRecognitionTools.mgrepLocal(ConceptRecognitionTools.java:64)
	at org.ncbo.stanford.obr.service.annotation.impl.AnnotationServiceImpl.mgrepCall(AnnotationServiceImpl.java:153)
	at org.ncbo.stanford.obr.service.annotation.impl.AnnotationServiceImpl.conceptRecognitionWithMgrep(AnnotationServiceImpl.java:124)
	at org.ncbo.stanford.obr.service.annotation.impl.AnnotationServiceImpl.resourceAnnotation(AnnotationServiceImpl.java:51)
	at org.ncbo.stanford.obr.service.workflow.impl.ResourceIndexWorkflowImpl.executeWorkflow(ResourceIndexWorkflowImpl.java:273)
	at org.ncbo.stanford.obr.service.workflow.impl.ResourceIndexWorkflowImpl.resourceProcessing(ResourceIndexWorkflowImpl.java:219)
	at org.ncbo.stanford.obr.service.workflow.impl.ResourceIndexWorkflowImpl.startResourceIndexWorkflow(ResourceIndexWorkflowImpl.java:127)
	at org.ncbo.stanford.obr.populate.main.PopulateResourceIndex.main(PopulateResourceIndex.java:46)
Caused by: java.io.IOException: CreateProcess error=2, The system cannot find the file specified
	at java.lang.ProcessImpl.create(Native Method)
	at java.lang.ProcessImpl.<init>(ProcessImpl.java:81)
	at java.lang.ProcessImpl.start(ProcessImpl.java:30)
	at java.lang.ProcessBuilder.start(ProcessBuilder.java:452)
	... 10 more
2014-12-15 09:50:51,793 - 		Mgrep executed in: 00 hours, 00 minutes, 00 seconds. 
2014-12-15 09:50:51,793 - Processing of the result file... 
2015-03-04 16:17:58,399 - ***************************************************** 
2015-03-04 16:17:58,410 - ResourceAccessTool creation... 
2015-03-04 16:18:04,702 - ResourceAccessTool CTDCPE created to access CTD ChemPathways Enriched (via NIF) (CTDCPE).
 
2015-03-04 16:18:04,906 - **** Resource CTDCPE processing 
2015-03-04 16:18:04,906 - Workflow Parameters[withCompleteDictionary= true, updateResource= true, reInitializeAllTables= false, reInitializeAllTablesExceptElement= false ] 
2015-03-04 16:18:05,734 - *** Resource CTD ChemPathways Enriched (via NIF) update processing 
2015-03-04 16:19:10,202 - 217 elements added to the OBR_CTDCPE_ET table. 
2015-03-04 16:20:18,338 - 32 elements added to the OBR_CTDCPE_ET table. 
2015-03-04 16:21:22,098 - 5 elements added to the OBR_CTDCPE_ET table. 
2015-03-04 16:22:32,835 - 7 elements added to the OBR_CTDCPE_ET table. 
2015-03-04 16:23:48,780 - 8 elements added to the OBR_CTDCPE_ET table. 
2015-03-04 16:25:05,407 - 5 elements added to the OBR_CTDCPE_ET table. 
2015-03-04 16:26:20,685 - 1 elements added to the OBR_CTDCPE_ET table. 
2015-03-04 16:27:35,688 - 0 elements added to the OBR_CTDCPE_ET table. 
2015-03-04 16:28:46,726 - 1 elements added to the OBR_CTDCPE_ET table. 
2015-03-04 16:30:02,195 - 1 elements added to the OBR_CTDCPE_ET table. 
2015-03-04 16:31:17,955 - 0 elements added to the OBR_CTDCPE_ET table. 
2015-03-04 16:32:33,382 - 0 elements added to the OBR_CTDCPE_ET table. 
2015-03-04 16:33:41,962 - 0 elements added to the OBR_CTDCPE_ET table. 
2015-03-04 16:35:00,621 - 0 elements added to the OBR_CTDCPE_ET table. 
2015-03-04 16:36:23,184 - 1 elements added to the OBR_CTDCPE_ET table. 
2015-03-04 16:37:34,580 - 0 elements added to the OBR_CTDCPE_ET table. 
2015-03-04 16:38:44,363 - 0 elements added to the OBR_CTDCPE_ET table. 
2015-03-04 16:39:49,649 - 0 elements added to the OBR_CTDCPE_ET table. 
2015-03-04 16:41:00,616 - 0 elements added to the OBR_CTDCPE_ET table. 
2015-03-04 16:42:13,248 - 1 elements added to the OBR_CTDCPE_ET table. 
2015-03-04 16:43:26,966 - 0 elements added to the OBR_CTDCPE_ET table. 
2015-03-04 16:44:41,188 - 0 elements added to the OBR_CTDCPE_ET table. 
2015-03-04 16:45:53,568 - 0 elements added to the OBR_CTDCPE_ET table. 
2015-03-04 16:47:02,094 - 0 elements added to the OBR_CTDCPE_ET table. 
2015-03-04 16:48:12,284 - 1 elements added to the OBR_CTDCPE_ET table. 
2015-03-04 16:49:29,115 - 1 elements added to the OBR_CTDCPE_ET table. 
2015-03-04 16:50:49,777 - 0 elements added to the OBR_CTDCPE_ET table. 
2015-03-04 16:52:02,030 - 0 elements added to the OBR_CTDCPE_ET table. 
2015-03-04 16:53:21,593 - 0 elements added to the OBR_CTDCPE_ET table. 
2015-03-04 16:54:33,048 - 0 elements added to the OBR_CTDCPE_ET table. 
2015-03-04 16:55:53,309 - 0 elements added to the OBR_CTDCPE_ET table. 
2015-03-04 16:57:11,574 - 0 elements added to the OBR_CTDCPE_ET table. 
2015-03-04 16:58:25,878 - 0 elements added to the OBR_CTDCPE_ET table. 
2015-03-04 16:59:39,943 - 0 elements added to the OBR_CTDCPE_ET table. 
2015-03-04 17:00:50,557 - 0 elements added to the OBR_CTDCPE_ET table. 
2015-03-04 17:02:07,485 - 0 elements added to the OBR_CTDCPE_ET table. 
2015-03-04 17:03:24,586 - 0 elements added to the OBR_CTDCPE_ET table. 
2015-03-26 15:22:00,061 - ***************************************************** 
2015-03-26 15:22:00,072 - ResourceAccessTool creation... 
2015-03-26 15:22:00,301 - ResourceAccessTool CTDCPE created to access CTD ChemPathways Enriched (via NIF) (CTDCPE).
 
2015-03-26 15:22:00,476 - **** Resource CTDCPE processing 
2015-03-26 15:22:00,477 - Workflow Parameters[withCompleteDictionary= true, updateResource= true, reInitializeAllTables= false, reInitializeAllTablesExceptElement= false ] 
2015-03-26 15:22:00,492 - *** Resource CTD ChemPathways Enriched (via NIF) update processing 
2015-03-26 15:22:01,929 - 217 elements added to the OBR_CTDCD_ET table. 
2015-03-26 15:22:02,271 - 32 elements added to the OBR_CTDCD_ET table. 
2015-03-26 15:22:02,514 - 5 elements added to the OBR_CTDCD_ET table. 
2015-03-26 15:22:02,926 - 7 elements added to the OBR_CTDCD_ET table. 
2015-03-26 15:22:03,254 - 9 elements added to the OBR_CTDCD_ET table. 
2015-03-26 15:22:03,550 - 4 elements added to the OBR_CTDCD_ET table. 
2015-03-26 15:22:03,909 - 1 elements added to the OBR_CTDCD_ET table. 
2015-03-26 15:22:04,217 - 0 elements added to the OBR_CTDCD_ET table. 
2015-03-26 15:22:04,472 - 1 elements added to the OBR_CTDCD_ET table. 
2015-03-26 15:22:04,807 - 1 elements added to the OBR_CTDCD_ET table. 
2015-03-26 15:22:05,118 - 0 elements added to the OBR_CTDCD_ET table. 
2015-03-26 15:22:05,467 - 0 elements added to the OBR_CTDCD_ET table. 
2015-03-26 15:22:05,758 - 0 elements added to the OBR_CTDCD_ET table. 
2015-03-26 15:22:06,074 - 0 elements added to the OBR_CTDCD_ET table. 
2015-03-26 15:22:06,389 - 0 elements added to the OBR_CTDCD_ET table. 
2015-03-26 15:22:06,740 - 1 elements added to the OBR_CTDCD_ET table. 
2015-03-26 15:22:07,075 - 0 elements added to the OBR_CTDCD_ET table. 
2015-03-26 15:22:07,652 - 0 elements added to the OBR_CTDCD_ET table. 
2015-03-26 15:22:08,705 - 0 elements added to the OBR_CTDCD_ET table. 
2015-03-26 15:22:09,196 - 1 elements added to the OBR_CTDCD_ET table. 
2015-03-26 15:22:09,636 - 0 elements added to the OBR_CTDCD_ET table. 
2015-03-26 15:22:09,947 - 0 elements added to the OBR_CTDCD_ET table. 
2015-03-26 15:22:10,219 - 0 elements added to the OBR_CTDCD_ET table. 
2015-03-26 15:22:10,538 - 0 elements added to the OBR_CTDCD_ET table. 
2015-03-26 15:22:10,828 - 1 elements added to the OBR_CTDCD_ET table. 
2015-03-26 15:22:11,168 - 0 elements added to the OBR_CTDCD_ET table. 
2015-03-26 15:22:11,458 - 1 elements added to the OBR_CTDCD_ET table. 
2015-03-26 15:22:11,773 - 0 elements added to the OBR_CTDCD_ET table. 
2015-03-26 15:22:12,109 - 0 elements added to the OBR_CTDCD_ET table. 
2015-03-26 15:22:12,418 - 0 elements added to the OBR_CTDCD_ET table. 
2015-03-26 15:22:12,769 - 0 elements added to the OBR_CTDCD_ET table. 
2015-03-26 15:22:12,997 - 0 elements added to the OBR_CTDCD_ET table. 
2015-03-26 15:22:13,342 - 0 elements added to the OBR_CTDCD_ET table. 
2015-03-26 15:22:13,643 - 0 elements added to the OBR_CTDCD_ET table. 
2015-03-26 15:22:14,013 - 0 elements added to the OBR_CTDCD_ET table. 
2015-03-26 15:22:14,356 - 0 elements added to the OBR_CTDCD_ET table. 
2015-03-26 15:22:14,636 - 0 elements added to the OBR_CTDCD_ET table. 
2015-03-26 15:22:14,990 - 0 elements added to the OBR_CTDCD_ET table. 
2015-03-26 15:22:15,373 - 0 elements added to the OBR_CTDCD_ET table. 
2015-03-26 15:22:15,704 - 0 elements added to the OBR_CTDCD_ET table. 
2015-03-26 15:22:16,001 - 0 elements added to the OBR_CTDCD_ET table. 
2015-03-26 15:22:16,750 - 0 elements added to the OBR_CTDCD_ET table. 
2015-03-26 15:22:17,431 - 0 elements added to the OBR_CTDCD_ET table. 
2015-03-26 15:22:18,118 - 0 elements added to the OBR_CTDCD_ET table. 
2015-03-26 15:22:18,568 - 0 elements added to the OBR_CTDCD_ET table. 
2015-03-26 15:22:18,870 - 0 elements added to the OBR_CTDCD_ET table. 
2015-03-26 15:22:19,185 - 0 elements added to the OBR_CTDCD_ET table. 
2015-03-26 15:22:19,472 - 0 elements added to the OBR_CTDCD_ET table. 
2015-03-26 15:22:19,750 - 0 elements added to the OBR_CTDCD_ET table. 
2015-03-26 15:22:20,100 - 0 elements added to the OBR_CTDCD_ET table. 
2015-03-26 15:22:20,419 - 0 elements added to the OBR_CTDCD_ET table. 
2015-03-26 15:22:20,745 - 0 elements added to the OBR_CTDCD_ET table. 
2015-03-26 15:22:21,032 - 0 elements added to the OBR_CTDCD_ET table. 
2015-03-26 15:22:21,366 - 0 elements added to the OBR_CTDCD_ET table. 
2015-03-26 15:22:21,508 - 0 elements added to the OBR_CTDCD_ET table. 
2015-03-26 15:22:21,509 - ### Resource CTD ChemPathways Enriched (via NIF) updated with 0 elements in : 00 hours, 00 minutes, 21 seconds.
 
2015-03-26 15:22:21,524 - Query :::: SELECT count(id) FROM obr_ctdcpe_element WHERE dictionary_id IS NULL OR dictionary_id<20;281 
2015-03-26 15:22:21,524 - Key obr.statistics.populate was not found in resource bundle 'config' for locale 'en_US' 
2015-03-26 15:22:21,524 - Query :::: SELECT count(id) FROM obr_ctdcpe_element WHERE dictionary_id IS NULL OR dictionary_id<20;281 
2015-03-26 15:22:21,525 - *** Executing  Direct Annotation process...  
2015-03-26 15:22:21,525 - Query :::: SELECT count(id) FROM obr_ctdcpe_element WHERE dictionary_id IS NULL OR dictionary_id<20;281 
2015-03-26 15:22:21,525 - 	** Concept recognition with Mgrep: 
2015-03-26 15:22:21,526 - Exporting the resource content to a file to be annotated with Mgrep... 
2015-03-26 15:22:21,559 - 		ResourceFile created in: 00 hours, 00 minutes, 00 seconds.
 
2015-03-26 15:22:21,559 - Call to Mgrep... 
2015-03-26 15:22:21,560 - Local Mgrep execution... 
2015-03-26 15:22:21,560 - command: files/mgrep/mgrep3.0/mgrep -w -i -f files/dictionaries/branch1.0/localhost/OBS_DICO_c035_CMP_MGREP.txt < files/mgrep/mgrepInputs/OBR_RESOURCE_CTDCPE_V20_MGREP.txt > files/mgrep/mgrepOutputs/OBR_RESOURCE_CTDCPE_V20_MGREP.txt.mgrep 
2015-03-26 15:22:21,563 - ** PROBLEM ** Cannot create MgrepFile. 
java.io.IOException: Cannot run program "/bin/sh": CreateProcess error=2, The system cannot find the file specified
	at java.lang.ProcessBuilder.start(ProcessBuilder.java:459)
	at java.lang.Runtime.exec(Runtime.java:593)
	at java.lang.Runtime.exec(Runtime.java:466)
	at org.ncbo.stanford.obr.util.mgrep.ConceptRecognitionTools.mgrepLocal(ConceptRecognitionTools.java:64)
	at org.ncbo.stanford.obr.service.annotation.impl.AnnotationServiceImpl.mgrepCall(AnnotationServiceImpl.java:153)
	at org.ncbo.stanford.obr.service.annotation.impl.AnnotationServiceImpl.conceptRecognitionWithMgrep(AnnotationServiceImpl.java:124)
	at org.ncbo.stanford.obr.service.annotation.impl.AnnotationServiceImpl.resourceAnnotation(AnnotationServiceImpl.java:51)
	at org.ncbo.stanford.obr.service.workflow.impl.ResourceIndexWorkflowImpl.executeWorkflow(ResourceIndexWorkflowImpl.java:273)
	at org.ncbo.stanford.obr.service.workflow.impl.ResourceIndexWorkflowImpl.resourceProcessing(ResourceIndexWorkflowImpl.java:219)
	at org.ncbo.stanford.obr.service.workflow.impl.ResourceIndexWorkflowImpl.startResourceIndexWorkflow(ResourceIndexWorkflowImpl.java:127)
	at org.ncbo.stanford.obr.populate.main.PopulateResourceIndex.main(PopulateResourceIndex.java:46)
Caused by: java.io.IOException: CreateProcess error=2, The system cannot find the file specified
	at java.lang.ProcessImpl.create(Native Method)
	at java.lang.ProcessImpl.<init>(ProcessImpl.java:81)
	at java.lang.ProcessImpl.start(ProcessImpl.java:30)
	at java.lang.ProcessBuilder.start(ProcessBuilder.java:452)
	... 10 more
2015-03-26 15:22:21,564 - 		Mgrep executed in: 00 hours, 00 minutes, 00 seconds. 
2015-03-26 15:22:21,564 - Processing of the result file... 
2015-04-16 09:17:24,350 - ***************************************************** 
2015-04-16 09:17:24,362 - ResourceAccessTool creation... 
2015-04-16 09:17:25,162 - No needs to alter table obr_ctdcpe_element 
2015-04-16 09:17:25,308 - ResourceAccessTool CTDCPE created to access CTD ChemPathways Enriched (via NIF) (CTDCPE).
 
2015-04-16 09:17:25,647 - **** Resource CTDCPE processing 
2015-04-16 09:17:25,647 - Workflow Parameters[withCompleteDictionary= true, updateResource= true, reInitializeAllTables= false, reInitializeAllTablesExceptElement= false ] 
2015-04-16 09:17:25,723 - Resource entry updated. 
2015-04-16 09:17:25,741 - *** Resource CTD ChemPathways Enriched (via NIF) update processing 
2015-04-16 09:17:47,341 - ### Resource CTD ChemPathways Enriched (via NIF) updated with 0 elements in : 00 hours, 00 minutes, 21 seconds.
 
2015-04-16 09:17:47,474 - Query :::: SELECT count(id) FROM obr_ctdcpe_element WHERE dictionary_id IS NULL OR dictionary_id<20;281 
2015-04-16 09:17:47,474 - Key obr.statistics.populate was not found in resource bundle 'config' for locale 'en_US' 
2015-04-16 09:17:47,475 - Query :::: SELECT count(id) FROM obr_ctdcpe_element WHERE dictionary_id IS NULL OR dictionary_id<20;281 
2015-04-16 09:17:47,475 - *** Executing  Direct Annotation process...  
2015-04-16 09:17:47,476 - Query :::: SELECT count(id) FROM obr_ctdcpe_element WHERE dictionary_id IS NULL OR dictionary_id<20;281 
2015-04-16 09:17:47,476 - 	** Concept recognition with Mgrep: 
2015-04-16 09:17:47,477 - Exporting the resource content to a file to be annotated with Mgrep... 
2015-04-16 09:17:47,520 - 		ResourceFile created in: 00 hours, 00 minutes, 00 seconds.
 
2015-04-16 09:17:47,521 - Call to Mgrep... 
2015-04-16 09:17:47,546 - Local Mgrep execution... 
2015-04-16 09:17:47,546 - command: files/mgrep/mgrep3.0/mgrep -w -i -f files/dictionaries/branch1.0/localhost/OBS_DICO_c035_CMP_MGREP.txt < files/mgrep/mgrepInputs/OBR_RESOURCE_CTDCPE_V20_MGREP.txt > files/mgrep/mgrepOutputs/OBR_RESOURCE_CTDCPE_V20_MGREP.txt.mgrep 
2015-04-16 09:17:47,559 - ** PROBLEM ** Cannot create MgrepFile. 
java.io.IOException: Cannot run program "/bin/sh": CreateProcess error=2, The system cannot find the file specified
	at java.lang.ProcessBuilder.start(ProcessBuilder.java:459)
	at java.lang.Runtime.exec(Runtime.java:593)
	at java.lang.Runtime.exec(Runtime.java:466)
	at org.ncbo.stanford.obr.util.mgrep.ConceptRecognitionTools.mgrepLocal(ConceptRecognitionTools.java:64)
	at org.ncbo.stanford.obr.service.annotation.impl.AnnotationServiceImpl.mgrepCall(AnnotationServiceImpl.java:153)
	at org.ncbo.stanford.obr.service.annotation.impl.AnnotationServiceImpl.conceptRecognitionWithMgrep(AnnotationServiceImpl.java:124)
	at org.ncbo.stanford.obr.service.annotation.impl.AnnotationServiceImpl.resourceAnnotation(AnnotationServiceImpl.java:51)
	at org.ncbo.stanford.obr.service.workflow.impl.ResourceIndexWorkflowImpl.executeWorkflow(ResourceIndexWorkflowImpl.java:273)
	at org.ncbo.stanford.obr.service.workflow.impl.ResourceIndexWorkflowImpl.resourceProcessing(ResourceIndexWorkflowImpl.java:219)
	at org.ncbo.stanford.obr.service.workflow.impl.ResourceIndexWorkflowImpl.startResourceIndexWorkflow(ResourceIndexWorkflowImpl.java:127)
	at org.ncbo.stanford.obr.populate.main.PopulateResourceIndex.main(PopulateResourceIndex.java:46)
Caused by: java.io.IOException: CreateProcess error=2, The system cannot find the file specified
	at java.lang.ProcessImpl.create(Native Method)
	at java.lang.ProcessImpl.<init>(ProcessImpl.java:81)
	at java.lang.ProcessImpl.start(ProcessImpl.java:30)
	at java.lang.ProcessBuilder.start(ProcessBuilder.java:452)
	... 10 more
2015-04-16 09:17:47,561 - 		Mgrep executed in: 00 hours, 00 minutes, 00 seconds. 
2015-04-16 09:17:47,561 - Processing of the result file... 
