2015-02-06 11:27:07,307 - ***************************************************** 
2015-02-06 11:27:07,307 - ResourceAccessTool creation... 
2015-02-06 11:27:07,341 - No needs to alter table obr_ctddp_element 
2015-02-06 11:27:07,385 - ResourceAccessTool CTDDP created to access CTD DiseasePathway (via NIF) (CTDDP).
 
2015-02-06 11:27:07,577 - **** Resource CTDDP processing 
2015-02-06 11:27:07,577 - Workflow Parameters[withCompleteDictionary= true, updateResource= true, reInitializeAllTables= false, reInitializeAllTablesExceptElement= false ] 
2015-02-06 11:27:07,591 - *** Resource CTD DiseasePathway (via NIF) update processing 
2015-02-06 11:27:07,592 - * Get All Elements for NIF CTD DiseasePathways ...  
2015-02-06 11:27:12,991 - ** PROBLEM ** Problem in getting rows. 
java.lang.NullPointerException
	at org.ncbo.stanford.obr.resource.nif.ctddiseasepathway.CTDDPAccessTool.getAllElements(CTDDPAccessTool.java:162)
	at org.ncbo.stanford.obr.resource.nif.ctddiseasepathway.CTDDPAccessTool.updateResourceContent(CTDDPAccessTool.java:116)
	at org.ncbo.stanford.obr.service.workflow.impl.ResourceIndexWorkflowImpl.resourceProcessing(ResourceIndexWorkflowImpl.java:195)
	at org.ncbo.stanford.obr.service.workflow.impl.ResourceIndexWorkflowImpl.startResourceIndexWorkflow(ResourceIndexWorkflowImpl.java:127)
	at org.ncbo.stanford.obr.populate.main.PopulateResourceIndex.main(PopulateResourceIndex.java:46)
2015-02-06 11:27:12,992 - 0 rows found. 
2015-02-06 11:27:12,992 - Number of new elements to dump: 0 
2015-02-06 11:27:12,992 - 0 elements added to the OBR_CTDDP_ET table. 
2015-02-06 11:27:13,015 - ### Resource CTD DiseasePathway (via NIF) updated with 0 elements in : 00 hours, 00 minutes, 05 seconds.
 
2015-03-31 17:46:14,002 - ***************************************************** 
2015-03-31 17:46:14,002 - ResourceAccessTool creation... 
2015-03-31 17:46:14,341 - ResourceAccessTool CTDDP created to access CTD DiseasePathway (via NIF) (CTDDP).
 
2015-03-31 17:46:14,715 - **** Resource CTDDP processing 
2015-03-31 17:46:14,715 - Workflow Parameters[withCompleteDictionary= true, updateResource= true, reInitializeAllTables= false, reInitializeAllTablesExceptElement= false ] 
2015-03-31 17:46:14,737 - Resource entry updated. 
2015-03-31 17:46:14,739 - *** Resource CTD DiseasePathway (via NIF) update processing 
2015-03-31 17:46:14,739 - * Get All Elements for NIF CTD DiseasePathways ...  
2015-03-31 17:48:24,770 - 3489 rows found. 
2015-03-31 17:48:24,770 - Number of new elements to dump: 3489 
2015-03-31 17:48:25,826 - 3489 elements added to the OBR_CTDDP_ET table. 
2015-03-31 17:48:25,858 - ### Resource CTD DiseasePathway (via NIF) updated with 3489 elements in : 00 hours, 02 minutes, 11 seconds.
 
2015-03-31 17:48:25,992 - Query :::: SELECT count(id) FROM obr_ctddp_element WHERE dictionary_id IS NULL OR dictionary_id<20;3489 
2015-03-31 17:48:25,992 - Key obr.statistics.populate was not found in resource bundle 'config' for locale 'en_US' 
2015-03-31 17:48:25,995 - Query :::: SELECT count(id) FROM obr_ctddp_element WHERE dictionary_id IS NULL OR dictionary_id<20;3489 
2015-03-31 17:48:25,995 - *** Executing  Direct Annotation process...  
2015-03-31 17:48:25,998 - Query :::: SELECT count(id) FROM obr_ctddp_element WHERE dictionary_id IS NULL OR dictionary_id<20;3489 
2015-03-31 17:48:25,998 - 	** Concept recognition with Mgrep: 
2015-03-31 17:48:25,999 - Exporting the resource content to a file to be annotated with Mgrep... 
2015-03-31 17:48:26,114 - 		ResourceFile created in: 00 hours, 00 minutes, 00 seconds.
 
2015-03-31 17:48:26,114 - Call to Mgrep... 
2015-03-31 17:48:26,115 - Local Mgrep execution... 
2015-03-31 17:48:26,115 - command: files/mgrep/mgrep3.0/mgrep -w -i -f files/dictionaries/branch1.0/localhost/OBS_DICO_c035_CMP_MGREP.txt < files/mgrep/mgrepInputs/OBR_RESOURCE_CTDDP_V20_MGREP.txt > files/mgrep/mgrepOutputs/OBR_RESOURCE_CTDDP_V20_MGREP.txt.mgrep 
2015-03-31 17:48:26,132 - ** PROBLEM ** Cannot create MgrepFile. 
java.io.IOException: Cannot run program "/bin/sh": CreateProcess error=2, The system cannot find the file specified
	at java.lang.ProcessBuilder.start(ProcessBuilder.java:459)
	at java.lang.Runtime.exec(Runtime.java:593)
	at java.lang.Runtime.exec(Runtime.java:466)
	at org.ncbo.stanford.obr.util.mgrep.ConceptRecognitionTools.mgrepLocal(ConceptRecognitionTools.java:64)
	at org.ncbo.stanford.obr.service.annotation.impl.AnnotationServiceImpl.mgrepCall(AnnotationServiceImpl.java:153)
	at org.ncbo.stanford.obr.service.annotation.impl.AnnotationServiceImpl.conceptRecognitionWithMgrep(AnnotationServiceImpl.java:124)
	at org.ncbo.stanford.obr.service.annotation.impl.AnnotationServiceImpl.resourceAnnotation(AnnotationServiceImpl.java:51)
	at org.ncbo.stanford.obr.service.workflow.impl.ResourceIndexWorkflowImpl.executeWorkflow(ResourceIndexWorkflowImpl.java:273)
	at org.ncbo.stanford.obr.service.workflow.impl.ResourceIndexWorkflowImpl.resourceProcessing(ResourceIndexWorkflowImpl.java:219)
	at org.ncbo.stanford.obr.service.workflow.impl.ResourceIndexWorkflowImpl.startResourceIndexWorkflow(ResourceIndexWorkflowImpl.java:127)
	at org.ncbo.stanford.obr.populate.main.PopulateResourceIndex.main(PopulateResourceIndex.java:46)
Caused by: java.io.IOException: CreateProcess error=2, The system cannot find the file specified
	at java.lang.ProcessImpl.create(Native Method)
	at java.lang.ProcessImpl.<init>(ProcessImpl.java:81)
	at java.lang.ProcessImpl.start(ProcessImpl.java:30)
	at java.lang.ProcessBuilder.start(ProcessBuilder.java:452)
	... 10 more
2015-03-31 17:48:26,133 - 		Mgrep executed in: 00 hours, 00 minutes, 00 seconds. 
2015-03-31 17:48:26,133 - Processing of the result file... 
