2014-12-11 12:25:57,999 - ***************************************************** 
2014-12-11 12:25:57,999 - ResourceAccessTool creation... 
2014-12-11 12:25:58,436 - ResourceAccessTool CTDD created to access CTD Disease (via NIF) (CTDD).
 
2014-12-11 12:25:58,623 - **** Resource CTDD processing 
2014-12-11 12:25:58,623 - Workflow Parameters[withCompleteDictionary= true, updateResource= true, reInitializeAllTables= false, reInitializeAllTablesExceptElement= false ] 
2014-12-11 12:25:58,655 - *** Resource CTD Disease (via NIF) update processing 
2014-12-11 12:25:58,655 - * Get All Elements for NIF CTD ChemDisease ...  
2014-12-11 12:26:09,046 - Number of new elements to dump: 5000 
2014-12-11 12:26:09,046 - * Get All Elements for NIF CTD ChemDisease ...  
2014-12-11 12:26:15,724 - Number of new elements to dump: 5000 
2014-12-11 12:26:16,443 - 5000 elements added to the OBR_CTDCD_ET table. 
2014-12-11 12:26:16,443 - * Get All Elements for NIF CTD ChemDisease ...  
2014-12-11 12:26:24,555 - Number of new elements to dump: 5000 
2014-12-11 12:26:24,555 - * Get All Elements for NIF CTD ChemDisease ...  
2014-12-11 12:26:40,624 - Number of new elements to dump: 5000 
2014-12-11 12:26:41,327 - 5000 elements added to the OBR_CTDCD_ET table. 
2014-12-11 12:26:41,327 - * Get All Elements for NIF CTD ChemDisease ...  
2014-12-11 12:26:53,684 - Number of new elements to dump: 1907 
2014-12-11 12:26:53,684 - * Get All Elements for NIF CTD ChemDisease ...  
2014-12-11 12:27:09,441 - Number of new elements to dump: 1907 
2014-12-11 12:27:09,707 - ### Resource CTD Disease (via NIF) updated with 5000 elements in : 00 hours, 01 minutes, 11 seconds.
 
2014-12-11 12:27:09,738 - Query :::: SELECT count(id) FROM obr_ctdd_element WHERE dictionary_id IS NULL OR dictionary_id<20;11907 
2014-12-11 12:27:09,738 - Key obr.statistics.populate was not found in resource bundle 'config' for locale 'en_US' 
2014-12-11 12:27:09,738 - Query :::: SELECT count(id) FROM obr_ctdd_element WHERE dictionary_id IS NULL OR dictionary_id<20;11907 
2014-12-11 12:27:09,738 - *** Executing  Direct Annotation process...  
2014-12-11 12:27:09,738 - Query :::: SELECT count(id) FROM obr_ctdd_element WHERE dictionary_id IS NULL OR dictionary_id<20;11907 
2014-12-11 12:27:09,738 - 	** Concept recognition with Mgrep: 
2014-12-11 12:27:09,738 - Exporting the resource content to a file to be annotated with Mgrep... 
2014-12-11 12:27:10,035 - 		ResourceFile created in: 00 hours, 00 minutes, 00 seconds.
 
2014-12-11 12:27:10,035 - Call to Mgrep... 
2014-12-11 12:27:10,035 - Local Mgrep execution... 
2014-12-11 12:27:10,035 - command: files/mgrep/mgrep3.0/mgrep -w -i -f files/dictionaries/branch1.0/localhost/OBS_DICO_c035_CMP_MGREP.txt < files/mgrep/mgrepInputs/OBR_RESOURCE_CTDD_V20_MGREP.txt > files/mgrep/mgrepOutputs/OBR_RESOURCE_CTDD_V20_MGREP.txt.mgrep 
2014-12-11 12:27:10,035 - ** PROBLEM ** Cannot create MgrepFile. 
java.io.IOException: Cannot run program "/bin/sh": CreateProcess error=2, The system cannot find the file specified
	at java.lang.ProcessBuilder.start(ProcessBuilder.java:459)
	at java.lang.Runtime.exec(Runtime.java:593)
	at java.lang.Runtime.exec(Runtime.java:466)
	at org.ncbo.stanford.obr.util.mgrep.ConceptRecognitionTools.mgrepLocal(ConceptRecognitionTools.java:64)
	at org.ncbo.stanford.obr.service.annotation.impl.AnnotationServiceImpl.mgrepCall(AnnotationServiceImpl.java:153)
	at org.ncbo.stanford.obr.service.annotation.impl.AnnotationServiceImpl.conceptRecognitionWithMgrep(AnnotationServiceImpl.java:124)
	at org.ncbo.stanford.obr.service.annotation.impl.AnnotationServiceImpl.resourceAnnotation(AnnotationServiceImpl.java:51)
	at org.ncbo.stanford.obr.service.workflow.impl.ResourceIndexWorkflowImpl.executeWorkflow(ResourceIndexWorkflowImpl.java:273)
	at org.ncbo.stanford.obr.service.workflow.impl.ResourceIndexWorkflowImpl.resourceProcessing(ResourceIndexWorkflowImpl.java:219)
	at org.ncbo.stanford.obr.service.workflow.impl.ResourceIndexWorkflowImpl.startResourceIndexWorkflow(ResourceIndexWorkflowImpl.java:127)
	at org.ncbo.stanford.obr.populate.main.PopulateResourceIndex.main(PopulateResourceIndex.java:46)
Caused by: java.io.IOException: CreateProcess error=2, The system cannot find the file specified
	at java.lang.ProcessImpl.create(Native Method)
	at java.lang.ProcessImpl.<init>(ProcessImpl.java:81)
	at java.lang.ProcessImpl.start(ProcessImpl.java:30)
	at java.lang.ProcessBuilder.start(ProcessBuilder.java:452)
	... 10 more
2014-12-11 12:27:10,035 - 		Mgrep executed in: 00 hours, 00 minutes, 00 seconds. 
2014-12-11 12:27:10,035 - Processing of the result file... 
2015-03-03 08:53:34,649 - ***************************************************** 
2015-03-03 08:53:34,666 - ResourceAccessTool creation... 
2015-03-03 08:53:34,723 - No needs to alter table obr_ctdd_element 
2015-03-03 08:53:34,857 - ResourceAccessTool CTDD created to access CTD Disease (via NIF) (CTDD).
 
2015-03-03 08:53:35,050 - **** Resource CTDD processing 
2015-03-03 08:53:35,050 - Workflow Parameters[withCompleteDictionary= true, updateResource= true, reInitializeAllTables= false, reInitializeAllTablesExceptElement= false ] 
2015-03-03 08:53:35,098 - *** Resource CTD Disease (via NIF) update processing 
2015-03-03 08:59:01,784 - ***************************************************** 
2015-03-03 08:59:01,784 - ResourceAccessTool creation... 
2015-03-03 08:59:07,165 - ResourceAccessTool CTDD created to access CTD Disease (via NIF) (CTDD).
 
2015-03-03 08:59:07,367 - **** Resource CTDD processing 
2015-03-03 08:59:07,367 - Workflow Parameters[withCompleteDictionary= true, updateResource= true, reInitializeAllTables= false, reInitializeAllTablesExceptElement= false ] 
2015-03-03 08:59:08,146 - *** Resource CTD Disease (via NIF) update processing 
2015-03-03 09:01:15,807 - 500 elements added to the OBR_CTDD_ET table. 
2015-03-03 09:03:21,868 - 500 elements added to the OBR_CTDD_ET table. 
2015-03-03 09:05:27,733 - 500 elements added to the OBR_CTDD_ET table. 
2015-03-03 09:07:33,589 - 500 elements added to the OBR_CTDD_ET table. 
2015-03-03 09:09:39,679 - 500 elements added to the OBR_CTDD_ET table. 
2015-03-03 09:11:46,655 - 500 elements added to the OBR_CTDD_ET table. 
2015-03-03 09:13:53,752 - 500 elements added to the OBR_CTDD_ET table. 
2015-03-03 09:16:02,943 - 500 elements added to the OBR_CTDD_ET table. 
2015-03-03 09:18:09,255 - 500 elements added to the OBR_CTDD_ET table. 
2015-03-03 09:20:16,514 - 500 elements added to the OBR_CTDD_ET table. 
2015-03-03 09:22:25,182 - 500 elements added to the OBR_CTDD_ET table. 
2015-03-03 09:24:32,493 - 500 elements added to the OBR_CTDD_ET table. 
2015-03-03 09:26:38,965 - 500 elements added to the OBR_CTDD_ET table. 
2015-03-03 09:28:45,670 - 500 elements added to the OBR_CTDD_ET table. 
2015-03-03 09:31:12,466 - 500 elements added to the OBR_CTDD_ET table. 
2015-03-03 09:33:19,019 - 500 elements added to the OBR_CTDD_ET table. 
2015-03-03 09:35:25,478 - 500 elements added to the OBR_CTDD_ET table. 
2015-03-03 09:37:35,217 - 500 elements added to the OBR_CTDD_ET table. 
2015-03-03 09:39:41,454 - 500 elements added to the OBR_CTDD_ET table. 
2015-03-03 09:41:48,121 - 500 elements added to the OBR_CTDD_ET table. 
2015-03-03 09:43:56,044 - 500 elements added to the OBR_CTDD_ET table. 
2015-03-03 09:46:03,939 - 500 elements added to the OBR_CTDD_ET table. 
2015-03-03 09:48:32,820 - 500 elements added to the OBR_CTDD_ET table. 
2015-03-03 09:50:37,047 - 386 elements added to the OBR_CTDD_ET table. 
2015-03-03 09:50:37,666 - ### Resource CTD Disease (via NIF) updated with 0 elements in : 00 hours, 51 minutes, 29 seconds.
 
2015-03-03 09:50:38,841 - Query :::: SELECT count(id) FROM obr_ctdd_element WHERE dictionary_id IS NULL OR dictionary_id<23;11886 
2015-03-03 09:50:38,842 - Key obr.statistics.populate was not found in resource bundle 'config' for locale 'en_US' 
2015-03-03 09:50:39,198 - Query :::: SELECT count(id) FROM obr_ctdd_element WHERE dictionary_id IS NULL OR dictionary_id<23;11886 
2015-03-03 09:50:39,198 - *** Executing  Direct Annotation process...  
2015-03-03 09:50:39,551 - Query :::: SELECT count(id) FROM obr_ctdd_element WHERE dictionary_id IS NULL OR dictionary_id<23;11886 
2015-03-03 09:50:39,552 - 	** Concept recognition with Mgrep: 
2015-03-03 09:50:39,552 - Exporting the resource content to a file to be annotated with Mgrep... 
2015-03-03 09:55:11,388 - 		ResourceFile created in: 00 hours, 04 minutes, 31 seconds.
 
2015-03-03 09:55:11,389 - Call to Mgrep... 
2015-03-03 09:55:11,405 - Local Mgrep execution... 
2015-03-03 09:55:11,405 - command: files/mgrep/mgrep3.0/mgrep -w -i -f files/dictionaries/branch1.0/localhost/OBS_DICO_ad63_CMP_MGREP.txt < files/mgrep/mgrepInputs/OBR_RESOURCE_CTDD_V23_MGREP.txt > files/mgrep/mgrepOutputs/OBR_RESOURCE_CTDD_V23_MGREP.txt.mgrep 
2015-03-03 09:55:11,410 - ** PROBLEM ** Cannot create MgrepFile. 
java.io.IOException: Cannot run program "/bin/sh": CreateProcess error=2, The system cannot find the file specified
	at java.lang.ProcessBuilder.start(ProcessBuilder.java:459)
	at java.lang.Runtime.exec(Runtime.java:593)
	at java.lang.Runtime.exec(Runtime.java:466)
	at org.ncbo.stanford.obr.util.mgrep.ConceptRecognitionTools.mgrepLocal(ConceptRecognitionTools.java:64)
	at org.ncbo.stanford.obr.service.annotation.impl.AnnotationServiceImpl.mgrepCall(AnnotationServiceImpl.java:153)
	at org.ncbo.stanford.obr.service.annotation.impl.AnnotationServiceImpl.conceptRecognitionWithMgrep(AnnotationServiceImpl.java:124)
	at org.ncbo.stanford.obr.service.annotation.impl.AnnotationServiceImpl.resourceAnnotation(AnnotationServiceImpl.java:51)
	at org.ncbo.stanford.obr.service.workflow.impl.ResourceIndexWorkflowImpl.executeWorkflow(ResourceIndexWorkflowImpl.java:273)
	at org.ncbo.stanford.obr.service.workflow.impl.ResourceIndexWorkflowImpl.resourceProcessing(ResourceIndexWorkflowImpl.java:219)
	at org.ncbo.stanford.obr.service.workflow.impl.ResourceIndexWorkflowImpl.startResourceIndexWorkflow(ResourceIndexWorkflowImpl.java:127)
	at org.ncbo.stanford.obr.populate.main.PopulateResourceIndex.main(PopulateResourceIndex.java:46)
Caused by: java.io.IOException: CreateProcess error=2, The system cannot find the file specified
	at java.lang.ProcessImpl.create(Native Method)
	at java.lang.ProcessImpl.<init>(ProcessImpl.java:81)
	at java.lang.ProcessImpl.start(ProcessImpl.java:30)
	at java.lang.ProcessBuilder.start(ProcessBuilder.java:452)
	... 10 more
2015-03-03 09:55:11,411 - 		Mgrep executed in: 00 hours, 00 minutes, 00 seconds. 
2015-03-03 09:55:11,411 - Processing of the result file... 
2015-03-26 15:45:09,500 - ***************************************************** 
2015-03-26 15:45:09,513 - ResourceAccessTool creation... 
2015-03-26 15:45:09,805 - ResourceAccessTool CTDD created to access CTD Disease (via NIF) (CTDD).
 
2015-03-26 15:45:09,991 - **** Resource CTDD processing 
2015-03-26 15:45:09,991 - Workflow Parameters[withCompleteDictionary= true, updateResource= true, reInitializeAllTables= false, reInitializeAllTablesExceptElement= false ] 
2015-03-26 15:45:10,006 - Resource entry updated. 
2015-03-26 15:45:10,008 - *** Resource CTD Disease (via NIF) update processing 
2015-03-26 15:45:18,107 - ### Resource CTD Disease (via NIF) updated with 0 elements in : 00 hours, 00 minutes, 08 seconds.
 
2015-03-26 15:45:18,131 - Query :::: SELECT count(id) FROM obr_ctdd_element WHERE dictionary_id IS NULL OR dictionary_id<20;0 
2015-03-26 15:45:18,132 - Key obr.statistics.populate was not found in resource bundle 'config' for locale 'en_US' 
2015-03-26 15:45:18,132 - Query :::: SELECT count(id) FROM obr_ctdd_element WHERE dictionary_id IS NULL OR dictionary_id<20;0 
2015-03-26 15:45:18,133 - Resource entry updated with latest dictionary ID. 
2015-03-26 15:45:18,133 - #### Resource CTD Disease (via NIF) processed in: 00 hours, 00 minutes, 08 seconds. 
2015-03-26 15:51:25,100 - ***************************************************** 
2015-03-26 15:51:25,100 - ResourceAccessTool creation... 
2015-03-26 15:51:25,136 - No needs to alter table obr_ctdd_element 
2015-03-26 15:51:25,139 - ResourceAccessTool CTDD created to access CTD Disease (via NIF) (CTDD).
 
2015-03-26 15:51:25,321 - **** Resource CTDD processing 
2015-03-26 15:51:25,321 - Workflow Parameters[withCompleteDictionary= true, updateResource= true, reInitializeAllTables= false, reInitializeAllTablesExceptElement= false ] 
2015-03-26 15:51:25,336 - Resource entry updated. 
2015-03-26 15:51:25,336 - *** Resource CTD Disease (via NIF) update processing 
2015-03-26 15:51:27,362 - 500 elements added to the OBR_CTDCD_ET table. 
2015-03-26 15:51:28,281 - 500 elements added to the OBR_CTDCD_ET table. 
2015-03-26 15:51:29,209 - 500 elements added to the OBR_CTDCD_ET table. 
2015-03-26 15:51:30,710 - 500 elements added to the OBR_CTDCD_ET table. 
2015-03-26 15:51:31,329 - 500 elements added to the OBR_CTDCD_ET table. 
2015-03-26 15:51:32,824 - 500 elements added to the OBR_CTDCD_ET table. 
2015-03-26 15:51:34,443 - 500 elements added to the OBR_CTDCD_ET table. 
2015-03-26 15:51:35,664 - 500 elements added to the OBR_CTDCD_ET table. 
2015-03-26 15:51:36,557 - 500 elements added to the OBR_CTDCD_ET table. 
2015-03-26 15:51:37,738 - 500 elements added to the OBR_CTDCD_ET table. 
2015-03-26 15:51:38,743 - 500 elements added to the OBR_CTDCD_ET table. 
2015-03-26 15:51:40,717 - 500 elements added to the OBR_CTDCD_ET table. 
2015-03-26 15:51:43,089 - 500 elements added to the OBR_CTDCD_ET table. 
2015-03-26 15:51:44,413 - 500 elements added to the OBR_CTDCD_ET table. 
2015-03-26 15:51:44,981 - 500 elements added to the OBR_CTDCD_ET table. 
2015-03-26 15:51:45,763 - 500 elements added to the OBR_CTDCD_ET table. 
2015-03-26 15:51:47,909 - 500 elements added to the OBR_CTDCD_ET table. 
2015-03-26 15:51:51,638 - 500 elements added to the OBR_CTDCD_ET table. 
2015-03-26 15:51:54,742 - 500 elements added to the OBR_CTDCD_ET table. 
2015-03-26 15:51:57,947 - 500 elements added to the OBR_CTDCD_ET table. 
2015-03-26 15:52:00,156 - 500 elements added to the OBR_CTDCD_ET table. 
2015-03-26 15:52:02,084 - 500 elements added to the OBR_CTDCD_ET table. 
2015-03-26 15:52:03,656 - 500 elements added to the OBR_CTDCD_ET table. 
2015-03-26 15:52:06,690 - 385 elements added to the OBR_CTDCD_ET table. 
2015-03-26 15:52:06,690 - ### Resource CTD Disease (via NIF) updated with 0 elements in : 00 hours, 00 minutes, 41 seconds.
 
2015-03-26 15:52:06,708 - Query :::: SELECT count(id) FROM obr_ctdd_element WHERE dictionary_id IS NULL OR dictionary_id<20;11885 
2015-03-26 15:52:06,708 - Key obr.statistics.populate was not found in resource bundle 'config' for locale 'en_US' 
2015-03-26 15:52:06,715 - Query :::: SELECT count(id) FROM obr_ctdd_element WHERE dictionary_id IS NULL OR dictionary_id<20;11885 
2015-03-26 15:52:06,715 - *** Executing  Direct Annotation process...  
2015-03-26 15:52:06,722 - Query :::: SELECT count(id) FROM obr_ctdd_element WHERE dictionary_id IS NULL OR dictionary_id<20;11885 
2015-03-26 15:52:06,722 - 	** Concept recognition with Mgrep: 
2015-03-26 15:52:06,722 - Exporting the resource content to a file to be annotated with Mgrep... 
2015-03-26 15:52:07,021 - 		ResourceFile created in: 00 hours, 00 minutes, 00 seconds.
 
2015-03-26 15:52:07,021 - Call to Mgrep... 
2015-03-26 15:52:07,022 - Local Mgrep execution... 
2015-03-26 15:52:07,022 - command: files/mgrep/mgrep3.0/mgrep -w -i -f files/dictionaries/branch1.0/localhost/OBS_DICO_c035_CMP_MGREP.txt < files/mgrep/mgrepInputs/OBR_RESOURCE_CTDD_V20_MGREP.txt > files/mgrep/mgrepOutputs/OBR_RESOURCE_CTDD_V20_MGREP.txt.mgrep 
2015-03-26 15:52:07,024 - ** PROBLEM ** Cannot create MgrepFile. 
java.io.IOException: Cannot run program "/bin/sh": CreateProcess error=2, The system cannot find the file specified
	at java.lang.ProcessBuilder.start(ProcessBuilder.java:459)
	at java.lang.Runtime.exec(Runtime.java:593)
	at java.lang.Runtime.exec(Runtime.java:466)
	at org.ncbo.stanford.obr.util.mgrep.ConceptRecognitionTools.mgrepLocal(ConceptRecognitionTools.java:64)
	at org.ncbo.stanford.obr.service.annotation.impl.AnnotationServiceImpl.mgrepCall(AnnotationServiceImpl.java:153)
	at org.ncbo.stanford.obr.service.annotation.impl.AnnotationServiceImpl.conceptRecognitionWithMgrep(AnnotationServiceImpl.java:124)
	at org.ncbo.stanford.obr.service.annotation.impl.AnnotationServiceImpl.resourceAnnotation(AnnotationServiceImpl.java:51)
	at org.ncbo.stanford.obr.service.workflow.impl.ResourceIndexWorkflowImpl.executeWorkflow(ResourceIndexWorkflowImpl.java:273)
	at org.ncbo.stanford.obr.service.workflow.impl.ResourceIndexWorkflowImpl.resourceProcessing(ResourceIndexWorkflowImpl.java:219)
	at org.ncbo.stanford.obr.service.workflow.impl.ResourceIndexWorkflowImpl.startResourceIndexWorkflow(ResourceIndexWorkflowImpl.java:127)
	at org.ncbo.stanford.obr.populate.main.PopulateResourceIndex.main(PopulateResourceIndex.java:46)
Caused by: java.io.IOException: CreateProcess error=2, The system cannot find the file specified
	at java.lang.ProcessImpl.create(Native Method)
	at java.lang.ProcessImpl.<init>(ProcessImpl.java:81)
	at java.lang.ProcessImpl.start(ProcessImpl.java:30)
	at java.lang.ProcessBuilder.start(ProcessBuilder.java:452)
	... 10 more
2015-03-26 15:52:07,025 - 		Mgrep executed in: 00 hours, 00 minutes, 00 seconds. 
2015-03-26 15:52:07,025 - Processing of the result file... 
2015-03-31 10:47:58,022 - ***************************************************** 
2015-03-31 10:47:58,038 - ResourceAccessTool creation... 
2015-03-31 10:47:58,634 - ResourceAccessTool CTDD created to access CTD Disease (via NIF) (CTDD).
 
2015-03-31 10:47:59,095 - **** Resource CTDD processing 
2015-03-31 10:47:59,095 - Workflow Parameters[withCompleteDictionary= true, updateResource= true, reInitializeAllTables= false, reInitializeAllTablesExceptElement= false ] 
2015-03-31 10:47:59,175 - Resource entry updated. 
2015-03-31 10:47:59,177 - *** Resource CTD Disease (via NIF) update processing 
2015-03-31 10:48:01,602 - 500 elements added to the OBR_CTDCD_ET table. 
2015-03-31 10:48:02,222 - 500 elements added to the OBR_CTDCD_ET table. 
2015-03-31 10:48:02,792 - 500 elements added to the OBR_CTDCD_ET table. 
2015-03-31 10:48:03,954 - 500 elements added to the OBR_CTDCD_ET table. 
2015-03-31 10:48:04,322 - 500 elements added to the OBR_CTDCD_ET table. 
2015-03-31 10:48:04,918 - 500 elements added to the OBR_CTDCD_ET table. 
2015-03-31 10:48:05,249 - 500 elements added to the OBR_CTDCD_ET table. 
2015-03-31 10:48:05,940 - 500 elements added to the OBR_CTDCD_ET table. 
2015-03-31 10:48:06,528 - 500 elements added to the OBR_CTDCD_ET table. 
2015-03-31 10:48:07,058 - 500 elements added to the OBR_CTDCD_ET table. 
2015-03-31 10:48:07,517 - 500 elements added to the OBR_CTDCD_ET table. 
2015-03-31 10:48:07,977 - 500 elements added to the OBR_CTDCD_ET table. 
2015-03-31 10:48:08,492 - 500 elements added to the OBR_CTDCD_ET table. 
2015-03-31 10:48:09,078 - 500 elements added to the OBR_CTDCD_ET table. 
2015-03-31 10:48:09,448 - 500 elements added to the OBR_CTDCD_ET table. 
2015-03-31 10:48:09,930 - 500 elements added to the OBR_CTDCD_ET table. 
2015-03-31 10:48:10,367 - 500 elements added to the OBR_CTDCD_ET table. 
2015-03-31 10:48:10,732 - 500 elements added to the OBR_CTDCD_ET table. 
2015-03-31 10:48:11,129 - 500 elements added to the OBR_CTDCD_ET table. 
2015-03-31 10:48:11,513 - 500 elements added to the OBR_CTDCD_ET table. 
2015-03-31 10:48:11,789 - 500 elements added to the OBR_CTDCD_ET table. 
2015-03-31 10:48:12,095 - 500 elements added to the OBR_CTDCD_ET table. 
2015-03-31 10:48:12,593 - 500 elements added to the OBR_CTDCD_ET table. 
2015-03-31 10:48:13,675 - 385 elements added to the OBR_CTDCD_ET table. 
2015-03-31 10:48:13,676 - ### Resource CTD Disease (via NIF) updated with 0 elements in : 00 hours, 00 minutes, 14 seconds.
 
2015-03-31 10:48:13,792 - Query :::: SELECT count(id) FROM obr_ctdd_element WHERE dictionary_id IS NULL OR dictionary_id<20;11885 
2015-03-31 10:48:13,792 - Key obr.statistics.populate was not found in resource bundle 'config' for locale 'en_US' 
2015-03-31 10:48:13,803 - Query :::: SELECT count(id) FROM obr_ctdd_element WHERE dictionary_id IS NULL OR dictionary_id<20;11885 
2015-03-31 10:48:13,803 - *** Executing  Direct Annotation process...  
2015-03-31 10:48:13,814 - Query :::: SELECT count(id) FROM obr_ctdd_element WHERE dictionary_id IS NULL OR dictionary_id<20;11885 
2015-03-31 10:48:13,814 - 	** Concept recognition with Mgrep: 
2015-03-31 10:48:13,815 - Exporting the resource content to a file to be annotated with Mgrep... 
2015-03-31 10:48:14,128 - 		ResourceFile created in: 00 hours, 00 minutes, 00 seconds.
 
2015-03-31 10:48:14,128 - Call to Mgrep... 
2015-03-31 10:48:14,142 - Local Mgrep execution... 
2015-03-31 10:48:14,142 - command: files/mgrep/mgrep3.0/mgrep -w -i -f files/dictionaries/branch1.0/localhost/OBS_DICO_c035_CMP_MGREP.txt < files/mgrep/mgrepInputs/OBR_RESOURCE_CTDD_V20_MGREP.txt > files/mgrep/mgrepOutputs/OBR_RESOURCE_CTDD_V20_MGREP.txt.mgrep 
2015-03-31 10:48:14,175 - ** PROBLEM ** Cannot create MgrepFile. 
java.io.IOException: Cannot run program "/bin/sh": CreateProcess error=2, The system cannot find the file specified
	at java.lang.ProcessBuilder.start(ProcessBuilder.java:459)
	at java.lang.Runtime.exec(Runtime.java:593)
	at java.lang.Runtime.exec(Runtime.java:466)
	at org.ncbo.stanford.obr.util.mgrep.ConceptRecognitionTools.mgrepLocal(ConceptRecognitionTools.java:64)
	at org.ncbo.stanford.obr.service.annotation.impl.AnnotationServiceImpl.mgrepCall(AnnotationServiceImpl.java:153)
	at org.ncbo.stanford.obr.service.annotation.impl.AnnotationServiceImpl.conceptRecognitionWithMgrep(AnnotationServiceImpl.java:124)
	at org.ncbo.stanford.obr.service.annotation.impl.AnnotationServiceImpl.resourceAnnotation(AnnotationServiceImpl.java:51)
	at org.ncbo.stanford.obr.service.workflow.impl.ResourceIndexWorkflowImpl.executeWorkflow(ResourceIndexWorkflowImpl.java:273)
	at org.ncbo.stanford.obr.service.workflow.impl.ResourceIndexWorkflowImpl.resourceProcessing(ResourceIndexWorkflowImpl.java:219)
	at org.ncbo.stanford.obr.service.workflow.impl.ResourceIndexWorkflowImpl.startResourceIndexWorkflow(ResourceIndexWorkflowImpl.java:127)
	at org.ncbo.stanford.obr.populate.main.PopulateResourceIndex.main(PopulateResourceIndex.java:46)
Caused by: java.io.IOException: CreateProcess error=2, The system cannot find the file specified
	at java.lang.ProcessImpl.create(Native Method)
	at java.lang.ProcessImpl.<init>(ProcessImpl.java:81)
	at java.lang.ProcessImpl.start(ProcessImpl.java:30)
	at java.lang.ProcessBuilder.start(ProcessBuilder.java:452)
	... 10 more
2015-03-31 10:48:14,176 - 		Mgrep executed in: 00 hours, 00 minutes, 00 seconds. 
2015-03-31 10:48:14,176 - Processing of the result file... 
