2014-12-11 11:40:39,999 - ***************************************************** 
2014-12-11 11:40:39,999 - ResourceAccessTool creation... 
2014-12-11 11:40:40,296 - ResourceAccessTool CTDGP created to access CTD Chemical (via NIF) (CTDGP).
 
2014-12-11 11:40:40,467 - **** Resource CTDGP processing 
2014-12-11 11:40:40,467 - Workflow Parameters[withCompleteDictionary= true, updateResource= true, reInitializeAllTables= false, reInitializeAllTablesExceptElement= false ] 
2014-12-11 11:40:40,483 - *** Resource CTD Chemical (via NIF) update processing 
2014-12-11 11:40:40,483 - * Get All Elements for NIF CTD ChemDisease ...  
2014-12-11 11:40:47,659 - 5000 rows found. 
2014-12-11 11:40:47,659 - * Get All Elements for NIF CTD ChemDisease ...  
2014-12-11 11:40:55,040 - 5000 rows found. 
2014-12-11 11:40:55,040 - Number of new elements to dump: 5000 
2014-12-11 11:40:55,571 - * Get All Elements for NIF CTD ChemDisease ...  
2014-12-11 11:40:59,674 - 5000 rows found. 
2014-12-11 11:40:59,674 - * Get All Elements for NIF CTD ChemDisease ...  
2014-12-11 11:41:06,900 - 5000 rows found. 
2014-12-11 11:41:06,900 - Number of new elements to dump: 5000 
2014-12-11 11:41:07,384 - * Get All Elements for NIF CTD ChemDisease ...  
2014-12-11 11:41:13,952 - 5000 rows found. 
2014-12-11 11:41:13,952 - * Get All Elements for NIF CTD ChemDisease ...  
2014-12-11 11:41:23,412 - 5000 rows found. 
2014-12-11 11:41:23,412 - Number of new elements to dump: 5000 
2014-12-11 11:41:23,881 - * Get All Elements for NIF CTD ChemDisease ...  
2014-12-11 11:41:26,658 - 5000 rows found. 
2014-12-11 11:41:26,658 - * Get All Elements for NIF CTD ChemDisease ...  
2014-12-11 11:41:31,042 - 5000 rows found. 
2014-12-11 11:41:31,042 - Number of new elements to dump: 5000 
2014-12-11 11:41:31,527 - * Get All Elements for NIF CTD ChemDisease ...  
2014-12-11 11:41:37,471 - 5000 rows found. 
2014-12-11 11:41:37,471 - * Get All Elements for NIF CTD ChemDisease ...  
2014-12-11 11:41:43,572 - 5000 rows found. 
2014-12-11 11:41:43,572 - Number of new elements to dump: 5000 
2014-12-11 11:41:44,057 - * Get All Elements for NIF CTD ChemDisease ...  
2014-12-11 11:41:47,879 - 5000 rows found. 
2014-12-11 11:41:47,879 - * Get All Elements for NIF CTD ChemDisease ...  
2014-12-11 11:41:59,705 - 5000 rows found. 
2014-12-11 11:41:59,705 - Number of new elements to dump: 5000 
2014-12-11 11:42:00,174 - * Get All Elements for NIF CTD ChemDisease ...  
2014-12-11 11:42:05,759 - 5000 rows found. 
2014-12-11 11:42:05,759 - * Get All Elements for NIF CTD ChemDisease ...  
2014-12-11 11:42:10,082 - 5000 rows found. 
2014-12-11 11:42:10,082 - Number of new elements to dump: 5000 
2014-12-11 11:42:10,551 - * Get All Elements for NIF CTD ChemDisease ...  
2014-12-11 11:42:13,016 - 5000 rows found. 
2014-12-11 11:42:13,016 - * Get All Elements for NIF CTD ChemDisease ...  
2014-12-11 11:42:15,576 - 5000 rows found. 
2014-12-11 11:42:15,576 - Number of new elements to dump: 5000 
2014-12-11 11:42:16,107 - * Get All Elements for NIF CTD ChemDisease ...  
2014-12-11 11:42:18,681 - 5000 rows found. 
2014-12-11 11:42:18,681 - * Get All Elements for NIF CTD ChemDisease ...  
2014-12-11 11:42:23,986 - 5000 rows found. 
2014-12-11 11:42:23,986 - Number of new elements to dump: 5000 
2014-12-11 11:42:24,471 - * Get All Elements for NIF CTD ChemDisease ...  
2014-12-11 11:42:31,693 - 5000 rows found. 
2014-12-11 11:42:31,693 - * Get All Elements for NIF CTD ChemDisease ...  
2014-12-11 11:42:38,047 - 5000 rows found. 
2014-12-11 11:42:38,047 - Number of new elements to dump: 5000 
2014-12-11 11:42:38,516 - * Get All Elements for NIF CTD ChemDisease ...  
2014-12-11 11:42:47,247 - 5000 rows found. 
2014-12-11 11:42:47,247 - * Get All Elements for NIF CTD ChemDisease ...  
2014-12-11 11:42:55,266 - 5000 rows found. 
2014-12-11 11:42:55,266 - Number of new elements to dump: 5000 
2014-12-11 11:42:55,735 - * Get All Elements for NIF CTD ChemDisease ...  
2014-12-11 11:43:02,428 - 5000 rows found. 
2014-12-11 11:43:02,428 - * Get All Elements for NIF CTD ChemDisease ...  
2014-12-11 11:43:04,817 - 5000 rows found. 
2014-12-11 11:43:04,817 - Number of new elements to dump: 5000 
2014-12-11 11:43:05,301 - * Get All Elements for NIF CTD ChemDisease ...  
2014-12-11 11:43:13,466 - 5000 rows found. 
2014-12-11 11:43:13,466 - * Get All Elements for NIF CTD ChemDisease ...  
2014-12-11 11:43:20,708 - 5000 rows found. 
2014-12-11 11:43:20,708 - Number of new elements to dump: 5000 
2014-12-11 11:43:21,192 - * Get All Elements for NIF CTD ChemDisease ...  
2014-12-11 11:43:25,638 - 5000 rows found. 
2014-12-11 11:43:25,638 - * Get All Elements for NIF CTD ChemDisease ...  
2014-12-11 11:43:29,976 - 5000 rows found. 
2014-12-11 11:43:29,976 - Number of new elements to dump: 5000 
2014-12-11 11:43:30,461 - * Get All Elements for NIF CTD ChemDisease ...  
2014-12-11 11:43:35,242 - 5000 rows found. 
2014-12-11 11:43:35,242 - * Get All Elements for NIF CTD ChemDisease ...  
2014-12-11 11:43:38,862 - 5000 rows found. 
2014-12-11 11:43:38,862 - Number of new elements to dump: 5000 
2014-12-11 11:43:39,340 - * Get All Elements for NIF CTD ChemDisease ...  
2014-12-11 11:43:45,389 - 5000 rows found. 
2014-12-11 11:43:45,389 - * Get All Elements for NIF CTD ChemDisease ...  
2014-12-11 11:43:48,189 - 5000 rows found. 
2014-12-11 11:43:48,189 - Number of new elements to dump: 5000 
2014-12-11 11:43:48,685 - * Get All Elements for NIF CTD ChemDisease ...  
2014-12-11 11:43:53,625 - 5000 rows found. 
2014-12-11 11:43:53,625 - * Get All Elements for NIF CTD ChemDisease ...  
2014-12-11 11:43:56,021 - 5000 rows found. 
2014-12-11 11:43:56,021 - Number of new elements to dump: 5000 
2014-12-11 11:43:56,506 - * Get All Elements for NIF CTD ChemDisease ...  
2014-12-11 11:44:00,094 - 5000 rows found. 
2014-12-11 11:44:00,094 - * Get All Elements for NIF CTD ChemDisease ...  
2014-12-11 11:44:05,929 - 5000 rows found. 
2014-12-11 11:44:05,929 - Number of new elements to dump: 5000 
2014-12-11 11:44:06,430 - * Get All Elements for NIF CTD ChemDisease ...  
2014-12-11 11:48:20,660 - ***************************************************** 
2014-12-11 11:48:20,660 - ResourceAccessTool creation... 
2014-12-11 11:48:21,050 - ResourceAccessTool CTDGP created to access CTD Chemical (via NIF) (CTDGP).
 
2014-12-11 11:48:21,222 - **** Resource CTDGP processing 
2014-12-11 11:48:21,222 - Workflow Parameters[withCompleteDictionary= true, updateResource= true, reInitializeAllTables= false, reInitializeAllTablesExceptElement= false ] 
2014-12-11 11:48:21,237 - Resource entry updated. 
2014-12-11 11:48:21,237 - *** Resource CTD Chemical (via NIF) update processing 
2014-12-11 11:48:21,237 - * Get All Elements for NIF CTD ChemDisease ...  
2014-12-11 11:48:22,891 - 1476 rows found. 
2014-12-11 11:48:22,891 - * Get All Elements for NIF CTD ChemDisease ...  
2014-12-11 11:48:24,140 - 1476 rows found. 
2014-12-11 11:48:24,140 - Number of new elements to dump: 1476 
2014-12-11 11:48:24,359 - 1476 elements added to the OBR_CTDCD_ET table. 
2014-12-11 11:48:24,359 - ### Resource CTD Chemical (via NIF) updated with 1476 elements in : 00 hours, 00 minutes, 03 seconds.
 
2014-12-11 11:48:24,375 - Query :::: SELECT count(id) FROM obr_ctdgp_element WHERE dictionary_id IS NULL OR dictionary_id<20;1476 
2014-12-11 11:48:24,375 - Key obr.statistics.populate was not found in resource bundle 'config' for locale 'en_US' 
2014-12-11 11:48:24,375 - Query :::: SELECT count(id) FROM obr_ctdgp_element WHERE dictionary_id IS NULL OR dictionary_id<20;1476 
2014-12-11 11:48:24,375 - *** Executing  Direct Annotation process...  
2014-12-11 11:48:24,375 - Query :::: SELECT count(id) FROM obr_ctdgp_element WHERE dictionary_id IS NULL OR dictionary_id<20;1476 
2014-12-11 11:48:24,375 - 	** Concept recognition with Mgrep: 
2014-12-11 11:48:24,375 - Exporting the resource content to a file to be annotated with Mgrep... 
2014-12-11 11:48:24,406 - 		ResourceFile created in: 00 hours, 00 minutes, 00 seconds.
 
2014-12-11 11:48:24,406 - Call to Mgrep... 
2014-12-11 11:48:24,406 - Local Mgrep execution... 
2014-12-11 11:48:24,406 - command: files/mgrep/mgrep3.0/mgrep -w -i -f files/dictionaries/branch1.0/localhost/OBS_DICO_c035_CMP_MGREP.txt < files/mgrep/mgrepInputs/OBR_RESOURCE_CTDGP_V20_MGREP.txt > files/mgrep/mgrepOutputs/OBR_RESOURCE_CTDGP_V20_MGREP.txt.mgrep 
2014-12-11 11:48:24,406 - ** PROBLEM ** Cannot create MgrepFile. 
java.io.IOException: Cannot run program "/bin/sh": CreateProcess error=2, The system cannot find the file specified
	at java.lang.ProcessBuilder.start(ProcessBuilder.java:459)
	at java.lang.Runtime.exec(Runtime.java:593)
	at java.lang.Runtime.exec(Runtime.java:466)
	at org.ncbo.stanford.obr.util.mgrep.ConceptRecognitionTools.mgrepLocal(ConceptRecognitionTools.java:64)
	at org.ncbo.stanford.obr.service.annotation.impl.AnnotationServiceImpl.mgrepCall(AnnotationServiceImpl.java:153)
	at org.ncbo.stanford.obr.service.annotation.impl.AnnotationServiceImpl.conceptRecognitionWithMgrep(AnnotationServiceImpl.java:124)
	at org.ncbo.stanford.obr.service.annotation.impl.AnnotationServiceImpl.resourceAnnotation(AnnotationServiceImpl.java:51)
	at org.ncbo.stanford.obr.service.workflow.impl.ResourceIndexWorkflowImpl.executeWorkflow(ResourceIndexWorkflowImpl.java:273)
	at org.ncbo.stanford.obr.service.workflow.impl.ResourceIndexWorkflowImpl.resourceProcessing(ResourceIndexWorkflowImpl.java:219)
	at org.ncbo.stanford.obr.service.workflow.impl.ResourceIndexWorkflowImpl.startResourceIndexWorkflow(ResourceIndexWorkflowImpl.java:127)
	at org.ncbo.stanford.obr.populate.main.PopulateResourceIndex.main(PopulateResourceIndex.java:46)
Caused by: java.io.IOException: CreateProcess error=2, The system cannot find the file specified
	at java.lang.ProcessImpl.create(Native Method)
	at java.lang.ProcessImpl.<init>(ProcessImpl.java:81)
	at java.lang.ProcessImpl.start(ProcessImpl.java:30)
	at java.lang.ProcessBuilder.start(ProcessBuilder.java:452)
	... 10 more
2014-12-11 11:48:24,406 - 		Mgrep executed in: 00 hours, 00 minutes, 00 seconds. 
2014-12-11 11:48:24,406 - Processing of the result file... 
2014-12-15 13:45:55,091 - ***************************************************** 
2014-12-15 13:45:55,107 - ResourceAccessTool creation... 
2014-12-15 13:45:55,465 - No needs to alter table obr_ctdgp_element 
2014-12-15 13:45:55,606 - ResourceAccessTool CTDGP created to access CTD Gene Pathway (via NIF) (CTDGP).
 
2014-12-15 13:45:55,871 - **** Resource CTDGP processing 
2014-12-15 13:45:55,887 - Workflow Parameters[withCompleteDictionary= true, updateResource= true, reInitializeAllTables= false, reInitializeAllTablesExceptElement= false ] 
2014-12-15 13:45:55,934 - Resource entry updated. 
2014-12-15 13:45:55,934 - *** Resource CTD Gene Pathway (via NIF) update processing 
2014-12-15 13:45:55,934 - * Get All Elements for NIF CTD ChemDisease ...  
2014-12-15 13:45:57,370 - 2288 rows found. 
2014-12-15 13:45:57,370 - * Get All Elements for NIF CTD ChemDisease ...  
2014-12-15 13:45:58,728 - 2288 rows found. 
2014-12-15 13:45:58,728 - Number of new elements to dump: 2288 
2014-12-15 13:45:59,010 - * Get All Elements for NIF CTD ChemDisease ...  
2014-12-15 13:46:00,648 - 2288 rows found. 
2014-12-15 13:46:00,648 - * Get All Elements for NIF CTD ChemDisease ...  
2014-12-15 13:46:02,334 - 2288 rows found. 
2014-12-15 13:46:02,334 - Number of new elements to dump: 2288 
2014-12-15 13:46:02,585 - * Get All Elements for NIF CTD ChemDisease ...  
2014-12-15 13:46:04,269 - 1788 rows found. 
2014-12-15 13:46:04,269 - * Get All Elements for NIF CTD ChemDisease ...  
2014-12-15 13:46:05,971 - 1788 rows found. 
2014-12-15 13:46:05,971 - Number of new elements to dump: 1788 
2014-12-15 13:46:06,143 - * Get All Elements for NIF CTD ChemDisease ...  
2014-12-15 13:46:08,031 - 1832 rows found. 
2014-12-15 13:46:08,031 - * Get All Elements for NIF CTD ChemDisease ...  
2014-12-15 13:46:10,000 - 1832 rows found. 
2014-12-15 13:46:10,000 - Number of new elements to dump: 1832 
2014-12-15 13:46:10,203 - * Get All Elements for NIF CTD ChemDisease ...  
2014-12-15 13:46:12,170 - 1375 rows found. 
2014-12-15 13:46:12,170 - * Get All Elements for NIF CTD ChemDisease ...  
2014-12-15 13:46:14,138 - 1375 rows found. 
2014-12-15 13:46:14,138 - Number of new elements to dump: 1375 
2014-12-15 13:46:14,295 - * Get All Elements for NIF CTD ChemDisease ...  
2014-12-15 13:46:16,557 - 2208 rows found. 
2014-12-15 13:46:16,557 - * Get All Elements for NIF CTD ChemDisease ...  
2014-12-15 13:46:18,742 - 2208 rows found. 
2014-12-15 13:46:18,742 - Number of new elements to dump: 2208 
2014-12-15 13:46:18,977 - * Get All Elements for NIF CTD ChemDisease ...  
2014-12-15 13:46:21,223 - 2171 rows found. 
2014-12-15 13:46:21,223 - * Get All Elements for NIF CTD ChemDisease ...  
2014-12-15 13:46:23,503 - 2171 rows found. 
2014-12-15 13:46:23,503 - Number of new elements to dump: 2171 
2014-12-15 13:46:23,738 - * Get All Elements for NIF CTD ChemDisease ...  
2014-12-15 13:46:26,234 - 2923 rows found. 
2014-12-15 13:46:26,234 - * Get All Elements for NIF CTD ChemDisease ...  
2014-12-15 13:46:28,779 - 2923 rows found. 
2014-12-15 13:46:28,779 - Number of new elements to dump: 2923 
2014-12-15 13:46:29,077 - * Get All Elements for NIF CTD ChemDisease ...  
2014-12-15 13:46:31,526 - 1699 rows found. 
2014-12-15 13:46:31,526 - * Get All Elements for NIF CTD ChemDisease ...  
2014-12-15 13:46:33,976 - 1699 rows found. 
2014-12-15 13:46:33,976 - Number of new elements to dump: 1699 
2014-12-15 13:46:34,164 - * Get All Elements for NIF CTD ChemDisease ...  
2014-12-15 13:46:36,988 - 1533 rows found. 
2014-12-15 13:46:36,988 - * Get All Elements for NIF CTD ChemDisease ...  
2014-12-15 13:46:39,781 - 1533 rows found. 
2014-12-15 13:46:39,781 - Number of new elements to dump: 1533 
2014-12-15 13:46:39,954 - * Get All Elements for NIF CTD ChemDisease ...  
2014-12-15 13:46:42,731 - 2042 rows found. 
2014-12-15 13:46:42,731 - * Get All Elements for NIF CTD ChemDisease ...  
2014-12-15 13:46:45,532 - 2042 rows found. 
2014-12-15 13:46:45,532 - Number of new elements to dump: 2042 
2014-12-15 13:46:45,752 - * Get All Elements for NIF CTD ChemDisease ...  
2014-12-15 13:46:48,856 - 1422 rows found. 
2014-12-15 13:46:48,856 - * Get All Elements for NIF CTD ChemDisease ...  
2014-12-15 13:46:51,883 - 1422 rows found. 
2014-12-15 13:46:51,883 - Number of new elements to dump: 1422 
2014-12-15 13:46:52,072 - * Get All Elements for NIF CTD ChemDisease ...  
2014-12-15 13:46:54,960 - 0 rows found. 
2014-12-15 13:46:54,960 - * Get All Elements for NIF CTD ChemDisease ...  
2014-12-15 13:46:58,034 - 0 rows found. 
2014-12-15 13:46:58,034 - Number of new elements to dump: 0 
2014-12-15 13:46:58,034 - 0 elements added to the OBR_CTDCD_ET table. 
2014-12-15 13:46:58,034 - 1422 elements added to the OBR_CTDCD_ET table. 
2014-12-15 13:46:58,034 - 2042 elements added to the OBR_CTDCD_ET table. 
2014-12-15 13:46:58,034 - 1533 elements added to the OBR_CTDCD_ET table. 
2014-12-15 13:46:58,034 - 1699 elements added to the OBR_CTDCD_ET table. 
2014-12-15 13:46:58,034 - 2923 elements added to the OBR_CTDCD_ET table. 
2014-12-15 13:46:58,034 - 2171 elements added to the OBR_CTDCD_ET table. 
2014-12-15 13:46:58,034 - 2208 elements added to the OBR_CTDCD_ET table. 
2014-12-15 13:46:58,034 - 1375 elements added to the OBR_CTDCD_ET table. 
2014-12-15 13:46:58,034 - 1832 elements added to the OBR_CTDCD_ET table. 
2014-12-15 13:46:58,034 - 1788 elements added to the OBR_CTDCD_ET table. 
2014-12-15 13:46:58,034 - 2288 elements added to the OBR_CTDCD_ET table. 
2014-12-15 13:46:58,034 - 2288 elements added to the OBR_CTDCD_ET table. 
2014-12-15 13:46:58,034 - ### Resource CTD Gene Pathway (via NIF) updated with 2288 elements in : 00 hours, 01 minutes, 02 seconds.
 
2014-12-15 13:46:58,222 - Query :::: SELECT count(id) FROM obr_ctdgp_element WHERE dictionary_id IS NULL OR dictionary_id<20;25045 
2014-12-15 13:46:58,222 - Key obr.statistics.populate was not found in resource bundle 'config' for locale 'en_US' 
2014-12-15 13:46:58,238 - Query :::: SELECT count(id) FROM obr_ctdgp_element WHERE dictionary_id IS NULL OR dictionary_id<20;25045 
2014-12-15 13:46:58,238 - *** Executing  Direct Annotation process...  
2014-12-15 13:46:58,253 - Query :::: SELECT count(id) FROM obr_ctdgp_element WHERE dictionary_id IS NULL OR dictionary_id<20;25045 
2014-12-15 13:46:58,253 - 	** Concept recognition with Mgrep: 
2014-12-15 13:46:58,253 - Exporting the resource content to a file to be annotated with Mgrep... 
2014-12-15 13:46:58,409 - 		ResourceFile created in: 00 hours, 00 minutes, 00 seconds.
 
2014-12-15 13:46:58,409 - Call to Mgrep... 
2014-12-15 13:46:58,425 - Local Mgrep execution... 
2014-12-15 13:46:58,425 - command: files/mgrep/mgrep3.0/mgrep -w -i -f files/dictionaries/branch1.0/localhost/OBS_DICO_c035_CMP_MGREP.txt < files/mgrep/mgrepInputs/OBR_RESOURCE_CTDGP_V20_MGREP.txt > files/mgrep/mgrepOutputs/OBR_RESOURCE_CTDGP_V20_MGREP.txt.mgrep 
2014-12-15 13:46:58,456 - ** PROBLEM ** Cannot create MgrepFile. 
java.io.IOException: Cannot run program "/bin/sh": CreateProcess error=2, The system cannot find the file specified
	at java.lang.ProcessBuilder.start(ProcessBuilder.java:459)
	at java.lang.Runtime.exec(Runtime.java:593)
	at java.lang.Runtime.exec(Runtime.java:466)
	at org.ncbo.stanford.obr.util.mgrep.ConceptRecognitionTools.mgrepLocal(ConceptRecognitionTools.java:64)
	at org.ncbo.stanford.obr.service.annotation.impl.AnnotationServiceImpl.mgrepCall(AnnotationServiceImpl.java:153)
	at org.ncbo.stanford.obr.service.annotation.impl.AnnotationServiceImpl.conceptRecognitionWithMgrep(AnnotationServiceImpl.java:124)
	at org.ncbo.stanford.obr.service.annotation.impl.AnnotationServiceImpl.resourceAnnotation(AnnotationServiceImpl.java:51)
	at org.ncbo.stanford.obr.service.workflow.impl.ResourceIndexWorkflowImpl.executeWorkflow(ResourceIndexWorkflowImpl.java:273)
	at org.ncbo.stanford.obr.service.workflow.impl.ResourceIndexWorkflowImpl.resourceProcessing(ResourceIndexWorkflowImpl.java:219)
	at org.ncbo.stanford.obr.service.workflow.impl.ResourceIndexWorkflowImpl.startResourceIndexWorkflow(ResourceIndexWorkflowImpl.java:127)
	at org.ncbo.stanford.obr.populate.main.PopulateResourceIndex.main(PopulateResourceIndex.java:46)
Caused by: java.io.IOException: CreateProcess error=2, The system cannot find the file specified
	at java.lang.ProcessImpl.create(Native Method)
	at java.lang.ProcessImpl.<init>(ProcessImpl.java:81)
	at java.lang.ProcessImpl.start(ProcessImpl.java:30)
	at java.lang.ProcessBuilder.start(ProcessBuilder.java:452)
	... 10 more
2014-12-15 13:46:58,456 - 		Mgrep executed in: 00 hours, 00 minutes, 00 seconds. 
2014-12-15 13:46:58,456 - Processing of the result file... 
2014-12-16 14:56:34,490 - ***************************************************** 
2014-12-16 14:56:34,491 - ResourceAccessTool creation... 
2014-12-16 14:56:34,574 - No needs to alter table obr_ctdgp_element 
2014-12-16 14:56:34,733 - ResourceAccessTool CTDGP created to access CTD Gene Pathway (via NIF) (CTDGP).
 
2014-12-16 14:56:34,932 - **** Resource CTDGP processing 
2014-12-16 14:56:34,932 - Workflow Parameters[withCompleteDictionary= true, updateResource= true, reInitializeAllTables= false, reInitializeAllTablesExceptElement= false ] 
2014-12-16 14:56:34,948 - Resource entry updated. 
2014-12-16 14:56:34,948 - *** Resource CTD Gene Pathway (via NIF) update processing 
2014-12-16 14:56:36,616 - 1476 elements added to the OBR_CTDGP_ET table. 
2014-12-16 14:56:37,056 - 2287 elements added to the OBR_CTDGP_ET table. 
2014-12-16 14:56:38,638 - 1237 elements added to the OBR_CTDGP_ET table. 
2014-12-16 14:56:38,638 - ### Resource CTD Gene Pathway (via NIF) updated with 5000 elements in : 00 hours, 00 minutes, 03 seconds.
 
2014-12-16 14:56:38,734 - Query :::: SELECT count(id) FROM obr_ctdgp_element WHERE dictionary_id IS NULL OR dictionary_id<20;25045 
2014-12-16 14:56:38,734 - Key obr.statistics.populate was not found in resource bundle 'config' for locale 'en_US' 
2014-12-16 14:56:38,734 - Query :::: SELECT count(id) FROM obr_ctdgp_element WHERE dictionary_id IS NULL OR dictionary_id<20;25045 
2014-12-16 14:56:38,734 - *** Executing  Direct Annotation process...  
2014-12-16 14:56:38,765 - Query :::: SELECT count(id) FROM obr_ctdgp_element WHERE dictionary_id IS NULL OR dictionary_id<20;25045 
2014-12-16 14:56:38,765 - 	** Concept recognition with Mgrep: 
2014-12-16 14:56:38,765 - Exporting the resource content to a file to be annotated with Mgrep... 
2014-12-16 14:56:38,911 - 		ResourceFile created in: 00 hours, 00 minutes, 00 seconds.
 
2014-12-16 14:56:38,911 - Call to Mgrep... 
2014-12-16 14:56:38,911 - Local Mgrep execution... 
2014-12-16 14:56:38,911 - command: files/mgrep/mgrep3.0/mgrep -w -i -f files/dictionaries/branch1.0/localhost/OBS_DICO_c035_CMP_MGREP.txt < files/mgrep/mgrepInputs/OBR_RESOURCE_CTDGP_V20_MGREP.txt > files/mgrep/mgrepOutputs/OBR_RESOURCE_CTDGP_V20_MGREP.txt.mgrep 
2014-12-16 14:56:38,911 - ** PROBLEM ** Cannot create MgrepFile. 
java.io.IOException: Cannot run program "/bin/sh": CreateProcess error=2, The system cannot find the file specified
	at java.lang.ProcessBuilder.start(ProcessBuilder.java:459)
	at java.lang.Runtime.exec(Runtime.java:593)
	at java.lang.Runtime.exec(Runtime.java:466)
	at org.ncbo.stanford.obr.util.mgrep.ConceptRecognitionTools.mgrepLocal(ConceptRecognitionTools.java:64)
	at org.ncbo.stanford.obr.service.annotation.impl.AnnotationServiceImpl.mgrepCall(AnnotationServiceImpl.java:153)
	at org.ncbo.stanford.obr.service.annotation.impl.AnnotationServiceImpl.conceptRecognitionWithMgrep(AnnotationServiceImpl.java:124)
	at org.ncbo.stanford.obr.service.annotation.impl.AnnotationServiceImpl.resourceAnnotation(AnnotationServiceImpl.java:51)
	at org.ncbo.stanford.obr.service.workflow.impl.ResourceIndexWorkflowImpl.executeWorkflow(ResourceIndexWorkflowImpl.java:273)
	at org.ncbo.stanford.obr.service.workflow.impl.ResourceIndexWorkflowImpl.resourceProcessing(ResourceIndexWorkflowImpl.java:219)
	at org.ncbo.stanford.obr.service.workflow.impl.ResourceIndexWorkflowImpl.startResourceIndexWorkflow(ResourceIndexWorkflowImpl.java:127)
	at org.ncbo.stanford.obr.populate.main.PopulateResourceIndex.main(PopulateResourceIndex.java:46)
Caused by: java.io.IOException: CreateProcess error=2, The system cannot find the file specified
	at java.lang.ProcessImpl.create(Native Method)
	at java.lang.ProcessImpl.<init>(ProcessImpl.java:81)
	at java.lang.ProcessImpl.start(ProcessImpl.java:30)
	at java.lang.ProcessBuilder.start(ProcessBuilder.java:452)
	... 10 more
2014-12-16 14:56:38,911 - 		Mgrep executed in: 00 hours, 00 minutes, 00 seconds. 
2014-12-16 14:56:38,911 - Processing of the result file... 
2015-03-03 11:32:19,601 - ***************************************************** 
2015-03-03 11:32:19,607 - ResourceAccessTool creation... 
2015-03-03 11:32:19,880 - No needs to alter table obr_ctdgp_element 
2015-03-03 11:32:20,296 - ResourceAccessTool CTDGP created to access CTD Gene Pathway (via NIF) (CTDGP).
 
2015-03-03 11:32:20,796 - **** Resource CTDGP processing 
2015-03-03 11:32:20,796 - Workflow Parameters[withCompleteDictionary= true, updateResource= true, reInitializeAllTables= false, reInitializeAllTablesExceptElement= false ] 
2015-03-03 11:32:20,906 - *** Resource CTD Gene Pathway (via NIF) update processing 
2015-03-03 11:37:57,060 - ***************************************************** 
2015-03-03 11:37:57,060 - ResourceAccessTool creation... 
2015-03-03 11:38:01,257 - ResourceAccessTool CTDGP created to access CTD Gene Pathway (via NIF) (CTDGP).
 
2015-03-03 11:38:01,451 - **** Resource CTDGP processing 
2015-03-03 11:38:01,451 - Workflow Parameters[withCompleteDictionary= true, updateResource= true, reInitializeAllTables= false, reInitializeAllTablesExceptElement= false ] 
2015-03-03 11:38:02,286 - *** Resource CTD Gene Pathway (via NIF) update processing 
2015-03-03 11:39:16,946 - 288 elements added to the OBR_CTDGP_ET table. 
2015-03-03 11:40:09,177 - 198 elements added to the OBR_CTDGP_ET table. 
2015-03-03 11:40:44,835 - 138 elements added to the OBR_CTDGP_ET table. 
2015-03-03 11:41:55,363 - 269 elements added to the OBR_CTDGP_ET table. 
2015-03-03 11:43:20,166 - 322 elements added to the OBR_CTDGP_ET table. 
2015-03-03 11:44:12,474 - 199 elements added to the OBR_CTDGP_ET table. 
2015-03-03 11:45:54,826 - 386 elements added to the OBR_CTDGP_ET table. 
2015-03-03 11:47:58,469 - 447 elements added to the OBR_CTDGP_ET table. 
2015-03-03 11:49:54,800 - 439 elements added to the OBR_CTDGP_ET table. 
2015-03-03 11:51:52,035 - 447 elements added to the OBR_CTDGP_ET table. 
2015-03-03 11:52:56,263 - 253 elements added to the OBR_CTDGP_ET table. 
2015-03-03 11:53:45,123 - 185 elements added to the OBR_CTDGP_ET table. 
2015-03-03 11:55:23,521 - 376 elements added to the OBR_CTDGP_ET table. 
2015-03-03 11:56:59,603 - 381 elements added to the OBR_CTDGP_ET table. 
2015-03-03 11:58:31,108 - 355 elements added to the OBR_CTDGP_ET table. 
2015-03-03 12:00:21,795 - 436 elements added to the OBR_CTDGP_ET table. 
2015-03-03 12:02:16,449 - 447 elements added to the OBR_CTDGP_ET table. 
2015-03-03 12:03:15,497 - 235 elements added to the OBR_CTDGP_ET table. 
2015-03-03 12:04:48,572 - 355 elements added to the OBR_CTDGP_ET table. 
2015-03-03 12:06:12,978 - 322 elements added to the OBR_CTDGP_ET table. 
2015-03-03 12:07:37,943 - 308 elements added to the OBR_CTDGP_ET table. 
2015-03-03 12:08:53,736 - 265 elements added to the OBR_CTDGP_ET table. 
2015-03-03 12:09:49,588 - 194 elements added to the OBR_CTDGP_ET table. 
2015-03-03 12:11:17,941 - 315 elements added to the OBR_CTDGP_ET table. 
2015-03-03 12:12:38,461 - 283 elements added to the OBR_CTDGP_ET table. 
2015-03-03 12:14:16,106 - 332 elements added to the OBR_CTDGP_ET table. 
2015-03-03 12:15:53,456 - 338 elements added to the OBR_CTDGP_ET table. 
2015-03-03 12:17:13,767 - 271 elements added to the OBR_CTDGP_ET table. 
2015-03-03 12:18:43,790 - 307 elements added to the OBR_CTDGP_ET table. 
2015-03-03 12:19:50,382 - 227 elements added to the OBR_CTDGP_ET table. 
2015-03-03 12:21:16,672 - 294 elements added to the OBR_CTDGP_ET table. 
2015-03-03 12:22:11,641 - 184 elements added to the OBR_CTDGP_ET table. 
2015-03-03 12:23:15,857 - 224 elements added to the OBR_CTDGP_ET table. 
2015-03-03 12:23:56,775 - 141 elements added to the OBR_CTDGP_ET table. 
2015-03-03 12:25:19,644 - 284 elements added to the OBR_CTDGP_ET table. 
2015-03-03 12:25:52,860 - 111 elements added to the OBR_CTDGP_ET table. 
2015-03-03 12:27:12,157 - 275 elements added to the OBR_CTDGP_ET table. 
2015-03-03 12:29:23,074 - 448 elements added to the OBR_CTDGP_ET table. 
2015-03-03 12:31:23,165 - 420 elements added to the OBR_CTDGP_ET table. 
2015-03-03 12:33:38,618 - 460 elements added to the OBR_CTDGP_ET table. 
2015-03-03 12:35:18,741 - 340 elements added to the OBR_CTDGP_ET table. 
2015-03-03 12:36:41,013 - 286 elements added to the OBR_CTDGP_ET table. 
2015-03-03 12:38:04,762 - 302 elements added to the OBR_CTDGP_ET table. 
2015-03-03 12:38:58,369 - 191 elements added to the OBR_CTDGP_ET table. 
2015-03-03 12:39:41,609 - 170 elements added to the OBR_CTDGP_ET table. 
2015-03-03 12:39:41,615 - ** PROBLEM ** Problem in getting rows. 
java.io.EOFException: Unexpected end of ZLIB input stream
	at java.util.zip.InflaterInputStream.fill(InflaterInputStream.java:223)
	at java.util.zip.InflaterInputStream.read(InflaterInputStream.java:141)
	at java.util.zip.GZIPInputStream.read(GZIPInputStream.java:92)
	at sun.nio.cs.StreamDecoder.readBytes(StreamDecoder.java:264)
	at sun.nio.cs.StreamDecoder.implRead(StreamDecoder.java:306)
	at sun.nio.cs.StreamDecoder.read(StreamDecoder.java:158)
	at java.io.InputStreamReader.read(InputStreamReader.java:167)
	at java.io.BufferedReader.read1(BufferedReader.java:185)
	at java.io.BufferedReader.read(BufferedReader.java:261)
	at java.io.BufferedReader.fill(BufferedReader.java:136)
	at java.io.BufferedReader.readLine(BufferedReader.java:299)
	at java.io.BufferedReader.readLine(BufferedReader.java:362)
	at au.com.bytecode.opencsv.CSVReader.getNextLine(Unknown Source)
	at au.com.bytecode.opencsv.CSVReader.readNext(Unknown Source)
	at org.ncbo.stanford.obr.resource.nif.ctdgenespathways.CTDGPAccessTool.getAllElements(CTDGPAccessTool.java:154)
	at org.ncbo.stanford.obr.resource.nif.ctdgenespathways.CTDGPAccessTool.updateResourceContent(CTDGPAccessTool.java:116)
	at org.ncbo.stanford.obr.service.workflow.impl.ResourceIndexWorkflowImpl.resourceProcessing(ResourceIndexWorkflowImpl.java:195)
	at org.ncbo.stanford.obr.service.workflow.impl.ResourceIndexWorkflowImpl.startResourceIndexWorkflow(ResourceIndexWorkflowImpl.java:127)
	at org.ncbo.stanford.obr.populate.main.PopulateResourceIndex.main(PopulateResourceIndex.java:46)
2015-03-03 12:39:42,116 - ### Resource CTD Gene Pathway (via NIF) updated with 13448 elements in : 01 hours, 01 minutes, 39 seconds.
 
2015-03-03 12:39:42,772 - Query :::: SELECT count(id) FROM obr_ctdgp_element WHERE dictionary_id IS NULL OR dictionary_id<23;13448 
2015-03-03 12:39:42,772 - Key obr.statistics.populate was not found in resource bundle 'config' for locale 'en_US' 
2015-03-03 12:39:43,060 - Query :::: SELECT count(id) FROM obr_ctdgp_element WHERE dictionary_id IS NULL OR dictionary_id<23;13448 
2015-03-03 12:39:43,060 - *** Executing  Direct Annotation process...  
2015-03-03 12:39:43,348 - Query :::: SELECT count(id) FROM obr_ctdgp_element WHERE dictionary_id IS NULL OR dictionary_id<23;13448 
2015-03-03 12:39:43,348 - 	** Concept recognition with Mgrep: 
2015-03-03 12:39:43,359 - Exporting the resource content to a file to be annotated with Mgrep... 
2015-03-03 12:39:48,402 - 		ResourceFile created in: 00 hours, 00 minutes, 05 seconds.
 
2015-03-03 12:39:48,402 - Call to Mgrep... 
2015-03-03 12:39:48,421 - Local Mgrep execution... 
2015-03-03 12:39:48,421 - command: files/mgrep/mgrep3.0/mgrep -w -i -f files/dictionaries/branch1.0/localhost/OBS_DICO_ad63_CMP_MGREP.txt < files/mgrep/mgrepInputs/OBR_RESOURCE_CTDGP_V23_MGREP.txt > files/mgrep/mgrepOutputs/OBR_RESOURCE_CTDGP_V23_MGREP.txt.mgrep 
2015-03-03 12:39:48,444 - ** PROBLEM ** Cannot create MgrepFile. 
java.io.IOException: Cannot run program "/bin/sh": CreateProcess error=2, The system cannot find the file specified
	at java.lang.ProcessBuilder.start(ProcessBuilder.java:459)
	at java.lang.Runtime.exec(Runtime.java:593)
	at java.lang.Runtime.exec(Runtime.java:466)
	at org.ncbo.stanford.obr.util.mgrep.ConceptRecognitionTools.mgrepLocal(ConceptRecognitionTools.java:64)
	at org.ncbo.stanford.obr.service.annotation.impl.AnnotationServiceImpl.mgrepCall(AnnotationServiceImpl.java:153)
	at org.ncbo.stanford.obr.service.annotation.impl.AnnotationServiceImpl.conceptRecognitionWithMgrep(AnnotationServiceImpl.java:124)
	at org.ncbo.stanford.obr.service.annotation.impl.AnnotationServiceImpl.resourceAnnotation(AnnotationServiceImpl.java:51)
	at org.ncbo.stanford.obr.service.workflow.impl.ResourceIndexWorkflowImpl.executeWorkflow(ResourceIndexWorkflowImpl.java:273)
	at org.ncbo.stanford.obr.service.workflow.impl.ResourceIndexWorkflowImpl.resourceProcessing(ResourceIndexWorkflowImpl.java:219)
	at org.ncbo.stanford.obr.service.workflow.impl.ResourceIndexWorkflowImpl.startResourceIndexWorkflow(ResourceIndexWorkflowImpl.java:127)
	at org.ncbo.stanford.obr.populate.main.PopulateResourceIndex.main(PopulateResourceIndex.java:46)
Caused by: java.io.IOException: CreateProcess error=2, The system cannot find the file specified
	at java.lang.ProcessImpl.create(Native Method)
	at java.lang.ProcessImpl.<init>(ProcessImpl.java:81)
	at java.lang.ProcessImpl.start(ProcessImpl.java:30)
	at java.lang.ProcessBuilder.start(ProcessBuilder.java:452)
	... 10 more
2015-03-03 12:39:48,445 - 		Mgrep executed in: 00 hours, 00 minutes, 00 seconds. 
2015-03-03 12:39:48,445 - Processing of the result file... 
2015-03-03 14:02:02,942 - ***************************************************** 
2015-03-03 14:02:02,942 - ResourceAccessTool creation... 
2015-03-03 14:02:03,500 - No needs to alter table obr_ctdgp_element 
2015-03-03 14:02:05,429 - ResourceAccessTool CTDGP created to access CTD Gene Pathway (via NIF) (CTDGP).
 
2015-03-03 14:02:05,708 - **** Resource CTDGP processing 
2015-03-03 14:02:05,708 - Workflow Parameters[withCompleteDictionary= true, updateResource= true, reInitializeAllTables= false, reInitializeAllTablesExceptElement= false ] 
2015-03-03 14:02:06,325 - Resource entry updated. 
2015-03-03 14:02:06,614 - *** Resource CTD Gene Pathway (via NIF) update processing 
2015-03-03 14:03:48,123 - 314 elements added to the OBR_CTDGP_ET table. 
2015-03-03 14:05:18,427 - 323 elements added to the OBR_CTDGP_ET table. 
2015-03-03 14:06:26,807 - 236 elements added to the OBR_CTDGP_ET table. 
2015-03-03 14:08:00,052 - 324 elements added to the OBR_CTDGP_ET table. 
2015-03-03 14:11:32,804 - 748 elements added to the OBR_CTDGP_ET table. 
2015-03-03 14:15:12,175 - 798 elements added to the OBR_CTDGP_ET table. 
2015-03-03 14:18:06,568 - 646 elements added to the OBR_CTDGP_ET table. 
2015-03-03 14:19:49,949 - 374 elements added to the OBR_CTDGP_ET table. 
2015-03-03 14:20:48,995 - 206 elements added to the OBR_CTDGP_ET table. 
2015-03-03 14:22:34,291 - 364 elements added to the OBR_CTDGP_ET table. 
2015-03-03 14:24:43,925 - 442 elements added to the OBR_CTDGP_ET table. 
2015-03-03 14:26:52,630 - 436 elements added to the OBR_CTDGP_ET table. 
2015-03-03 14:28:59,307 - 449 elements added to the OBR_CTDGP_ET table. 
2015-03-03 14:30:48,248 - 418 elements added to the OBR_CTDGP_ET table. 
2015-03-03 14:31:15,446 - 100 elements added to the OBR_CTDGP_ET table. 
2015-03-03 14:31:56,392 - 157 elements added to the OBR_CTDGP_ET table. 
2015-03-03 14:32:45,437 - 191 elements added to the OBR_CTDGP_ET table. 
2015-03-03 14:33:27,606 - 157 elements added to the OBR_CTDGP_ET table. 
2015-03-03 14:34:15,856 - 187 elements added to the OBR_CTDGP_ET table. 
2015-03-03 14:35:24,364 - 270 elements added to the OBR_CTDGP_ET table. 
2015-03-03 14:36:38,931 - 289 elements added to the OBR_CTDGP_ET table. 
2015-03-03 14:37:52,473 - 287 elements added to the OBR_CTDGP_ET table. 
2015-03-03 14:38:53,068 - 224 elements added to the OBR_CTDGP_ET table. 
2015-03-03 14:39:59,524 - 258 elements added to the OBR_CTDGP_ET table. 
2015-03-03 14:41:11,181 - 280 elements added to the OBR_CTDGP_ET table. 
2015-03-03 14:42:36,690 - 330 elements added to the OBR_CTDGP_ET table. 
2015-03-03 14:43:59,132 - 327 elements added to the OBR_CTDGP_ET table. 
2015-03-03 14:45:34,364 - 366 elements added to the OBR_CTDGP_ET table. 
2015-03-03 14:47:15,831 - 384 elements added to the OBR_CTDGP_ET table. 
2015-03-03 14:48:30,493 - 293 elements added to the OBR_CTDGP_ET table. 
2015-03-03 14:49:49,148 - 300 elements added to the OBR_CTDGP_ET table. 
2015-03-03 14:50:31,360 - 166 elements added to the OBR_CTDGP_ET table. 
2015-03-03 14:51:33,794 - 231 elements added to the OBR_CTDGP_ET table. 
2015-03-03 14:53:00,003 - 319 elements added to the OBR_CTDGP_ET table. 
2015-03-03 14:54:46,844 - 422 elements added to the OBR_CTDGP_ET table. 
2015-03-03 14:54:47,344 - ### Resource CTD Gene Pathway (via NIF) updated with 11616 elements in : 00 hours, 52 minutes, 40 seconds.
 
2015-03-03 14:54:47,944 - Query :::: SELECT count(id) FROM obr_ctdgp_element WHERE dictionary_id IS NULL OR dictionary_id<23;25064 
2015-03-03 14:54:47,945 - Key obr.statistics.populate was not found in resource bundle 'config' for locale 'en_US' 
2015-03-03 14:54:48,225 - Query :::: SELECT count(id) FROM obr_ctdgp_element WHERE dictionary_id IS NULL OR dictionary_id<23;25064 
2015-03-03 14:54:48,225 - *** Executing  Direct Annotation process...  
2015-03-03 14:54:48,500 - Query :::: SELECT count(id) FROM obr_ctdgp_element WHERE dictionary_id IS NULL OR dictionary_id<23;25064 
2015-03-03 14:54:48,500 - 	** Concept recognition with Mgrep: 
2015-03-03 14:54:48,501 - Exporting the resource content to a file to be annotated with Mgrep... 
2015-03-03 14:54:56,081 - 		ResourceFile created in: 00 hours, 00 minutes, 07 seconds.
 
2015-03-03 14:54:56,081 - Call to Mgrep... 
2015-03-03 14:54:56,082 - Local Mgrep execution... 
2015-03-03 14:54:56,083 - command: files/mgrep/mgrep3.0/mgrep -w -i -f files/dictionaries/branch1.0/localhost/OBS_DICO_ad63_CMP_MGREP.txt < files/mgrep/mgrepInputs/OBR_RESOURCE_CTDGP_V23_MGREP.txt > files/mgrep/mgrepOutputs/OBR_RESOURCE_CTDGP_V23_MGREP.txt.mgrep 
2015-03-03 14:54:56,088 - ** PROBLEM ** Cannot create MgrepFile. 
java.io.IOException: Cannot run program "/bin/sh": CreateProcess error=2, The system cannot find the file specified
	at java.lang.ProcessBuilder.start(ProcessBuilder.java:459)
	at java.lang.Runtime.exec(Runtime.java:593)
	at java.lang.Runtime.exec(Runtime.java:466)
	at org.ncbo.stanford.obr.util.mgrep.ConceptRecognitionTools.mgrepLocal(ConceptRecognitionTools.java:64)
	at org.ncbo.stanford.obr.service.annotation.impl.AnnotationServiceImpl.mgrepCall(AnnotationServiceImpl.java:153)
	at org.ncbo.stanford.obr.service.annotation.impl.AnnotationServiceImpl.conceptRecognitionWithMgrep(AnnotationServiceImpl.java:124)
	at org.ncbo.stanford.obr.service.annotation.impl.AnnotationServiceImpl.resourceAnnotation(AnnotationServiceImpl.java:51)
	at org.ncbo.stanford.obr.service.workflow.impl.ResourceIndexWorkflowImpl.executeWorkflow(ResourceIndexWorkflowImpl.java:273)
	at org.ncbo.stanford.obr.service.workflow.impl.ResourceIndexWorkflowImpl.resourceProcessing(ResourceIndexWorkflowImpl.java:219)
	at org.ncbo.stanford.obr.service.workflow.impl.ResourceIndexWorkflowImpl.startResourceIndexWorkflow(ResourceIndexWorkflowImpl.java:127)
	at org.ncbo.stanford.obr.populate.main.PopulateResourceIndex.main(PopulateResourceIndex.java:46)
Caused by: java.io.IOException: CreateProcess error=2, The system cannot find the file specified
	at java.lang.ProcessImpl.create(Native Method)
	at java.lang.ProcessImpl.<init>(ProcessImpl.java:81)
	at java.lang.ProcessImpl.start(ProcessImpl.java:30)
	at java.lang.ProcessBuilder.start(ProcessBuilder.java:452)
	... 10 more
2015-03-03 14:54:56,089 - 		Mgrep executed in: 00 hours, 00 minutes, 00 seconds. 
2015-03-03 14:54:56,089 - Processing of the result file... 
2015-03-03 14:56:10,374 - ***************************************************** 
2015-03-03 14:56:10,374 - ResourceAccessTool creation... 
2015-03-03 14:56:10,420 - No needs to alter table obr_ctdgp_element 
2015-03-03 14:56:10,537 - ResourceAccessTool CTDGP created to access CTD Gene Pathway (via NIF) (CTDGP).
 
2015-03-03 14:56:10,726 - **** Resource CTDGP processing 
2015-03-03 14:56:10,726 - Workflow Parameters[withCompleteDictionary= true, updateResource= true, reInitializeAllTables= false, reInitializeAllTablesExceptElement= false ] 
2015-03-03 14:56:10,822 - Resource entry updated. 
2015-03-03 14:56:10,823 - *** Resource CTD Gene Pathway (via NIF) update processing 
2015-03-03 14:56:14,527 - 38 elements added to the OBR_CTDGP_ET table. 
2015-03-03 14:56:14,553 - ### Resource CTD Gene Pathway (via NIF) updated with 38 elements in : 00 hours, 00 minutes, 03 seconds.
 
2015-03-03 14:56:14,648 - Query :::: SELECT count(id) FROM obr_ctdgp_element WHERE dictionary_id IS NULL OR dictionary_id<20;25083 
2015-03-03 14:56:14,649 - Key obr.statistics.populate was not found in resource bundle 'config' for locale 'en_US' 
2015-03-03 14:56:14,659 - Query :::: SELECT count(id) FROM obr_ctdgp_element WHERE dictionary_id IS NULL OR dictionary_id<20;25083 
2015-03-03 14:56:14,659 - *** Executing  Direct Annotation process...  
2015-03-03 14:56:14,667 - Query :::: SELECT count(id) FROM obr_ctdgp_element WHERE dictionary_id IS NULL OR dictionary_id<20;25083 
2015-03-03 14:56:14,667 - 	** Concept recognition with Mgrep: 
2015-03-03 14:56:14,667 - Exporting the resource content to a file to be annotated with Mgrep... 
2015-03-03 14:56:14,818 - 		ResourceFile created in: 00 hours, 00 minutes, 00 seconds.
 
2015-03-03 14:56:14,818 - Call to Mgrep... 
2015-03-03 14:56:14,819 - Local Mgrep execution... 
2015-03-03 14:56:14,819 - command: files/mgrep/mgrep3.0/mgrep -w -i -f files/dictionaries/branch1.0/localhost/OBS_DICO_c035_CMP_MGREP.txt < files/mgrep/mgrepInputs/OBR_RESOURCE_CTDGP_V20_MGREP.txt > files/mgrep/mgrepOutputs/OBR_RESOURCE_CTDGP_V20_MGREP.txt.mgrep 
2015-03-03 14:56:14,821 - ** PROBLEM ** Cannot create MgrepFile. 
java.io.IOException: Cannot run program "/bin/sh": CreateProcess error=2, The system cannot find the file specified
	at java.lang.ProcessBuilder.start(ProcessBuilder.java:459)
	at java.lang.Runtime.exec(Runtime.java:593)
	at java.lang.Runtime.exec(Runtime.java:466)
	at org.ncbo.stanford.obr.util.mgrep.ConceptRecognitionTools.mgrepLocal(ConceptRecognitionTools.java:64)
	at org.ncbo.stanford.obr.service.annotation.impl.AnnotationServiceImpl.mgrepCall(AnnotationServiceImpl.java:153)
	at org.ncbo.stanford.obr.service.annotation.impl.AnnotationServiceImpl.conceptRecognitionWithMgrep(AnnotationServiceImpl.java:124)
	at org.ncbo.stanford.obr.service.annotation.impl.AnnotationServiceImpl.resourceAnnotation(AnnotationServiceImpl.java:51)
	at org.ncbo.stanford.obr.service.workflow.impl.ResourceIndexWorkflowImpl.executeWorkflow(ResourceIndexWorkflowImpl.java:273)
	at org.ncbo.stanford.obr.service.workflow.impl.ResourceIndexWorkflowImpl.resourceProcessing(ResourceIndexWorkflowImpl.java:219)
	at org.ncbo.stanford.obr.service.workflow.impl.ResourceIndexWorkflowImpl.startResourceIndexWorkflow(ResourceIndexWorkflowImpl.java:127)
	at org.ncbo.stanford.obr.populate.main.PopulateResourceIndex.main(PopulateResourceIndex.java:46)
Caused by: java.io.IOException: CreateProcess error=2, The system cannot find the file specified
	at java.lang.ProcessImpl.create(Native Method)
	at java.lang.ProcessImpl.<init>(ProcessImpl.java:81)
	at java.lang.ProcessImpl.start(ProcessImpl.java:30)
	at java.lang.ProcessBuilder.start(ProcessBuilder.java:452)
	... 10 more
2015-03-03 14:56:14,821 - 		Mgrep executed in: 00 hours, 00 minutes, 00 seconds. 
2015-03-03 14:56:14,822 - Processing of the result file... 
