2014-12-08 11:44:24,240 - ***************************************************** 
2014-12-08 11:44:24,240 - ResourceAccessTool creation... 
2014-12-08 11:44:26,052 - ResourceAccessTool CTDP created to access CTD Pathway (via NIF) (CTDP).
 
2014-12-08 11:44:26,507 - **** Resource CTDP processing 
2014-12-08 11:44:26,507 - Workflow Parameters[withCompleteDictionary= true, updateResource= true, reInitializeAllTables= false, reInitializeAllTablesExceptElement= false ] 
2014-12-08 11:44:26,616 - *** Resource CTD Pathway (via NIF) update processing 
2014-12-08 11:44:26,616 - * Get All Elements for NIF CTD ChemDisease ...  
2014-12-08 11:44:26,616 - Number of new elements to dump: 0 
2014-12-08 11:44:26,616 - 0 elements added to the OBR_CTDCD_ET table. 
2014-12-08 11:44:26,632 - ### Resource CTD Pathway (via NIF) updated with 0 elements in : 00 hours, 00 minutes, 00 seconds.
 
2014-12-08 11:44:26,647 - Query :::: SELECT count(id) FROM obr_ctdp_element WHERE dictionary_id IS NULL OR dictionary_id<20;0 
2014-12-08 11:44:26,647 - Key obr.statistics.populate was not found in resource bundle 'config' for locale 'en_US' 
2014-12-08 11:44:26,647 - Query :::: SELECT count(id) FROM obr_ctdp_element WHERE dictionary_id IS NULL OR dictionary_id<20;0 
2014-12-08 11:44:26,647 - Resource entry updated with latest dictionary ID. 
2014-12-08 11:44:26,647 - #### Resource CTD Pathway (via NIF) processed in: 00 hours, 00 minutes, 00 seconds. 
2014-12-08 11:48:02,075 - ***************************************************** 
2014-12-08 11:48:04,573 - ResourceAccessTool creation... 
2014-12-08 11:48:52,045 - No needs to alter table obr_ctdp_element 
2014-12-08 11:49:45,373 - ResourceAccessTool CTDP created to access CTD Pathway (via NIF) (CTDP).
 
2014-12-08 11:57:00,066 - **** Resource CTDP processing 
2014-12-08 11:57:00,066 - Workflow Parameters[withCompleteDictionary= true, updateResource= true, reInitializeAllTables= false, reInitializeAllTablesExceptElement= false ] 
2014-12-08 11:57:00,130 - Resource entry updated. 
2014-12-08 11:57:48,347 - *** Resource CTD Pathway (via NIF) update processing 
2014-12-08 11:58:21,934 - * Get All Elements for NIF CTD ChemDisease ...  
2014-12-08 11:58:38,392 - Number of new elements to dump: 0 
2014-12-08 11:58:44,514 - 0 elements added to the OBR_CTDCD_ET table. 
2014-12-09 11:52:57,999 - ***************************************************** 
2014-12-09 11:52:58,015 - ResourceAccessTool creation... 
2014-12-09 11:52:58,202 - No needs to alter table obr_ctdp_element 
2014-12-09 11:52:58,530 - ResourceAccessTool CTDP created to access CTD Pathway (via NIF) (CTDP).
 
2014-12-09 11:52:58,826 - **** Resource CTDP processing 
2014-12-09 11:52:58,826 - Workflow Parameters[withCompleteDictionary= true, updateResource= true, reInitializeAllTables= false, reInitializeAllTablesExceptElement= false ] 
2014-12-09 11:52:58,905 - Resource entry updated. 
2014-12-09 11:52:58,905 - *** Resource CTD Pathway (via NIF) update processing 
2014-12-09 11:52:58,905 - * Get All Elements for NIF CTD ChemDisease ...  
2014-12-09 11:53:00,293 - ** PROBLEM ** Problem in getting rows. 
java.lang.NullPointerException
	at org.ncbo.stanford.obr.resource.nif.ctdchemdiseasetest.CTDCDTestAccessTool.getAllElements(CTDCDTestAccessTool.java:188)
	at org.ncbo.stanford.obr.resource.nif.ctdchemdiseasetest.CTDCDTestAccessTool.updateResourceContent(CTDCDTestAccessTool.java:129)
	at org.ncbo.stanford.obr.service.workflow.impl.ResourceIndexWorkflowImpl.resourceProcessing(ResourceIndexWorkflowImpl.java:195)
	at org.ncbo.stanford.obr.service.workflow.impl.ResourceIndexWorkflowImpl.startResourceIndexWorkflow(ResourceIndexWorkflowImpl.java:127)
	at org.ncbo.stanford.obr.populate.main.PopulateResourceIndex.main(PopulateResourceIndex.java:46)
2014-12-09 11:53:00,293 - 0 rows found. 
2014-12-09 11:53:00,293 - Number of new elements to dump: 0 
2014-12-09 11:53:00,293 - 0 elements added to the OBR_CTDCD_ET table. 
2014-12-09 11:53:00,294 - ### Resource CTD Pathway (via NIF) updated with 0 elements in : 00 hours, 00 minutes, 01 seconds.
 
2014-12-09 11:53:00,466 - Query :::: SELECT count(id) FROM obr_ctdp_element WHERE dictionary_id IS NULL OR dictionary_id<20;0 
2014-12-09 11:53:00,466 - Key obr.statistics.populate was not found in resource bundle 'config' for locale 'en_US' 
2014-12-09 11:53:00,466 - Query :::: SELECT count(id) FROM obr_ctdp_element WHERE dictionary_id IS NULL OR dictionary_id<20;0 
2014-12-09 11:53:00,466 - Resource entry updated with latest dictionary ID. 
2014-12-09 11:53:00,466 - #### Resource CTD Pathway (via NIF) processed in: 00 hours, 00 minutes, 01 seconds. 
2014-12-09 11:54:40,161 - ***************************************************** 
2014-12-09 11:54:40,396 - ResourceAccessTool creation... 
2014-12-09 11:54:41,160 - No needs to alter table obr_ctdp_element 
2014-12-09 11:54:43,016 - ResourceAccessTool CTDP created to access CTD Pathway (via NIF) (CTDP).
 
2014-12-09 11:54:55,723 - **** Resource CTDP processing 
2014-12-09 11:54:55,723 - Workflow Parameters[withCompleteDictionary= true, updateResource= true, reInitializeAllTables= false, reInitializeAllTablesExceptElement= false ] 
2014-12-09 11:54:55,802 - Resource entry updated. 
2014-12-09 11:55:02,978 - *** Resource CTD Pathway (via NIF) update processing 
2014-12-09 11:55:13,855 - * Get All Elements for NIF CTD ChemDisease ...  
2014-12-09 11:58:01,000 - ***************************************************** 
2014-12-09 11:58:01,032 - ResourceAccessTool creation... 
2014-12-09 11:58:01,235 - No needs to alter table obr_ctdp_element 
2014-12-09 11:58:01,532 - ResourceAccessTool CTDP created to access CTD Pathway (via NIF) (CTDP).
 
2014-12-09 11:58:06,493 - **** Resource CTDP processing 
2014-12-09 11:58:06,493 - Workflow Parameters[withCompleteDictionary= true, updateResource= true, reInitializeAllTables= false, reInitializeAllTablesExceptElement= false ] 
2014-12-09 11:58:06,540 - Resource entry updated. 
2014-12-09 11:58:08,038 - *** Resource CTD Pathway (via NIF) update processing 
2014-12-09 11:58:08,164 - * Get All Elements for NIF CTD ChemDisease ...  
2014-12-09 12:01:41,513 - ***************************************************** 
2014-12-09 12:01:41,545 - ResourceAccessTool creation... 
2014-12-09 12:01:41,748 - No needs to alter table obr_ctdp_element 
2014-12-09 12:01:42,045 - ResourceAccessTool CTDP created to access CTD Pathway (via NIF) (CTDP).
 
2014-12-09 12:01:46,616 - **** Resource CTDP processing 
2014-12-09 12:01:46,616 - Workflow Parameters[withCompleteDictionary= true, updateResource= true, reInitializeAllTables= false, reInitializeAllTablesExceptElement= false ] 
2014-12-09 12:01:46,663 - Resource entry updated. 
2014-12-09 12:01:49,426 - *** Resource CTD Pathway (via NIF) update processing 
2014-12-09 12:01:49,552 - * Get All Elements for NIF CTD ChemDisease ...  
2014-12-09 12:07:48,827 - ***************************************************** 
2014-12-09 12:07:48,859 - ResourceAccessTool creation... 
2014-12-09 12:07:49,062 - No needs to alter table obr_ctdp_element 
2014-12-09 12:07:49,358 - ResourceAccessTool CTDP created to access CTD Pathway (via NIF) (CTDP).
 
2014-12-09 12:07:53,511 - **** Resource CTDP processing 
2014-12-09 12:07:53,511 - Workflow Parameters[withCompleteDictionary= true, updateResource= true, reInitializeAllTables= false, reInitializeAllTablesExceptElement= false ] 
2014-12-09 12:07:53,558 - Resource entry updated. 
2014-12-09 12:07:55,040 - *** Resource CTD Pathway (via NIF) update processing 
2014-12-09 12:07:55,150 - * Get All Elements for NIF CTD ChemDisease ...  
2014-12-09 12:09:07,737 - ***************************************************** 
2014-12-09 12:09:07,769 - ResourceAccessTool creation... 
2014-12-09 12:09:07,956 - No needs to alter table obr_ctdp_element 
2014-12-09 12:09:08,268 - ResourceAccessTool CTDP created to access CTD Pathway (via NIF) (CTDP).
 
2014-12-09 12:09:10,906 - **** Resource CTDP processing 
2014-12-09 12:09:10,906 - Workflow Parameters[withCompleteDictionary= true, updateResource= true, reInitializeAllTables= false, reInitializeAllTablesExceptElement= false ] 
2014-12-09 12:09:10,952 - Resource entry updated. 
2014-12-09 12:09:11,374 - *** Resource CTD Pathway (via NIF) update processing 
2014-12-09 12:09:11,498 - * Get All Elements for NIF CTD ChemDisease ...  
2014-12-09 12:15:30,634 - ***************************************************** 
2014-12-09 12:15:30,666 - ResourceAccessTool creation... 
2014-12-09 12:15:30,869 - No needs to alter table obr_ctdp_element 
2014-12-09 12:15:31,165 - ResourceAccessTool CTDP created to access CTD Pathway (via NIF) (CTDP).
 
2014-12-09 12:15:35,378 - **** Resource CTDP processing 
2014-12-09 12:15:35,378 - Workflow Parameters[withCompleteDictionary= true, updateResource= true, reInitializeAllTables= false, reInitializeAllTablesExceptElement= false ] 
2014-12-09 12:15:35,425 - Resource entry updated. 
2014-12-09 12:15:36,611 - *** Resource CTD Pathway (via NIF) update processing 
2014-12-09 12:15:36,721 - * Get All Elements for NIF CTD ChemDisease ...  
2014-12-09 12:19:53,471 - ***************************************************** 
2014-12-09 12:19:53,519 - ResourceAccessTool creation... 
2014-12-09 12:19:53,706 - No needs to alter table obr_ctdp_element 
2014-12-09 12:19:54,003 - ResourceAccessTool CTDP created to access CTD Pathway (via NIF) (CTDP).
 
2014-12-09 12:19:58,997 - **** Resource CTDP processing 
2014-12-09 12:19:58,997 - Workflow Parameters[withCompleteDictionary= true, updateResource= true, reInitializeAllTables= false, reInitializeAllTablesExceptElement= false ] 
2014-12-09 12:19:59,059 - Resource entry updated. 
2014-12-09 12:19:59,496 - *** Resource CTD Pathway (via NIF) update processing 
2014-12-09 12:19:59,527 - * Get All Elements for NIF CTD ChemDisease ...  
2014-12-09 12:21:39,123 - 2 rows found. 
2014-12-09 12:21:42,743 - Number of new elements to dump: 2 
2014-12-09 12:21:51,984 - 2 elements added to the OBR_CTDCD_ET table. 
2014-12-09 12:21:56,000 - ### Resource CTD Pathway (via NIF) updated with 2 elements in : 00 hours, 01 minutes, 54 seconds.
 
2014-12-09 12:21:58,138 - Query :::: SELECT count(id) FROM obr_ctdp_element WHERE dictionary_id IS NULL OR dictionary_id<20;2 
2014-12-09 12:21:59,514 - Key obr.statistics.populate was not found in resource bundle 'config' for locale 'en_US' 
2014-12-09 12:21:59,514 - Query :::: SELECT count(id) FROM obr_ctdp_element WHERE dictionary_id IS NULL OR dictionary_id<20;2 
2014-12-09 12:21:59,514 - *** Executing  Direct Annotation process...  
2014-12-09 12:21:59,514 - Query :::: SELECT count(id) FROM obr_ctdp_element WHERE dictionary_id IS NULL OR dictionary_id<20;2 
2014-12-09 12:21:59,514 - 	** Concept recognition with Mgrep: 
2014-12-09 12:21:59,514 - Exporting the resource content to a file to be annotated with Mgrep... 
2014-12-09 12:21:59,515 - 		ResourceFile created in: 00 hours, 00 minutes, 00 seconds.
 
2014-12-09 12:21:59,515 - Call to Mgrep... 
2014-12-09 12:21:59,546 - Local Mgrep execution... 
2014-12-09 12:21:59,546 - command: files/mgrep/mgrep3.0/mgrep -w -i -f files/dictionaries/branch1.0/localhost/OBS_DICO_c035_CMP_MGREP.txt < files/mgrep/mgrepInputs/OBR_RESOURCE_CTDP_V20_MGREP.txt > files/mgrep/mgrepOutputs/OBR_RESOURCE_CTDP_V20_MGREP.txt.mgrep 
2014-12-09 12:21:59,593 - ** PROBLEM ** Cannot create MgrepFile. 
java.io.IOException: Cannot run program "/bin/sh": CreateProcess error=2, The system cannot find the file specified
	at java.lang.ProcessBuilder.start(ProcessBuilder.java:459)
	at java.lang.Runtime.exec(Runtime.java:593)
	at java.lang.Runtime.exec(Runtime.java:466)
	at org.ncbo.stanford.obr.util.mgrep.ConceptRecognitionTools.mgrepLocal(ConceptRecognitionTools.java:64)
	at org.ncbo.stanford.obr.service.annotation.impl.AnnotationServiceImpl.mgrepCall(AnnotationServiceImpl.java:153)
	at org.ncbo.stanford.obr.service.annotation.impl.AnnotationServiceImpl.conceptRecognitionWithMgrep(AnnotationServiceImpl.java:124)
	at org.ncbo.stanford.obr.service.annotation.impl.AnnotationServiceImpl.resourceAnnotation(AnnotationServiceImpl.java:51)
	at org.ncbo.stanford.obr.service.workflow.impl.ResourceIndexWorkflowImpl.executeWorkflow(ResourceIndexWorkflowImpl.java:273)
	at org.ncbo.stanford.obr.service.workflow.impl.ResourceIndexWorkflowImpl.resourceProcessing(ResourceIndexWorkflowImpl.java:219)
	at org.ncbo.stanford.obr.service.workflow.impl.ResourceIndexWorkflowImpl.startResourceIndexWorkflow(ResourceIndexWorkflowImpl.java:127)
	at org.ncbo.stanford.obr.populate.main.PopulateResourceIndex.main(PopulateResourceIndex.java:46)
Caused by: java.io.IOException: CreateProcess error=2, The system cannot find the file specified
	at java.lang.ProcessImpl.create(Native Method)
	at java.lang.ProcessImpl.<init>(ProcessImpl.java:81)
	at java.lang.ProcessImpl.start(ProcessImpl.java:30)
	at java.lang.ProcessBuilder.start(ProcessBuilder.java:452)
	... 10 more
2014-12-09 12:21:59,593 - 		Mgrep executed in: 00 hours, 00 minutes, 00 seconds. 
2014-12-09 12:21:59,593 - Processing of the result file... 
2014-12-09 12:41:11,473 - ***************************************************** 
2014-12-09 12:41:11,473 - ResourceAccessTool creation... 
2014-12-09 12:41:11,504 - No needs to alter table obr_ctdp_element 
2014-12-09 12:41:11,536 - ResourceAccessTool CTDP created to access CTD Pathway (via NIF) (CTDP).
 
2014-12-09 12:41:11,708 - **** Resource CTDP processing 
2014-12-09 12:41:11,708 - Workflow Parameters[withCompleteDictionary= true, updateResource= true, reInitializeAllTables= false, reInitializeAllTablesExceptElement= false ] 
2014-12-09 12:41:11,708 - Resource entry updated. 
2014-12-09 12:41:11,708 - *** Resource CTD Pathway (via NIF) update processing 
2014-12-09 12:41:11,708 - * Get All Elements for NIF CTD ChemDisease ...  
2014-12-09 13:50:43,584 - ***************************************************** 
2014-12-09 13:50:43,652 - ResourceAccessTool creation... 
2014-12-09 13:50:43,886 - No needs to alter table obr_ctdp_element 
2014-12-09 13:50:44,182 - ResourceAccessTool CTDP created to access CTD Pathway (via NIF) (CTDP).
 
2014-12-09 13:50:49,180 - **** Resource CTDP processing 
2014-12-09 13:50:49,180 - Workflow Parameters[withCompleteDictionary= true, updateResource= true, reInitializeAllTables= false, reInitializeAllTablesExceptElement= false ] 
2014-12-09 13:50:49,227 - Resource entry updated. 
2014-12-09 13:50:50,537 - *** Resource CTD Pathway (via NIF) update processing 
2014-12-09 13:50:50,569 - * Get All Elements for NIF CTD ChemDisease ...  
2014-12-09 13:55:10,624 - ***************************************************** 
2014-12-09 13:55:10,624 - ResourceAccessTool creation... 
2014-12-09 13:55:10,656 - No needs to alter table obr_ctdp_element 
2014-12-09 13:55:10,672 - ResourceAccessTool CTDP created to access CTD Pathway (via NIF) (CTDP).
 
2014-12-09 13:55:10,859 - **** Resource CTDP processing 
2014-12-09 13:55:10,859 - Workflow Parameters[withCompleteDictionary= true, updateResource= true, reInitializeAllTables= false, reInitializeAllTablesExceptElement= false ] 
2014-12-09 13:55:10,859 - Resource entry updated. 
2014-12-09 13:55:10,859 - *** Resource CTD Pathway (via NIF) update processing 
2014-12-09 13:55:10,859 - * Get All Elements for NIF CTD ChemDisease ...  
2014-12-09 13:55:11,686 - 0 rows found. 
2014-12-09 13:55:11,686 - Number of new elements to dump: 0 
2014-12-09 13:55:11,686 - 0 elements added to the OBR_CTDCD_ET table. 
2014-12-09 13:55:11,686 - ### Resource CTD Pathway (via NIF) updated with 0 elements in : 00 hours, 00 minutes, 00 seconds.
 
2014-12-09 13:55:11,718 - Query :::: SELECT count(id) FROM obr_ctdp_element WHERE dictionary_id IS NULL OR dictionary_id<20;2 
2014-12-09 13:55:11,718 - Key obr.statistics.populate was not found in resource bundle 'config' for locale 'en_US' 
2014-12-09 13:55:11,718 - Query :::: SELECT count(id) FROM obr_ctdp_element WHERE dictionary_id IS NULL OR dictionary_id<20;2 
2014-12-09 13:55:11,718 - *** Executing  Direct Annotation process...  
2014-12-09 13:55:11,718 - Query :::: SELECT count(id) FROM obr_ctdp_element WHERE dictionary_id IS NULL OR dictionary_id<20;2 
2014-12-09 13:55:11,718 - 	** Concept recognition with Mgrep: 
2014-12-09 13:55:11,718 - Exporting the resource content to a file to be annotated with Mgrep... 
2014-12-09 13:55:11,718 - 		ResourceFile created in: 00 hours, 00 minutes, 00 seconds.
 
2014-12-09 13:55:11,718 - Call to Mgrep... 
2014-12-09 13:55:11,718 - Local Mgrep execution... 
2014-12-09 13:55:11,718 - command: files/mgrep/mgrep3.0/mgrep -w -i -f files/dictionaries/branch1.0/localhost/OBS_DICO_c035_CMP_MGREP.txt < files/mgrep/mgrepInputs/OBR_RESOURCE_CTDP_V20_MGREP.txt > files/mgrep/mgrepOutputs/OBR_RESOURCE_CTDP_V20_MGREP.txt.mgrep 
2014-12-09 13:55:11,718 - ** PROBLEM ** Cannot create MgrepFile. 
java.io.IOException: Cannot run program "/bin/sh": CreateProcess error=2, The system cannot find the file specified
	at java.lang.ProcessBuilder.start(ProcessBuilder.java:459)
	at java.lang.Runtime.exec(Runtime.java:593)
	at java.lang.Runtime.exec(Runtime.java:466)
	at org.ncbo.stanford.obr.util.mgrep.ConceptRecognitionTools.mgrepLocal(ConceptRecognitionTools.java:64)
	at org.ncbo.stanford.obr.service.annotation.impl.AnnotationServiceImpl.mgrepCall(AnnotationServiceImpl.java:153)
	at org.ncbo.stanford.obr.service.annotation.impl.AnnotationServiceImpl.conceptRecognitionWithMgrep(AnnotationServiceImpl.java:124)
	at org.ncbo.stanford.obr.service.annotation.impl.AnnotationServiceImpl.resourceAnnotation(AnnotationServiceImpl.java:51)
	at org.ncbo.stanford.obr.service.workflow.impl.ResourceIndexWorkflowImpl.executeWorkflow(ResourceIndexWorkflowImpl.java:273)
	at org.ncbo.stanford.obr.service.workflow.impl.ResourceIndexWorkflowImpl.resourceProcessing(ResourceIndexWorkflowImpl.java:219)
	at org.ncbo.stanford.obr.service.workflow.impl.ResourceIndexWorkflowImpl.startResourceIndexWorkflow(ResourceIndexWorkflowImpl.java:127)
	at org.ncbo.stanford.obr.populate.main.PopulateResourceIndex.main(PopulateResourceIndex.java:46)
Caused by: java.io.IOException: CreateProcess error=2, The system cannot find the file specified
	at java.lang.ProcessImpl.create(Native Method)
	at java.lang.ProcessImpl.<init>(ProcessImpl.java:81)
	at java.lang.ProcessImpl.start(ProcessImpl.java:30)
	at java.lang.ProcessBuilder.start(ProcessBuilder.java:452)
	... 10 more
2014-12-09 13:55:11,718 - 		Mgrep executed in: 00 hours, 00 minutes, 00 seconds. 
2014-12-09 13:55:11,718 - Processing of the result file... 
2014-12-09 13:55:47,148 - ***************************************************** 
2014-12-09 13:55:47,180 - ResourceAccessTool creation... 
2014-12-09 13:55:47,367 - No needs to alter table obr_ctdp_element 
2014-12-09 13:55:47,679 - ResourceAccessTool CTDP created to access CTD Pathway (via NIF) (CTDP).
 
2014-12-09 13:55:51,160 - **** Resource CTDP processing 
2014-12-09 13:55:51,160 - Workflow Parameters[withCompleteDictionary= true, updateResource= true, reInitializeAllTables= false, reInitializeAllTablesExceptElement= false ] 
2014-12-09 13:55:51,207 - Resource entry updated. 
2014-12-09 13:55:51,628 - *** Resource CTD Pathway (via NIF) update processing 
2014-12-09 13:55:51,659 - * Get All Elements for NIF CTD ChemDisease ...  
2014-12-09 14:01:05,698 - ***************************************************** 
2014-12-09 14:01:05,730 - ResourceAccessTool creation... 
2014-12-09 14:01:05,980 - No needs to alter table obr_ctdp_element 
2014-12-09 14:01:06,260 - ResourceAccessTool CTDP created to access CTD Pathway (via NIF) (CTDP).
 
2014-12-09 14:01:10,115 - **** Resource CTDP processing 
2014-12-09 14:01:10,115 - Workflow Parameters[withCompleteDictionary= true, updateResource= true, reInitializeAllTables= false, reInitializeAllTablesExceptElement= false ] 
2014-12-09 14:01:10,146 - Resource entry updated. 
2014-12-09 14:01:10,567 - *** Resource CTD Pathway (via NIF) update processing 
2014-12-09 14:01:10,598 - * Get All Elements for NIF CTD ChemDisease ...  
2014-12-09 14:09:23,747 - ***************************************************** 
2014-12-09 14:09:23,747 - ResourceAccessTool creation... 
2014-12-09 14:09:23,778 - No needs to alter table obr_ctdp_element 
2014-12-09 14:09:23,809 - ResourceAccessTool CTDP created to access CTD Pathway (via NIF) (CTDP).
 
2014-12-09 14:09:23,982 - **** Resource CTDP processing 
2014-12-09 14:09:23,982 - Workflow Parameters[withCompleteDictionary= true, updateResource= true, reInitializeAllTables= false, reInitializeAllTablesExceptElement= false ] 
2014-12-09 14:09:23,997 - Resource entry updated. 
2014-12-09 14:09:23,997 - *** Resource CTD Pathway (via NIF) update processing 
2014-12-09 14:09:23,997 - * Get All Elements for NIF CTD ChemDisease ...  
2014-12-09 14:09:24,574 - 290 rows found. 
2014-12-09 14:09:24,574 - Number of new elements to dump: 290 
2014-12-09 14:09:24,621 - 290 elements added to the OBR_CTDCD_ET table. 
2014-12-09 14:09:24,621 - ### Resource CTD Pathway (via NIF) updated with 290 elements in : 00 hours, 00 minutes, 00 seconds.
 
2014-12-09 14:09:24,637 - Query :::: SELECT count(id) FROM obr_ctdp_element WHERE dictionary_id IS NULL OR dictionary_id<20;292 
2014-12-09 14:09:24,637 - Key obr.statistics.populate was not found in resource bundle 'config' for locale 'en_US' 
2014-12-09 14:09:24,637 - Query :::: SELECT count(id) FROM obr_ctdp_element WHERE dictionary_id IS NULL OR dictionary_id<20;292 
2014-12-09 14:09:24,637 - *** Executing  Direct Annotation process...  
2014-12-09 14:09:24,637 - Query :::: SELECT count(id) FROM obr_ctdp_element WHERE dictionary_id IS NULL OR dictionary_id<20;292 
2014-12-09 14:09:24,637 - 	** Concept recognition with Mgrep: 
2014-12-09 14:09:24,637 - Exporting the resource content to a file to be annotated with Mgrep... 
2014-12-09 14:09:24,637 - 		ResourceFile created in: 00 hours, 00 minutes, 00 seconds.
 
2014-12-09 14:09:24,637 - Call to Mgrep... 
2014-12-09 14:09:24,637 - Local Mgrep execution... 
2014-12-09 14:09:24,637 - command: files/mgrep/mgrep3.0/mgrep -w -i -f files/dictionaries/branch1.0/localhost/OBS_DICO_c035_CMP_MGREP.txt < files/mgrep/mgrepInputs/OBR_RESOURCE_CTDP_V20_MGREP.txt > files/mgrep/mgrepOutputs/OBR_RESOURCE_CTDP_V20_MGREP.txt.mgrep 
2014-12-09 14:09:24,637 - ** PROBLEM ** Cannot create MgrepFile. 
java.io.IOException: Cannot run program "/bin/sh": CreateProcess error=2, The system cannot find the file specified
	at java.lang.ProcessBuilder.start(ProcessBuilder.java:459)
	at java.lang.Runtime.exec(Runtime.java:593)
	at java.lang.Runtime.exec(Runtime.java:466)
	at org.ncbo.stanford.obr.util.mgrep.ConceptRecognitionTools.mgrepLocal(ConceptRecognitionTools.java:64)
	at org.ncbo.stanford.obr.service.annotation.impl.AnnotationServiceImpl.mgrepCall(AnnotationServiceImpl.java:153)
	at org.ncbo.stanford.obr.service.annotation.impl.AnnotationServiceImpl.conceptRecognitionWithMgrep(AnnotationServiceImpl.java:124)
	at org.ncbo.stanford.obr.service.annotation.impl.AnnotationServiceImpl.resourceAnnotation(AnnotationServiceImpl.java:51)
	at org.ncbo.stanford.obr.service.workflow.impl.ResourceIndexWorkflowImpl.executeWorkflow(ResourceIndexWorkflowImpl.java:273)
	at org.ncbo.stanford.obr.service.workflow.impl.ResourceIndexWorkflowImpl.resourceProcessing(ResourceIndexWorkflowImpl.java:219)
	at org.ncbo.stanford.obr.service.workflow.impl.ResourceIndexWorkflowImpl.startResourceIndexWorkflow(ResourceIndexWorkflowImpl.java:127)
	at org.ncbo.stanford.obr.populate.main.PopulateResourceIndex.main(PopulateResourceIndex.java:46)
Caused by: java.io.IOException: CreateProcess error=2, The system cannot find the file specified
	at java.lang.ProcessImpl.create(Native Method)
	at java.lang.ProcessImpl.<init>(ProcessImpl.java:81)
	at java.lang.ProcessImpl.start(ProcessImpl.java:30)
	at java.lang.ProcessBuilder.start(ProcessBuilder.java:452)
	... 10 more
2014-12-09 14:09:24,637 - 		Mgrep executed in: 00 hours, 00 minutes, 00 seconds. 
2014-12-09 14:09:24,637 - Processing of the result file... 
2014-12-09 14:12:29,436 - ***************************************************** 
2014-12-09 14:12:29,436 - ResourceAccessTool creation... 
2014-12-09 14:12:29,467 - No needs to alter table obr_ctdp_element 
2014-12-09 14:12:29,498 - ResourceAccessTool CTDP created to access CTD Pathway (via NIF) (CTDP).
 
2014-12-09 14:12:29,826 - **** Resource CTDP processing 
2014-12-09 14:12:29,826 - Workflow Parameters[withCompleteDictionary= true, updateResource= true, reInitializeAllTables= false, reInitializeAllTablesExceptElement= false ] 
2014-12-09 14:12:29,841 - Resource entry updated. 
2014-12-09 14:12:29,841 - *** Resource CTD Pathway (via NIF) update processing 
2014-12-09 14:12:29,841 - * Get All Elements for NIF CTD ChemDisease ...  
2014-12-09 14:16:36,862 - ***************************************************** 
2014-12-09 14:16:36,862 - ResourceAccessTool creation... 
2014-12-09 14:16:36,894 - No needs to alter table obr_ctdp_element 
2014-12-09 14:16:36,925 - ResourceAccessTool CTDP created to access CTD Pathway (via NIF) (CTDP).
 
2014-12-09 14:16:37,097 - **** Resource CTDP processing 
2014-12-09 14:16:37,097 - Workflow Parameters[withCompleteDictionary= true, updateResource= true, reInitializeAllTables= false, reInitializeAllTablesExceptElement= false ] 
2014-12-09 14:16:37,112 - Resource entry updated. 
2014-12-09 14:16:37,112 - *** Resource CTD Pathway (via NIF) update processing 
2014-12-09 14:16:37,112 - * Get All Elements for NIF CTD ChemDisease ...  
2014-12-09 14:16:37,658 - 0 rows found. 
2014-12-09 14:16:37,658 - Number of new elements to dump: 0 
2014-12-09 14:16:37,658 - 0 elements added to the OBR_CTDCD_ET table. 
2014-12-09 14:16:37,658 - ### Resource CTD Pathway (via NIF) updated with 0 elements in : 00 hours, 00 minutes, 00 seconds.
 
2014-12-09 14:16:37,689 - Query :::: SELECT count(id) FROM obr_ctdp_element WHERE dictionary_id IS NULL OR dictionary_id<20;292 
2014-12-09 14:16:37,689 - Key obr.statistics.populate was not found in resource bundle 'config' for locale 'en_US' 
2014-12-09 14:16:37,689 - Query :::: SELECT count(id) FROM obr_ctdp_element WHERE dictionary_id IS NULL OR dictionary_id<20;292 
2014-12-09 14:16:37,689 - *** Executing  Direct Annotation process...  
2014-12-09 14:16:37,689 - Query :::: SELECT count(id) FROM obr_ctdp_element WHERE dictionary_id IS NULL OR dictionary_id<20;292 
2014-12-09 14:16:37,689 - 	** Concept recognition with Mgrep: 
2014-12-09 14:16:37,689 - Exporting the resource content to a file to be annotated with Mgrep... 
2014-12-09 14:16:37,689 - 		ResourceFile created in: 00 hours, 00 minutes, 00 seconds.
 
2014-12-09 14:16:37,689 - Call to Mgrep... 
2014-12-09 14:16:37,689 - Local Mgrep execution... 
2014-12-09 14:16:37,689 - command: files/mgrep/mgrep3.0/mgrep -w -i -f files/dictionaries/branch1.0/localhost/OBS_DICO_c035_CMP_MGREP.txt < files/mgrep/mgrepInputs/OBR_RESOURCE_CTDP_V20_MGREP.txt > files/mgrep/mgrepOutputs/OBR_RESOURCE_CTDP_V20_MGREP.txt.mgrep 
2014-12-09 14:16:37,689 - ** PROBLEM ** Cannot create MgrepFile. 
java.io.IOException: Cannot run program "/bin/sh": CreateProcess error=2, The system cannot find the file specified
	at java.lang.ProcessBuilder.start(ProcessBuilder.java:459)
	at java.lang.Runtime.exec(Runtime.java:593)
	at java.lang.Runtime.exec(Runtime.java:466)
	at org.ncbo.stanford.obr.util.mgrep.ConceptRecognitionTools.mgrepLocal(ConceptRecognitionTools.java:64)
	at org.ncbo.stanford.obr.service.annotation.impl.AnnotationServiceImpl.mgrepCall(AnnotationServiceImpl.java:153)
	at org.ncbo.stanford.obr.service.annotation.impl.AnnotationServiceImpl.conceptRecognitionWithMgrep(AnnotationServiceImpl.java:124)
	at org.ncbo.stanford.obr.service.annotation.impl.AnnotationServiceImpl.resourceAnnotation(AnnotationServiceImpl.java:51)
	at org.ncbo.stanford.obr.service.workflow.impl.ResourceIndexWorkflowImpl.executeWorkflow(ResourceIndexWorkflowImpl.java:273)
	at org.ncbo.stanford.obr.service.workflow.impl.ResourceIndexWorkflowImpl.resourceProcessing(ResourceIndexWorkflowImpl.java:219)
	at org.ncbo.stanford.obr.service.workflow.impl.ResourceIndexWorkflowImpl.startResourceIndexWorkflow(ResourceIndexWorkflowImpl.java:127)
	at org.ncbo.stanford.obr.populate.main.PopulateResourceIndex.main(PopulateResourceIndex.java:46)
Caused by: java.io.IOException: CreateProcess error=2, The system cannot find the file specified
	at java.lang.ProcessImpl.create(Native Method)
	at java.lang.ProcessImpl.<init>(ProcessImpl.java:81)
	at java.lang.ProcessImpl.start(ProcessImpl.java:30)
	at java.lang.ProcessBuilder.start(ProcessBuilder.java:452)
	... 10 more
2014-12-09 14:16:37,705 - 		Mgrep executed in: 00 hours, 00 minutes, 00 seconds. 
2014-12-09 14:16:37,705 - Processing of the result file... 
2014-12-09 14:17:13,605 - ***************************************************** 
2014-12-09 14:17:13,605 - ResourceAccessTool creation... 
2014-12-09 14:17:13,636 - No needs to alter table obr_ctdp_element 
2014-12-09 14:17:13,668 - ResourceAccessTool CTDP created to access CTD Pathway (via NIF) (CTDP).
 
2014-12-09 14:17:13,840 - **** Resource CTDP processing 
2014-12-09 14:17:13,840 - Workflow Parameters[withCompleteDictionary= true, updateResource= true, reInitializeAllTables= false, reInitializeAllTablesExceptElement= false ] 
2014-12-09 14:17:13,855 - Resource entry updated. 
2014-12-09 14:17:13,855 - *** Resource CTD Pathway (via NIF) update processing 
2014-12-09 14:17:13,855 - * Get All Elements for NIF CTD ChemDisease ...  
2014-12-09 14:17:14,432 - 292 rows found. 
2014-12-09 14:17:14,432 - Number of new elements to dump: 292 
2014-12-09 14:17:14,479 - 292 elements added to the OBR_CTDCD_ET table. 
2014-12-09 14:17:14,479 - ### Resource CTD Pathway (via NIF) updated with 292 elements in : 00 hours, 00 minutes, 00 seconds.
 
2014-12-09 14:17:14,495 - Query :::: SELECT count(id) FROM obr_ctdp_element WHERE dictionary_id IS NULL OR dictionary_id<20;292 
2014-12-09 14:17:14,495 - Key obr.statistics.populate was not found in resource bundle 'config' for locale 'en_US' 
2014-12-09 14:17:14,495 - Query :::: SELECT count(id) FROM obr_ctdp_element WHERE dictionary_id IS NULL OR dictionary_id<20;292 
2014-12-09 14:17:14,495 - *** Executing  Direct Annotation process...  
2014-12-09 14:17:14,495 - Query :::: SELECT count(id) FROM obr_ctdp_element WHERE dictionary_id IS NULL OR dictionary_id<20;292 
2014-12-09 14:17:14,495 - 	** Concept recognition with Mgrep: 
2014-12-09 14:17:14,495 - Exporting the resource content to a file to be annotated with Mgrep... 
2014-12-09 14:17:14,495 - 		ResourceFile created in: 00 hours, 00 minutes, 00 seconds.
 
2014-12-09 14:17:14,495 - Call to Mgrep... 
2014-12-09 14:17:14,510 - Local Mgrep execution... 
2014-12-09 14:17:14,510 - command: files/mgrep/mgrep3.0/mgrep -w -i -f files/dictionaries/branch1.0/localhost/OBS_DICO_c035_CMP_MGREP.txt < files/mgrep/mgrepInputs/OBR_RESOURCE_CTDP_V20_MGREP.txt > files/mgrep/mgrepOutputs/OBR_RESOURCE_CTDP_V20_MGREP.txt.mgrep 
2014-12-09 14:17:14,510 - ** PROBLEM ** Cannot create MgrepFile. 
java.io.IOException: Cannot run program "/bin/sh": CreateProcess error=2, The system cannot find the file specified
	at java.lang.ProcessBuilder.start(ProcessBuilder.java:459)
	at java.lang.Runtime.exec(Runtime.java:593)
	at java.lang.Runtime.exec(Runtime.java:466)
	at org.ncbo.stanford.obr.util.mgrep.ConceptRecognitionTools.mgrepLocal(ConceptRecognitionTools.java:64)
	at org.ncbo.stanford.obr.service.annotation.impl.AnnotationServiceImpl.mgrepCall(AnnotationServiceImpl.java:153)
	at org.ncbo.stanford.obr.service.annotation.impl.AnnotationServiceImpl.conceptRecognitionWithMgrep(AnnotationServiceImpl.java:124)
	at org.ncbo.stanford.obr.service.annotation.impl.AnnotationServiceImpl.resourceAnnotation(AnnotationServiceImpl.java:51)
	at org.ncbo.stanford.obr.service.workflow.impl.ResourceIndexWorkflowImpl.executeWorkflow(ResourceIndexWorkflowImpl.java:273)
	at org.ncbo.stanford.obr.service.workflow.impl.ResourceIndexWorkflowImpl.resourceProcessing(ResourceIndexWorkflowImpl.java:219)
	at org.ncbo.stanford.obr.service.workflow.impl.ResourceIndexWorkflowImpl.startResourceIndexWorkflow(ResourceIndexWorkflowImpl.java:127)
	at org.ncbo.stanford.obr.populate.main.PopulateResourceIndex.main(PopulateResourceIndex.java:46)
Caused by: java.io.IOException: CreateProcess error=2, The system cannot find the file specified
	at java.lang.ProcessImpl.create(Native Method)
	at java.lang.ProcessImpl.<init>(ProcessImpl.java:81)
	at java.lang.ProcessImpl.start(ProcessImpl.java:30)
	at java.lang.ProcessBuilder.start(ProcessBuilder.java:452)
	... 10 more
2014-12-09 14:17:14,510 - 		Mgrep executed in: 00 hours, 00 minutes, 00 seconds. 
2014-12-09 14:17:14,510 - Processing of the result file... 
2014-12-09 14:43:58,628 - ***************************************************** 
2014-12-09 14:43:58,628 - ResourceAccessTool creation... 
2014-12-09 14:43:58,675 - No needs to alter table obr_ctdp_element 
2014-12-09 14:43:58,706 - ResourceAccessTool CTDP created to access CTD Pathway (via NIF) (CTDP).
 
2014-12-09 14:43:59,033 - **** Resource CTDP processing 
2014-12-09 14:43:59,033 - Workflow Parameters[withCompleteDictionary= true, updateResource= true, reInitializeAllTables= false, reInitializeAllTablesExceptElement= false ] 
2014-12-09 14:43:59,049 - Resource entry updated. 
2014-12-09 14:43:59,049 - *** Resource CTD Pathway (via NIF) update processing 
2014-12-09 14:43:59,049 - * Get All Elements for NIF CTD ChemDisease ...  
2014-12-09 14:48:43,241 - ***************************************************** 
2014-12-09 14:48:43,241 - ResourceAccessTool creation... 
2014-12-09 14:48:43,288 - No needs to alter table obr_ctdp_element 
2014-12-09 14:48:43,319 - ResourceAccessTool CTDP created to access CTD Pathway (via NIF) (CTDP).
 
2014-12-09 14:48:43,647 - **** Resource CTDP processing 
2014-12-09 14:48:43,647 - Workflow Parameters[withCompleteDictionary= true, updateResource= true, reInitializeAllTables= false, reInitializeAllTablesExceptElement= false ] 
2014-12-09 14:48:43,663 - Resource entry updated. 
2014-12-09 14:48:43,663 - *** Resource CTD Pathway (via NIF) update processing 
2014-12-09 14:48:43,663 - * Get All Elements for NIF CTD ChemDisease ...  
2014-12-09 14:49:58,698 - ***************************************************** 
2014-12-09 14:49:58,698 - ResourceAccessTool creation... 
2014-12-09 14:49:58,731 - No needs to alter table obr_ctdp_element 
2014-12-09 14:49:58,746 - ResourceAccessTool CTDP created to access CTD Pathway (via NIF) (CTDP).
 
2014-12-09 14:49:58,918 - **** Resource CTDP processing 
2014-12-09 14:49:58,918 - Workflow Parameters[withCompleteDictionary= true, updateResource= true, reInitializeAllTables= false, reInitializeAllTablesExceptElement= false ] 
2014-12-09 14:49:58,933 - Resource entry updated. 
2014-12-09 14:49:58,933 - *** Resource CTD Pathway (via NIF) update processing 
2014-12-09 14:49:58,933 - * Get All Elements for NIF CTD ChemDisease ...  
2014-12-09 14:49:59,511 - 293 rows found. 
2014-12-09 14:49:59,511 - Number of new elements to dump: 293 
2014-12-09 14:49:59,557 - 293 elements added to the OBR_CTDCD_ET table. 
2014-12-09 14:49:59,557 - ### Resource CTD Pathway (via NIF) updated with 293 elements in : 00 hours, 00 minutes, 00 seconds.
 
2014-12-09 14:49:59,573 - Query :::: SELECT count(id) FROM obr_ctdp_element WHERE dictionary_id IS NULL OR dictionary_id<20;293 
2014-12-09 14:49:59,573 - Key obr.statistics.populate was not found in resource bundle 'config' for locale 'en_US' 
2014-12-09 14:49:59,573 - Query :::: SELECT count(id) FROM obr_ctdp_element WHERE dictionary_id IS NULL OR dictionary_id<20;293 
2014-12-09 14:49:59,573 - *** Executing  Direct Annotation process...  
2014-12-09 14:49:59,573 - Query :::: SELECT count(id) FROM obr_ctdp_element WHERE dictionary_id IS NULL OR dictionary_id<20;293 
2014-12-09 14:49:59,573 - 	** Concept recognition with Mgrep: 
2014-12-09 14:49:59,573 - Exporting the resource content to a file to be annotated with Mgrep... 
2014-12-09 14:49:59,573 - 		ResourceFile created in: 00 hours, 00 minutes, 00 seconds.
 
2014-12-09 14:49:59,573 - Call to Mgrep... 
2014-12-09 14:49:59,573 - Local Mgrep execution... 
2014-12-09 14:49:59,573 - command: files/mgrep/mgrep3.0/mgrep -w -i -f files/dictionaries/branch1.0/localhost/OBS_DICO_c035_CMP_MGREP.txt < files/mgrep/mgrepInputs/OBR_RESOURCE_CTDP_V20_MGREP.txt > files/mgrep/mgrepOutputs/OBR_RESOURCE_CTDP_V20_MGREP.txt.mgrep 
2014-12-09 14:49:59,589 - ** PROBLEM ** Cannot create MgrepFile. 
java.io.IOException: Cannot run program "/bin/sh": CreateProcess error=2, The system cannot find the file specified
	at java.lang.ProcessBuilder.start(ProcessBuilder.java:459)
	at java.lang.Runtime.exec(Runtime.java:593)
	at java.lang.Runtime.exec(Runtime.java:466)
	at org.ncbo.stanford.obr.util.mgrep.ConceptRecognitionTools.mgrepLocal(ConceptRecognitionTools.java:64)
	at org.ncbo.stanford.obr.service.annotation.impl.AnnotationServiceImpl.mgrepCall(AnnotationServiceImpl.java:153)
	at org.ncbo.stanford.obr.service.annotation.impl.AnnotationServiceImpl.conceptRecognitionWithMgrep(AnnotationServiceImpl.java:124)
	at org.ncbo.stanford.obr.service.annotation.impl.AnnotationServiceImpl.resourceAnnotation(AnnotationServiceImpl.java:51)
	at org.ncbo.stanford.obr.service.workflow.impl.ResourceIndexWorkflowImpl.executeWorkflow(ResourceIndexWorkflowImpl.java:273)
	at org.ncbo.stanford.obr.service.workflow.impl.ResourceIndexWorkflowImpl.resourceProcessing(ResourceIndexWorkflowImpl.java:219)
	at org.ncbo.stanford.obr.service.workflow.impl.ResourceIndexWorkflowImpl.startResourceIndexWorkflow(ResourceIndexWorkflowImpl.java:127)
	at org.ncbo.stanford.obr.populate.main.PopulateResourceIndex.main(PopulateResourceIndex.java:46)
Caused by: java.io.IOException: CreateProcess error=2, The system cannot find the file specified
	at java.lang.ProcessImpl.create(Native Method)
	at java.lang.ProcessImpl.<init>(ProcessImpl.java:81)
	at java.lang.ProcessImpl.start(ProcessImpl.java:30)
	at java.lang.ProcessBuilder.start(ProcessBuilder.java:452)
	... 10 more
2014-12-09 14:49:59,589 - 		Mgrep executed in: 00 hours, 00 minutes, 00 seconds. 
2014-12-09 14:49:59,589 - Processing of the result file... 
2014-12-09 16:42:19,026 - ***************************************************** 
2014-12-09 16:42:19,042 - ResourceAccessTool creation... 
2014-12-09 16:42:19,073 - No needs to alter table obr_ctdp_element 
2014-12-09 16:42:19,135 - ResourceAccessTool CTDP created to access CTD Pathway (via NIF) (CTDP).
 
2014-12-09 16:42:19,447 - **** Resource CTDP processing 
2014-12-09 16:42:19,447 - Workflow Parameters[withCompleteDictionary= true, updateResource= true, reInitializeAllTables= false, reInitializeAllTablesExceptElement= false ] 
2014-12-09 16:42:19,478 - Resource entry updated. 
2014-12-09 16:42:19,478 - *** Resource CTD Pathway (via NIF) update processing 
2014-12-09 16:42:19,478 - * Get All Elements for NIF CTD ChemDisease ...  
2014-12-10 09:07:27,652 - ***************************************************** 
2014-12-10 09:07:27,652 - ResourceAccessTool creation... 
2014-12-10 09:07:27,707 - No needs to alter table obr_ctdp_element 
2014-12-10 09:07:27,725 - ResourceAccessTool CTDP created to access CTD Pathway (via NIF) (CTDP).
 
2014-12-10 09:07:28,070 - **** Resource CTDP processing 
2014-12-10 09:07:28,070 - Workflow Parameters[withCompleteDictionary= true, updateResource= true, reInitializeAllTables= false, reInitializeAllTablesExceptElement= false ] 
2014-12-10 09:07:28,086 - Resource entry updated. 
2014-12-10 09:07:28,086 - *** Resource CTD Pathway (via NIF) update processing 
2014-12-10 09:07:28,086 - * Get All Elements for NIF CTD ChemDisease ...  
2014-12-16 14:41:39,733 - ***************************************************** 
2014-12-16 14:41:39,734 - ResourceAccessTool creation... 
2014-12-16 14:41:39,789 - No needs to alter table obr_ctdp_element 
2014-12-16 14:41:39,876 - ResourceAccessTool CTDP created to access CTD Pathway (via NIF) (CTDP).
 
2014-12-16 14:41:40,051 - **** Resource CTDP processing 
2014-12-16 14:41:40,052 - Workflow Parameters[withCompleteDictionary= true, updateResource= true, reInitializeAllTables= false, reInitializeAllTablesExceptElement= false ] 
2014-12-16 14:41:40,087 - Resource entry updated. 
2014-12-16 14:41:40,087 - *** Resource CTD Pathway (via NIF) update processing 
2014-12-16 14:41:43,335 - 5000 elements added to the OBR_CTDP_ET table. 
2014-12-16 14:41:45,128 - 5000 elements added to the OBR_CTDP_ET table. 
2014-12-16 14:41:46,661 - 5000 elements added to the OBR_CTDP_ET table. 
2014-12-16 14:41:48,216 - 5000 elements added to the OBR_CTDP_ET table. 
2014-12-16 14:41:49,748 - 5000 elements added to the OBR_CTDP_ET table. 
2014-12-16 14:41:51,439 - 5000 elements added to the OBR_CTDP_ET table. 
2014-12-16 14:41:53,140 - 5000 elements added to the OBR_CTDP_ET table. 
2014-12-16 14:41:54,842 - 5000 elements added to the OBR_CTDP_ET table. 
2014-12-16 14:41:56,620 - 5000 elements added to the OBR_CTDP_ET table. 
2014-12-16 14:41:58,509 - 5000 elements added to the OBR_CTDP_ET table. 
2014-12-16 14:42:00,291 - 5000 elements added to the OBR_CTDP_ET table. 
2014-12-16 14:42:02,118 - 5000 elements added to the OBR_CTDP_ET table. 
2014-12-16 14:42:03,944 - 5000 elements added to the OBR_CTDP_ET table. 
2014-12-16 14:42:05,680 - 5000 elements added to the OBR_CTDP_ET table. 
2014-12-16 14:42:07,630 - 5000 elements added to the OBR_CTDP_ET table. 
2014-12-16 14:42:09,376 - 5000 elements added to the OBR_CTDP_ET table. 
2014-12-16 14:42:11,267 - 5000 elements added to the OBR_CTDP_ET table. 
2014-12-16 14:42:13,026 - 5000 elements added to the OBR_CTDP_ET table. 
2014-12-16 14:42:14,800 - 5000 elements added to the OBR_CTDP_ET table. 
2014-12-16 14:42:16,294 - 5000 elements added to the OBR_CTDP_ET table. 
2014-12-16 14:42:18,148 - 5000 elements added to the OBR_CTDP_ET table. 
2014-12-16 14:42:19,915 - 5000 elements added to the OBR_CTDP_ET table. 
2014-12-16 14:42:21,735 - 5000 elements added to the OBR_CTDP_ET table. 
2014-12-16 14:42:23,623 - 5000 elements added to the OBR_CTDP_ET table. 
2014-12-16 14:42:25,416 - 5000 elements added to the OBR_CTDP_ET table. 
2014-12-16 14:42:27,229 - 5000 elements added to the OBR_CTDP_ET table. 
2014-12-16 14:42:29,105 - 5000 elements added to the OBR_CTDP_ET table. 
2014-12-16 14:42:31,122 - 5000 elements added to the OBR_CTDP_ET table. 
2014-12-16 14:42:32,988 - 5000 elements added to the OBR_CTDP_ET table. 
2014-12-16 14:42:34,740 - 5000 elements added to the OBR_CTDP_ET table. 
2014-12-16 14:42:36,465 - 4731 elements added to the OBR_CTDP_ET table. 
2014-12-16 14:42:36,465 - ### Resource CTD Pathway (via NIF) updated with 0 elements in : 00 hours, 00 minutes, 56 seconds.
 
2014-12-16 14:42:36,488 - Query :::: SELECT count(id) FROM obr_ctdp_element WHERE dictionary_id IS NULL OR dictionary_id<20;154731 
2014-12-16 14:42:36,488 - Key obr.statistics.populate was not found in resource bundle 'config' for locale 'en_US' 
2014-12-16 14:42:36,551 - Query :::: SELECT count(id) FROM obr_ctdp_element WHERE dictionary_id IS NULL OR dictionary_id<20;154731 
2014-12-16 14:42:36,551 - *** Executing  Direct Annotation process...  
2014-12-16 14:42:36,582 - Query :::: SELECT count(id) FROM obr_ctdp_element WHERE dictionary_id IS NULL OR dictionary_id<20;154731 
2014-12-16 14:42:36,582 - 	** Concept recognition with Mgrep: 
2014-12-16 14:42:36,582 - Exporting the resource content to a file to be annotated with Mgrep... 
2014-12-16 14:42:36,986 - 		ResourceFile created in: 00 hours, 00 minutes, 00 seconds.
 
2014-12-16 14:42:36,986 - Call to Mgrep... 
2014-12-16 14:42:36,986 - Local Mgrep execution... 
2014-12-16 14:42:36,986 - command: files/mgrep/mgrep3.0/mgrep -w -i -f files/dictionaries/branch1.0/localhost/OBS_DICO_c035_CMP_MGREP.txt < files/mgrep/mgrepInputs/OBR_RESOURCE_CTDP_V20_MGREP.txt > files/mgrep/mgrepOutputs/OBR_RESOURCE_CTDP_V20_MGREP.txt.mgrep 
2014-12-16 14:42:36,986 - ** PROBLEM ** Cannot create MgrepFile. 
java.io.IOException: Cannot run program "/bin/sh": CreateProcess error=2, The system cannot find the file specified
	at java.lang.ProcessBuilder.start(ProcessBuilder.java:459)
	at java.lang.Runtime.exec(Runtime.java:593)
	at java.lang.Runtime.exec(Runtime.java:466)
	at org.ncbo.stanford.obr.util.mgrep.ConceptRecognitionTools.mgrepLocal(ConceptRecognitionTools.java:64)
	at org.ncbo.stanford.obr.service.annotation.impl.AnnotationServiceImpl.mgrepCall(AnnotationServiceImpl.java:153)
	at org.ncbo.stanford.obr.service.annotation.impl.AnnotationServiceImpl.conceptRecognitionWithMgrep(AnnotationServiceImpl.java:124)
	at org.ncbo.stanford.obr.service.annotation.impl.AnnotationServiceImpl.resourceAnnotation(AnnotationServiceImpl.java:51)
	at org.ncbo.stanford.obr.service.workflow.impl.ResourceIndexWorkflowImpl.executeWorkflow(ResourceIndexWorkflowImpl.java:273)
	at org.ncbo.stanford.obr.service.workflow.impl.ResourceIndexWorkflowImpl.resourceProcessing(ResourceIndexWorkflowImpl.java:219)
	at org.ncbo.stanford.obr.service.workflow.impl.ResourceIndexWorkflowImpl.startResourceIndexWorkflow(ResourceIndexWorkflowImpl.java:127)
	at org.ncbo.stanford.obr.populate.main.PopulateResourceIndex.main(PopulateResourceIndex.java:46)
Caused by: java.io.IOException: CreateProcess error=2, The system cannot find the file specified
	at java.lang.ProcessImpl.create(Native Method)
	at java.lang.ProcessImpl.<init>(ProcessImpl.java:81)
	at java.lang.ProcessImpl.start(ProcessImpl.java:30)
	at java.lang.ProcessBuilder.start(ProcessBuilder.java:452)
	... 10 more
2014-12-16 14:42:36,986 - 		Mgrep executed in: 00 hours, 00 minutes, 00 seconds. 
2014-12-16 14:42:36,986 - Processing of the result file... 
2014-12-16 14:45:26,692 - ***************************************************** 
2014-12-16 14:45:26,692 - ResourceAccessTool creation... 
2014-12-16 14:45:26,739 - No needs to alter table obr_ctdp_element 
2014-12-16 14:45:26,754 - ResourceAccessTool CTDP created to access CTD Pathway (via NIF) (CTDP).
 
2014-12-16 14:45:26,939 - **** Resource CTDP processing 
2014-12-16 14:45:26,939 - Workflow Parameters[withCompleteDictionary= true, updateResource= true, reInitializeAllTables= false, reInitializeAllTablesExceptElement= false ] 
2014-12-16 14:45:26,955 - Resource entry updated. 
2014-12-16 14:45:26,955 - *** Resource CTD Pathway (via NIF) update processing 
2014-12-16 14:45:27,616 - 292 elements added to the OBR_CTDP_ET table. 
2014-12-16 14:45:27,617 - ### Resource CTD Pathway (via NIF) updated with 0 elements in : 00 hours, 00 minutes, 00 seconds.
 
2014-12-16 14:45:27,648 - Query :::: SELECT count(id) FROM obr_ctdp_element WHERE dictionary_id IS NULL OR dictionary_id<20;292 
2014-12-16 14:45:27,648 - Key obr.statistics.populate was not found in resource bundle 'config' for locale 'en_US' 
2014-12-16 14:45:27,648 - Query :::: SELECT count(id) FROM obr_ctdp_element WHERE dictionary_id IS NULL OR dictionary_id<20;292 
2014-12-16 14:45:27,648 - *** Executing  Direct Annotation process...  
2014-12-16 14:45:27,648 - Query :::: SELECT count(id) FROM obr_ctdp_element WHERE dictionary_id IS NULL OR dictionary_id<20;292 
2014-12-16 14:45:27,648 - 	** Concept recognition with Mgrep: 
2014-12-16 14:45:27,648 - Exporting the resource content to a file to be annotated with Mgrep... 
2014-12-16 14:45:27,648 - 		ResourceFile created in: 00 hours, 00 minutes, 00 seconds.
 
2014-12-16 14:45:27,648 - Call to Mgrep... 
2014-12-16 14:45:27,648 - Local Mgrep execution... 
2014-12-16 14:45:27,648 - command: files/mgrep/mgrep3.0/mgrep -w -i -f files/dictionaries/branch1.0/localhost/OBS_DICO_c035_CMP_MGREP.txt < files/mgrep/mgrepInputs/OBR_RESOURCE_CTDP_V20_MGREP.txt > files/mgrep/mgrepOutputs/OBR_RESOURCE_CTDP_V20_MGREP.txt.mgrep 
2014-12-16 14:45:27,664 - ** PROBLEM ** Cannot create MgrepFile. 
java.io.IOException: Cannot run program "/bin/sh": CreateProcess error=2, The system cannot find the file specified
	at java.lang.ProcessBuilder.start(ProcessBuilder.java:459)
	at java.lang.Runtime.exec(Runtime.java:593)
	at java.lang.Runtime.exec(Runtime.java:466)
	at org.ncbo.stanford.obr.util.mgrep.ConceptRecognitionTools.mgrepLocal(ConceptRecognitionTools.java:64)
	at org.ncbo.stanford.obr.service.annotation.impl.AnnotationServiceImpl.mgrepCall(AnnotationServiceImpl.java:153)
	at org.ncbo.stanford.obr.service.annotation.impl.AnnotationServiceImpl.conceptRecognitionWithMgrep(AnnotationServiceImpl.java:124)
	at org.ncbo.stanford.obr.service.annotation.impl.AnnotationServiceImpl.resourceAnnotation(AnnotationServiceImpl.java:51)
	at org.ncbo.stanford.obr.service.workflow.impl.ResourceIndexWorkflowImpl.executeWorkflow(ResourceIndexWorkflowImpl.java:273)
	at org.ncbo.stanford.obr.service.workflow.impl.ResourceIndexWorkflowImpl.resourceProcessing(ResourceIndexWorkflowImpl.java:219)
	at org.ncbo.stanford.obr.service.workflow.impl.ResourceIndexWorkflowImpl.startResourceIndexWorkflow(ResourceIndexWorkflowImpl.java:127)
	at org.ncbo.stanford.obr.populate.main.PopulateResourceIndex.main(PopulateResourceIndex.java:46)
Caused by: java.io.IOException: CreateProcess error=2, The system cannot find the file specified
	at java.lang.ProcessImpl.create(Native Method)
	at java.lang.ProcessImpl.<init>(ProcessImpl.java:81)
	at java.lang.ProcessImpl.start(ProcessImpl.java:30)
	at java.lang.ProcessBuilder.start(ProcessBuilder.java:452)
	... 10 more
2014-12-16 14:45:27,664 - 		Mgrep executed in: 00 hours, 00 minutes, 00 seconds. 
2014-12-16 14:45:27,664 - Processing of the result file... 
2015-03-03 11:07:43,444 - ***************************************************** 
2015-03-03 11:07:43,445 - ResourceAccessTool creation... 
2015-03-03 11:07:47,211 - ResourceAccessTool CTDP created to access CTD Pathway (via NIF) (CTDP).
 
2015-03-03 11:07:47,410 - **** Resource CTDP processing 
2015-03-03 11:07:47,410 - Workflow Parameters[withCompleteDictionary= true, updateResource= true, reInitializeAllTables= false, reInitializeAllTablesExceptElement= false ] 
2015-03-03 11:07:48,425 - *** Resource CTD Pathway (via NIF) update processing 
2015-03-03 11:08:44,406 - 200 elements added to the OBR_CTDP_ET table. 
2015-03-03 11:09:11,448 - 92 elements added to the OBR_CTDP_ET table. 
2015-03-03 11:09:12,040 - ### Resource CTD Pathway (via NIF) updated with 0 elements in : 00 hours, 01 minutes, 23 seconds.
 
2015-03-03 11:09:12,649 - Query :::: SELECT count(id) FROM obr_ctdp_element WHERE dictionary_id IS NULL OR dictionary_id<23;292 
2015-03-03 11:09:12,649 - Key obr.statistics.populate was not found in resource bundle 'config' for locale 'en_US' 
2015-03-03 11:09:12,936 - Query :::: SELECT count(id) FROM obr_ctdp_element WHERE dictionary_id IS NULL OR dictionary_id<23;292 
2015-03-03 11:09:12,936 - *** Executing  Direct Annotation process...  
2015-03-03 11:09:13,228 - Query :::: SELECT count(id) FROM obr_ctdp_element WHERE dictionary_id IS NULL OR dictionary_id<23;292 
2015-03-03 11:09:13,228 - 	** Concept recognition with Mgrep: 
2015-03-03 11:09:13,229 - Exporting the resource content to a file to be annotated with Mgrep... 
2015-03-03 11:09:14,397 - 		ResourceFile created in: 00 hours, 00 minutes, 01 seconds.
 
2015-03-03 11:09:14,397 - Call to Mgrep... 
2015-03-03 11:09:14,406 - Local Mgrep execution... 
2015-03-03 11:09:14,406 - command: files/mgrep/mgrep3.0/mgrep -w -i -f files/dictionaries/branch1.0/localhost/OBS_DICO_ad63_CMP_MGREP.txt < files/mgrep/mgrepInputs/OBR_RESOURCE_CTDP_V23_MGREP.txt > files/mgrep/mgrepOutputs/OBR_RESOURCE_CTDP_V23_MGREP.txt.mgrep 
2015-03-03 11:09:14,409 - ** PROBLEM ** Cannot create MgrepFile. 
java.io.IOException: Cannot run program "/bin/sh": CreateProcess error=2, The system cannot find the file specified
	at java.lang.ProcessBuilder.start(ProcessBuilder.java:459)
	at java.lang.Runtime.exec(Runtime.java:593)
	at java.lang.Runtime.exec(Runtime.java:466)
	at org.ncbo.stanford.obr.util.mgrep.ConceptRecognitionTools.mgrepLocal(ConceptRecognitionTools.java:64)
	at org.ncbo.stanford.obr.service.annotation.impl.AnnotationServiceImpl.mgrepCall(AnnotationServiceImpl.java:153)
	at org.ncbo.stanford.obr.service.annotation.impl.AnnotationServiceImpl.conceptRecognitionWithMgrep(AnnotationServiceImpl.java:124)
	at org.ncbo.stanford.obr.service.annotation.impl.AnnotationServiceImpl.resourceAnnotation(AnnotationServiceImpl.java:51)
	at org.ncbo.stanford.obr.service.workflow.impl.ResourceIndexWorkflowImpl.executeWorkflow(ResourceIndexWorkflowImpl.java:273)
	at org.ncbo.stanford.obr.service.workflow.impl.ResourceIndexWorkflowImpl.resourceProcessing(ResourceIndexWorkflowImpl.java:219)
	at org.ncbo.stanford.obr.service.workflow.impl.ResourceIndexWorkflowImpl.startResourceIndexWorkflow(ResourceIndexWorkflowImpl.java:127)
	at org.ncbo.stanford.obr.populate.main.PopulateResourceIndex.main(PopulateResourceIndex.java:46)
Caused by: java.io.IOException: CreateProcess error=2, The system cannot find the file specified
	at java.lang.ProcessImpl.create(Native Method)
	at java.lang.ProcessImpl.<init>(ProcessImpl.java:81)
	at java.lang.ProcessImpl.start(ProcessImpl.java:30)
	at java.lang.ProcessBuilder.start(ProcessBuilder.java:452)
	... 10 more
2015-03-03 11:09:14,410 - 		Mgrep executed in: 00 hours, 00 minutes, 00 seconds. 
2015-03-03 11:09:14,410 - Processing of the result file... 
