2014-12-31 10:14:53,800 - ***************************************************** 
2014-12-31 10:14:53,800 - ResourceAccessTool creation... 
2014-12-31 10:14:55,422 - ResourceAccessTool G2G created to access Gene2go (G2G).
 
2014-12-31 10:14:56,047 - **** Resource G2G processing 
2014-12-31 10:14:56,047 - Workflow Parameters[withCompleteDictionary= true, updateResource= true, reInitializeAllTables= false, reInitializeAllTablesExceptElement= false ] 
2014-12-31 10:14:56,156 - *** Resource Gene2go update processing 
2014-12-31 10:15:00,384 - 948 elements added to the OBR_G2G_ET table. 
2014-12-31 10:15:00,869 - 840 elements added to the OBR_G2G_ET table. 
2014-12-31 10:15:01,056 - 842 elements added to the OBR_G2G_ET table. 
2014-12-31 10:15:01,290 - 771 elements added to the OBR_G2G_ET table. 
2014-12-31 10:15:01,602 - 809 elements added to the OBR_G2G_ET table. 
2014-12-31 10:15:01,743 - 829 elements added to the OBR_G2G_ET table. 
2014-12-31 10:15:02,086 - 818 elements added to the OBR_G2G_ET table. 
2014-12-31 10:15:02,320 - 900 elements added to the OBR_G2G_ET table. 
2014-12-31 10:15:02,539 - 905 elements added to the OBR_G2G_ET table. 
2014-12-31 10:15:02,773 - 831 elements added to the OBR_G2G_ET table. 
2014-12-31 10:15:03,055 - 909 elements added to the OBR_G2G_ET table. 
2014-12-31 10:15:03,211 - 913 elements added to the OBR_G2G_ET table. 
2014-12-31 10:15:03,476 - 839 elements added to the OBR_G2G_ET table. 
2014-12-31 10:15:03,725 - 792 elements added to the OBR_G2G_ET table. 
2014-12-31 10:15:03,881 - 784 elements added to the OBR_G2G_ET table. 
2014-12-31 10:15:04,179 - 769 elements added to the OBR_G2G_ET table. 
2014-12-31 10:15:04,428 - 877 elements added to the OBR_G2G_ET table. 
2014-12-31 10:15:04,662 - 933 elements added to the OBR_G2G_ET table. 
2014-12-31 10:15:05,037 - 984 elements added to the OBR_G2G_ET table. 
2014-12-31 10:15:05,209 - 912 elements added to the OBR_G2G_ET table. 
2014-12-31 10:15:05,521 - 815 elements added to the OBR_G2G_ET table. 
2014-12-31 10:15:05,709 - 820 elements added to the OBR_G2G_ET table. 
2014-12-31 10:15:05,974 - 856 elements added to the OBR_G2G_ET table. 
2014-12-31 10:15:06,255 - 899 elements added to the OBR_G2G_ET table. 
2014-12-31 10:15:06,427 - 848 elements added to the OBR_G2G_ET table. 
2014-12-31 10:15:06,741 - 981 elements added to the OBR_G2G_ET table. 
2014-12-31 10:15:06,928 - 950 elements added to the OBR_G2G_ET table. 
2014-12-31 10:15:07,162 - 876 elements added to the OBR_G2G_ET table. 
2014-12-31 10:15:07,474 - 933 elements added to the OBR_G2G_ET table. 
2014-12-31 10:15:07,803 - 2009 elements added to the OBR_G2G_ET table. 
2014-12-31 10:15:08,038 - 1192 elements added to the OBR_G2G_ET table. 
2014-12-31 10:15:08,147 - 546 elements added to the OBR_G2G_ET table. 
2014-12-31 10:15:08,272 - 652 elements added to the OBR_G2G_ET table. 
2014-12-31 10:15:08,537 - 592 elements added to the OBR_G2G_ET table. 
2014-12-31 10:15:08,835 - 568 elements added to the OBR_G2G_ET table. 
2014-12-31 10:15:09,084 - 516 elements added to the OBR_G2G_ET table. 
2014-12-31 10:15:09,365 - 648 elements added to the OBR_G2G_ET table. 
2014-12-31 10:15:09,630 - 683 elements added to the OBR_G2G_ET table. 
2014-12-31 10:15:09,928 - 664 elements added to the OBR_G2G_ET table. 
2014-12-31 10:15:10,130 - 607 elements added to the OBR_G2G_ET table. 
2014-12-31 10:15:10,442 - 924 elements added to the OBR_G2G_ET table. 
2014-12-31 10:15:10,754 - 1268 elements added to the OBR_G2G_ET table. 
2014-12-31 10:15:10,974 - 1072 elements added to the OBR_G2G_ET table. 
2014-12-31 10:15:11,223 - 1166 elements added to the OBR_G2G_ET table. 
2014-12-31 10:15:11,444 - 645 elements added to the OBR_G2G_ET table. 
2014-12-31 10:15:11,709 - 672 elements added to the OBR_G2G_ET table. 
2014-12-31 10:15:12,161 - 666 elements added to the OBR_G2G_ET table. 
2014-12-31 10:15:12,459 - 662 elements added to the OBR_G2G_ET table. 
2014-12-31 10:15:12,818 - 683 elements added to the OBR_G2G_ET table. 
2014-12-31 10:15:13,114 - 650 elements added to the OBR_G2G_ET table. 
2014-12-31 10:15:13,442 - 703 elements added to the OBR_G2G_ET table. 
2014-12-31 10:15:13,755 - 697 elements added to the OBR_G2G_ET table. 
2014-12-31 10:15:14,068 - 694 elements added to the OBR_G2G_ET table. 
2014-12-31 10:15:14,364 - 691 elements added to the OBR_G2G_ET table. 
2014-12-31 10:15:14,629 - 725 elements added to the OBR_G2G_ET table. 
2014-12-31 10:15:14,880 - 648 elements added to the OBR_G2G_ET table. 
2014-12-31 10:15:15,145 - 684 elements added to the OBR_G2G_ET table. 
2014-12-31 10:15:15,426 - 552 elements added to the OBR_G2G_ET table. 
2014-12-31 10:15:15,738 - 661 elements added to the OBR_G2G_ET table. 
2014-12-31 10:15:15,957 - 1244 elements added to the OBR_G2G_ET table. 
2014-12-31 10:15:16,269 - 1258 elements added to the OBR_G2G_ET table. 
2014-12-31 10:15:16,488 - 1113 elements added to the OBR_G2G_ET table. 
2014-12-31 10:15:16,612 - 423 elements added to the OBR_G2G_ET table. 
2014-12-31 10:15:17,080 - 523 elements added to the OBR_G2G_ET table. 
2014-12-31 10:15:17,269 - 761 elements added to the OBR_G2G_ET table. 
2014-12-31 10:15:17,503 - 818 elements added to the OBR_G2G_ET table. 
2014-12-31 10:15:17,752 - 731 elements added to the OBR_G2G_ET table. 
2014-12-31 10:15:18,002 - 801 elements added to the OBR_G2G_ET table. 
2014-12-31 10:15:18,267 - 754 elements added to the OBR_G2G_ET table. 
2014-12-31 10:15:18,424 - 913 elements added to the OBR_G2G_ET table. 
2014-12-31 10:15:18,689 - 995 elements added to the OBR_G2G_ET table. 
2014-12-31 10:15:18,923 - 1032 elements added to the OBR_G2G_ET table. 
2014-12-31 10:15:19,110 - 925 elements added to the OBR_G2G_ET table. 
2014-12-31 10:15:19,344 - 897 elements added to the OBR_G2G_ET table. 
2014-12-31 10:15:19,579 - 927 elements added to the OBR_G2G_ET table. 
2014-12-31 10:15:20,032 - 942 elements added to the OBR_G2G_ET table. 
2014-12-31 10:15:20,188 - 882 elements added to the OBR_G2G_ET table. 
2014-12-31 10:15:20,359 - 948 elements added to the OBR_G2G_ET table. 
2014-12-31 10:15:20,594 - 907 elements added to the OBR_G2G_ET table. 
2014-12-31 10:15:20,860 - 969 elements added to the OBR_G2G_ET table. 
2014-12-31 10:15:21,125 - 1016 elements added to the OBR_G2G_ET table. 
2014-12-31 10:15:21,343 - 1045 elements added to the OBR_G2G_ET table. 
2014-12-31 10:15:21,499 - 703 elements added to the OBR_G2G_ET table. 
2014-12-31 10:15:21,718 - 494 elements added to the OBR_G2G_ET table. 
2014-12-31 10:15:21,968 - 603 elements added to the OBR_G2G_ET table. 
2014-12-31 10:15:22,249 - 692 elements added to the OBR_G2G_ET table. 
2014-12-31 10:15:22,545 - 193 elements added to the OBR_G2G_ET table. 
2014-12-31 10:15:22,712 - 182 elements added to the OBR_G2G_ET table. 
2014-12-31 10:15:23,102 - 199 elements added to the OBR_G2G_ET table. 
2014-12-31 10:15:23,633 - 225 elements added to the OBR_G2G_ET table. 
2014-12-31 10:15:23,696 - 256 elements added to the OBR_G2G_ET table. 
2014-12-31 10:15:24,102 - 229 elements added to the OBR_G2G_ET table. 
2014-12-31 10:15:24,601 - 208 elements added to the OBR_G2G_ET table. 
2014-12-31 10:15:24,866 - 226 elements added to the OBR_G2G_ET table. 
2014-12-31 10:15:25,382 - 240 elements added to the OBR_G2G_ET table. 
2014-12-31 10:15:25,710 - 260 elements added to the OBR_G2G_ET table. 
2014-12-31 10:15:26,006 - 214 elements added to the OBR_G2G_ET table. 
2014-12-31 10:15:26,537 - 238 elements added to the OBR_G2G_ET table. 
2014-12-31 10:15:27,037 - 246 elements added to the OBR_G2G_ET table. 
2014-12-31 10:15:27,537 - 259 elements added to the OBR_G2G_ET table. 
2014-12-31 10:15:27,927 - 218 elements added to the OBR_G2G_ET table. 
2014-12-31 10:15:28,332 - 238 elements added to the OBR_G2G_ET table. 
2014-12-31 10:15:28,644 - 200 elements added to the OBR_G2G_ET table. 
2014-12-31 10:15:28,957 - 210 elements added to the OBR_G2G_ET table. 
2014-12-31 10:15:29,457 - 234 elements added to the OBR_G2G_ET table. 
2014-12-31 10:15:29,926 - 229 elements added to the OBR_G2G_ET table. 
2014-12-31 10:15:30,284 - 205 elements added to the OBR_G2G_ET table. 
2014-12-31 10:15:30,737 - 204 elements added to the OBR_G2G_ET table. 
2014-12-31 10:15:31,065 - 208 elements added to the OBR_G2G_ET table. 
2014-12-31 10:15:31,721 - 341 elements added to the OBR_G2G_ET table. 
2014-12-31 10:15:32,313 - 311 elements added to the OBR_G2G_ET table. 
2014-12-31 10:15:32,845 - 292 elements added to the OBR_G2G_ET table. 
2014-12-31 10:15:33,375 - 316 elements added to the OBR_G2G_ET table. 
2014-12-31 10:15:33,688 - 394 elements added to the OBR_G2G_ET table. 
2014-12-31 10:15:34,156 - 343 elements added to the OBR_G2G_ET table. 
2014-12-31 10:15:34,609 - 354 elements added to the OBR_G2G_ET table. 
2014-12-31 10:15:34,937 - 390 elements added to the OBR_G2G_ET table. 
2014-12-31 10:15:35,436 - 386 elements added to the OBR_G2G_ET table. 
2014-12-31 10:15:35,780 - 441 elements added to the OBR_G2G_ET table. 
2014-12-31 10:15:36,311 - 470 elements added to the OBR_G2G_ET table. 
2014-12-31 10:15:36,576 - 444 elements added to the OBR_G2G_ET table. 
2014-12-31 10:15:37,138 - 474 elements added to the OBR_G2G_ET table. 
2014-12-31 10:15:37,747 - 582 elements added to the OBR_G2G_ET table. 
2014-12-31 10:15:38,342 - 549 elements added to the OBR_G2G_ET table. 
2014-12-31 10:15:38,780 - 510 elements added to the OBR_G2G_ET table. 
2014-12-31 10:15:39,107 - 541 elements added to the OBR_G2G_ET table. 
2014-12-31 10:15:39,575 - 650 elements added to the OBR_G2G_ET table. 
2014-12-31 10:15:39,873 - 639 elements added to the OBR_G2G_ET table. 
2014-12-31 10:15:40,341 - 674 elements added to the OBR_G2G_ET table. 
2014-12-31 10:15:40,622 - 708 elements added to the OBR_G2G_ET table. 
2014-12-31 10:15:40,950 - 792 elements added to the OBR_G2G_ET table. 
2014-12-31 10:15:41,465 - 780 elements added to the OBR_G2G_ET table. 
2014-12-31 10:15:41,761 - 920 elements added to the OBR_G2G_ET table. 
2014-12-31 10:15:42,246 - 1029 elements added to the OBR_G2G_ET table. 
2014-12-31 10:15:42,669 - 427 elements added to the OBR_G2G_ET table. 
2014-12-31 10:15:42,952 - 493 elements added to the OBR_G2G_ET table. 
2014-12-31 10:15:43,265 - 532 elements added to the OBR_G2G_ET table. 
2014-12-31 10:15:43,842 - 511 elements added to the OBR_G2G_ET table. 
2014-12-31 10:15:44,154 - 422 elements added to the OBR_G2G_ET table. 
2014-12-31 10:15:44,498 - 454 elements added to the OBR_G2G_ET table. 
2014-12-31 10:15:44,904 - 490 elements added to the OBR_G2G_ET table. 
2014-12-31 10:15:45,247 - 637 elements added to the OBR_G2G_ET table. 
2014-12-31 10:15:45,747 - 679 elements added to the OBR_G2G_ET table. 
2014-12-31 10:15:46,075 - 681 elements added to the OBR_G2G_ET table. 
2014-12-31 10:15:46,481 - 603 elements added to the OBR_G2G_ET table. 
2014-12-31 10:15:46,856 - 648 elements added to the OBR_G2G_ET table. 
2014-12-31 10:15:47,230 - 807 elements added to the OBR_G2G_ET table. 
2014-12-31 10:15:47,605 - 185 elements added to the OBR_G2G_ET table. 
2014-12-31 10:15:47,996 - 171 elements added to the OBR_G2G_ET table. 
2014-12-31 10:15:48,245 - 154 elements added to the OBR_G2G_ET table. 
2014-12-31 10:15:48,542 - 193 elements added to the OBR_G2G_ET table. 
2014-12-31 10:15:48,916 - 225 elements added to the OBR_G2G_ET table. 
2014-12-31 10:15:49,323 - 238 elements added to the OBR_G2G_ET table. 
2014-12-31 10:15:49,853 - 204 elements added to the OBR_G2G_ET table. 
2014-12-31 10:15:50,103 - 185 elements added to the OBR_G2G_ET table. 
2014-12-31 10:15:50,619 - 207 elements added to the OBR_G2G_ET table. 
2014-12-31 10:15:50,884 - 218 elements added to the OBR_G2G_ET table. 
2014-12-31 10:15:51,133 - 179 elements added to the OBR_G2G_ET table. 
2014-12-31 10:15:51,665 - 195 elements added to the OBR_G2G_ET table. 
2014-12-31 10:15:51,946 - 231 elements added to the OBR_G2G_ET table. 
2014-12-31 10:15:52,445 - 231 elements added to the OBR_G2G_ET table. 
2014-12-31 10:15:52,727 - 248 elements added to the OBR_G2G_ET table. 
2014-12-31 10:15:53,257 - 179 elements added to the OBR_G2G_ET table. 
2014-12-31 10:15:53,803 - 233 elements added to the OBR_G2G_ET table. 
2014-12-31 10:15:54,132 - 193 elements added to the OBR_G2G_ET table. 
2014-12-31 10:15:54,568 - 202 elements added to the OBR_G2G_ET table. 
2014-12-31 10:15:55,068 - 246 elements added to the OBR_G2G_ET table. 
2014-12-31 10:15:55,381 - 219 elements added to the OBR_G2G_ET table. 
2014-12-31 10:15:55,833 - 196 elements added to the OBR_G2G_ET table. 
2014-12-31 10:15:56,207 - 199 elements added to the OBR_G2G_ET table. 
2014-12-31 10:15:56,661 - 202 elements added to the OBR_G2G_ET table. 
2014-12-31 10:15:57,176 - 193 elements added to the OBR_G2G_ET table. 
2014-12-31 10:15:57,472 - 284 elements added to the OBR_G2G_ET table. 
2014-12-31 10:15:57,738 - 299 elements added to the OBR_G2G_ET table. 
2014-12-31 10:15:58,113 - 327 elements added to the OBR_G2G_ET table. 
2014-12-31 10:15:58,518 - 324 elements added to the OBR_G2G_ET table. 
2014-12-31 10:15:58,675 - 283 elements added to the OBR_G2G_ET table. 
2014-12-31 10:15:58,972 - 339 elements added to the OBR_G2G_ET table. 
2014-12-31 10:15:59,174 - 336 elements added to the OBR_G2G_ET table. 
2014-12-31 10:15:59,408 - 497 elements added to the OBR_G2G_ET table. 
2014-12-31 10:15:59,611 - 452 elements added to the OBR_G2G_ET table. 
2014-12-31 10:15:59,831 - 475 elements added to the OBR_G2G_ET table. 
2014-12-31 10:16:00,049 - 526 elements added to the OBR_G2G_ET table. 
2014-12-31 10:16:00,236 - 497 elements added to the OBR_G2G_ET table. 
2014-12-31 10:16:00,486 - 468 elements added to the OBR_G2G_ET table. 
2014-12-31 10:16:00,689 - 555 elements added to the OBR_G2G_ET table. 
2014-12-31 10:16:00,861 - 528 elements added to the OBR_G2G_ET table. 
2014-12-31 10:16:01,126 - 552 elements added to the OBR_G2G_ET table. 
2014-12-31 10:16:01,314 - 551 elements added to the OBR_G2G_ET table. 
2014-12-31 10:16:01,485 - 357 elements added to the OBR_G2G_ET table. 
2014-12-31 10:16:01,750 - 387 elements added to the OBR_G2G_ET table. 
2014-12-31 10:16:02,032 - 378 elements added to the OBR_G2G_ET table. 
2014-12-31 10:16:02,266 - 377 elements added to the OBR_G2G_ET table. 
2014-12-31 10:16:02,438 - 428 elements added to the OBR_G2G_ET table. 
2014-12-31 10:16:02,672 - 433 elements added to the OBR_G2G_ET table. 
2014-12-31 10:16:02,937 - 450 elements added to the OBR_G2G_ET table. 
2014-12-31 10:16:03,203 - 438 elements added to the OBR_G2G_ET table. 
2014-12-31 10:16:03,468 - 406 elements added to the OBR_G2G_ET table. 
2014-12-31 10:16:03,765 - 435 elements added to the OBR_G2G_ET table. 
2014-12-31 10:16:03,999 - 460 elements added to the OBR_G2G_ET table. 
2014-12-31 10:16:04,265 - 516 elements added to the OBR_G2G_ET table. 
2014-12-31 10:16:04,546 - 716 elements added to the OBR_G2G_ET table. 
2014-12-31 10:16:04,655 - 578 elements added to the OBR_G2G_ET table. 
2014-12-31 10:16:04,920 - 586 elements added to the OBR_G2G_ET table. 
2014-12-31 10:16:05,076 - 575 elements added to the OBR_G2G_ET table. 
2014-12-31 10:16:05,483 - 687 elements added to the OBR_G2G_ET table. 
2014-12-31 10:16:05,779 - 983 elements added to the OBR_G2G_ET table. 
2014-12-31 10:16:06,044 - 1369 elements added to the OBR_G2G_ET table. 
2014-12-31 10:16:06,216 - 967 elements added to the OBR_G2G_ET table. 
2014-12-31 10:16:06,357 - 110 elements added to the OBR_G2G_ET table. 
2014-12-31 10:16:06,685 - 111 elements added to the OBR_G2G_ET table. 
2014-12-31 10:16:06,935 - 114 elements added to the OBR_G2G_ET table. 
2014-12-31 10:16:07,215 - 115 elements added to the OBR_G2G_ET table. 
2014-12-31 10:16:07,481 - 125 elements added to the OBR_G2G_ET table. 
2014-12-31 10:16:07,731 - 118 elements added to the OBR_G2G_ET table. 
2014-12-31 10:16:07,996 - 131 elements added to the OBR_G2G_ET table. 
2014-12-31 10:16:08,262 - 122 elements added to the OBR_G2G_ET table. 
2014-12-31 10:16:08,620 - 116 elements added to the OBR_G2G_ET table. 
2014-12-31 10:16:08,887 - 145 elements added to the OBR_G2G_ET table. 
2014-12-31 10:16:09,152 - 149 elements added to the OBR_G2G_ET table. 
2014-12-31 10:16:09,401 - 133 elements added to the OBR_G2G_ET table. 
2014-12-31 10:16:09,684 - 163 elements added to the OBR_G2G_ET table. 
2014-12-31 10:16:09,888 - 160 elements added to the OBR_G2G_ET table. 
2014-12-31 10:16:10,153 - 163 elements added to the OBR_G2G_ET table. 
2014-12-31 10:16:10,403 - 198 elements added to the OBR_G2G_ET table. 
2014-12-31 10:16:10,637 - 199 elements added to the OBR_G2G_ET table. 
2014-12-31 10:16:10,886 - 194 elements added to the OBR_G2G_ET table. 
2014-12-31 10:16:11,090 - 163 elements added to the OBR_G2G_ET table. 
2014-12-31 10:16:11,340 - 132 elements added to the OBR_G2G_ET table. 
2014-12-31 10:16:11,636 - 157 elements added to the OBR_G2G_ET table. 
2014-12-31 10:16:11,777 - 137 elements added to the OBR_G2G_ET table. 
2014-12-31 10:16:11,948 - 147 elements added to the OBR_G2G_ET table. 
2014-12-31 10:16:12,214 - 189 elements added to the OBR_G2G_ET table. 
2014-12-31 10:16:12,370 - 187 elements added to the OBR_G2G_ET table. 
2014-12-31 10:16:12,620 - 204 elements added to the OBR_G2G_ET table. 
2014-12-31 10:16:12,792 - 179 elements added to the OBR_G2G_ET table. 
2014-12-31 10:16:13,072 - 207 elements added to the OBR_G2G_ET table. 
2014-12-31 10:16:13,307 - 283 elements added to the OBR_G2G_ET table. 
2014-12-31 10:16:13,495 - 236 elements added to the OBR_G2G_ET table. 
2014-12-31 10:16:13,869 - 374 elements added to the OBR_G2G_ET table. 
2014-12-31 10:16:14,121 - 423 elements added to the OBR_G2G_ET table. 
2014-12-31 10:16:14,387 - 390 elements added to the OBR_G2G_ET table. 
2014-12-31 10:16:14,714 - 398 elements added to the OBR_G2G_ET table. 
2014-12-31 10:16:15,089 - 461 elements added to the OBR_G2G_ET table. 
2014-12-31 10:16:15,432 - 431 elements added to the OBR_G2G_ET table. 
2014-12-31 10:16:15,527 - 432 elements added to the OBR_G2G_ET table. 
2014-12-31 10:16:15,979 - 375 elements added to the OBR_G2G_ET table. 
2014-12-31 10:16:16,244 - 388 elements added to the OBR_G2G_ET table. 
2014-12-31 10:16:16,572 - 389 elements added to the OBR_G2G_ET table. 
2014-12-31 10:16:16,760 - 391 elements added to the OBR_G2G_ET table. 
2014-12-31 10:16:17,025 - 325 elements added to the OBR_G2G_ET table. 
2014-12-31 10:16:17,275 - 349 elements added to the OBR_G2G_ET table. 
2014-12-31 10:16:17,542 - 376 elements added to the OBR_G2G_ET table. 
2014-12-31 10:16:17,792 - 323 elements added to the OBR_G2G_ET table. 
2014-12-31 10:16:18,105 - 360 elements added to the OBR_G2G_ET table. 
2014-12-31 10:16:18,370 - 311 elements added to the OBR_G2G_ET table. 
2014-12-31 10:16:18,604 - 359 elements added to the OBR_G2G_ET table. 
2014-12-31 10:16:18,916 - 360 elements added to the OBR_G2G_ET table. 
2014-12-31 10:16:19,291 - 318 elements added to the OBR_G2G_ET table. 
2014-12-31 10:16:19,666 - 404 elements added to the OBR_G2G_ET table. 
2014-12-31 10:16:19,962 - 359 elements added to the OBR_G2G_ET table. 
2014-12-31 10:16:20,306 - 389 elements added to the OBR_G2G_ET table. 
2014-12-31 10:16:20,696 - 388 elements added to the OBR_G2G_ET table. 
2014-12-31 10:16:20,977 - 451 elements added to the OBR_G2G_ET table. 
2014-12-31 10:16:21,384 - 691 elements added to the OBR_G2G_ET table. 
2014-12-31 10:16:21,711 - 504 elements added to the OBR_G2G_ET table. 
2014-12-31 10:16:22,101 - 514 elements added to the OBR_G2G_ET table. 
2014-12-31 10:16:22,570 - 568 elements added to the OBR_G2G_ET table. 
2014-12-31 10:16:23,054 - 497 elements added to the OBR_G2G_ET table. 
2014-12-31 10:16:23,179 - 591 elements added to the OBR_G2G_ET table. 
2014-12-31 10:16:23,944 - 672 elements added to the OBR_G2G_ET table. 
2014-12-31 10:16:24,147 - 744 elements added to the OBR_G2G_ET table. 
2014-12-31 10:16:24,630 - 1858 elements added to the OBR_G2G_ET table. 
2014-12-31 10:16:25,630 - 4386 elements added to the OBR_G2G_ET table. 
2014-12-31 10:16:26,035 - 2160 elements added to the OBR_G2G_ET table. 
2014-12-31 10:16:26,426 - 2005 elements added to the OBR_G2G_ET table. 
2014-12-31 10:16:26,785 - 2047 elements added to the OBR_G2G_ET table. 
2014-12-31 10:16:27,160 - 2048 elements added to the OBR_G2G_ET table. 
2014-12-31 10:16:27,551 - 1989 elements added to the OBR_G2G_ET table. 
2014-12-31 10:16:27,894 - 2071 elements added to the OBR_G2G_ET table. 
2014-12-31 10:16:28,315 - 2029 elements added to the OBR_G2G_ET table. 
2014-12-31 10:16:28,581 - 1655 elements added to the OBR_G2G_ET table. 
2014-12-31 10:16:28,831 - 1350 elements added to the OBR_G2G_ET table. 
2014-12-31 10:16:29,174 - 1353 elements added to the OBR_G2G_ET table. 
2014-12-31 10:16:29,502 - 1879 elements added to the OBR_G2G_ET table. 
2014-12-31 10:16:29,846 - 2010 elements added to the OBR_G2G_ET table. 
2014-12-31 10:16:30,251 - 2057 elements added to the OBR_G2G_ET table. 
2014-12-31 10:16:30,657 - 2222 elements added to the OBR_G2G_ET table. 
2014-12-31 10:16:31,032 - 2243 elements added to the OBR_G2G_ET table. 
2014-12-31 10:16:31,516 - 2087 elements added to the OBR_G2G_ET table. 
2014-12-31 10:16:31,859 - 2119 elements added to the OBR_G2G_ET table. 
2014-12-31 10:16:32,266 - 2126 elements added to the OBR_G2G_ET table. 
2014-12-31 10:16:32,593 - 2069 elements added to the OBR_G2G_ET table. 
2014-12-31 10:16:32,937 - 2030 elements added to the OBR_G2G_ET table. 
2014-12-31 10:16:33,359 - 2078 elements added to the OBR_G2G_ET table. 
2014-12-31 10:16:33,686 - 2008 elements added to the OBR_G2G_ET table. 
2014-12-31 10:16:34,076 - 1985 elements added to the OBR_G2G_ET table. 
2014-12-31 10:16:34,436 - 2016 elements added to the OBR_G2G_ET table. 
2014-12-31 10:16:34,686 - 1443 elements added to the OBR_G2G_ET table. 
2014-12-31 10:16:34,826 - 720 elements added to the OBR_G2G_ET table. 
2014-12-31 10:16:34,951 - 674 elements added to the OBR_G2G_ET table. 
2014-12-31 10:16:35,247 - 691 elements added to the OBR_G2G_ET table. 
2014-12-31 10:16:35,560 - 675 elements added to the OBR_G2G_ET table. 
2014-12-31 10:16:35,872 - 671 elements added to the OBR_G2G_ET table. 
2014-12-31 10:16:36,044 - 721 elements added to the OBR_G2G_ET table. 
2014-12-31 10:16:36,340 - 894 elements added to the OBR_G2G_ET table. 
2014-12-31 10:16:36,544 - 716 elements added to the OBR_G2G_ET table. 
2014-12-31 10:16:36,997 - 763 elements added to the OBR_G2G_ET table. 
2014-12-31 10:16:37,137 - 712 elements added to the OBR_G2G_ET table. 
2014-12-31 10:16:37,340 - 745 elements added to the OBR_G2G_ET table. 
2014-12-31 10:16:37,574 - 790 elements added to the OBR_G2G_ET table. 
2014-12-31 10:16:37,856 - 732 elements added to the OBR_G2G_ET table. 
2014-12-31 10:16:38,121 - 774 elements added to the OBR_G2G_ET table. 
2014-12-31 10:16:38,355 - 764 elements added to the OBR_G2G_ET table. 
2014-12-31 10:16:38,620 - 770 elements added to the OBR_G2G_ET table. 
2014-12-31 10:16:38,761 - 733 elements added to the OBR_G2G_ET table. 
2014-12-31 10:16:39,198 - 2244 elements added to the OBR_G2G_ET table. 
2014-12-31 10:16:39,354 - 699 elements added to the OBR_G2G_ET table. 
2014-12-31 10:16:39,588 - 394 elements added to the OBR_G2G_ET table. 
2014-12-31 10:16:39,853 - 381 elements added to the OBR_G2G_ET table. 
2014-12-31 10:16:40,151 - 380 elements added to the OBR_G2G_ET table. 
2014-12-31 10:16:40,369 - 391 elements added to the OBR_G2G_ET table. 
2014-12-31 10:16:40,681 - 388 elements added to the OBR_G2G_ET table. 
2014-12-31 10:16:40,900 - 404 elements added to the OBR_G2G_ET table. 
2014-12-31 10:16:41,166 - 401 elements added to the OBR_G2G_ET table. 
2014-12-31 10:16:41,479 - 396 elements added to the OBR_G2G_ET table. 
2014-12-31 10:16:41,682 - 407 elements added to the OBR_G2G_ET table. 
2014-12-31 10:16:41,947 - 401 elements added to the OBR_G2G_ET table. 
2014-12-31 10:16:42,260 - 390 elements added to the OBR_G2G_ET table. 
2014-12-31 10:16:42,463 - 399 elements added to the OBR_G2G_ET table. 
2014-12-31 10:16:42,650 - 392 elements added to the OBR_G2G_ET table. 
2014-12-31 10:16:42,962 - 398 elements added to the OBR_G2G_ET table. 
2014-12-31 10:16:43,649 - 343 elements added to the OBR_G2G_ET table. 
2014-12-31 10:16:43,649 - ### Resource Gene2go updated with 0 elements in : 00 hours, 01 minutes, 47 seconds.
 
2014-12-31 10:16:44,164 - Query :::: SELECT count(id) FROM obr_g2g_element WHERE dictionary_id IS NULL OR dictionary_id<20;217187 
2014-12-31 10:16:44,164 - Key obr.statistics.populate was not found in resource bundle 'config' for locale 'en_US' 
2014-12-31 10:16:44,493 - Query :::: SELECT count(id) FROM obr_g2g_element WHERE dictionary_id IS NULL OR dictionary_id<20;217187 
2014-12-31 10:16:44,493 - *** Executing  Direct Annotation process...  
2014-12-31 10:16:44,571 - Query :::: SELECT count(id) FROM obr_g2g_element WHERE dictionary_id IS NULL OR dictionary_id<20;217187 
2014-12-31 10:16:44,571 - 	** Concept recognition with Mgrep: 
2014-12-31 10:16:44,571 - Exporting the resource content to a file to be annotated with Mgrep... 
2014-12-31 10:16:47,135 - 		ResourceFile created in: 00 hours, 00 minutes, 02 seconds.
 
2014-12-31 10:16:47,135 - Call to Mgrep... 
2014-12-31 10:16:47,136 - Local Mgrep execution... 
2014-12-31 10:16:47,136 - command: files/mgrep/mgrep3.0/mgrep -w -i -f files/dictionaries/branch1.0/localhost/OBS_DICO_c035_CMP_MGREP.txt < files/mgrep/mgrepInputs/OBR_RESOURCE_G2G_V20_MGREP.txt > files/mgrep/mgrepOutputs/OBR_RESOURCE_G2G_V20_MGREP.txt.mgrep 
2014-12-31 10:16:47,198 - ** PROBLEM ** Cannot create MgrepFile. 
java.io.IOException: Cannot run program "/bin/sh": CreateProcess error=2, The system cannot find the file specified
	at java.lang.ProcessBuilder.start(ProcessBuilder.java:459)
	at java.lang.Runtime.exec(Runtime.java:593)
	at java.lang.Runtime.exec(Runtime.java:466)
	at org.ncbo.stanford.obr.util.mgrep.ConceptRecognitionTools.mgrepLocal(ConceptRecognitionTools.java:64)
	at org.ncbo.stanford.obr.service.annotation.impl.AnnotationServiceImpl.mgrepCall(AnnotationServiceImpl.java:153)
	at org.ncbo.stanford.obr.service.annotation.impl.AnnotationServiceImpl.conceptRecognitionWithMgrep(AnnotationServiceImpl.java:124)
	at org.ncbo.stanford.obr.service.annotation.impl.AnnotationServiceImpl.resourceAnnotation(AnnotationServiceImpl.java:51)
	at org.ncbo.stanford.obr.service.workflow.impl.ResourceIndexWorkflowImpl.executeWorkflow(ResourceIndexWorkflowImpl.java:273)
	at org.ncbo.stanford.obr.service.workflow.impl.ResourceIndexWorkflowImpl.resourceProcessing(ResourceIndexWorkflowImpl.java:219)
	at org.ncbo.stanford.obr.service.workflow.impl.ResourceIndexWorkflowImpl.startResourceIndexWorkflow(ResourceIndexWorkflowImpl.java:127)
	at org.ncbo.stanford.obr.populate.main.PopulateResourceIndex.main(PopulateResourceIndex.java:46)
Caused by: java.io.IOException: CreateProcess error=2, The system cannot find the file specified
	at java.lang.ProcessImpl.create(Native Method)
	at java.lang.ProcessImpl.<init>(ProcessImpl.java:81)
	at java.lang.ProcessImpl.start(ProcessImpl.java:30)
	at java.lang.ProcessBuilder.start(ProcessBuilder.java:452)
	... 10 more
2014-12-31 10:16:47,198 - 		Mgrep executed in: 00 hours, 00 minutes, 00 seconds. 
2014-12-31 10:16:47,198 - Processing of the result file... 
