2014-12-31 10:32:22,333 - ***************************************************** 
2014-12-31 10:32:22,333 - ResourceAccessTool creation... 
2014-12-31 10:32:22,894 - ResourceAccessTool G2R created to access Gene2refseq (G2R).
 
2014-12-31 10:32:23,081 - **** Resource G2R processing 
2014-12-31 10:32:23,081 - Workflow Parameters[withCompleteDictionary= true, updateResource= true, reInitializeAllTables= false, reInitializeAllTablesExceptElement= false ] 
2014-12-31 10:32:23,097 - *** Resource Gene2refseq update processing 
2014-12-31 10:32:31,490 - 5000 elements added to the OBR_G2R_ET table. 
2014-12-31 10:32:33,004 - 5000 elements added to the OBR_G2R_ET table. 
2014-12-31 10:32:34,627 - 4997 elements added to the OBR_G2R_ET table. 
2014-12-31 10:32:36,251 - 5000 elements added to the OBR_G2R_ET table. 
2014-12-31 10:32:37,796 - 5000 elements added to the OBR_G2R_ET table. 
2014-12-31 10:32:39,404 - 5000 elements added to the OBR_G2R_ET table. 
2014-12-31 10:32:40,939 - 5000 elements added to the OBR_G2R_ET table. 
2014-12-31 10:32:42,704 - 4998 elements added to the OBR_G2R_ET table. 
2014-12-31 10:32:44,499 - 5000 elements added to the OBR_G2R_ET table. 
2014-12-31 10:32:46,154 - 5000 elements added to the OBR_G2R_ET table. 
2014-12-31 10:32:48,152 - 5000 elements added to the OBR_G2R_ET table. 
2014-12-31 10:32:49,948 - 5000 elements added to the OBR_G2R_ET table. 
2014-12-31 10:32:51,852 - 5000 elements added to the OBR_G2R_ET table. 
2014-12-31 10:32:53,709 - 5000 elements added to the OBR_G2R_ET table. 
2014-12-31 10:32:55,536 - 4998 elements added to the OBR_G2R_ET table. 
2014-12-31 10:32:57,362 - 5000 elements added to the OBR_G2R_ET table. 
2014-12-31 10:32:59,188 - 5000 elements added to the OBR_G2R_ET table. 
2014-12-31 10:33:00,952 - 5000 elements added to the OBR_G2R_ET table. 
2014-12-31 10:33:02,700 - 5000 elements added to the OBR_G2R_ET table. 
2014-12-31 10:33:04,479 - 5000 elements added to the OBR_G2R_ET table. 
2014-12-31 10:33:06,041 - 5000 elements added to the OBR_G2R_ET table. 
2014-12-31 10:33:08,804 - 5000 elements added to the OBR_G2R_ET table. 
2014-12-31 10:33:10,099 - 2829 elements added to the OBR_G2R_ET table. 
2014-12-31 10:33:10,880 - 1869 elements added to the OBR_G2R_ET table. 
2014-12-31 10:33:11,598 - 1934 elements added to the OBR_G2R_ET table. 
2014-12-31 10:33:12,272 - 1886 elements added to the OBR_G2R_ET table. 
2014-12-31 10:33:12,943 - 1822 elements added to the OBR_G2R_ET table. 
2014-12-31 10:33:13,724 - 1876 elements added to the OBR_G2R_ET table. 
2014-12-31 10:33:14,394 - 1815 elements added to the OBR_G2R_ET table. 
2014-12-31 10:33:15,129 - 1825 elements added to the OBR_G2R_ET table. 
2014-12-31 10:33:15,583 - 1860 elements added to the OBR_G2R_ET table. 
2014-12-31 10:33:16,270 - 1830 elements added to the OBR_G2R_ET table. 
2014-12-31 10:33:16,926 - 1814 elements added to the OBR_G2R_ET table. 
2014-12-31 10:33:17,675 - 1859 elements added to the OBR_G2R_ET table. 
2014-12-31 10:33:18,424 - 1824 elements added to the OBR_G2R_ET table. 
2014-12-31 10:33:19,409 - 2476 elements added to the OBR_G2R_ET table. 
2014-12-31 10:33:20,860 - 5000 elements added to the OBR_G2R_ET table. 
2014-12-31 10:33:22,634 - 5000 elements added to the OBR_G2R_ET table. 
2014-12-31 10:33:24,289 - 4984 elements added to the OBR_G2R_ET table. 
2014-12-31 10:33:26,365 - 4971 elements added to the OBR_G2R_ET table. 
2014-12-31 10:33:28,144 - 4974 elements added to the OBR_G2R_ET table. 
2014-12-31 10:33:30,298 - 4989 elements added to the OBR_G2R_ET table. 
2014-12-31 10:33:32,108 - 4998 elements added to the OBR_G2R_ET table. 
2014-12-31 10:33:33,901 - 5000 elements added to the OBR_G2R_ET table. 
2014-12-31 10:33:35,740 - 4998 elements added to the OBR_G2R_ET table. 
2014-12-31 10:33:37,769 - 4998 elements added to the OBR_G2R_ET table. 
2014-12-31 10:33:39,844 - 4997 elements added to the OBR_G2R_ET table. 
2014-12-31 10:33:43,901 - 4998 elements added to the OBR_G2R_ET table. 
2014-12-31 10:33:45,931 - 4998 elements added to the OBR_G2R_ET table. 
2014-12-31 10:33:48,195 - 4998 elements added to the OBR_G2R_ET table. 
2014-12-31 10:33:50,209 - 5000 elements added to the OBR_G2R_ET table. 
2014-12-31 10:33:52,285 - 5000 elements added to the OBR_G2R_ET table. 
2014-12-31 10:33:53,736 - 4415 elements added to the OBR_G2R_ET table. 
2014-12-31 10:33:54,924 - 3041 elements added to the OBR_G2R_ET table. 
2014-12-31 10:33:55,627 - 1744 elements added to the OBR_G2R_ET table. 
2014-12-31 10:33:56,329 - 1794 elements added to the OBR_G2R_ET table. 
2014-12-31 10:33:56,985 - 1864 elements added to the OBR_G2R_ET table. 
2014-12-31 10:33:57,672 - 1912 elements added to the OBR_G2R_ET table. 
2014-12-31 10:33:58,109 - 1787 elements added to the OBR_G2R_ET table. 
2014-12-31 10:33:58,889 - 1853 elements added to the OBR_G2R_ET table. 
2014-12-31 10:33:59,639 - 1885 elements added to the OBR_G2R_ET table. 
2014-12-31 10:34:00,310 - 1891 elements added to the OBR_G2R_ET table. 
2014-12-31 10:34:00,779 - 1787 elements added to the OBR_G2R_ET table. 
2014-12-31 10:34:01,590 - 2048 elements added to the OBR_G2R_ET table. 
2014-12-31 10:34:02,668 - 3288 elements added to the OBR_G2R_ET table. 
2014-12-31 10:34:03,807 - 3581 elements added to the OBR_G2R_ET table. 
2014-12-31 10:34:04,760 - 3164 elements added to the OBR_G2R_ET table. 
2014-12-31 10:34:06,258 - 3448 elements added to the OBR_G2R_ET table. 
2014-12-31 10:34:07,975 - 3273 elements added to the OBR_G2R_ET table. 
2014-12-31 10:34:09,707 - 3415 elements added to the OBR_G2R_ET table. 
2014-12-31 10:34:11,019 - 3296 elements added to the OBR_G2R_ET table. 
2014-12-31 10:34:12,314 - 3201 elements added to the OBR_G2R_ET table. 
2014-12-31 10:34:13,641 - 3273 elements added to the OBR_G2R_ET table. 
2014-12-31 10:34:14,984 - 3343 elements added to the OBR_G2R_ET table. 
2014-12-31 10:34:16,358 - 3229 elements added to the OBR_G2R_ET table. 
2014-12-31 10:34:17,640 - 3116 elements added to the OBR_G2R_ET table. 
2014-12-31 10:34:18,905 - 3077 elements added to the OBR_G2R_ET table. 
2014-12-31 10:34:20,185 - 3061 elements added to the OBR_G2R_ET table. 
2014-12-31 10:34:21,373 - 3115 elements added to the OBR_G2R_ET table. 
2014-12-31 10:34:22,404 - 3109 elements added to the OBR_G2R_ET table. 
2014-12-31 10:34:23,357 - 3159 elements added to the OBR_G2R_ET table. 
2014-12-31 10:34:24,698 - 3388 elements added to the OBR_G2R_ET table. 
2014-12-31 10:34:26,088 - 3220 elements added to the OBR_G2R_ET table. 
2014-12-31 10:34:27,430 - 3230 elements added to the OBR_G2R_ET table. 
2014-12-31 10:34:28,757 - 3198 elements added to the OBR_G2R_ET table. 
2014-12-31 10:34:30,099 - 3237 elements added to the OBR_G2R_ET table. 
2014-12-31 10:34:32,426 - 3263 elements added to the OBR_G2R_ET table. 
2014-12-31 10:34:34,985 - 3769 elements added to the OBR_G2R_ET table. 
2014-12-31 10:34:37,092 - 4738 elements added to the OBR_G2R_ET table. 
2014-12-31 10:34:38,872 - 4642 elements added to the OBR_G2R_ET table. 
2014-12-31 10:34:40,339 - 4455 elements added to the OBR_G2R_ET table. 
2014-12-31 10:34:41,822 - 4426 elements added to the OBR_G2R_ET table. 
2014-12-31 10:34:43,321 - 4500 elements added to the OBR_G2R_ET table. 
2014-12-31 10:34:44,804 - 4427 elements added to the OBR_G2R_ET table. 
2014-12-31 10:34:46,287 - 4447 elements added to the OBR_G2R_ET table. 
2014-12-31 10:34:47,801 - 4576 elements added to the OBR_G2R_ET table. 
2014-12-31 10:34:49,285 - 4585 elements added to the OBR_G2R_ET table. 
2014-12-31 10:34:50,830 - 4604 elements added to the OBR_G2R_ET table. 
2014-12-31 10:34:52,407 - 4620 elements added to the OBR_G2R_ET table. 
2014-12-31 10:34:53,751 - 3753 elements added to the OBR_G2R_ET table. 
2014-12-31 10:34:55,203 - 3970 elements added to the OBR_G2R_ET table. 
2014-12-31 10:34:56,655 - 3848 elements added to the OBR_G2R_ET table. 
2014-12-31 10:34:58,154 - 3825 elements added to the OBR_G2R_ET table. 
2014-12-31 10:34:59,574 - 3839 elements added to the OBR_G2R_ET table. 
2014-12-31 10:35:01,291 - 3812 elements added to the OBR_G2R_ET table. 
2014-12-31 10:35:03,071 - 4282 elements added to the OBR_G2R_ET table. 
2014-12-31 10:35:04,756 - 4889 elements added to the OBR_G2R_ET table. 
2014-12-31 10:35:05,756 - 2478 elements added to the OBR_G2R_ET table. 
2014-12-31 10:35:06,459 - 1856 elements added to the OBR_G2R_ET table. 
2014-12-31 10:35:07,458 - 1970 elements added to the OBR_G2R_ET table. 
2014-12-31 10:35:08,129 - 1895 elements added to the OBR_G2R_ET table. 
2014-12-31 10:35:08,894 - 1931 elements added to the OBR_G2R_ET table. 
2014-12-31 10:35:09,596 - 1919 elements added to the OBR_G2R_ET table. 
2014-12-31 10:35:10,377 - 1872 elements added to the OBR_G2R_ET table. 
2014-12-31 10:35:11,079 - 1944 elements added to the OBR_G2R_ET table. 
2014-12-31 10:35:11,845 - 1917 elements added to the OBR_G2R_ET table. 
2014-12-31 10:35:12,533 - 1917 elements added to the OBR_G2R_ET table. 
2014-12-31 10:35:13,673 - 2461 elements added to the OBR_G2R_ET table. 
2014-12-31 10:35:14,267 - 2614 elements added to the OBR_G2R_ET table. 
2014-12-31 10:35:15,483 - 1960 elements added to the OBR_G2R_ET table. 
2014-12-31 10:35:16,842 - 1848 elements added to the OBR_G2R_ET table. 
2014-12-31 10:35:18,481 - 1935 elements added to the OBR_G2R_ET table. 
2014-12-31 10:35:19,620 - 1899 elements added to the OBR_G2R_ET table. 
2014-12-31 10:35:20,963 - 1945 elements added to the OBR_G2R_ET table. 
2014-12-31 10:35:22,027 - 1961 elements added to the OBR_G2R_ET table. 
2014-12-31 10:35:23,104 - 1866 elements added to the OBR_G2R_ET table. 
2014-12-31 10:35:23,823 - 1960 elements added to the OBR_G2R_ET table. 
2014-12-31 10:35:24,587 - 1913 elements added to the OBR_G2R_ET table. 
2014-12-31 10:35:25,290 - 1882 elements added to the OBR_G2R_ET table. 
2014-12-31 10:35:26,088 - 1952 elements added to the OBR_G2R_ET table. 
2014-12-31 10:35:26,760 - 1863 elements added to the OBR_G2R_ET table. 
2014-12-31 10:35:27,758 - 2299 elements added to the OBR_G2R_ET table. 
2014-12-31 10:35:28,461 - 1962 elements added to the OBR_G2R_ET table. 
2014-12-31 10:35:29,225 - 1958 elements added to the OBR_G2R_ET table. 
2014-12-31 10:35:29,960 - 2168 elements added to the OBR_G2R_ET table. 
2014-12-31 10:35:31,145 - 3813 elements added to the OBR_G2R_ET table. 
2014-12-31 10:35:32,332 - 3904 elements added to the OBR_G2R_ET table. 
2014-12-31 10:35:33,768 - 3873 elements added to the OBR_G2R_ET table. 
2014-12-31 10:35:35,220 - 3812 elements added to the OBR_G2R_ET table. 
2014-12-31 10:35:36,594 - 3706 elements added to the OBR_G2R_ET table. 
2014-12-31 10:35:37,983 - 3671 elements added to the OBR_G2R_ET table. 
2014-12-31 10:35:39,326 - 3486 elements added to the OBR_G2R_ET table. 
2014-12-31 10:35:40,029 - 1952 elements added to the OBR_G2R_ET table. 
2014-12-31 10:35:40,746 - 1982 elements added to the OBR_G2R_ET table. 
2014-12-31 10:35:41,449 - 1991 elements added to the OBR_G2R_ET table. 
2014-12-31 10:35:42,138 - 1962 elements added to the OBR_G2R_ET table. 
2014-12-31 10:35:42,825 - 1966 elements added to the OBR_G2R_ET table. 
2014-12-31 10:35:43,621 - 1962 elements added to the OBR_G2R_ET table. 
2014-12-31 10:35:44,308 - 1936 elements added to the OBR_G2R_ET table. 
2014-12-31 10:35:45,072 - 1913 elements added to the OBR_G2R_ET table. 
2014-12-31 10:35:45,775 - 1964 elements added to the OBR_G2R_ET table. 
2014-12-31 10:35:46,571 - 1993 elements added to the OBR_G2R_ET table. 
2014-12-31 10:35:47,290 - 2013 elements added to the OBR_G2R_ET table. 
2014-12-31 10:35:48,054 - 1979 elements added to the OBR_G2R_ET table. 
2014-12-31 10:35:49,771 - 4777 elements added to the OBR_G2R_ET table. 
2014-12-31 10:35:51,457 - 4856 elements added to the OBR_G2R_ET table. 
2014-12-31 10:35:53,158 - 4880 elements added to the OBR_G2R_ET table. 
2014-12-31 10:35:54,846 - 4835 elements added to the OBR_G2R_ET table. 
2014-12-31 10:35:56,984 - 4865 elements added to the OBR_G2R_ET table. 
2014-12-31 10:35:58,625 - 4534 elements added to the OBR_G2R_ET table. 
2014-12-31 10:35:59,703 - 2105 elements added to the OBR_G2R_ET table. 
2014-12-31 10:36:00,437 - 2147 elements added to the OBR_G2R_ET table. 
2014-12-31 10:36:01,170 - 2031 elements added to the OBR_G2R_ET table. 
2014-12-31 10:36:02,061 - 2109 elements added to the OBR_G2R_ET table. 
2014-12-31 10:36:02,904 - 2116 elements added to the OBR_G2R_ET table. 
2014-12-31 10:36:03,638 - 2052 elements added to the OBR_G2R_ET table. 
2014-12-31 10:36:04,372 - 2045 elements added to the OBR_G2R_ET table. 
2014-12-31 10:36:05,199 - 2050 elements added to the OBR_G2R_ET table. 
2014-12-31 10:36:06,011 - 2060 elements added to the OBR_G2R_ET table. 
2014-12-31 10:36:06,729 - 2055 elements added to the OBR_G2R_ET table. 
2014-12-31 10:36:07,462 - 2056 elements added to the OBR_G2R_ET table. 
2014-12-31 10:36:08,290 - 2088 elements added to the OBR_G2R_ET table. 
2014-12-31 10:36:09,117 - 2139 elements added to the OBR_G2R_ET table. 
2014-12-31 10:36:10,085 - 1981 elements added to the OBR_G2R_ET table. 
2014-12-31 10:36:10,756 - 1830 elements added to the OBR_G2R_ET table. 
2014-12-31 10:36:11,537 - 1810 elements added to the OBR_G2R_ET table. 
2014-12-31 10:36:12,177 - 1729 elements added to the OBR_G2R_ET table. 
2014-12-31 10:36:12,833 - 1753 elements added to the OBR_G2R_ET table. 
2014-12-31 10:36:13,472 - 1730 elements added to the OBR_G2R_ET table. 
2014-12-31 10:36:14,129 - 1772 elements added to the OBR_G2R_ET table. 
2014-12-31 10:36:14,628 - 1731 elements added to the OBR_G2R_ET table. 
2014-12-31 10:36:15,284 - 1692 elements added to the OBR_G2R_ET table. 
2014-12-31 10:36:16,002 - 1679 elements added to the OBR_G2R_ET table. 
2014-12-31 10:36:16,424 - 1697 elements added to the OBR_G2R_ET table. 
2014-12-31 10:36:17,079 - 1749 elements added to the OBR_G2R_ET table. 
2014-12-31 10:36:17,814 - 1714 elements added to the OBR_G2R_ET table. 
2014-12-31 10:36:18,220 - 1662 elements added to the OBR_G2R_ET table. 
2014-12-31 10:36:18,985 - 1689 elements added to the OBR_G2R_ET table. 
2014-12-31 10:36:19,609 - 1651 elements added to the OBR_G2R_ET table. 
2014-12-31 10:36:20,250 - 1668 elements added to the OBR_G2R_ET table. 
2014-12-31 10:36:20,983 - 1708 elements added to the OBR_G2R_ET table. 
2014-12-31 10:36:21,624 - 1678 elements added to the OBR_G2R_ET table. 
2014-12-31 10:36:22,123 - 1690 elements added to the OBR_G2R_ET table. 
2014-12-31 10:36:22,779 - 1729 elements added to the OBR_G2R_ET table. 
2014-12-31 10:36:23,420 - 1723 elements added to the OBR_G2R_ET table. 
2014-12-31 10:36:24,138 - 1683 elements added to the OBR_G2R_ET table. 
2014-12-31 10:36:24,575 - 1720 elements added to the OBR_G2R_ET table. 
2014-12-31 10:36:25,309 - 1718 elements added to the OBR_G2R_ET table. 
2014-12-31 10:36:25,933 - 1658 elements added to the OBR_G2R_ET table. 
2014-12-31 10:36:26,669 - 2082 elements added to the OBR_G2R_ET table. 
2014-12-31 10:36:27,403 - 2088 elements added to the OBR_G2R_ET table. 
2014-12-31 10:36:27,887 - 1988 elements added to the OBR_G2R_ET table. 
2014-12-31 10:36:28,589 - 2068 elements added to the OBR_G2R_ET table. 
2014-12-31 10:36:29,308 - 2053 elements added to the OBR_G2R_ET table. 
2014-12-31 10:36:30,291 - 2763 elements added to the OBR_G2R_ET table. 
2014-12-31 10:36:31,963 - 4822 elements added to the OBR_G2R_ET table. 
2014-12-31 10:36:33,851 - 4807 elements added to the OBR_G2R_ET table. 
2014-12-31 10:36:35,428 - 4802 elements added to the OBR_G2R_ET table. 
2014-12-31 10:36:37,223 - 4759 elements added to the OBR_G2R_ET table. 
2014-12-31 10:36:39,252 - 4784 elements added to the OBR_G2R_ET table. 
2014-12-31 10:36:41,327 - 4794 elements added to the OBR_G2R_ET table. 
2014-12-31 10:36:43,380 - 4791 elements added to the OBR_G2R_ET table. 
2014-12-31 10:36:45,440 - 4810 elements added to the OBR_G2R_ET table. 
2014-12-31 10:36:47,322 - 4799 elements added to the OBR_G2R_ET table. 
2014-12-31 10:36:48,866 - 4477 elements added to the OBR_G2R_ET table. 
2014-12-31 10:36:50,349 - 4244 elements added to the OBR_G2R_ET table. 
2014-12-31 10:36:51,832 - 4319 elements added to the OBR_G2R_ET table. 
2014-12-31 10:36:53,800 - 4323 elements added to the OBR_G2R_ET table. 
2014-12-31 10:36:55,267 - 4325 elements added to the OBR_G2R_ET table. 
2014-12-31 10:36:56,719 - 4278 elements added to the OBR_G2R_ET table. 
2014-12-31 10:36:58,296 - 4400 elements added to the OBR_G2R_ET table. 
2014-12-31 10:37:00,203 - 5000 elements added to the OBR_G2R_ET table. 
2014-12-31 10:37:01,920 - 5000 elements added to the OBR_G2R_ET table. 
2014-12-31 10:37:03,748 - 5000 elements added to the OBR_G2R_ET table. 
2014-12-31 10:37:05,559 - 5000 elements added to the OBR_G2R_ET table. 
2014-12-31 10:37:07,619 - 5000 elements added to the OBR_G2R_ET table. 
2014-12-31 10:37:09,929 - 5000 elements added to the OBR_G2R_ET table. 
2014-12-31 10:37:11,615 - 4230 elements added to the OBR_G2R_ET table. 
2014-12-31 10:37:12,630 - 1861 elements added to the OBR_G2R_ET table. 
2014-12-31 10:37:13,317 - 1716 elements added to the OBR_G2R_ET table. 
2014-12-31 10:37:14,050 - 1721 elements added to the OBR_G2R_ET table. 
2014-12-31 10:37:14,691 - 1639 elements added to the OBR_G2R_ET table. 
2014-12-31 10:37:15,362 - 1677 elements added to the OBR_G2R_ET table. 
2014-12-31 10:37:16,111 - 1740 elements added to the OBR_G2R_ET table. 
2014-12-31 10:37:16,798 - 1707 elements added to the OBR_G2R_ET table. 
2014-12-31 10:37:17,610 - 1692 elements added to the OBR_G2R_ET table. 
2014-12-31 10:37:18,250 - 1632 elements added to the OBR_G2R_ET table. 
2014-12-31 10:37:18,968 - 1727 elements added to the OBR_G2R_ET table. 
2014-12-31 10:37:19,701 - 1691 elements added to the OBR_G2R_ET table. 
2014-12-31 10:37:20,358 - 1701 elements added to the OBR_G2R_ET table. 
2014-12-31 10:37:21,106 - 1724 elements added to the OBR_G2R_ET table. 
2014-12-31 10:37:21,778 - 1749 elements added to the OBR_G2R_ET table. 
2014-12-31 10:37:22,511 - 1961 elements added to the OBR_G2R_ET table. 
2014-12-31 10:37:23,526 - 2051 elements added to the OBR_G2R_ET table. 
2014-12-31 10:37:26,554 - 2196 elements added to the OBR_G2R_ET table. 
2014-12-31 10:37:27,943 - 3301 elements added to the OBR_G2R_ET table. 
2014-12-31 10:37:29,288 - 3287 elements added to the OBR_G2R_ET table. 
2014-12-31 10:37:30,615 - 3293 elements added to the OBR_G2R_ET table. 
2014-12-31 10:37:31,991 - 3467 elements added to the OBR_G2R_ET table. 
2014-12-31 10:37:33,333 - 3372 elements added to the OBR_G2R_ET table. 
2014-12-31 10:37:35,159 - 3300 elements added to the OBR_G2R_ET table. 
2014-12-31 10:37:38,017 - 3346 elements added to the OBR_G2R_ET table. 
2014-12-31 10:37:39,516 - 3335 elements added to the OBR_G2R_ET table. 
2014-12-31 10:37:40,983 - 3276 elements added to the OBR_G2R_ET table. 
2014-12-31 10:37:42,373 - 3496 elements added to the OBR_G2R_ET table. 
2014-12-31 10:37:43,700 - 3299 elements added to the OBR_G2R_ET table. 
2014-12-31 10:37:45,042 - 3295 elements added to the OBR_G2R_ET table. 
2014-12-31 10:37:46,510 - 3519 elements added to the OBR_G2R_ET table. 
2014-12-31 10:37:47,852 - 3387 elements added to the OBR_G2R_ET table. 
2014-12-31 10:37:49,210 - 3347 elements added to the OBR_G2R_ET table. 
2014-12-31 10:37:50,553 - 3374 elements added to the OBR_G2R_ET table. 
2014-12-31 10:37:51,896 - 3314 elements added to the OBR_G2R_ET table. 
2014-12-31 10:37:53,020 - 3374 elements added to the OBR_G2R_ET table. 
2014-12-31 10:37:54,378 - 3291 elements added to the OBR_G2R_ET table. 
2014-12-31 10:37:55,736 - 3343 elements added to the OBR_G2R_ET table. 
2014-12-31 10:37:57,079 - 3265 elements added to the OBR_G2R_ET table. 
2014-12-31 10:37:58,437 - 3393 elements added to the OBR_G2R_ET table. 
2014-12-31 10:37:59,795 - 3371 elements added to the OBR_G2R_ET table. 
2014-12-31 10:38:01,216 - 3533 elements added to the OBR_G2R_ET table. 
2014-12-31 10:38:02,980 - 4070 elements added to the OBR_G2R_ET table. 
2014-12-31 10:38:04,947 - 4044 elements added to the OBR_G2R_ET table. 
2014-12-31 10:38:06,696 - 4042 elements added to the OBR_G2R_ET table. 
2014-12-31 10:38:08,179 - 4021 elements added to the OBR_G2R_ET table. 
2014-12-31 10:38:09,727 - 4010 elements added to the OBR_G2R_ET table. 
2014-12-31 10:38:11,241 - 4068 elements added to the OBR_G2R_ET table. 
2014-12-31 10:38:12,942 - 4444 elements added to the OBR_G2R_ET table. 
2014-12-31 10:38:14,254 - 3143 elements added to the OBR_G2R_ET table. 
2014-12-31 10:38:15,331 - 3211 elements added to the OBR_G2R_ET table. 
2014-12-31 10:38:16,611 - 2987 elements added to the OBR_G2R_ET table. 
2014-12-31 10:38:17,876 - 3014 elements added to the OBR_G2R_ET table. 
2014-12-31 10:38:19,078 - 3022 elements added to the OBR_G2R_ET table. 
2014-12-31 10:38:20,171 - 3158 elements added to the OBR_G2R_ET table. 
2014-12-31 10:38:21,124 - 2985 elements added to the OBR_G2R_ET table. 
2014-12-31 10:38:22,231 - 3225 elements added to the OBR_G2R_ET table. 
2014-12-31 10:38:23,293 - 3047 elements added to the OBR_G2R_ET table. 
2014-12-31 10:38:24,495 - 3390 elements added to the OBR_G2R_ET table. 
2014-12-31 10:38:25,292 - 2371 elements added to the OBR_G2R_ET table. 
2014-12-31 10:38:26,088 - 2390 elements added to the OBR_G2R_ET table. 
2014-12-31 10:38:26,947 - 2386 elements added to the OBR_G2R_ET table. 
2014-12-31 10:38:27,758 - 2412 elements added to the OBR_G2R_ET table. 
2014-12-31 10:38:28,866 - 2383 elements added to the OBR_G2R_ET table. 
2014-12-31 10:38:30,412 - 2377 elements added to the OBR_G2R_ET table. 
2014-12-31 10:38:31,208 - 2394 elements added to the OBR_G2R_ET table. 
2014-12-31 10:38:32,129 - 2407 elements added to the OBR_G2R_ET table. 
2014-12-31 10:38:32,925 - 2386 elements added to the OBR_G2R_ET table. 
2014-12-31 10:38:34,080 - 3545 elements added to the OBR_G2R_ET table. 
2014-12-31 10:38:35,578 - 4096 elements added to the OBR_G2R_ET table. 
2014-12-31 10:38:37,079 - 4116 elements added to the OBR_G2R_ET table. 
2014-12-31 10:38:38,749 - 4091 elements added to the OBR_G2R_ET table. 
2014-12-31 10:38:40,248 - 4061 elements added to the OBR_G2R_ET table. 
2014-12-31 10:38:42,030 - 4103 elements added to the OBR_G2R_ET table. 
2014-12-31 10:38:43,763 - 4073 elements added to the OBR_G2R_ET table. 
2014-12-31 10:38:45,464 - 4040 elements added to the OBR_G2R_ET table. 
2014-12-31 10:38:47,210 - 4073 elements added to the OBR_G2R_ET table. 
2014-12-31 10:38:49,178 - 5000 elements added to the OBR_G2R_ET table. 
2014-12-31 10:38:51,145 - 5000 elements added to the OBR_G2R_ET table. 
2014-12-31 10:38:53,205 - 4998 elements added to the OBR_G2R_ET table. 
2014-12-31 10:38:55,249 - 5000 elements added to the OBR_G2R_ET table. 
2014-12-31 10:38:57,091 - 4999 elements added to the OBR_G2R_ET table. 
2014-12-31 10:38:59,167 - 5000 elements added to the OBR_G2R_ET table. 
2014-12-31 10:39:01,087 - 4320 elements added to the OBR_G2R_ET table. 
2014-12-31 10:39:01,540 - 1784 elements added to the OBR_G2R_ET table. 
2014-12-31 10:39:02,414 - 1382 elements added to the OBR_G2R_ET table. 
2014-12-31 10:39:03,164 - 1261 elements added to the OBR_G2R_ET table. 
2014-12-31 10:39:03,897 - 1343 elements added to the OBR_G2R_ET table. 
2014-12-31 10:39:04,444 - 1457 elements added to the OBR_G2R_ET table. 
2014-12-31 10:39:05,208 - 1801 elements added to the OBR_G2R_ET table. 
2014-12-31 10:39:05,833 - 1690 elements added to the OBR_G2R_ET table. 
2014-12-31 10:39:06,317 - 1595 elements added to the OBR_G2R_ET table. 
2014-12-31 10:39:07,176 - 1704 elements added to the OBR_G2R_ET table. 
2014-12-31 10:39:07,909 - 1830 elements added to the OBR_G2R_ET table. 
2014-12-31 10:39:08,596 - 1889 elements added to the OBR_G2R_ET table. 
2014-12-31 10:39:08,986 - 1517 elements added to the OBR_G2R_ET table. 
2014-12-31 10:39:09,349 - 1426 elements added to the OBR_G2R_ET table. 
2014-12-31 10:39:10,114 - 1833 elements added to the OBR_G2R_ET table. 
2014-12-31 10:39:10,614 - 1769 elements added to the OBR_G2R_ET table. 
2014-12-31 10:39:11,097 - 1945 elements added to the OBR_G2R_ET table. 
2014-12-31 10:39:11,487 - 1606 elements added to the OBR_G2R_ET table. 
2014-12-31 10:39:12,050 - 1835 elements added to the OBR_G2R_ET table. 
2014-12-31 10:39:12,518 - 1912 elements added to the OBR_G2R_ET table. 
2014-12-31 10:39:13,003 - 1668 elements added to the OBR_G2R_ET table. 
2014-12-31 10:39:13,486 - 1957 elements added to the OBR_G2R_ET table. 
2014-12-31 10:39:13,907 - 1707 elements added to the OBR_G2R_ET table. 
2014-12-31 10:39:14,454 - 1901 elements added to the OBR_G2R_ET table. 
2014-12-31 10:39:14,939 - 1978 elements added to the OBR_G2R_ET table. 
2014-12-31 10:39:15,502 - 2037 elements added to the OBR_G2R_ET table. 
2014-12-31 10:39:15,938 - 1726 elements added to the OBR_G2R_ET table. 
2014-12-31 10:39:16,500 - 2015 elements added to the OBR_G2R_ET table. 
2014-12-31 10:39:16,924 - 1708 elements added to the OBR_G2R_ET table. 
2014-12-31 10:39:17,548 - 1936 elements added to the OBR_G2R_ET table. 
2014-12-31 10:39:17,970 - 1651 elements added to the OBR_G2R_ET table. 
2014-12-31 10:39:18,548 - 2427 elements added to the OBR_G2R_ET table. 
2014-12-31 10:39:19,203 - 1798 elements added to the OBR_G2R_ET table. 
2014-12-31 10:39:19,656 - 1804 elements added to the OBR_G2R_ET table. 
2014-12-31 10:39:20,608 - 3038 elements added to the OBR_G2R_ET table. 
2014-12-31 10:39:21,295 - 1815 elements added to the OBR_G2R_ET table. 
2014-12-31 10:39:22,106 - 1792 elements added to the OBR_G2R_ET table. 
2014-12-31 10:39:22,778 - 1798 elements added to the OBR_G2R_ET table. 
2014-12-31 10:39:23,527 - 1808 elements added to the OBR_G2R_ET table. 
2014-12-31 10:39:24,230 - 1805 elements added to the OBR_G2R_ET table. 
2014-12-31 10:39:24,916 - 1832 elements added to the OBR_G2R_ET table. 
2014-12-31 10:39:25,604 - 1773 elements added to the OBR_G2R_ET table. 
2014-12-31 10:39:26,306 - 1834 elements added to the OBR_G2R_ET table. 
2014-12-31 10:39:27,290 - 1744 elements added to the OBR_G2R_ET table. 
2014-12-31 10:39:29,957 - 1779 elements added to the OBR_G2R_ET table. 
2014-12-31 10:39:31,003 - 1806 elements added to the OBR_G2R_ET table. 
2014-12-31 10:39:31,691 - 1764 elements added to the OBR_G2R_ET table. 
2014-12-31 10:39:32,362 - 1828 elements added to the OBR_G2R_ET table. 
2014-12-31 10:39:33,127 - 1828 elements added to the OBR_G2R_ET table. 
2014-12-31 10:39:34,484 - 4325 elements added to the OBR_G2R_ET table. 
2014-12-31 10:39:36,342 - 4931 elements added to the OBR_G2R_ET table. 
2014-12-31 10:39:38,277 - 5000 elements added to the OBR_G2R_ET table. 
2014-12-31 10:39:40,431 - 5000 elements added to the OBR_G2R_ET table. 
2014-12-31 10:39:42,741 - 5000 elements added to the OBR_G2R_ET table. 
2014-12-31 10:39:44,816 - 5000 elements added to the OBR_G2R_ET table. 
2014-12-31 10:39:47,095 - 5000 elements added to the OBR_G2R_ET table. 
2014-12-31 10:39:49,203 - 5000 elements added to the OBR_G2R_ET table. 
2014-12-31 10:39:51,279 - 5000 elements added to the OBR_G2R_ET table. 
2014-12-31 10:39:53,559 - 5000 elements added to the OBR_G2R_ET table. 
2014-12-31 10:39:55,620 - 5000 elements added to the OBR_G2R_ET table. 
2014-12-31 10:39:57,711 - 5000 elements added to the OBR_G2R_ET table. 
2014-12-31 10:40:00,023 - 5000 elements added to the OBR_G2R_ET table. 
2014-12-31 10:40:02,582 - 5000 elements added to the OBR_G2R_ET table. 
2014-12-31 10:40:04,970 - 5000 elements added to the OBR_G2R_ET table. 
2014-12-31 10:40:07,311 - 5000 elements added to the OBR_G2R_ET table. 
2014-12-31 10:40:09,730 - 4956 elements added to the OBR_G2R_ET table. 
2014-12-31 10:40:12,227 - 4891 elements added to the OBR_G2R_ET table. 
2014-12-31 10:40:14,523 - 4889 elements added to the OBR_G2R_ET table. 
2014-12-31 10:40:16,817 - 4981 elements added to the OBR_G2R_ET table. 
2014-12-31 10:40:18,909 - 4993 elements added to the OBR_G2R_ET table. 
2014-12-31 10:40:20,487 - 5000 elements added to the OBR_G2R_ET table. 
2014-12-31 10:40:22,563 - 5000 elements added to the OBR_G2R_ET table. 
2014-12-31 10:40:25,045 - 5000 elements added to the OBR_G2R_ET table. 
2014-12-31 10:40:27,479 - 4997 elements added to the OBR_G2R_ET table. 
2014-12-31 10:40:29,807 - 4997 elements added to the OBR_G2R_ET table. 
2014-12-31 10:40:31,882 - 4999 elements added to the OBR_G2R_ET table. 
2014-12-31 10:40:33,865 - 4543 elements added to the OBR_G2R_ET table. 
2014-12-31 10:40:35,443 - 3519 elements added to the OBR_G2R_ET table. 
2014-12-31 10:40:37,675 - 3409 elements added to the OBR_G2R_ET table. 
2014-12-31 10:40:40,125 - 4089 elements added to the OBR_G2R_ET table. 
2014-12-31 10:40:43,199 - 4578 elements added to the OBR_G2R_ET table. 
2014-12-31 10:40:45,338 - 4337 elements added to the OBR_G2R_ET table. 
2014-12-31 10:40:46,899 - 4924 elements added to the OBR_G2R_ET table. 
2014-12-31 10:40:48,336 - 4984 elements added to the OBR_G2R_ET table. 
2014-12-31 10:40:49,866 - 5000 elements added to the OBR_G2R_ET table. 
2014-12-31 10:40:51,629 - 4993 elements added to the OBR_G2R_ET table. 
2014-12-31 10:40:53,536 - 4963 elements added to the OBR_G2R_ET table. 
2014-12-31 10:40:55,471 - 4972 elements added to the OBR_G2R_ET table. 
2014-12-31 10:40:57,470 - 4935 elements added to the OBR_G2R_ET table. 
2014-12-31 10:40:59,531 - 4992 elements added to the OBR_G2R_ET table. 
2014-12-31 10:41:01,372 - 5000 elements added to the OBR_G2R_ET table. 
2014-12-31 10:41:03,448 - 5000 elements added to the OBR_G2R_ET table. 
2014-12-31 10:41:05,290 - 5000 elements added to the OBR_G2R_ET table. 
2014-12-31 10:41:07,600 - 5000 elements added to the OBR_G2R_ET table. 
2014-12-31 10:41:09,800 - 5000 elements added to the OBR_G2R_ET table. 
2014-12-31 10:41:12,087 - 5000 elements added to the OBR_G2R_ET table. 
2014-12-31 10:41:14,163 - 5000 elements added to the OBR_G2R_ET table. 
2014-12-31 10:41:16,722 - 4105 elements added to the OBR_G2R_ET table. 
2014-12-31 10:41:18,970 - 3857 elements added to the OBR_G2R_ET table. 
2014-12-31 10:41:20,891 - 3768 elements added to the OBR_G2R_ET table. 
2014-12-31 10:41:22,577 - 3799 elements added to the OBR_G2R_ET table. 
2014-12-31 10:41:24,294 - 3758 elements added to the OBR_G2R_ET table. 
2014-12-31 10:41:25,871 - 4272 elements added to the OBR_G2R_ET table. 
2014-12-31 10:41:27,559 - 5000 elements added to the OBR_G2R_ET table. 
2014-12-31 10:41:29,603 - 5000 elements added to the OBR_G2R_ET table. 
2014-12-31 10:41:31,429 - 5000 elements added to the OBR_G2R_ET table. 
2014-12-31 10:41:33,568 - 5000 elements added to the OBR_G2R_ET table. 
2014-12-31 10:41:35,628 - 4580 elements added to the OBR_G2R_ET table. 
2014-12-31 10:41:36,955 - 3131 elements added to the OBR_G2R_ET table. 
2014-12-31 10:41:38,235 - 3201 elements added to the OBR_G2R_ET table. 
2014-12-31 10:41:39,531 - 3520 elements added to the OBR_G2R_ET table. 
2014-12-31 10:41:41,171 - 4234 elements added to the OBR_G2R_ET table. 
2014-12-31 10:41:42,591 - 4079 elements added to the OBR_G2R_ET table. 
2014-12-31 10:41:43,248 - 1723 elements added to the OBR_G2R_ET table. 
2014-12-31 10:41:43,950 - 1718 elements added to the OBR_G2R_ET table. 
2014-12-31 10:41:44,590 - 1648 elements added to the OBR_G2R_ET table. 
2014-12-31 10:41:45,245 - 1668 elements added to the OBR_G2R_ET table. 
2014-12-31 10:41:45,886 - 1667 elements added to the OBR_G2R_ET table. 
2014-12-31 10:41:46,619 - 1981 elements added to the OBR_G2R_ET table. 
2014-12-31 10:41:47,447 - 2186 elements added to the OBR_G2R_ET table. 
2014-12-31 10:41:48,898 - 4292 elements added to the OBR_G2R_ET table. 
2014-12-31 10:41:50,537 - 4345 elements added to the OBR_G2R_ET table. 
2014-12-31 10:41:52,113 - 4338 elements added to the OBR_G2R_ET table. 
2014-12-31 10:41:54,144 - 4636 elements added to the OBR_G2R_ET table. 
2014-12-31 10:41:56,376 - 4616 elements added to the OBR_G2R_ET table. 
2014-12-31 10:41:58,936 - 4590 elements added to the OBR_G2R_ET table. 
2014-12-31 10:42:00,701 - 4620 elements added to the OBR_G2R_ET table. 
2014-12-31 10:42:02,855 - 5000 elements added to the OBR_G2R_ET table. 
2014-12-31 10:42:05,060 - 5000 elements added to the OBR_G2R_ET table. 
2014-12-31 10:42:07,136 - 5000 elements added to the OBR_G2R_ET table. 
2014-12-31 10:42:09,415 - 5000 elements added to the OBR_G2R_ET table. 
2014-12-31 10:42:11,537 - 5000 elements added to the OBR_G2R_ET table. 
2014-12-31 10:42:13,676 - 5000 elements added to the OBR_G2R_ET table. 
2014-12-31 10:42:15,611 - 5000 elements added to the OBR_G2R_ET table. 
2014-12-31 10:42:17,859 - 4771 elements added to the OBR_G2R_ET table. 
2014-12-31 10:42:21,183 - 3605 elements added to the OBR_G2R_ET table. 
2014-12-31 10:42:23,399 - 3641 elements added to the OBR_G2R_ET table. 
2014-12-31 10:42:25,493 - 3671 elements added to the OBR_G2R_ET table. 
2014-12-31 10:42:28,161 - 3547 elements added to the OBR_G2R_ET table. 
2014-12-31 10:42:30,409 - 4888 elements added to the OBR_G2R_ET table. 
2014-12-31 10:42:32,455 - 5000 elements added to the OBR_G2R_ET table. 
2014-12-31 10:42:34,531 - 5000 elements added to the OBR_G2R_ET table. 
2014-12-31 10:42:36,857 - 4905 elements added to the OBR_G2R_ET table. 
2014-12-31 10:42:38,964 - 4953 elements added to the OBR_G2R_ET table. 
2014-12-31 10:42:41,320 - 4970 elements added to the OBR_G2R_ET table. 
2014-12-31 10:42:43,692 - 4980 elements added to the OBR_G2R_ET table. 
2014-12-31 10:42:45,987 - 4971 elements added to the OBR_G2R_ET table. 
2014-12-31 10:42:48,094 - 4975 elements added to the OBR_G2R_ET table. 
2014-12-31 10:42:49,842 - 3824 elements added to the OBR_G2R_ET table. 
2014-12-31 10:42:50,888 - 2090 elements added to the OBR_G2R_ET table. 
2014-12-31 10:42:51,638 - 2182 elements added to the OBR_G2R_ET table. 
2014-12-31 10:42:52,606 - 2310 elements added to the OBR_G2R_ET table. 
2014-12-31 10:42:53,403 - 2373 elements added to the OBR_G2R_ET table. 
2014-12-31 10:42:54,339 - 2184 elements added to the OBR_G2R_ET table. 
2014-12-31 10:42:55,666 - 3346 elements added to the OBR_G2R_ET table. 
2014-12-31 10:42:57,320 - 4724 elements added to the OBR_G2R_ET table. 
2014-12-31 10:42:59,289 - 4969 elements added to the OBR_G2R_ET table. 
2014-12-31 10:43:01,333 - 4973 elements added to the OBR_G2R_ET table. 
2014-12-31 10:43:03,144 - 4979 elements added to the OBR_G2R_ET table. 
2014-12-31 10:43:04,957 - 4964 elements added to the OBR_G2R_ET table. 
2014-12-31 10:43:06,736 - 4987 elements added to the OBR_G2R_ET table. 
2014-12-31 10:43:08,765 - 4979 elements added to the OBR_G2R_ET table. 
2014-12-31 10:43:11,044 - 4970 elements added to the OBR_G2R_ET table. 
2014-12-31 10:43:13,556 - 4968 elements added to the OBR_G2R_ET table. 
2014-12-31 10:43:15,851 - 4979 elements added to the OBR_G2R_ET table. 
2014-12-31 10:43:17,926 - 4992 elements added to the OBR_G2R_ET table. 
2014-12-31 10:43:19,737 - 4980 elements added to the OBR_G2R_ET table. 
2014-12-31 10:43:21,282 - 4966 elements added to the OBR_G2R_ET table. 
2014-12-31 10:43:23,327 - 4975 elements added to the OBR_G2R_ET table. 
2014-12-31 10:43:28,743 - 4958 elements added to the OBR_G2R_ET table. 
2014-12-31 10:43:31,351 - 4975 elements added to the OBR_G2R_ET table. 
2014-12-31 10:43:33,412 - 4990 elements added to the OBR_G2R_ET table. 
2014-12-31 10:43:35,097 - 4984 elements added to the OBR_G2R_ET table. 
2014-12-31 10:43:36,907 - 4950 elements added to the OBR_G2R_ET table. 
2014-12-31 10:43:38,938 - 4978 elements added to the OBR_G2R_ET table. 
2014-12-31 10:43:41,217 - 4978 elements added to the OBR_G2R_ET table. 
2014-12-31 10:43:43,605 - 4971 elements added to the OBR_G2R_ET table. 
2014-12-31 10:43:45,915 - 4976 elements added to the OBR_G2R_ET table. 
2014-12-31 10:43:48,193 - 4563 elements added to the OBR_G2R_ET table. 
2014-12-31 10:43:50,082 - 4039 elements added to the OBR_G2R_ET table. 
2014-12-31 10:43:51,799 - 4024 elements added to the OBR_G2R_ET table. 
2014-12-31 10:43:54,701 - 4056 elements added to the OBR_G2R_ET table. 
2014-12-31 10:43:56,699 - 2075 elements added to the OBR_G2R_ET table. 
2014-12-31 10:43:57,730 - 1441 elements added to the OBR_G2R_ET table. 
2014-12-31 10:43:58,714 - 1389 elements added to the OBR_G2R_ET table. 
2014-12-31 10:44:00,008 - 1409 elements added to the OBR_G2R_ET table. 
2014-12-31 10:44:00,899 - 1281 elements added to the OBR_G2R_ET table. 
2014-12-31 10:44:01,663 - 1325 elements added to the OBR_G2R_ET table. 
2014-12-31 10:44:03,052 - 1698 elements added to the OBR_G2R_ET table. 
2014-12-31 10:44:03,725 - 1787 elements added to the OBR_G2R_ET table. 
2014-12-31 10:44:04,600 - 2389 elements added to the OBR_G2R_ET table. 
2014-12-31 10:44:04,804 - 722 elements added to the OBR_G2R_ET table. 
2014-12-31 10:44:05,350 - 983 elements added to the OBR_G2R_ET table. 
2014-12-31 10:44:05,864 - 1002 elements added to the OBR_G2R_ET table. 
2014-12-31 10:44:06,474 - 1144 elements added to the OBR_G2R_ET table. 
2014-12-31 10:44:07,020 - 1207 elements added to the OBR_G2R_ET table. 
2014-12-31 10:44:07,645 - 1346 elements added to the OBR_G2R_ET table. 
2014-12-31 10:44:08,425 - 1439 elements added to the OBR_G2R_ET table. 
2014-12-31 10:44:09,003 - 1375 elements added to the OBR_G2R_ET table. 
2014-12-31 10:44:09,596 - 1391 elements added to the OBR_G2R_ET table. 
2014-12-31 10:44:10,361 - 1823 elements added to the OBR_G2R_ET table. 
2014-12-31 10:44:11,128 - 2232 elements added to the OBR_G2R_ET table. 
2014-12-31 10:44:12,143 - 2784 elements added to the OBR_G2R_ET table. 
2014-12-31 10:44:13,220 - 2838 elements added to the OBR_G2R_ET table. 
2014-12-31 10:44:14,188 - 2680 elements added to the OBR_G2R_ET table. 
2014-12-31 10:44:15,514 - 3266 elements added to the OBR_G2R_ET table. 
2014-12-31 10:44:16,841 - 4737 elements added to the OBR_G2R_ET table. 
2014-12-31 10:44:18,527 - 4710 elements added to the OBR_G2R_ET table. 
2014-12-31 10:44:20,041 - 4461 elements added to the OBR_G2R_ET table. 
2014-12-31 10:44:22,491 - 4611 elements added to the OBR_G2R_ET table. 
2014-12-31 10:44:25,441 - 4663 elements added to the OBR_G2R_ET table. 
2014-12-31 10:44:27,532 - 4769 elements added to the OBR_G2R_ET table. 
2014-12-31 10:44:29,530 - 3901 elements added to the OBR_G2R_ET table. 
2014-12-31 10:44:30,951 - 2572 elements added to the OBR_G2R_ET table. 
2014-12-31 10:44:31,997 - 2488 elements added to the OBR_G2R_ET table. 
2014-12-31 10:44:33,199 - 2548 elements added to the OBR_G2R_ET table. 
2014-12-31 10:44:34,152 - 2533 elements added to the OBR_G2R_ET table. 
2014-12-31 10:44:35,197 - 2719 elements added to the OBR_G2R_ET table. 
2014-12-31 10:44:36,775 - 4353 elements added to the OBR_G2R_ET table. 
2014-12-31 10:44:38,524 - 5000 elements added to the OBR_G2R_ET table. 
2014-12-31 10:44:40,804 - 5000 elements added to the OBR_G2R_ET table. 
2014-12-31 10:44:42,989 - 5000 elements added to the OBR_G2R_ET table. 
2014-12-31 10:44:45,097 - 5000 elements added to the OBR_G2R_ET table. 
2014-12-31 10:44:47,189 - 4998 elements added to the OBR_G2R_ET table. 
2014-12-31 10:44:49,904 - 4188 elements added to the OBR_G2R_ET table. 
2014-12-31 10:44:51,059 - 2826 elements added to the OBR_G2R_ET table. 
2014-12-31 10:44:52,277 - 2831 elements added to the OBR_G2R_ET table. 
2014-12-31 10:44:53,433 - 2914 elements added to the OBR_G2R_ET table. 
2014-12-31 10:44:54,604 - 2950 elements added to the OBR_G2R_ET table. 
2014-12-31 10:44:55,650 - 3130 elements added to the OBR_G2R_ET table. 
2014-12-31 10:44:57,055 - 3427 elements added to the OBR_G2R_ET table. 
2014-12-31 10:44:58,709 - 3487 elements added to the OBR_G2R_ET table. 
2014-12-31 10:45:00,411 - 3475 elements added to the OBR_G2R_ET table. 
2014-12-31 10:45:02,065 - 3511 elements added to the OBR_G2R_ET table. 
2014-12-31 10:45:03,736 - 3520 elements added to the OBR_G2R_ET table. 
2014-12-31 10:45:05,375 - 3549 elements added to the OBR_G2R_ET table. 
2014-12-31 10:45:07,029 - 3422 elements added to the OBR_G2R_ET table. 
2014-12-31 10:45:08,185 - 2509 elements added to the OBR_G2R_ET table. 
2014-12-31 10:45:08,997 - 2304 elements added to the OBR_G2R_ET table. 
2014-12-31 10:45:09,872 - 2368 elements added to the OBR_G2R_ET table. 
2014-12-31 10:45:10,934 - 2362 elements added to the OBR_G2R_ET table. 
2014-12-31 10:45:11,731 - 2343 elements added to the OBR_G2R_ET table. 
2014-12-31 10:45:12,542 - 2339 elements added to the OBR_G2R_ET table. 
2014-12-31 10:45:13,323 - 2289 elements added to the OBR_G2R_ET table. 
2014-12-31 10:45:14,009 - 1851 elements added to the OBR_G2R_ET table. 
2014-12-31 10:45:14,697 - 1403 elements added to the OBR_G2R_ET table. 
2014-12-31 10:45:15,274 - 1333 elements added to the OBR_G2R_ET table. 
2014-12-31 10:45:15,883 - 1348 elements added to the OBR_G2R_ET table. 
2014-12-31 10:45:16,554 - 1411 elements added to the OBR_G2R_ET table. 
2014-12-31 10:45:17,150 - 1323 elements added to the OBR_G2R_ET table. 
2014-12-31 10:45:17,715 - 1337 elements added to the OBR_G2R_ET table. 
2014-12-31 10:45:18,262 - 1235 elements added to the OBR_G2R_ET table. 
2014-12-31 10:45:18,808 - 1192 elements added to the OBR_G2R_ET table. 
2014-12-31 10:45:19,339 - 1132 elements added to the OBR_G2R_ET table. 
2014-12-31 10:45:19,885 - 1188 elements added to the OBR_G2R_ET table. 
2014-12-31 10:45:20,479 - 1107 elements added to the OBR_G2R_ET table. 
2014-12-31 10:45:21,431 - 1337 elements added to the OBR_G2R_ET table. 
2014-12-31 10:45:21,962 - 1406 elements added to the OBR_G2R_ET table. 
2014-12-31 10:45:22,586 - 1498 elements added to the OBR_G2R_ET table. 
2014-12-31 10:45:23,273 - 1456 elements added to the OBR_G2R_ET table. 
2014-12-31 10:45:23,897 - 1556 elements added to the OBR_G2R_ET table. 
2014-12-31 10:45:24,600 - 1551 elements added to the OBR_G2R_ET table. 
2014-12-31 10:45:25,255 - 1702 elements added to the OBR_G2R_ET table. 
2014-12-31 10:45:25,896 - 1679 elements added to the OBR_G2R_ET table. 
2014-12-31 10:45:26,645 - 1696 elements added to the OBR_G2R_ET table. 
2014-12-31 10:45:27,301 - 1768 elements added to the OBR_G2R_ET table. 
2014-12-31 10:45:28,096 - 2049 elements added to the OBR_G2R_ET table. 
2014-12-31 10:45:29,158 - 3386 elements added to the OBR_G2R_ET table. 
2014-12-31 10:45:30,470 - 3564 elements added to the OBR_G2R_ET table. 
2014-12-31 10:45:32,187 - 3648 elements added to the OBR_G2R_ET table. 
2014-12-31 10:45:33,904 - 3653 elements added to the OBR_G2R_ET table. 
2014-12-31 10:45:35,106 - 3591 elements added to the OBR_G2R_ET table. 
2014-12-31 10:45:37,462 - 3583 elements added to the OBR_G2R_ET table. 
2014-12-31 10:45:39,959 - 3485 elements added to the OBR_G2R_ET table. 
2014-12-31 10:45:42,082 - 4208 elements added to the OBR_G2R_ET table. 
2014-12-31 10:45:43,489 - 4471 elements added to the OBR_G2R_ET table. 
2014-12-31 10:45:43,927 - 1394 elements added to the OBR_G2R_ET table. 
2014-12-31 10:45:44,676 - 1318 elements added to the OBR_G2R_ET table. 
2014-12-31 10:45:45,472 - 2342 elements added to the OBR_G2R_ET table. 
2014-12-31 10:45:46,049 - 1387 elements added to the OBR_G2R_ET table. 
2014-12-31 10:45:46,394 - 1347 elements added to the OBR_G2R_ET table. 
2014-12-31 10:45:46,971 - 1296 elements added to the OBR_G2R_ET table. 
2014-12-31 10:45:47,610 - 1346 elements added to the OBR_G2R_ET table. 
2014-12-31 10:45:47,939 - 1309 elements added to the OBR_G2R_ET table. 
2014-12-31 10:45:48,516 - 1393 elements added to the OBR_G2R_ET table. 
2014-12-31 10:45:49,218 - 1397 elements added to the OBR_G2R_ET table. 
2014-12-31 10:45:49,562 - 1340 elements added to the OBR_G2R_ET table. 
2014-12-31 10:45:50,108 - 1348 elements added to the OBR_G2R_ET table. 
2014-12-31 10:45:50,734 - 1390 elements added to the OBR_G2R_ET table. 
2014-12-31 10:45:51,157 - 1330 elements added to the OBR_G2R_ET table. 
2014-12-31 10:45:51,812 - 1349 elements added to the OBR_G2R_ET table. 
2014-12-31 10:45:52,156 - 1333 elements added to the OBR_G2R_ET table. 
2014-12-31 10:45:52,827 - 1439 elements added to the OBR_G2R_ET table. 
2014-12-31 10:45:53,204 - 1428 elements added to the OBR_G2R_ET table. 
2014-12-31 10:45:54,437 - 3618 elements added to the OBR_G2R_ET table. 
2014-12-31 10:45:56,169 - 4581 elements added to the OBR_G2R_ET table. 
2014-12-31 10:45:58,027 - 4617 elements added to the OBR_G2R_ET table. 
2014-12-31 10:45:59,639 - 4614 elements added to the OBR_G2R_ET table. 
2014-12-31 10:46:01,528 - 4585 elements added to the OBR_G2R_ET table. 
2014-12-31 10:46:02,652 - 2718 elements added to the OBR_G2R_ET table. 
2014-12-31 10:46:04,026 - 2503 elements added to the OBR_G2R_ET table. 
2014-12-31 10:46:04,947 - 2516 elements added to the OBR_G2R_ET table. 
2014-12-31 10:46:05,914 - 2499 elements added to the OBR_G2R_ET table. 
2014-12-31 10:46:06,976 - 2541 elements added to the OBR_G2R_ET table. 
2014-12-31 10:46:08,288 - 2542 elements added to the OBR_G2R_ET table. 
2014-12-31 10:46:09,958 - 2513 elements added to the OBR_G2R_ET table. 
2014-12-31 10:46:11,300 - 2523 elements added to the OBR_G2R_ET table. 
2014-12-31 10:46:12,581 - 2374 elements added to the OBR_G2R_ET table. 
2014-12-31 10:46:13,206 - 1426 elements added to the OBR_G2R_ET table. 
2014-12-31 10:46:13,830 - 1483 elements added to the OBR_G2R_ET table. 
2014-12-31 10:46:14,517 - 1491 elements added to the OBR_G2R_ET table. 
2014-12-31 10:46:15,203 - 1458 elements added to the OBR_G2R_ET table. 
2014-12-31 10:46:15,784 - 1359 elements added to the OBR_G2R_ET table. 
2014-12-31 10:46:16,392 - 1448 elements added to the OBR_G2R_ET table. 
2014-12-31 10:46:17,033 - 1478 elements added to the OBR_G2R_ET table. 
2014-12-31 10:46:17,813 - 1481 elements added to the OBR_G2R_ET table. 
2014-12-31 10:46:18,469 - 1545 elements added to the OBR_G2R_ET table. 
2014-12-31 10:46:19,155 - 1558 elements added to the OBR_G2R_ET table. 
2014-12-31 10:46:19,796 - 1546 elements added to the OBR_G2R_ET table. 
2014-12-31 10:46:20,420 - 1458 elements added to the OBR_G2R_ET table. 
2014-12-31 10:46:21,014 - 1434 elements added to the OBR_G2R_ET table. 
2014-12-31 10:46:21,653 - 1410 elements added to the OBR_G2R_ET table. 
2014-12-31 10:46:22,356 - 1888 elements added to the OBR_G2R_ET table. 
2014-12-31 10:46:24,312 - 2361 elements added to the OBR_G2R_ET table. 
2014-12-31 10:46:26,731 - 2335 elements added to the OBR_G2R_ET table. 
2014-12-31 10:46:28,869 - 2442 elements added to the OBR_G2R_ET table. 
2014-12-31 10:46:31,149 - 2921 elements added to the OBR_G2R_ET table. 
2014-12-31 10:46:32,273 - 2793 elements added to the OBR_G2R_ET table. 
2014-12-31 10:46:33,522 - 2852 elements added to the OBR_G2R_ET table. 
2014-12-31 10:46:34,974 - 2930 elements added to the OBR_G2R_ET table. 
2014-12-31 10:46:35,895 - 2879 elements added to the OBR_G2R_ET table. 
2014-12-31 10:46:36,894 - 2842 elements added to the OBR_G2R_ET table. 
2014-12-31 10:46:37,909 - 2925 elements added to the OBR_G2R_ET table. 
2014-12-31 10:46:38,861 - 2932 elements added to the OBR_G2R_ET table. 
2014-12-31 10:46:39,797 - 2953 elements added to the OBR_G2R_ET table. 
2014-12-31 10:46:41,046 - 3928 elements added to the OBR_G2R_ET table. 
2014-12-31 10:46:42,561 - 3874 elements added to the OBR_G2R_ET table. 
2014-12-31 10:46:44,090 - 3908 elements added to the OBR_G2R_ET table. 
2014-12-31 10:46:45,573 - 3871 elements added to the OBR_G2R_ET table. 
2014-12-31 10:46:47,103 - 3979 elements added to the OBR_G2R_ET table. 
2014-12-31 10:46:48,574 - 3850 elements added to the OBR_G2R_ET table. 
2014-12-31 10:46:50,041 - 3766 elements added to the OBR_G2R_ET table. 
2014-12-31 10:46:51,493 - 4902 elements added to the OBR_G2R_ET table. 
