2014-12-31 10:55:41,084 - ***************************************************** 
2014-12-31 10:55:41,084 - ResourceAccessTool creation... 
2014-12-31 10:55:41,600 - ResourceAccessTool G2V created to access Gene2vega (G2V).
 
2014-12-31 10:55:41,974 - **** Resource G2V processing 
2014-12-31 10:55:41,974 - Workflow Parameters[withCompleteDictionary= true, updateResource= true, reInitializeAllTables= false, reInitializeAllTablesExceptElement= false ] 
2014-12-31 10:55:42,006 - *** Resource Gene2vega update processing 
2014-12-31 10:55:47,013 - 4676 elements added to the OBR_G2V_ET table. 
2014-12-31 10:55:48,044 - 4794 elements added to the OBR_G2V_ET table. 
2014-12-31 10:55:48,996 - 4273 elements added to the OBR_G2V_ET table. 
2014-12-31 10:55:49,761 - 3152 elements added to the OBR_G2V_ET table. 
2014-12-31 10:55:50,511 - 3106 elements added to the OBR_G2V_ET table. 
2014-12-31 10:55:51,259 - 3213 elements added to the OBR_G2V_ET table. 
2014-12-31 10:55:52,261 - 3358 elements added to the OBR_G2V_ET table. 
2014-12-31 10:55:53,557 - 4033 elements added to the OBR_G2V_ET table. 
2014-12-31 10:55:55,336 - 3528 elements added to the OBR_G2V_ET table. 
2014-12-31 10:55:57,927 - 3691 elements added to the OBR_G2V_ET table. 
2014-12-31 10:55:59,020 - 3843 elements added to the OBR_G2V_ET table. 
2014-12-31 10:55:59,972 - 2188 elements added to the OBR_G2V_ET table. 
2014-12-31 10:55:59,988 - ### Resource Gene2vega updated with 43855 elements in : 00 hours, 00 minutes, 17 seconds.
 
2014-12-31 10:56:00,253 - Query :::: SELECT count(id) FROM obr_g2v_element WHERE dictionary_id IS NULL OR dictionary_id<20;43855 
2014-12-31 10:56:00,253 - Key obr.statistics.populate was not found in resource bundle 'config' for locale 'en_US' 
2014-12-31 10:56:00,316 - Query :::: SELECT count(id) FROM obr_g2v_element WHERE dictionary_id IS NULL OR dictionary_id<20;43855 
2014-12-31 10:56:00,316 - *** Executing  Direct Annotation process...  
2014-12-31 10:56:00,332 - Query :::: SELECT count(id) FROM obr_g2v_element WHERE dictionary_id IS NULL OR dictionary_id<20;43855 
2014-12-31 10:56:00,332 - 	** Concept recognition with Mgrep: 
2014-12-31 10:56:00,332 - Exporting the resource content to a file to be annotated with Mgrep... 
2014-12-31 10:56:00,878 - 		ResourceFile created in: 00 hours, 00 minutes, 00 seconds.
 
2014-12-31 10:56:00,878 - Call to Mgrep... 
2014-12-31 10:56:00,894 - Local Mgrep execution... 
2014-12-31 10:56:00,894 - command: files/mgrep/mgrep3.0/mgrep -w -i -f files/dictionaries/branch1.0/localhost/OBS_DICO_c035_CMP_MGREP.txt < files/mgrep/mgrepInputs/OBR_RESOURCE_G2V_V20_MGREP.txt > files/mgrep/mgrepOutputs/OBR_RESOURCE_G2V_V20_MGREP.txt.mgrep 
2014-12-31 10:56:00,925 - ** PROBLEM ** Cannot create MgrepFile. 
java.io.IOException: Cannot run program "/bin/sh": CreateProcess error=2, The system cannot find the file specified
	at java.lang.ProcessBuilder.start(ProcessBuilder.java:459)
	at java.lang.Runtime.exec(Runtime.java:593)
	at java.lang.Runtime.exec(Runtime.java:466)
	at org.ncbo.stanford.obr.util.mgrep.ConceptRecognitionTools.mgrepLocal(ConceptRecognitionTools.java:64)
	at org.ncbo.stanford.obr.service.annotation.impl.AnnotationServiceImpl.mgrepCall(AnnotationServiceImpl.java:153)
	at org.ncbo.stanford.obr.service.annotation.impl.AnnotationServiceImpl.conceptRecognitionWithMgrep(AnnotationServiceImpl.java:124)
	at org.ncbo.stanford.obr.service.annotation.impl.AnnotationServiceImpl.resourceAnnotation(AnnotationServiceImpl.java:51)
	at org.ncbo.stanford.obr.service.workflow.impl.ResourceIndexWorkflowImpl.executeWorkflow(ResourceIndexWorkflowImpl.java:273)
	at org.ncbo.stanford.obr.service.workflow.impl.ResourceIndexWorkflowImpl.resourceProcessing(ResourceIndexWorkflowImpl.java:219)
	at org.ncbo.stanford.obr.service.workflow.impl.ResourceIndexWorkflowImpl.startResourceIndexWorkflow(ResourceIndexWorkflowImpl.java:127)
	at org.ncbo.stanford.obr.populate.main.PopulateResourceIndex.main(PopulateResourceIndex.java:46)
Caused by: java.io.IOException: CreateProcess error=2, The system cannot find the file specified
	at java.lang.ProcessImpl.create(Native Method)
	at java.lang.ProcessImpl.<init>(ProcessImpl.java:81)
	at java.lang.ProcessImpl.start(ProcessImpl.java:30)
	at java.lang.ProcessBuilder.start(ProcessBuilder.java:452)
	... 10 more
2014-12-31 10:56:00,925 - 		Mgrep executed in: 00 hours, 00 minutes, 00 seconds. 
2014-12-31 10:56:00,925 - Processing of the result file... 
