2015-04-01 10:18:30,572 - ***************************************************** 
2015-04-01 10:18:30,573 - ResourceAccessTool creation... 
2015-04-01 10:18:31,643 - No needs to alter table obr_gemma_element 
2015-04-01 10:18:31,740 - ResourceAccessTool GEMMA created to access GEMMA (via NIF) (GEMMA).
 
2015-04-01 10:18:32,232 - **** Resource GEMMA processing 
2015-04-01 10:18:32,232 - Workflow Parameters[withCompleteDictionary= true, updateResource= true, reInitializeAllTables= false, reInitializeAllTablesExceptElement= false ] 
2015-04-01 10:18:32,371 - Resource entry updated. 
2015-04-01 10:18:32,372 - *** Resource GEMMA (via NIF) update processing 
2015-04-01 10:18:32,372 - * Get All Elements for GEEMA...  
2015-04-01 10:18:41,087 - ** PROBLEM ** Problem in getting rows. 
java.lang.NullPointerException
	at org.ncbo.stanford.obr.resource.nif.gemma.GEMMAAccessTool.getAllElements(GEMMAAccessTool.java:165)
	at org.ncbo.stanford.obr.resource.nif.gemma.GEMMAAccessTool.updateResourceContent(GEMMAAccessTool.java:119)
	at org.ncbo.stanford.obr.service.workflow.impl.ResourceIndexWorkflowImpl.resourceProcessing(ResourceIndexWorkflowImpl.java:195)
	at org.ncbo.stanford.obr.service.workflow.impl.ResourceIndexWorkflowImpl.startResourceIndexWorkflow(ResourceIndexWorkflowImpl.java:127)
	at org.ncbo.stanford.obr.populate.main.PopulateResourceIndex.main(PopulateResourceIndex.java:46)
2015-04-01 10:18:41,088 - 0 rows found. 
2015-04-01 10:18:41,088 - Number of new elements to dump: 0 
2015-04-01 10:18:41,088 - 0 elements added to the OBR_GEMMA_ET table. 
2015-04-01 10:18:41,123 - ### Resource GEMMA (via NIF) updated with 0 elements in : 00 hours, 00 minutes, 08 seconds.
 
2015-04-01 10:18:41,255 - Query :::: SELECT count(id) FROM obr_gemma_element WHERE dictionary_id IS NULL OR dictionary_id<20;0 
2015-04-01 10:18:41,255 - Key obr.statistics.populate was not found in resource bundle 'config' for locale 'en_US' 
2015-04-01 10:18:41,256 - Query :::: SELECT count(id) FROM obr_gemma_element WHERE dictionary_id IS NULL OR dictionary_id<20;0 
2015-04-01 10:18:41,268 - Resource entry updated with latest dictionary ID. 
2015-04-01 10:18:41,268 - #### Resource GEMMA (via NIF) processed in: 00 hours, 00 minutes, 09 seconds. 
2015-04-01 10:19:43,830 - ***************************************************** 
2015-04-01 10:19:43,852 - ResourceAccessTool creation... 
2015-04-01 10:19:43,888 - No needs to alter table obr_gemma_element 
2015-04-01 10:19:43,891 - ResourceAccessTool GEMMA created to access GEMMA (via NIF) (GEMMA).
 
2015-04-01 10:19:44,068 - **** Resource GEMMA processing 
2015-04-01 10:19:44,069 - Workflow Parameters[withCompleteDictionary= true, updateResource= true, reInitializeAllTables= false, reInitializeAllTablesExceptElement= false ] 
2015-04-01 10:19:44,082 - Resource entry updated. 
2015-04-01 10:19:44,082 - *** Resource GEMMA (via NIF) update processing 
2015-04-01 10:19:44,082 - * Get All Elements for GEEMA...  
2015-04-01 10:51:55,274 - ***************************************************** 
2015-04-01 10:51:55,283 - ResourceAccessTool creation... 
2015-04-01 10:51:55,326 - No needs to alter table obr_gemma_element 
2015-04-01 10:51:55,331 - ResourceAccessTool GEMMA created to access GEMMA (via NIF) (GEMMA).
 
2015-04-01 10:51:55,716 - **** Resource GEMMA processing 
2015-04-01 10:51:55,716 - Workflow Parameters[withCompleteDictionary= true, updateResource= true, reInitializeAllTables= false, reInitializeAllTablesExceptElement= false ] 
2015-04-01 10:51:55,738 - Resource entry updated. 
2015-04-01 10:51:55,738 - *** Resource GEMMA (via NIF) update processing 
2015-04-01 10:51:55,738 - * Get All Elements for GEEMA...  
