2015-07-23 14:50:11,782 - Problem in calling LoadObsSlaveTablesIntoMemeoryProcedure 
com.mysql.jdbc.exceptions.MySQLSyntaxErrorException: FUNCTION load_obs_tables_into_memory does not exist
	at com.mysql.jdbc.SQLError.createSQLException(SQLError.java:936)
	at com.mysql.jdbc.MysqlIO.checkErrorPacket(MysqlIO.java:2985)
	at com.mysql.jdbc.MysqlIO.sendCommand(MysqlIO.java:1631)
	at com.mysql.jdbc.MysqlIO.sqlQueryDirect(MysqlIO.java:1723)
	at com.mysql.jdbc.Connection.execSQL(Connection.java:3250)
	at com.mysql.jdbc.Connection.execSQL(Connection.java:3179)
	at com.mysql.jdbc.Statement.executeQuery(Statement.java:1207)
	at com.mysql.jdbc.DatabaseMetaData.getCallStmtParameterTypes(DatabaseMetaData.java:1604)
	at com.mysql.jdbc.DatabaseMetaData.getProcedureColumns(DatabaseMetaData.java:4009)
	at com.mysql.jdbc.CallableStatement.determineParameterTypes(CallableStatement.java:702)
	at com.mysql.jdbc.CallableStatement.<init>(CallableStatement.java:513)
	at com.mysql.jdbc.Connection.parseCallableStatement(Connection.java:4536)
	at com.mysql.jdbc.Connection.prepareCall(Connection.java:4610)
	at com.mysql.jdbc.Connection.prepareCall(Connection.java:4584)
	at org.ncbo.resource_access_tools.dao.AbstractObrDao.callLoadObsSlaveTablesIntoMemoryProcedure(AbstractObrDao.java:258)
	at org.ncbo.resource_access_tools.service.obs.impl.ObsDataPopulationServiceImpl.loadObsSlaveTablesIntoMemory(ObsDataPopulationServiceImpl.java:330)
	at org.ncbo.resource_access_tools.service.workflow.impl.ResourceIndexWorkflowImpl.loadObsSlaveTablesIntoMemory(ResourceIndexWorkflowImpl.java:91)
	at org.ncbo.resource_access_tools.Main.main(Main.java:34)
2015-07-23 14:53:27,696 - Problem in calling LoadObsSlaveTablesIntoMemeoryProcedure 
com.mysql.jdbc.exceptions.MySQLSyntaxErrorException: FUNCTION load_obs_tables_into_memory does not exist
	at com.mysql.jdbc.SQLError.createSQLException(SQLError.java:936)
	at com.mysql.jdbc.MysqlIO.checkErrorPacket(MysqlIO.java:2985)
	at com.mysql.jdbc.MysqlIO.sendCommand(MysqlIO.java:1631)
	at com.mysql.jdbc.MysqlIO.sqlQueryDirect(MysqlIO.java:1723)
	at com.mysql.jdbc.Connection.execSQL(Connection.java:3250)
	at com.mysql.jdbc.Connection.execSQL(Connection.java:3179)
	at com.mysql.jdbc.Statement.executeQuery(Statement.java:1207)
	at com.mysql.jdbc.DatabaseMetaData.getCallStmtParameterTypes(DatabaseMetaData.java:1604)
	at com.mysql.jdbc.DatabaseMetaData.getProcedureColumns(DatabaseMetaData.java:4009)
	at com.mysql.jdbc.CallableStatement.determineParameterTypes(CallableStatement.java:702)
	at com.mysql.jdbc.CallableStatement.<init>(CallableStatement.java:513)
	at com.mysql.jdbc.Connection.parseCallableStatement(Connection.java:4536)
	at com.mysql.jdbc.Connection.prepareCall(Connection.java:4610)
	at com.mysql.jdbc.Connection.prepareCall(Connection.java:4584)
	at org.ncbo.resource_access_tools.dao.AbstractObrDao.callLoadObsSlaveTablesIntoMemoryProcedure(AbstractObrDao.java:258)
	at org.ncbo.resource_access_tools.service.obs.impl.ObsDataPopulationServiceImpl.loadObsSlaveTablesIntoMemory(ObsDataPopulationServiceImpl.java:330)
	at org.ncbo.resource_access_tools.service.workflow.impl.ResourceIndexWorkflowImpl.loadObsSlaveTablesIntoMemory(ResourceIndexWorkflowImpl.java:91)
	at org.ncbo.resource_access_tools.Main.main(Main.java:34)
2015-07-23 15:39:48,352 - Problem in calling LoadObsSlaveTablesIntoMemeoryProcedure 
com.mysql.jdbc.exceptions.MySQLSyntaxErrorException: FUNCTION load_obs_tables_into_memory does not exist
	at com.mysql.jdbc.SQLError.createSQLException(SQLError.java:936)
	at com.mysql.jdbc.MysqlIO.checkErrorPacket(MysqlIO.java:2985)
	at com.mysql.jdbc.MysqlIO.sendCommand(MysqlIO.java:1631)
	at com.mysql.jdbc.MysqlIO.sqlQueryDirect(MysqlIO.java:1723)
	at com.mysql.jdbc.Connection.execSQL(Connection.java:3250)
	at com.mysql.jdbc.Connection.execSQL(Connection.java:3179)
	at com.mysql.jdbc.Statement.executeQuery(Statement.java:1207)
	at com.mysql.jdbc.DatabaseMetaData.getCallStmtParameterTypes(DatabaseMetaData.java:1604)
	at com.mysql.jdbc.DatabaseMetaData.getProcedureColumns(DatabaseMetaData.java:4009)
	at com.mysql.jdbc.CallableStatement.determineParameterTypes(CallableStatement.java:702)
	at com.mysql.jdbc.CallableStatement.<init>(CallableStatement.java:513)
	at com.mysql.jdbc.Connection.parseCallableStatement(Connection.java:4536)
	at com.mysql.jdbc.Connection.prepareCall(Connection.java:4610)
	at com.mysql.jdbc.Connection.prepareCall(Connection.java:4584)
	at org.ncbo.resource_access_tools.dao.AbstractObrDao.callLoadObsSlaveTablesIntoMemoryProcedure(AbstractObrDao.java:258)
	at org.ncbo.resource_access_tools.service.obs.impl.ObsDataPopulationServiceImpl.loadObsSlaveTablesIntoMemory(ObsDataPopulationServiceImpl.java:330)
	at org.ncbo.resource_access_tools.service.workflow.impl.ResourceIndexWorkflowImpl.loadObsSlaveTablesIntoMemory(ResourceIndexWorkflowImpl.java:91)
	at org.ncbo.resource_access_tools.Main.main(Main.java:34)
2015-07-23 15:42:28,771 - Problem in calling LoadObsSlaveTablesIntoMemeoryProcedure 
com.mysql.jdbc.exceptions.MySQLSyntaxErrorException: FUNCTION load_obs_tables_into_memory does not exist
	at com.mysql.jdbc.SQLError.createSQLException(SQLError.java:936)
	at com.mysql.jdbc.MysqlIO.checkErrorPacket(MysqlIO.java:2985)
	at com.mysql.jdbc.MysqlIO.sendCommand(MysqlIO.java:1631)
	at com.mysql.jdbc.MysqlIO.sqlQueryDirect(MysqlIO.java:1723)
	at com.mysql.jdbc.Connection.execSQL(Connection.java:3250)
	at com.mysql.jdbc.Connection.execSQL(Connection.java:3179)
	at com.mysql.jdbc.Statement.executeQuery(Statement.java:1207)
	at com.mysql.jdbc.DatabaseMetaData.getCallStmtParameterTypes(DatabaseMetaData.java:1604)
	at com.mysql.jdbc.DatabaseMetaData.getProcedureColumns(DatabaseMetaData.java:4009)
	at com.mysql.jdbc.CallableStatement.determineParameterTypes(CallableStatement.java:702)
	at com.mysql.jdbc.CallableStatement.<init>(CallableStatement.java:513)
	at com.mysql.jdbc.Connection.parseCallableStatement(Connection.java:4536)
	at com.mysql.jdbc.Connection.prepareCall(Connection.java:4610)
	at com.mysql.jdbc.Connection.prepareCall(Connection.java:4584)
	at org.ncbo.resource_access_tools.dao.AbstractObrDao.callLoadObsSlaveTablesIntoMemoryProcedure(AbstractObrDao.java:258)
	at org.ncbo.resource_access_tools.service.obs.impl.ObsDataPopulationServiceImpl.loadObsSlaveTablesIntoMemory(ObsDataPopulationServiceImpl.java:330)
	at org.ncbo.resource_access_tools.service.workflow.impl.ResourceIndexWorkflowImpl.loadObsSlaveTablesIntoMemory(ResourceIndexWorkflowImpl.java:91)
	at org.ncbo.resource_access_tools.Main.main(Main.java:34)
2015-07-24 09:23:14,402 - Problem in calling LoadObsSlaveTablesIntoMemeoryProcedure 
com.mysql.jdbc.exceptions.MySQLSyntaxErrorException: FUNCTION load_obs_tables_into_memory does not exist
	at com.mysql.jdbc.SQLError.createSQLException(SQLError.java:936)
	at com.mysql.jdbc.MysqlIO.checkErrorPacket(MysqlIO.java:2985)
	at com.mysql.jdbc.MysqlIO.sendCommand(MysqlIO.java:1631)
	at com.mysql.jdbc.MysqlIO.sqlQueryDirect(MysqlIO.java:1723)
	at com.mysql.jdbc.Connection.execSQL(Connection.java:3250)
	at com.mysql.jdbc.Connection.execSQL(Connection.java:3179)
	at com.mysql.jdbc.Statement.executeQuery(Statement.java:1207)
	at com.mysql.jdbc.DatabaseMetaData.getCallStmtParameterTypes(DatabaseMetaData.java:1604)
	at com.mysql.jdbc.DatabaseMetaData.getProcedureColumns(DatabaseMetaData.java:4009)
	at com.mysql.jdbc.CallableStatement.determineParameterTypes(CallableStatement.java:702)
	at com.mysql.jdbc.CallableStatement.<init>(CallableStatement.java:513)
	at com.mysql.jdbc.Connection.parseCallableStatement(Connection.java:4536)
	at com.mysql.jdbc.Connection.prepareCall(Connection.java:4610)
	at com.mysql.jdbc.Connection.prepareCall(Connection.java:4584)
	at org.ncbo.resource_access_tools.dao.AbstractObrDao.callLoadObsSlaveTablesIntoMemoryProcedure(AbstractObrDao.java:258)
	at org.ncbo.resource_access_tools.service.obs.impl.ObsDataPopulationServiceImpl.loadObsSlaveTablesIntoMemory(ObsDataPopulationServiceImpl.java:330)
	at org.ncbo.resource_access_tools.service.workflow.impl.ResourceIndexWorkflowImpl.loadObsSlaveTablesIntoMemory(ResourceIndexWorkflowImpl.java:91)
	at org.ncbo.resource_access_tools.Main.main(Main.java:34)
2015-07-24 15:04:55,471 - CREATE TABLE obs_ontology (id INT(11) NOT NULL AUTO_INCREMENT PRIMARY KEY, local_ontology_id VARCHAR(246) NOT NULL UNIQUE, name VARCHAR(246) NOT NULL, version VARCHAR(246) NOT NULL, description VARCHAR(246) NOT NULL, status INT(11) NOT NULL, virtual_ontology_id VARCHAR(246) NOT NULL, format VARCHAR(32) DEFAULT NULL, dictionary_id SMALLINT UNSIGNED NOT NULL, INDEX X_obs_ontology_virtualOntologyID (virtual_ontology_id), INDEX X_obs_ontology_dictionary_id (dictionary_id))ENGINE=MyISAM DEFAULT CHARSET=latin1; 
2015-07-24 15:04:55,612 - CREATE TABLE obs_concept (id INT(11) NOT NULL PRIMARY KEY, local_concept_id VARCHAR(246) NOT NULL UNIQUE, ontology_id INT(11) NOT NULL, is_toplevel BOOL NOT NULL, full_id TEXT, INDEX X_obs_concept_ontology_id (ontology_id), INDEX X_obs_concept_isTopLevel (is_toplevel))ENGINE=MyISAM DEFAULT CHARSET=latin1 ; 
2015-07-24 15:04:55,676 - CREATE TABLE obs_term (id INT(11) NOT NULL PRIMARY KEY, name TEXT NOT NULL, concept_id INT(11) NOT NULL, is_preferred TINYINT(1) NOT NULL, INDEX X_obs_term_termName (name(255)), INDEX X_obs_term_concept_id (concept_id), INDEX X_obs_term_isPreferred (is_preferred)) ENGINE=MyISAM DEFAULT CHARSET=latin1; 
2015-07-24 15:04:55,759 - CREATE TABLE obs_map (id INT(11) NOT NULL PRIMARY KEY, concept_id INT(11) NOT NULL, mapped_concept_id INT(11) NOT NULL, mapping_type VARCHAR(30) NOT NULL, INDEX X_obs_map_concept_id (concept_id), INDEX X_obs_map_mapped_concept_id (mapped_concept_id), INDEX X_obs_map_mappingType (mapping_type(10))) ENGINE=MyISAM DEFAULT CHARSET=latin1;  
2015-07-24 15:04:55,850 - CREATE TABLE obs_mapping_type (id INT(11) NOT NULL AUTO_INCREMENT PRIMARY KEY, mapping_type VARCHAR(30) NOT NULL, UNIQUE (mapping_type) ) ENGINE=MyISAM DEFAULT CHARSET=latin1;  
2015-07-24 15:04:55,942 - CREATE TABLE obs_relation (id INT(11) NOT NULL PRIMARY KEY, concept_id INT(11) NOT NULL, parent_concept_id INT(11) NOT NULL, level INT(11) NOT NULL, INDEX X_obs_relation_concept_id (concept_id), INDEX X_obs_relation_parent_concept_id (parent_concept_id), INDEX X_obs_relation_level (level)) ENGINE=MyISAM DEFAULT CHARSET=latin1; 
2015-07-24 15:04:56,043 - CREATE TABLE obs_semantic_type (id INT(11) NOT NULL PRIMARY KEY, concept_id INT(11) NOT NULL, semantic_type_id INT(11) NOT NULL, INDEX X_obs_semantic_type_concept_id (concept_id), INDEX X_obs_semantic_type_semantic_type_id (semantic_type_id))ENGINE=MyISAM DEFAULT CHARSET=latin1 ; 
2015-07-24 15:04:56,109 - CREATE TABLE obs_l_semantic_type (id INT(11) NOT NULL PRIMARY KEY, semantic_type varchar(32) NOT NULL, description varchar(256) DEFAULT NULL)ENGINE=MyISAM DEFAULT CHARSET=latin1 ; 
2015-07-24 15:04:56,672 - Problem in calling LoadObsSlaveTablesIntoMemeoryProcedure 
com.mysql.jdbc.exceptions.MySQLSyntaxErrorException: FUNCTION load_obs_tables_into_memory does not exist
	at com.mysql.jdbc.SQLError.createSQLException(SQLError.java:936)
	at com.mysql.jdbc.MysqlIO.checkErrorPacket(MysqlIO.java:2985)
	at com.mysql.jdbc.MysqlIO.sendCommand(MysqlIO.java:1631)
	at com.mysql.jdbc.MysqlIO.sqlQueryDirect(MysqlIO.java:1723)
	at com.mysql.jdbc.Connection.execSQL(Connection.java:3250)
	at com.mysql.jdbc.Connection.execSQL(Connection.java:3179)
	at com.mysql.jdbc.Statement.executeQuery(Statement.java:1207)
	at com.mysql.jdbc.DatabaseMetaData.getCallStmtParameterTypes(DatabaseMetaData.java:1604)
	at com.mysql.jdbc.DatabaseMetaData.getProcedureColumns(DatabaseMetaData.java:4009)
	at com.mysql.jdbc.CallableStatement.determineParameterTypes(CallableStatement.java:702)
	at com.mysql.jdbc.CallableStatement.<init>(CallableStatement.java:513)
	at com.mysql.jdbc.Connection.parseCallableStatement(Connection.java:4536)
	at com.mysql.jdbc.Connection.prepareCall(Connection.java:4610)
	at com.mysql.jdbc.Connection.prepareCall(Connection.java:4584)
	at org.ncbo.resource_access_tools.dao.AbstractObrDao.callLoadObsSlaveTablesIntoMemoryProcedure(AbstractObrDao.java:258)
	at org.ncbo.resource_access_tools.service.obs.impl.ObsDataPopulationServiceImpl.loadObsSlaveTablesIntoMemory(ObsDataPopulationServiceImpl.java:330)
	at org.ncbo.resource_access_tools.service.workflow.impl.ResourceIndexWorkflowImpl.loadObsSlaveTablesIntoMemory(ResourceIndexWorkflowImpl.java:91)
	at org.ncbo.resource_access_tools.Main.main(Main.java:34)
2015-07-24 15:19:12,664 - Key resource.ctdcge was not found in resource bundle 'config' for locale 'en_US' 
